2024-08-22-15:45:08
Dataset  Train  Test  Dimension  Class  Seed  Acc_label  Acc_unlabel  Epoch_max
2024-08-22-15:47:51
Dataset  Train  Test  Dimension  Class  Seed  Acc_label  Acc_unlabel  Epoch_max
UWaveGestureLibraryAll  2688  894  945  8  1996  95.87053571428571  91.8526840209961  200
2024-08-22-19:47:08
Dataset  Train  Test  Dimension  Class  Seed  Acc_label  Acc_unlabel  Epoch_max
2024-08-22-20:24:12
Dataset  Train  Test  Dimension  Class  Seed  Acc_label  Acc_unlabel  Epoch_max
2024-08-22-20:25:19
Dataset  Train  Test  Dimension  Class  Seed  Acc_label  Acc_unlabel  Epoch_max
UWaveGestureLibraryAll  2688  894  945  8  2000  95.64372089930943  92.33631134033203  312
UWaveGestureLibraryAll  2688  894  945  8  2000  95.08568518502372  92.93154907226562  150
2024-08-23-18:38:21
Dataset  Train  Test  Dimension  Class  Seed  Acc_label  Acc_unlabel  Epoch_max
UWaveGestureLibraryAll  2688  894  945  8  2000  94.64285714285714  92.1875  211
UWaveGestureLibraryAll  2688  894  945  8  2000  95.42410714285714  93.11756134033203  520
UWaveGestureLibraryAll  2688  894  945  8  2024  95.19729232788086  91.5922622680664  187
UWaveGestureLibraryAll  2688  894  945  8  2024  95.30529948643276  92.1875  196
UWaveGestureLibraryAll  2688  894  945  8  2014  95.308899470738  92.93154907226562  305
UWaveGestureLibraryAll  2688  894  945  8  2014  95.53211375645229  92.70833587646484  236
