wandb: Currently logged in as: pqy000 (pqythu). Use `wandb login --relogin` to force relogin
2024-08-21 20:50:11.172867: I tensorflow/core/platform/cpu_feature_guard.cc:193] This TensorFlow binary is optimized with oneAPI Deep Neural Network Library (oneDNN) to use the following CPU instructions in performance-critical operations:  AVX2 FMA
To enable them in other operations, rebuild TensorFlow with the appropriate compiler flags.
2024-08-21 20:50:12.041015: W tensorflow/compiler/xla/stream_executor/platform/default/dso_loader.cc:64] Could not load dynamic library 'libnvinfer.so.7'; dlerror: libnvinfer.so.7: cannot open shared object file: No such file or directory; LD_LIBRARY_PATH: /data/qingyi/miniconda3/envs/py3/lib/python3.7/site-packages/cv2/../../lib64:/opt/cudnn/lib64:/usr/local/cuda/lib64
2024-08-21 20:50:12.041116: W tensorflow/compiler/xla/stream_executor/platform/default/dso_loader.cc:64] Could not load dynamic library 'libnvinfer_plugin.so.7'; dlerror: libnvinfer_plugin.so.7: cannot open shared object file: No such file or directory; LD_LIBRARY_PATH: /data/qingyi/miniconda3/envs/py3/lib/python3.7/site-packages/cv2/../../lib64:/opt/cudnn/lib64:/usr/local/cuda/lib64
2024-08-21 20:50:12.044642: W tensorflow/compiler/tf2tensorrt/utils/py_utils.cc:38] TF-TRT Warning: Cannot dlopen some TensorRT libraries. If you would like to use Nvidia GPU with TensorRT, please make sure the missing libraries mentioned above are installed properly.
wandb: wandb version 0.17.7 is available!  To upgrade, please run:
wandb:  $ pip install wandb --upgrade
wandb: Tracking run with wandb version 0.12.17
wandb: Run data is saved locally in /home/qingyi/GPU20/SemiOur/wandb/run-20240821_205006-3ptqop3o
wandb: Run `wandb offline` to turn off syncing.
wandb: Syncing run upbeat-blaze-3
wandb: â­ï¸ View project at https://wandb.ai/pqythu/InsectWingbeatSound_semitime
wandb: ðŸš€ View run at https://wandb.ai/pqythu/InsectWingbeatSound_semitime/runs/3ptqop3o
[INFO] Running at: InsectWingbeatSound
[INFO] InsectWingbeatSound
[Stat] All class: {0: 200, 1: 200, 2: 200, 3: 200, 4: 200, 5: 200, 6: 200, 7: 200, 8: 200, 9: 200, 10: 200}
[Stat] Train class: mean=120.0, std=0.0
[Stat] Val class: mean=40.0, std=0.0
[Stat] Test class: mean=40.0, std=0.0
Train:(1320, 256, 1), Test:(440, 256, 1), Class:11
rp_params: [3, 0]
[Test-0] Val ACC:8.93%, Best Test ACC.: 8.93% in Epoch 0
Epoch [1][SemiTeacher][InsectWingbeatSound] loss= 0.00080; Epoch Label ACC.= 8.71%, UnLabel ACC.= 8.78%, Lipistz loss = 0, Train Unlabel Best ACC.= 8.8%, Train Max Epoch=0
[Test-1] Val ACC:8.93%, Best Test ACC.: 8.93% in Epoch 1
EarlyStopping counter: 1 out of 200
Epoch [2][SemiTeacher][InsectWingbeatSound] loss= 0.00005; Epoch Label ACC.= 9.15%, UnLabel ACC.= 9.12%, Lipistz loss = 0, Train Unlabel Best ACC.= 9.1%, Train Max Epoch=1
[Test-2] Val ACC:9.44%, Best Test ACC.: 9.44% in Epoch 2
Validation loss decreased (inf --> 9.438776).  Saving model ...
Epoch [3][SemiTeacher][InsectWingbeatSound] loss= 0.00004; Epoch Label ACC.= 9.75%, UnLabel ACC.= 8.88%, Lipistz loss = 0, Train Unlabel Best ACC.= 9.1%, Train Max Epoch=1
EarlyStopping counter: 1 out of 200
Epoch [4][SemiTeacher][InsectWingbeatSound] loss= 0.00007; Epoch Label ACC.= 10.64%, UnLabel ACC.= 9.46%, Lipistz loss = 0, Train Unlabel Best ACC.= 9.5%, Train Max Epoch=3
[Test-4] Val ACC:18.97%, Best Test ACC.: 19.42% in Epoch 4
Validation loss decreased (9.438776 --> 18.973214).  Saving model ...
Epoch [5][SemiTeacher][InsectWingbeatSound] loss= 0.00010; Epoch Label ACC.= 13.47%, UnLabel ACC.= 11.83%, Lipistz loss = 0, Train Unlabel Best ACC.= 11.8%, Train Max Epoch=4
[Test-5] Val ACC:23.57%, Best Test ACC.: 25.64% in Epoch 5
Validation loss decreased (18.973214 --> 23.565051).  Saving model ...
Epoch [6][SemiTeacher][InsectWingbeatSound] loss= 0.00173; Epoch Label ACC.= 16.15%, UnLabel ACC.= 16.29%, Lipistz loss = 0, Train Unlabel Best ACC.= 16.3%, Train Max Epoch=5
[Test-6] Val ACC:29.05%, Best Test ACC.: 29.02% in Epoch 6
Validation loss decreased (23.565051 --> 29.049745).  Saving model ...
Epoch [7][SemiTeacher][InsectWingbeatSound] loss= 0.00362; Epoch Label ACC.= 22.25%, UnLabel ACC.= 20.31%, Lipistz loss = 0, Train Unlabel Best ACC.= 20.3%, Train Max Epoch=6
[Test-7] Val ACC:46.08%, Best Test ACC.: 49.68% in Epoch 7
Validation loss decreased (29.049745 --> 46.077807).  Saving model ...
Epoch [8][SemiTeacher][InsectWingbeatSound] loss= 0.01029; Epoch Label ACC.= 31.92%, UnLabel ACC.= 31.15%, Lipistz loss = 0, Train Unlabel Best ACC.= 31.1%, Train Max Epoch=7
[Test-8] Val ACC:51.31%, Best Test ACC.: 48.72% in Epoch 8
Validation loss decreased (46.077807 --> 51.307398).  Saving model ...
Epoch [9][SemiTeacher][InsectWingbeatSound] loss= 0.01442; Epoch Label ACC.= 38.02%, UnLabel ACC.= 37.08%, Lipistz loss = 0, Train Unlabel Best ACC.= 37.1%, Train Max Epoch=8
[Test-9] Val ACC:59.66%, Best Test ACC.: 59.44% in Epoch 9
Validation loss decreased (51.307398 --> 59.661991).  Saving model ...
Epoch [10][SemiTeacher][InsectWingbeatSound] loss= 0.01950; Epoch Label ACC.= 45.39%, UnLabel ACC.= 41.04%, Lipistz loss = 0, Train Unlabel Best ACC.= 41.0%, Train Max Epoch=9
EarlyStopping counter: 1 out of 200
Epoch [11][SemiTeacher][InsectWingbeatSound] loss= 0.02181; Epoch Label ACC.= 48.44%, UnLabel ACC.= 49.64%, Lipistz loss = 0, Train Unlabel Best ACC.= 49.6%, Train Max Epoch=10
[Test-11] Val ACC:60.84%, Best Test ACC.: 60.14% in Epoch 11
Validation loss decreased (59.661991 --> 60.841837).  Saving model ...
Epoch [12][SemiTeacher][InsectWingbeatSound] loss= 0.01978; Epoch Label ACC.= 52.46%, UnLabel ACC.= 48.47%, Lipistz loss = 0, Train Unlabel Best ACC.= 49.6%, Train Max Epoch=10
[Test-12] Val ACC:61.03%, Best Test ACC.: 60.62% in Epoch 12
Validation loss decreased (60.841837 --> 61.033164).  Saving model ...
Epoch [13][SemiTeacher][InsectWingbeatSound] loss= 0.01966; Epoch Label ACC.= 55.06%, UnLabel ACC.= 49.70%, Lipistz loss = 0, Train Unlabel Best ACC.= 49.7%, Train Max Epoch=12
[Test-13] Val ACC:64.48%, Best Test ACC.: 59.95% in Epoch 13
Validation loss decreased (61.033164 --> 64.477041).  Saving model ...
Epoch [14][SemiTeacher][InsectWingbeatSound] loss= 0.01829; Epoch Label ACC.= 59.23%, UnLabel ACC.= 53.94%, Lipistz loss = 0, Train Unlabel Best ACC.= 53.9%, Train Max Epoch=13
EarlyStopping counter: 1 out of 200
Epoch [15][SemiTeacher][InsectWingbeatSound] loss= 0.01685; Epoch Label ACC.= 59.23%, UnLabel ACC.= 51.46%, Lipistz loss = 0, Train Unlabel Best ACC.= 53.9%, Train Max Epoch=13
[Test-15] Val ACC:65.85%, Best Test ACC.: 60.71% in Epoch 15
Validation loss decreased (64.477041 --> 65.848214).  Saving model ...
Epoch [16][SemiTeacher][InsectWingbeatSound] loss= 0.01787; Epoch Label ACC.= 61.76%, UnLabel ACC.= 53.36%, Lipistz loss = 0, Train Unlabel Best ACC.= 53.9%, Train Max Epoch=13
[Test-16] Val ACC:68.37%, Best Test ACC.: 61.86% in Epoch 16
Validation loss decreased (65.848214 --> 68.367348).  Saving model ...
Epoch [17][SemiTeacher][InsectWingbeatSound] loss= 0.01752; Epoch Label ACC.= 60.12%, UnLabel ACC.= 54.09%, Lipistz loss = 0, Train Unlabel Best ACC.= 54.1%, Train Max Epoch=16
EarlyStopping counter: 1 out of 200
Epoch [18][SemiTeacher][InsectWingbeatSound] loss= 0.01721; Epoch Label ACC.= 60.79%, UnLabel ACC.= 55.28%, Lipistz loss = 0, Train Unlabel Best ACC.= 55.3%, Train Max Epoch=17
EarlyStopping counter: 2 out of 200
Epoch [19][SemiTeacher][InsectWingbeatSound] loss= 0.01937; Epoch Label ACC.= 59.08%, UnLabel ACC.= 55.00%, Lipistz loss = 0, Train Unlabel Best ACC.= 55.3%, Train Max Epoch=17
EarlyStopping counter: 3 out of 200
Epoch [20][SemiTeacher][InsectWingbeatSound] loss= 0.02106; Epoch Label ACC.= 63.91%, UnLabel ACC.= 54.21%, Lipistz loss = 0, Train Unlabel Best ACC.= 55.3%, Train Max Epoch=17
EarlyStopping counter: 4 out of 200
Epoch [21][SemiTeacher][InsectWingbeatSound] loss= 0.02126; Epoch Label ACC.= 59.67%, UnLabel ACC.= 56.26%, Lipistz loss = 0, Train Unlabel Best ACC.= 56.3%, Train Max Epoch=20
EarlyStopping counter: 5 out of 200
Epoch [22][SemiTeacher][InsectWingbeatSound] loss= 0.02235; Epoch Label ACC.= 61.01%, UnLabel ACC.= 58.15%, Lipistz loss = 0, Train Unlabel Best ACC.= 58.2%, Train Max Epoch=21
EarlyStopping counter: 6 out of 200
Epoch [23][SemiTeacher][InsectWingbeatSound] loss= 0.02317; Epoch Label ACC.= 65.92%, UnLabel ACC.= 56.74%, Lipistz loss = 0, Train Unlabel Best ACC.= 58.2%, Train Max Epoch=21
[Test-23] Val ACC:68.85%, Best Test ACC.: 63.78% in Epoch 23
Validation loss decreased (68.367348 --> 68.845664).  Saving model ...
Epoch [24][SemiTeacher][InsectWingbeatSound] loss= 0.02475; Epoch Label ACC.= 65.10%, UnLabel ACC.= 55.91%, Lipistz loss = 0, Train Unlabel Best ACC.= 58.2%, Train Max Epoch=21
EarlyStopping counter: 1 out of 200
Epoch [25][SemiTeacher][InsectWingbeatSound] loss= 0.02610; Epoch Label ACC.= 64.14%, UnLabel ACC.= 55.09%, Lipistz loss = 0, Train Unlabel Best ACC.= 58.2%, Train Max Epoch=21
EarlyStopping counter: 2 out of 200
Epoch [26][SemiTeacher][InsectWingbeatSound] loss= 0.02613; Epoch Label ACC.= 63.24%, UnLabel ACC.= 56.32%, Lipistz loss = 0, Train Unlabel Best ACC.= 58.2%, Train Max Epoch=21
EarlyStopping counter: 3 out of 200
Epoch [27][SemiTeacher][InsectWingbeatSound] loss= 0.02599; Epoch Label ACC.= 65.40%, UnLabel ACC.= 57.96%, Lipistz loss = 0, Train Unlabel Best ACC.= 58.2%, Train Max Epoch=21
EarlyStopping counter: 4 out of 200
Epoch [28][SemiTeacher][InsectWingbeatSound] loss= 0.02677; Epoch Label ACC.= 66.29%, UnLabel ACC.= 59.20%, Lipistz loss = 0, Train Unlabel Best ACC.= 59.2%, Train Max Epoch=27
EarlyStopping counter: 5 out of 200
Epoch [29][SemiTeacher][InsectWingbeatSound] loss= 0.02848; Epoch Label ACC.= 68.30%, UnLabel ACC.= 57.49%, Lipistz loss = 0, Train Unlabel Best ACC.= 59.2%, Train Max Epoch=27
EarlyStopping counter: 6 out of 200
Epoch [30][SemiTeacher][InsectWingbeatSound] loss= 0.03070; Epoch Label ACC.= 65.70%, UnLabel ACC.= 56.98%, Lipistz loss = 0, Train Unlabel Best ACC.= 59.2%, Train Max Epoch=27
EarlyStopping counter: 7 out of 200
Epoch [31][SemiTeacher][InsectWingbeatSound] loss= 0.02708; Epoch Label ACC.= 65.10%, UnLabel ACC.= 57.81%, Lipistz loss = 0, Train Unlabel Best ACC.= 59.2%, Train Max Epoch=27run_Insectwing.sh: line 1: 37169 Killed                  python mainOurs.py --dataset_name=InsectWingbeatSound --gpu=3 --label_ratio 0.4
wandb: Currently logged in as: pqy000 (pqythu). Use `wandb login --relogin` to force relogin
2024-08-21 20:52:57.279289: I tensorflow/core/platform/cpu_feature_guard.cc:193] This TensorFlow binary is optimized with oneAPI Deep Neural Network Library (oneDNN) to use the following CPU instructions in performance-critical operations:  AVX2 FMA
To enable them in other operations, rebuild TensorFlow with the appropriate compiler flags.
2024-08-21 20:52:58.127559: W tensorflow/compiler/xla/stream_executor/platform/default/dso_loader.cc:64] Could not load dynamic library 'libnvinfer.so.7'; dlerror: libnvinfer.so.7: cannot open shared object file: No such file or directory; LD_LIBRARY_PATH: /data/qingyi/miniconda3/envs/py3/lib/python3.7/site-packages/cv2/../../lib64:/opt/cudnn/lib64:/usr/local/cuda/lib64
2024-08-21 20:52:58.127668: W tensorflow/compiler/xla/stream_executor/platform/default/dso_loader.cc:64] Could not load dynamic library 'libnvinfer_plugin.so.7'; dlerror: libnvinfer_plugin.so.7: cannot open shared object file: No such file or directory; LD_LIBRARY_PATH: /data/qingyi/miniconda3/envs/py3/lib/python3.7/site-packages/cv2/../../lib64:/opt/cudnn/lib64:/usr/local/cuda/lib64
2024-08-21 20:52:58.127682: W tensorflow/compiler/tf2tensorrt/utils/py_utils.cc:38] TF-TRT Warning: Cannot dlopen some TensorRT libraries. If you would like to use Nvidia GPU with TensorRT, please make sure the missing libraries mentioned above are installed properly.
/home/qingyi/miniconda3/envs/py3/lib/python3.7/multiprocessing/semaphore_tracker.py:144: UserWarning: semaphore_tracker: There appear to be 6 leaked semaphores to clean up at shutdown
  len(cache))
wandb: wandb version 0.17.7 is available!  To upgrade, please run:
wandb:  $ pip install wandb --upgrade
wandb: Tracking run with wandb version 0.12.17
wandb: Run data is saved locally in /home/qingyi/GPU20/SemiOur/wandb/run-20240821_205250-33yrlum6
wandb: Run `wandb offline` to turn off syncing.
wandb: Syncing run helpful-river-4
wandb: â­ï¸ View project at https://wandb.ai/pqythu/InsectWingbeatSound_semitime
wandb: ðŸš€ View run at https://wandb.ai/pqythu/InsectWingbeatSound_semitime/runs/33yrlum6
[INFO] Running at: InsectWingbeatSound
[INFO] InsectWingbeatSound
[Stat] All class: {0: 200, 1: 200, 2: 200, 3: 200, 4: 200, 5: 200, 6: 200, 7: 200, 8: 200, 9: 200, 10: 200}
[Stat] Train class: mean=120.0, std=0.0
[Stat] Val class: mean=40.0, std=0.0
[Stat] Test class: mean=40.0, std=0.0
Train:(1320, 256, 1), Test:(440, 256, 1), Class:11
rp_params: [3, 0]
[Test-0] Val ACC:8.93%, Best Test ACC.: 8.93% in Epoch 0
Epoch [1][SemiTeacher][InsectWingbeatSound] loss= 0.00041; Epoch Label ACC.= 11.24%, UnLabel ACC.= 8.88%, Lipistz loss = 0, Train Unlabel Best ACC.= 8.9%, Train Max Epoch=0
[Test-1] Val ACC:9.44%, Best Test ACC.: 9.44% in Epoch 1
Validation loss decreased (inf --> 9.438776).  Saving model ...
Epoch [2][SemiTeacher][InsectWingbeatSound] loss= 0.00018; Epoch Label ACC.= 12.20%, UnLabel ACC.= 8.63%, Lipistz loss = 0, Train Unlabel Best ACC.= 8.9%, Train Max Epoch=0
[Test-2] Val ACC:18.30%, Best Test ACC.: 20.31% in Epoch 2
Validation loss decreased (9.438776 --> 18.303571).  Saving model ...
Epoch [3][SemiTeacher][InsectWingbeatSound] loss= 0.00053; Epoch Label ACC.= 13.69%, UnLabel ACC.= 12.68%, Lipistz loss = 0, Train Unlabel Best ACC.= 12.7%, Train Max Epoch=2
[Test-3] Val ACC:38.93%, Best Test ACC.: 35.84% in Epoch 3
Validation loss decreased (18.303571 --> 38.934950).  Saving model ...
Epoch [4][SemiTeacher][InsectWingbeatSound] loss= 0.00578; Epoch Label ACC.= 27.68%, UnLabel ACC.= 23.08%, Lipistz loss = 0, Train Unlabel Best ACC.= 23.1%, Train Max Epoch=3
[Test-4] Val ACC:46.88%, Best Test ACC.: 44.26% in Epoch 4
Validation loss decreased (38.934950 --> 46.875000).  Saving model ...
Epoch [5][SemiTeacher][InsectWingbeatSound] loss= 0.01227; Epoch Label ACC.= 36.46%, UnLabel ACC.= 31.67%, Lipistz loss = 0, Train Unlabel Best ACC.= 31.7%, Train Max Epoch=4
[Test-5] Val ACC:53.57%, Best Test ACC.: 52.30% in Epoch 5
Validation loss decreased (46.875000 --> 53.571429).  Saving model ...
Epoch [6][SemiTeacher][InsectWingbeatSound] loss= 0.01947; Epoch Label ACC.= 49.33%, UnLabel ACC.= 38.76%, Lipistz loss = 0, Train Unlabel Best ACC.= 38.8%, Train Max Epoch=5
[Test-6] Val ACC:61.03%, Best Test ACC.: 53.92% in Epoch 6
Validation loss decreased (53.571429 --> 61.033164).  Saving model ...
Epoch [7][SemiTeacher][InsectWingbeatSound] loss= 0.02300; Epoch Label ACC.= 52.98%, UnLabel ACC.= 43.23%, Lipistz loss = 0, Train Unlabel Best ACC.= 43.2%, Train Max Epoch=6
EarlyStopping counter: 1 out of 200
Epoch [8][SemiTeacher][InsectWingbeatSound] loss= 0.02356; Epoch Label ACC.= 56.99%, UnLabel ACC.= 47.53%, Lipistz loss = 0, Train Unlabel Best ACC.= 47.5%, Train Max Epoch=7
[Test-8] Val ACC:62.63%, Best Test ACC.: 57.65% in Epoch 8
Validation loss decreased (61.033164 --> 62.627551).  Saving model ...
Epoch [9][SemiTeacher][InsectWingbeatSound] loss= 0.02546; Epoch Label ACC.= 62.43%, UnLabel ACC.= 48.88%, Lipistz loss = 0, Train Unlabel Best ACC.= 48.9%, Train Max Epoch=8
[Test-9] Val ACC:62.63%, Best Test ACC.: 56.15% in Epoch 9
EarlyStopping counter: 1 out of 200
Epoch [10][SemiTeacher][InsectWingbeatSound] loss= 0.02208; Epoch Label ACC.= 61.24%, UnLabel ACC.= 48.11%, Lipistz loss = 0, Train Unlabel Best ACC.= 48.9%, Train Max Epoch=8
[Test-10] Val ACC:64.64%, Best Test ACC.: 59.66% in Epoch 10
Validation loss decreased (62.627551 --> 64.636480).  Saving model ...
Epoch [11][SemiTeacher][InsectWingbeatSound] loss= 0.02008; Epoch Label ACC.= 66.07%, UnLabel ACC.= 48.81%, Lipistz loss = 0, Train Unlabel Best ACC.= 48.9%, Train Max Epoch=8
EarlyStopping counter: 1 out of 200
Epoch [12][SemiTeacher][InsectWingbeatSound] loss= 0.02245; Epoch Label ACC.= 59.90%, UnLabel ACC.= 47.77%, Lipistz loss = 0, Train Unlabel Best ACC.= 48.9%, Train Max Epoch=8
EarlyStopping counter: 2 out of 200
Epoch [13][SemiTeacher][InsectWingbeatSound] loss= 0.02253; Epoch Label ACC.= 62.43%, UnLabel ACC.= 48.60%, Lipistz loss = 0, Train Unlabel Best ACC.= 48.9%, Train Max Epoch=8
EarlyStopping counter: 3 out of 200
Epoch [14][SemiTeacher][InsectWingbeatSound] loss= 0.02518; Epoch Label ACC.= 66.22%, UnLabel ACC.= 50.82%, Lipistz loss = 0, Train Unlabel Best ACC.= 50.8%, Train Max Epoch=13
EarlyStopping counter: 4 out of 200
Epoch [15][SemiTeacher][InsectWingbeatSound] loss= 0.02844; Epoch Label ACC.= 71.06%, UnLabel ACC.= 52.14%, Lipistz loss = 0, Train Unlabel Best ACC.= 52.1%, Train Max Epoch=14
EarlyStopping counter: 5 out of 200
Epoch [16][SemiTeacher][InsectWingbeatSound] loss= 0.02895; Epoch Label ACC.= 69.79%, UnLabel ACC.= 50.71%, Lipistz loss = 0, Train Unlabel Best ACC.= 52.1%, Train Max Epoch=14
EarlyStopping counter: 6 out of 200
Epoch [17][SemiTeacher][InsectWingbeatSound] loss= 0.02952; Epoch Label ACC.= 66.15%, UnLabel ACC.= 52.75%, Lipistz loss = 0, Train Unlabel Best ACC.= 52.8%, Train Max Epoch=16
[Test-17] Val ACC:64.86%, Best Test ACC.: 60.30% in Epoch 17
Validation loss decreased (64.636480 --> 64.859694).  Saving model ...
Epoch [18][SemiTeacher][InsectWingbeatSound] loss= 0.03110; Epoch Label ACC.= 69.35%, UnLabel ACC.= 54.93%, Lipistz loss = 0, Train Unlabel Best ACC.= 54.9%, Train Max Epoch=17
[Test-18] Val ACC:67.44%, Best Test ACC.: 59.73% in Epoch 18
Validation loss decreased (64.859694 --> 67.442603).  Saving model ...
Epoch [19][SemiTeacher][InsectWingbeatSound] loss= 0.03095; Epoch Label ACC.= 69.49%, UnLabel ACC.= 55.57%, Lipistz loss = 0, Train Unlabel Best ACC.= 55.6%, Train Max Epoch=18
EarlyStopping counter: 1 out of 200
Epoch [20][SemiTeacher][InsectWingbeatSound] loss= 0.03195; Epoch Label ACC.= 71.21%, UnLabel ACC.= 54.43%, Lipistz loss = 0, Train Unlabel Best ACC.= 55.6%, Train Max Epoch=18
EarlyStopping counter: 2 out of 200
Epoch [21][SemiTeacher][InsectWingbeatSound] loss= 0.03279; Epoch Label ACC.= 70.61%, UnLabel ACC.= 51.98%, Lipistz loss = 0, Train Unlabel Best ACC.= 55.6%, Train Max Epoch=18
EarlyStopping counter: 3 out of 200
Epoch [22][SemiTeacher][InsectWingbeatSound] loss= 0.03064; Epoch Label ACC.= 70.09%, UnLabel ACC.= 49.36%, Lipistz loss = 0, Train Unlabel Best ACC.= 55.6%, Train Max Epoch=18
EarlyStopping counter: 4 out of 200
Epoch [23][SemiTeacher][InsectWingbeatSound] loss= 0.03072; Epoch Label ACC.= 66.15%, UnLabel ACC.= 50.37%, Lipistz loss = 0, Train Unlabel Best ACC.= 55.6%, Train Max Epoch=18
EarlyStopping counter: 5 out of 200
Epoch [24][SemiTeacher][InsectWingbeatSound] loss= 0.02973; Epoch Label ACC.= 70.39%, UnLabel ACC.= 53.10%, Lipistz loss = 0, Train Unlabel Best ACC.= 55.6%, Train Max Epoch=18
EarlyStopping counter: 6 out of 200
Epoch [25][SemiTeacher][InsectWingbeatSound] loss= 0.03293; Epoch Label ACC.= 72.47%, UnLabel ACC.= 53.12%, Lipistz loss = 0, Train Unlabel Best ACC.= 55.6%, Train Max Epoch=18
EarlyStopping counter: 7 out of 200
Epoch [26][SemiTeacher][InsectWingbeatSound] loss= 0.03283; Epoch Label ACC.= 75.60%, UnLabel ACC.= 53.48%, Lipistz loss = 0, Train Unlabel Best ACC.= 55.6%, Train Max Epoch=18
EarlyStopping counter: 8 out of 200
Epoch [27][SemiTeacher][InsectWingbeatSound] loss= 0.03443; Epoch Label ACC.= 75.67%, UnLabel ACC.= 53.29%, Lipistz loss = 0, Train Unlabel Best ACC.= 55.6%, Train Max Epoch=18
[Test-27] Val ACC:68.37%, Best Test ACC.: 61.48% in Epoch 27
Validation loss decreased (67.442603 --> 68.367348).  Saving model ...
Epoch [28][SemiTeacher][InsectWingbeatSound] loss= 0.03388; Epoch Label ACC.= 74.48%, UnLabel ACC.= 55.30%, Lipistz loss = 0, Train Unlabel Best ACC.= 55.6%, Train Max Epoch=18
EarlyStopping counter: 1 out of 200
Epoch [29][SemiTeacher][InsectWingbeatSound] loss= 0.03385; Epoch Label ACC.= 73.96%, UnLabel ACC.= 55.86%, Lipistz loss = 0, Train Unlabel Best ACC.= 55.9%, Train Max Epoch=28
EarlyStopping counter: 2 out of 200
Epoch [30][SemiTeacher][InsectWingbeatSound] loss= 0.03557; Epoch Label ACC.= 77.16%, UnLabel ACC.= 56.06%, Lipistz loss = 0, Train Unlabel Best ACC.= 56.1%, Train Max Epoch=29
EarlyStopping counter: 3 out of 200
Epoch [31][SemiTeacher][InsectWingbeatSound] loss= 0.03378; Epoch Label ACC.= 74.93%, UnLabel ACC.= 54.79%, Lipistz loss = 0, Train Unlabel Best ACC.= 56.1%, Train Max Epoch=29
EarlyStopping counter: 4 out of 200
Epoch [32][SemiTeacher][InsectWingbeatSound] loss= 0.03447; Epoch Label ACC.= 70.98%, UnLabel ACC.= 54.97%, Lipistz loss = 0, Train Unlabel Best ACC.= 56.1%, Train Max Epoch=29run_Insectwing.sh: line 2: 38640 Killed                  python mainOurs.py --dataset_name=InsectWingbeatSound --gpu=4 --label_ratio 0.2
run_Insectwing.sh: line 3: log/output_gpu3.log: No such file or directory
All processes have been started in the background. Check the log files for output.
run_Insectwing.sh: line 4: log/output_gpu4.log: No such file or directory
run_Insectwing.sh: line 5: log/output_gpu5.log: No such file or directory
/home/qingyi/miniconda3/envs/py3/lib/python3.7/multiprocessing/semaphore_tracker.py:144: UserWarning: semaphore_tracker: There appear to be 6 leaked semaphores to clean up at shutdown
  len(cache))
