usage: argument for training [-h] [--save_freq SAVE_FREQ]
                             [--batch_size BATCH_SIZE] [--K K] [--alpha ALPHA]
                             [--lr LR] [--feature_size FEATURE_SIZE]
                             [--num_workers NUM_WORKERS] [--epochs EPOCHS]
                             [--patience PATIENCE] [--aug_type AUG_TYPE]
                             [--class_type CLASS_TYPE] [--gpu GPU]
                             [--learning_rate LEARNING_RATE]
                             [--weight_rampup WEIGHT_RAMPUP]
                             [--dataset_name DATASET_NAME]
                             [--nb_class NB_CLASS] [--ucr_path UCR_PATH]
                             [--ckpt_dir CKPT_DIR] [--backbone BACKBONE]
                             [--model_name {SupCE,SemiTime,SemiTeacher,PI,MTL,TapNet}]
                             [--label_ratio LABEL_RATIO]
                             [--usp_weight USP_WEIGHT] [--ema_decay EMA_DECAY]
                             [--model_select MODEL_SELECT] [--nhid NHID]
                             [--levels LEVELS] [--ksize KSIZE]
                             [--dropout DROPOUT] [--lip LIP]
                             [--saliency SALIENCY] [--lambda_lp LAMBDA_LP]
                             [--L L] [--iter ITER] [--no-cuda NO_CUDA]
                             [--seed SEED] [--wd WD] [--stop_thres STOP_THRES]
                             [--use_cnn USE_CNN] [--use_lstm USE_LSTM]
                             [--use_rp USE_RP] [--rp_params RP_PARAMS]
                             [--use_metric] [--metric_param METRIC_PARAM]
                             [--filters FILTERS] [--kernels KERNELS]
                             [--dilation DILATION] [--layers LAYERS]
                             [--lstm_dim LSTM_DIM] [--tv_coeff TV_COEFF]
                             [--tv_beta TV_BETA] [--l1_coeff L1_COEFF]
                             [--factor FACTOR] [--img_path IMG_PATH]
                             [--lambda_Rm LAMBDA_RM] [--lambda_Rs LAMBDA_RS]
                             [--lambda_reg LAMBDA_REG] [--beta_reg BETA_REG]
                             [--Saliency_dir SALIENCY_DIR]
                             [--Mask_dir MASK_DIR]
argument for training: error: unrecognized arguments: 1.log
usage: argument for training [-h] [--save_freq SAVE_FREQ]
                             [--batch_size BATCH_SIZE] [--K K] [--alpha ALPHA]
                             [--lr LR] [--feature_size FEATURE_SIZE]
                             [--num_workers NUM_WORKERS] [--epochs EPOCHS]
                             [--patience PATIENCE] [--aug_type AUG_TYPE]
                             [--class_type CLASS_TYPE] [--gpu GPU]
                             [--learning_rate LEARNING_RATE]
                             [--weight_rampup WEIGHT_RAMPUP]
                             [--dataset_name DATASET_NAME]
                             [--nb_class NB_CLASS] [--ucr_path UCR_PATH]
                             [--ckpt_dir CKPT_DIR] [--backbone BACKBONE]
                             [--model_name {SupCE,SemiTime,SemiTeacher,PI,MTL,TapNet}]
                             [--label_ratio LABEL_RATIO]
                             [--usp_weight USP_WEIGHT] [--ema_decay EMA_DECAY]
                             [--model_select MODEL_SELECT] [--nhid NHID]
                             [--levels LEVELS] [--ksize KSIZE]
                             [--dropout DROPOUT] [--lip LIP]
                             [--saliency SALIENCY] [--lambda_lp LAMBDA_LP]
                             [--L L] [--iter ITER] [--no-cuda NO_CUDA]
                             [--seed SEED] [--wd WD] [--stop_thres STOP_THRES]
                             [--use_cnn USE_CNN] [--use_lstm USE_LSTM]
                             [--use_rp USE_RP] [--rp_params RP_PARAMS]
                             [--use_metric] [--metric_param METRIC_PARAM]
                             [--filters FILTERS] [--kernels KERNELS]
                             [--dilation DILATION] [--layers LAYERS]
                             [--lstm_dim LSTM_DIM] [--tv_coeff TV_COEFF]
                             [--tv_beta TV_BETA] [--l1_coeff L1_COEFF]
                             [--factor FACTOR] [--img_path IMG_PATH]
                             [--lambda_Rm LAMBDA_RM] [--lambda_Rs LAMBDA_RS]
                             [--lambda_reg LAMBDA_REG] [--beta_reg BETA_REG]
                             [--Saliency_dir SALIENCY_DIR]
                             [--Mask_dir MASK_DIR]
argument for training: error: unrecognized arguments: 1.log
