[INFO] Running at: EpilepticSeizure
[Stat] All class: {0: 2300, 1: 2300, 2: 2300, 3: 2300, 4: 2300}
[Stat] Train class: mean=1380.0, std=0.0
[Stat] Val class: mean=460.0, std=0.0
[Stat] Test class: mean=460.0, std=0.0
Train:(6900, 178, 1), Test:(2300, 178, 1), Class:5
rp_params: [3, 0]
[Test-0] Val ACC:19.97%, Best Test ACC.: 19.97% in Epoch 0
Epoch [1][SemiTeacher][EpilepticSeizure] loss= 0.00171; Epoch Label ACC.= 20.01%, UnLabel ACC.= 20.41%, Lipistz loss = 0, Train Unlabel Best ACC.= 20.4%, Train Max Epoch=0
[Test-1] Val ACC:29.86%, Best Test ACC.: 31.16% in Epoch 1
Validation loss decreased (inf --> 29.861111).  Saving model ...
Epoch [2][SemiTeacher][EpilepticSeizure] loss= 0.01113; Epoch Label ACC.= 28.62%, UnLabel ACC.= 27.72%, Lipistz loss = 0, Train Unlabel Best ACC.= 27.7%, Train Max Epoch=1
[Test-2] Val ACC:33.42%, Best Test ACC.: 33.98% in Epoch 2
Validation loss decreased (29.861111 --> 33.420139).  Saving model ...
Epoch [3][SemiTeacher][EpilepticSeizure] loss= 0.04307; Epoch Label ACC.= 35.43%, UnLabel ACC.= 32.44%, Lipistz loss = 0, Train Unlabel Best ACC.= 32.4%, Train Max Epoch=2
[Test-3] Val ACC:38.15%, Best Test ACC.: 38.24% in Epoch 3
Validation loss decreased (33.420139 --> 38.151042).  Saving model ...
Epoch [4][SemiTeacher][EpilepticSeizure] loss= 0.05566; Epoch Label ACC.= 35.95%, UnLabel ACC.= 36.04%, Lipistz loss = 0, Train Unlabel Best ACC.= 36.0%, Train Max Epoch=3
[Test-4] Val ACC:41.21%, Best Test ACC.: 41.25% in Epoch 4
Validation loss decreased (38.151042 --> 41.206597).  Saving model ...
Epoch [5][SemiTeacher][EpilepticSeizure] loss= 0.05980; Epoch Label ACC.= 38.53%, UnLabel ACC.= 36.99%, Lipistz loss = 0, Train Unlabel Best ACC.= 37.0%, Train Max Epoch=4
[Test-5] Val ACC:43.17%, Best Test ACC.: 43.57% in Epoch 5
Validation loss decreased (41.206597 --> 43.174190).  Saving model ...
Epoch [6][SemiTeacher][EpilepticSeizure] loss= 0.06763; Epoch Label ACC.= 40.18%, UnLabel ACC.= 38.41%, Lipistz loss = 0, Train Unlabel Best ACC.= 38.4%, Train Max Epoch=5
EarlyStopping counter: 1 out of 200
Epoch [7][SemiTeacher][EpilepticSeizure] loss= 0.06996; Epoch Label ACC.= 40.12%, UnLabel ACC.= 38.21%, Lipistz loss = 0, Train Unlabel Best ACC.= 38.4%, Train Max Epoch=5
[Test-7] Val ACC:45.13%, Best Test ACC.: 45.16% in Epoch 7
Validation loss decreased (43.174190 --> 45.133102).  Saving model ...
Epoch [8][SemiTeacher][EpilepticSeizure] loss= 0.07447; Epoch Label ACC.= 40.70%, UnLabel ACC.= 39.78%, Lipistz loss = 0, Train Unlabel Best ACC.= 39.8%, Train Max Epoch=7
EarlyStopping counter: 1 out of 200
Epoch [9][SemiTeacher][EpilepticSeizure] loss= 0.06788; Epoch Label ACC.= 40.02%, UnLabel ACC.= 38.28%, Lipistz loss = 0, Train Unlabel Best ACC.= 39.8%, Train Max Epoch=7
[Test-9] Val ACC:45.39%, Best Test ACC.: 45.84% in Epoch 9
Validation loss decreased (45.133102 --> 45.393519).  Saving model ...
Epoch [10][SemiTeacher][EpilepticSeizure] loss= 0.06882; Epoch Label ACC.= 42.06%, UnLabel ACC.= 40.72%, Lipistz loss = 0, Train Unlabel Best ACC.= 40.7%, Train Max Epoch=9
EarlyStopping counter: 1 out of 200
Epoch [11][SemiTeacher][EpilepticSeizure] loss= 0.08443; Epoch Label ACC.= 42.39%, UnLabel ACC.= 40.79%, Lipistz loss = 0, Train Unlabel Best ACC.= 40.8%, Train Max Epoch=10
[Test-11] Val ACC:48.81%, Best Test ACC.: 49.00% in Epoch 11
Validation loss decreased (45.393519 --> 48.807870).  Saving model ...
Epoch [12][SemiTeacher][EpilepticSeizure] loss= 0.09145; Epoch Label ACC.= 43.13%, UnLabel ACC.= 41.59%, Lipistz loss = 0, Train Unlabel Best ACC.= 41.6%, Train Max Epoch=11
EarlyStopping counter: 1 out of 200
Epoch [13][SemiTeacher][EpilepticSeizure] loss= 0.09563; Epoch Label ACC.= 43.01%, UnLabel ACC.= 42.59%, Lipistz loss = 0, Train Unlabel Best ACC.= 42.6%, Train Max Epoch=12
EarlyStopping counter: 2 out of 200
Epoch [14][SemiTeacher][EpilepticSeizure] loss= 0.10903; Epoch Label ACC.= 44.00%, UnLabel ACC.= 43.25%, Lipistz loss = 0, Train Unlabel Best ACC.= 43.2%, Train Max Epoch=13
[Test-14] Val ACC:50.65%, Best Test ACC.: 50.19% in Epoch 14
Validation loss decreased (48.807870 --> 50.653935).  Saving model ...
Epoch [15][SemiTeacher][EpilepticSeizure] loss= 0.11255; Epoch Label ACC.= 44.27%, UnLabel ACC.= 42.80%, Lipistz loss = 0, Train Unlabel Best ACC.= 43.2%, Train Max Epoch=13
EarlyStopping counter: 1 out of 200
Epoch [16][SemiTeacher][EpilepticSeizure] loss= 0.10414; Epoch Label ACC.= 45.98%, UnLabel ACC.= 43.71%, Lipistz loss = 0, Train Unlabel Best ACC.= 43.7%, Train Max Epoch=15
[Test-16] Val ACC:55.03%, Best Test ACC.: 54.97% in Epoch 16
Validation loss decreased (50.653935 --> 55.028935).  Saving model ...
Epoch [17][SemiTeacher][EpilepticSeizure] loss= 0.11359; Epoch Label ACC.= 48.39%, UnLabel ACC.= 45.67%, Lipistz loss = 0, Train Unlabel Best ACC.= 45.7%, Train Max Epoch=16
EarlyStopping counter: 1 out of 200
Epoch [18][SemiTeacher][EpilepticSeizure] loss= 0.11777; Epoch Label ACC.= 48.60%, UnLabel ACC.= 46.58%, Lipistz loss = 0, Train Unlabel Best ACC.= 46.6%, Train Max Epoch=17
EarlyStopping counter: 2 out of 200
Epoch [19][SemiTeacher][EpilepticSeizure] loss= 0.11680; Epoch Label ACC.= 49.70%, UnLabel ACC.= 48.25%, Lipistz loss = 0, Train Unlabel Best ACC.= 48.2%, Train Max Epoch=18
[Test-19] Val ACC:59.25%, Best Test ACC.: 58.82% in Epoch 19
Validation loss decreased (55.028935 --> 59.253472).  Saving model ...
Epoch [20][SemiTeacher][EpilepticSeizure] loss= 0.11139; Epoch Label ACC.= 49.70%, UnLabel ACC.= 49.01%, Lipistz loss = 0, Train Unlabel Best ACC.= 49.0%, Train Max Epoch=19
[Test-20] Val ACC:63.92%, Best Test ACC.: 62.16% in Epoch 20
Validation loss decreased (59.253472 --> 63.917824).  Saving model ...
Epoch [21][SemiTeacher][EpilepticSeizure] loss= 0.11061; Epoch Label ACC.= 53.08%, UnLabel ACC.= 50.24%, Lipistz loss = 0, Train Unlabel Best ACC.= 50.2%, Train Max Epoch=20
EarlyStopping counter: 1 out of 200
Epoch [22][SemiTeacher][EpilepticSeizure] loss= 0.10412; Epoch Label ACC.= 53.72%, UnLabel ACC.= 51.84%, Lipistz loss = 0, Train Unlabel Best ACC.= 51.8%, Train Max Epoch=21
EarlyStopping counter: 2 out of 200
Epoch [23][SemiTeacher][EpilepticSeizure] loss= 0.10339; Epoch Label ACC.= 54.11%, UnLabel ACC.= 51.53%, Lipistz loss = 0, Train Unlabel Best ACC.= 51.8%, Train Max Epoch=21
EarlyStopping counter: 3 out of 200
Epoch [24][SemiTeacher][EpilepticSeizure] loss= 0.11073; Epoch Label ACC.= 53.66%, UnLabel ACC.= 52.78%, Lipistz loss = 0, Train Unlabel Best ACC.= 52.8%, Train Max Epoch=23
EarlyStopping counter: 4 out of 200
Epoch [25][SemiTeacher][EpilepticSeizure] loss= 0.10827; Epoch Label ACC.= 54.07%, UnLabel ACC.= 51.98%, Lipistz loss = 0, Train Unlabel Best ACC.= 52.8%, Train Max Epoch=23
[Test-25] Val ACC:65.07%, Best Test ACC.: 65.40% in Epoch 25
Validation loss decreased (63.917824 --> 65.069445).  Saving model ...
Epoch [26][SemiTeacher][EpilepticSeizure] loss= 0.11086; Epoch Label ACC.= 56.35%, UnLabel ACC.= 52.26%, Lipistz loss = 0, Train Unlabel Best ACC.= 52.8%, Train Max Epoch=23
[Test-26] Val ACC:66.41%, Best Test ACC.: 66.27% in Epoch 26
Validation loss decreased (65.069445 --> 66.406250).  Saving model ...
Epoch [27][SemiTeacher][EpilepticSeizure] loss= 0.11593; Epoch Label ACC.= 55.77%, UnLabel ACC.= 53.03%, Lipistz loss = 0, Train Unlabel Best ACC.= 53.0%, Train Max Epoch=26
EarlyStopping counter: 1 out of 200
Epoch [28][SemiTeacher][EpilepticSeizure] loss= 0.11723; Epoch Label ACC.= 58.07%, UnLabel ACC.= 53.60%, Lipistz loss = 0, Train Unlabel Best ACC.= 53.6%, Train Max Epoch=27
EarlyStopping counter: 2 out of 200
Epoch [29][SemiTeacher][EpilepticSeizure] loss= 0.11465; Epoch Label ACC.= 57.19%, UnLabel ACC.= 53.82%, Lipistz loss = 0, Train Unlabel Best ACC.= 53.8%, Train Max Epoch=28
EarlyStopping counter: 3 out of 200
Epoch [30][SemiTeacher][EpilepticSeizure] loss= 0.12356; Epoch Label ACC.= 58.12%, UnLabel ACC.= 55.05%, Lipistz loss = 0, Train Unlabel Best ACC.= 55.1%, Train Max Epoch=29
EarlyStopping counter: 4 out of 200
Epoch [31][SemiTeacher][EpilepticSeizure] loss= 0.12319; Epoch Label ACC.= 55.82%, UnLabel ACC.= 53.28%, Lipistz loss = 0, Train Unlabel Best ACC.= 55.1%, Train Max Epoch=29
EarlyStopping counter: 5 out of 200
Epoch [32][SemiTeacher][EpilepticSeizure] loss= 0.12625; Epoch Label ACC.= 57.96%, UnLabel ACC.= 55.01%, Lipistz loss = 0, Train Unlabel Best ACC.= 55.1%, Train Max Epoch=29
EarlyStopping counter: 6 out of 200
Epoch [33][SemiTeacher][EpilepticSeizure] loss= 0.12593; Epoch Label ACC.= 57.74%, UnLabel ACC.= 53.54%, Lipistz loss = 0, Train Unlabel Best ACC.= 55.1%, Train Max Epoch=29
[Test-33] Val ACC:66.90%, Best Test ACC.: 67.16% in Epoch 33
Validation loss decreased (66.406250 --> 66.895255).  Saving model ...
Epoch [34][SemiTeacher][EpilepticSeizure] loss= 0.11536; Epoch Label ACC.= 58.00%, UnLabel ACC.= 55.03%, Lipistz loss = 0, Train Unlabel Best ACC.= 55.1%, Train Max Epoch=29
EarlyStopping counter: 1 out of 200
Epoch [35][SemiTeacher][EpilepticSeizure] loss= 0.11507; Epoch Label ACC.= 59.22%, UnLabel ACC.= 55.07%, Lipistz loss = 0, Train Unlabel Best ACC.= 55.1%, Train Max Epoch=34
[Test-35] Val ACC:68.11%, Best Test ACC.: 68.20% in Epoch 35
Validation loss decreased (66.895255 --> 68.113426).  Saving model ...
Epoch [36][SemiTeacher][EpilepticSeizure] loss= 0.11665; Epoch Label ACC.= 57.88%, UnLabel ACC.= 54.66%, Lipistz loss = 0, Train Unlabel Best ACC.= 55.1%, Train Max Epoch=34
EarlyStopping counter: 1 out of 200
Epoch [37][SemiTeacher][EpilepticSeizure] loss= 0.10882; Epoch Label ACC.= 58.00%, UnLabel ACC.= 54.39%, Lipistz loss = 0, Train Unlabel Best ACC.= 55.1%, Train Max Epoch=34
EarlyStopping counter: 2 out of 200
Epoch [38][SemiTeacher][EpilepticSeizure] loss= 0.11636; Epoch Label ACC.= 59.36%, UnLabel ACC.= 55.86%, Lipistz loss = 0, Train Unlabel Best ACC.= 55.9%, Train Max Epoch=37
EarlyStopping counter: 3 out of 200
Epoch [39][SemiTeacher][EpilepticSeizure] loss= 0.11919; Epoch Label ACC.= 59.04%, UnLabel ACC.= 56.10%, Lipistz loss = 0, Train Unlabel Best ACC.= 56.1%, Train Max Epoch=38
EarlyStopping counter: 4 out of 200
Epoch [40][SemiTeacher][EpilepticSeizure] loss= 0.11947; Epoch Label ACC.= 59.36%, UnLabel ACC.= 55.58%, Lipistz loss = 0, Train Unlabel Best ACC.= 56.1%, Train Max Epoch=38
[Test-40] Val ACC:68.14%, Best Test ACC.: 68.58% in Epoch 40
Validation loss decreased (68.113426 --> 68.142361).  Saving model ...
Epoch [41][SemiTeacher][EpilepticSeizure] loss= 0.12481; Epoch Label ACC.= 60.17%, UnLabel ACC.= 56.12%, Lipistz loss = 0, Train Unlabel Best ACC.= 56.1%, Train Max Epoch=40
EarlyStopping counter: 1 out of 200
Epoch [42][SemiTeacher][EpilepticSeizure] loss= 0.12630; Epoch Label ACC.= 61.15%, UnLabel ACC.= 56.72%, Lipistz loss = 0, Train Unlabel Best ACC.= 56.7%, Train Max Epoch=41
EarlyStopping counter: 2 out of 200
Epoch [43][SemiTeacher][EpilepticSeizure] loss= 0.12087; Epoch Label ACC.= 60.91%, UnLabel ACC.= 55.63%, Lipistz loss = 0, Train Unlabel Best ACC.= 56.7%, Train Max Epoch=41
EarlyStopping counter: 3 out of 200
Epoch [44][SemiTeacher][EpilepticSeizure] loss= 0.11807; Epoch Label ACC.= 61.21%, UnLabel ACC.= 55.72%, Lipistz loss = 0, Train Unlabel Best ACC.= 56.7%, Train Max Epoch=41
EarlyStopping counter: 4 out of 200
Epoch [45][SemiTeacher][EpilepticSeizure] loss= 0.11505; Epoch Label ACC.= 60.95%, UnLabel ACC.= 55.76%, Lipistz loss = 0, Train Unlabel Best ACC.= 56.7%, Train Max Epoch=41
EarlyStopping counter: 5 out of 200
Epoch [46][SemiTeacher][EpilepticSeizure] loss= 0.11306; Epoch Label ACC.= 61.94%, UnLabel ACC.= 56.10%, Lipistz loss = 0, Train Unlabel Best ACC.= 56.7%, Train Max Epoch=41
EarlyStopping counter: 6 out of 200
Epoch [47][SemiTeacher][EpilepticSeizure] loss= 0.11543; Epoch Label ACC.= 61.11%, UnLabel ACC.= 55.61%, Lipistz loss = 0, Train Unlabel Best ACC.= 56.7%, Train Max Epoch=41
[Test-47] Val ACC:69.88%, Best Test ACC.: 69.57% in Epoch 47
Validation loss decreased (68.142361 --> 69.884259).  Saving model ...
Epoch [48][SemiTeacher][EpilepticSeizure] loss= 0.11928; Epoch Label ACC.= 61.05%, UnLabel ACC.= 56.77%, Lipistz loss = 0, Train Unlabel Best ACC.= 56.8%, Train Max Epoch=47
EarlyStopping counter: 1 out of 200
Epoch [49][SemiTeacher][EpilepticSeizure] loss= 0.11855; Epoch Label ACC.= 62.31%, UnLabel ACC.= 56.59%, Lipistz loss = 0, Train Unlabel Best ACC.= 56.8%, Train Max Epoch=47
EarlyStopping counter: 2 out of 200
Epoch [50][SemiTeacher][EpilepticSeizure] loss= 0.12013; Epoch Label ACC.= 62.66%, UnLabel ACC.= 57.49%, Lipistz loss = 0, Train Unlabel Best ACC.= 57.5%, Train Max Epoch=49
EarlyStopping counter: 3 out of 200
Epoch [51][SemiTeacher][EpilepticSeizure] loss= 0.12069; Epoch Label ACC.= 63.45%, UnLabel ACC.= 57.20%, Lipistz loss = 0, Train Unlabel Best ACC.= 57.5%, Train Max Epoch=49
EarlyStopping counter: 4 out of 200
Epoch [52][SemiTeacher][EpilepticSeizure] loss= 0.12178; Epoch Label ACC.= 64.13%, UnLabel ACC.= 56.83%, Lipistz loss = 0, Train Unlabel Best ACC.= 57.5%, Train Max Epoch=49
EarlyStopping counter: 5 out of 200
Epoch [53][SemiTeacher][EpilepticSeizure] loss= 0.12267; Epoch Label ACC.= 62.51%, UnLabel ACC.= 57.25%, Lipistz loss = 0, Train Unlabel Best ACC.= 57.5%, Train Max Epoch=49
EarlyStopping counter: 6 out of 200
Epoch [54][SemiTeacher][EpilepticSeizure] loss= 0.12129; Epoch Label ACC.= 63.18%, UnLabel ACC.= 57.41%, Lipistz loss = 0, Train Unlabel Best ACC.= 57.5%, Train Max Epoch=49
EarlyStopping counter: 7 out of 200
Epoch [55][SemiTeacher][EpilepticSeizure] loss= 0.12414; Epoch Label ACC.= 63.14%, UnLabel ACC.= 56.69%, Lipistz loss = 0, Train Unlabel Best ACC.= 57.5%, Train Max Epoch=49
EarlyStopping counter: 8 out of 200
Epoch [56][SemiTeacher][EpilepticSeizure] loss= 0.12768; Epoch Label ACC.= 63.24%, UnLabel ACC.= 56.96%, Lipistz loss = 0, Train Unlabel Best ACC.= 57.5%, Train Max Epoch=49
EarlyStopping counter: 9 out of 200
Epoch [57][SemiTeacher][EpilepticSeizure] loss= 0.12648; Epoch Label ACC.= 64.05%, UnLabel ACC.= 58.46%, Lipistz loss = 0, Train Unlabel Best ACC.= 58.5%, Train Max Epoch=56
EarlyStopping counter: 10 out of 200
Epoch [58][SemiTeacher][EpilepticSeizure] loss= 0.12694; Epoch Label ACC.= 63.21%, UnLabel ACC.= 58.12%, Lipistz loss = 0, Train Unlabel Best ACC.= 58.5%, Train Max Epoch=56
EarlyStopping counter: 11 out of 200
Epoch [59][SemiTeacher][EpilepticSeizure] loss= 0.11956; Epoch Label ACC.= 63.38%, UnLabel ACC.= 57.84%, Lipistz loss = 0, Train Unlabel Best ACC.= 58.5%, Train Max Epoch=56
EarlyStopping counter: 12 out of 200
Epoch [60][SemiTeacher][EpilepticSeizure] loss= 0.12009; Epoch Label ACC.= 65.08%, UnLabel ACC.= 58.51%, Lipistz loss = 0, Train Unlabel Best ACC.= 58.5%, Train Max Epoch=59
EarlyStopping counter: 13 out of 200
Epoch [61][SemiTeacher][EpilepticSeizure] loss= 0.12617; Epoch Label ACC.= 63.96%, UnLabel ACC.= 57.40%, Lipistz loss = 0, Train Unlabel Best ACC.= 58.5%, Train Max Epoch=59
EarlyStopping counter: 14 out of 200
Epoch [62][SemiTeacher][EpilepticSeizure] loss= 0.12822; Epoch Label ACC.= 65.54%, UnLabel ACC.= 58.07%, Lipistz loss = 0, Train Unlabel Best ACC.= 58.5%, Train Max Epoch=59
EarlyStopping counter: 15 out of 200
Epoch [63][SemiTeacher][EpilepticSeizure] loss= 0.12752; Epoch Label ACC.= 64.84%, UnLabel ACC.= 57.20%, Lipistz loss = 0, Train Unlabel Best ACC.= 58.5%, Train Max Epoch=59
EarlyStopping counter: 16 out of 200
Epoch [64][SemiTeacher][EpilepticSeizure] loss= 0.12911; Epoch Label ACC.= 65.58%, UnLabel ACC.= 58.20%, Lipistz loss = 0, Train Unlabel Best ACC.= 58.5%, Train Max Epoch=59
EarlyStopping counter: 17 out of 200
Epoch [65][SemiTeacher][EpilepticSeizure] loss= 0.12615; Epoch Label ACC.= 65.42%, UnLabel ACC.= 58.16%, Lipistz loss = 0, Train Unlabel Best ACC.= 58.5%, Train Max Epoch=59
EarlyStopping counter: 18 out of 200
Epoch [66][SemiTeacher][EpilepticSeizure] loss= 0.11774; Epoch Label ACC.= 64.53%, UnLabel ACC.= 58.47%, Lipistz loss = 0, Train Unlabel Best ACC.= 58.5%, Train Max Epoch=59
EarlyStopping counter: 19 out of 200
Epoch [67][SemiTeacher][EpilepticSeizure] loss= 0.12040; Epoch Label ACC.= 66.10%, UnLabel ACC.= 58.51%, Lipistz loss = 0, Train Unlabel Best ACC.= 58.5%, Train Max Epoch=59
EarlyStopping counter: 20 out of 200
Epoch [68][SemiTeacher][EpilepticSeizure] loss= 0.12821; Epoch Label ACC.= 64.90%, UnLabel ACC.= 58.37%, Lipistz loss = 0, Train Unlabel Best ACC.= 58.5%, Train Max Epoch=59
EarlyStopping counter: 21 out of 200
Epoch [69][SemiTeacher][EpilepticSeizure] loss= 0.12721; Epoch Label ACC.= 65.81%, UnLabel ACC.= 58.54%, Lipistz loss = 0, Train Unlabel Best ACC.= 58.5%, Train Max Epoch=68
EarlyStopping counter: 22 out of 200
Epoch [70][SemiTeacher][EpilepticSeizure] loss= 0.13269; Epoch Label ACC.= 67.87%, UnLabel ACC.= 58.51%, Lipistz loss = 0, Train Unlabel Best ACC.= 58.5%, Train Max Epoch=68
EarlyStopping counter: 23 out of 200
Epoch [71][SemiTeacher][EpilepticSeizure] loss= 0.12705; Epoch Label ACC.= 67.30%, UnLabel ACC.= 59.44%, Lipistz loss = 0, Train Unlabel Best ACC.= 59.4%, Train Max Epoch=70
EarlyStopping counter: 24 out of 200
Epoch [72][SemiTeacher][EpilepticSeizure] loss= 0.12725; Epoch Label ACC.= 66.83%, UnLabel ACC.= 58.89%, Lipistz loss = 0, Train Unlabel Best ACC.= 59.4%, Train Max Epoch=70
EarlyStopping counter: 25 out of 200
Epoch [73][SemiTeacher][EpilepticSeizure] loss= 0.13017; Epoch Label ACC.= 68.20%, UnLabel ACC.= 58.76%, Lipistz loss = 0, Train Unlabel Best ACC.= 59.4%, Train Max Epoch=70
EarlyStopping counter: 26 out of 200
Epoch [74][SemiTeacher][EpilepticSeizure] loss= 0.12979; Epoch Label ACC.= 66.25%, UnLabel ACC.= 60.23%, Lipistz loss = 0, Train Unlabel Best ACC.= 60.2%, Train Max Epoch=73
EarlyStopping counter: 27 out of 200
Epoch [75][SemiTeacher][EpilepticSeizure] loss= 0.12713; Epoch Label ACC.= 67.84%, UnLabel ACC.= 58.68%, Lipistz loss = 0, Train Unlabel Best ACC.= 60.2%, Train Max Epoch=73
EarlyStopping counter: 28 out of 200
Epoch [76][SemiTeacher][EpilepticSeizure] loss= 0.12601; Epoch Label ACC.= 67.97%, UnLabel ACC.= 59.17%, Lipistz loss = 0, Train Unlabel Best ACC.= 60.2%, Train Max Epoch=73
[Test-76] Val ACC:70.05%, Best Test ACC.: 69.57% in Epoch 76
Validation loss decreased (69.884259 --> 70.049190).  Saving model ...
Epoch [77][SemiTeacher][EpilepticSeizure] loss= 0.12433; Epoch Label ACC.= 68.58%, UnLabel ACC.= 60.51%, Lipistz loss = 0, Train Unlabel Best ACC.= 60.5%, Train Max Epoch=76
EarlyStopping counter: 1 out of 200
Epoch [78][SemiTeacher][EpilepticSeizure] loss= 0.12645; Epoch Label ACC.= 68.58%, UnLabel ACC.= 59.13%, Lipistz loss = 0, Train Unlabel Best ACC.= 60.5%, Train Max Epoch=76
EarlyStopping counter: 2 out of 200
Epoch [79][SemiTeacher][EpilepticSeizure] loss= 0.13069; Epoch Label ACC.= 67.27%, UnLabel ACC.= 59.79%, Lipistz loss = 0, Train Unlabel Best ACC.= 60.5%, Train Max Epoch=76
EarlyStopping counter: 3 out of 200
Epoch [80][SemiTeacher][EpilepticSeizure] loss= 0.12484; Epoch Label ACC.= 68.30%, UnLabel ACC.= 58.57%, Lipistz loss = 0, Train Unlabel Best ACC.= 60.5%, Train Max Epoch=76
EarlyStopping counter: 4 out of 200
Epoch [81][SemiTeacher][EpilepticSeizure] loss= 0.12675; Epoch Label ACC.= 70.02%, UnLabel ACC.= 58.46%, Lipistz loss = 0, Train Unlabel Best ACC.= 60.5%, Train Max Epoch=76
EarlyStopping counter: 5 out of 200
Epoch [82][SemiTeacher][EpilepticSeizure] loss= 0.12519; Epoch Label ACC.= 70.46%, UnLabel ACC.= 60.07%, Lipistz loss = 0, Train Unlabel Best ACC.= 60.5%, Train Max Epoch=76
[Test-82] Val ACC:70.13%, Best Test ACC.: 70.39% in Epoch 82
Validation loss decreased (70.049190 --> 70.130208).  Saving model ...
Epoch [83][SemiTeacher][EpilepticSeizure] loss= 0.12672; Epoch Label ACC.= 68.74%, UnLabel ACC.= 60.01%, Lipistz loss = 0, Train Unlabel Best ACC.= 60.5%, Train Max Epoch=76
EarlyStopping counter: 1 out of 200
Epoch [84][SemiTeacher][EpilepticSeizure] loss= 0.12403; Epoch Label ACC.= 67.94%, UnLabel ACC.= 58.76%, Lipistz loss = 0, Train Unlabel Best ACC.= 60.5%, Train Max Epoch=76
EarlyStopping counter: 2 out of 200
Epoch [85][SemiTeacher][EpilepticSeizure] loss= 0.12694; Epoch Label ACC.= 69.86%, UnLabel ACC.= 59.96%, Lipistz loss = 0, Train Unlabel Best ACC.= 60.5%, Train Max Epoch=76
EarlyStopping counter: 3 out of 200
Epoch [86][SemiTeacher][EpilepticSeizure] loss= 0.12937; Epoch Label ACC.= 68.69%, UnLabel ACC.= 60.18%, Lipistz loss = 0, Train Unlabel Best ACC.= 60.5%, Train Max Epoch=76
EarlyStopping counter: 4 out of 200
Epoch [87][SemiTeacher][EpilepticSeizure] loss= 0.13055; Epoch Label ACC.= 69.76%, UnLabel ACC.= 59.08%, Lipistz loss = 0, Train Unlabel Best ACC.= 60.5%, Train Max Epoch=76
EarlyStopping counter: 5 out of 200
Epoch [88][SemiTeacher][EpilepticSeizure] loss= 0.13449; Epoch Label ACC.= 69.69%, UnLabel ACC.= 59.94%, Lipistz loss = 0, Train Unlabel Best ACC.= 60.5%, Train Max Epoch=76
[Test-88] Val ACC:70.54%, Best Test ACC.: 70.66% in Epoch 88
Validation loss decreased (70.130208 --> 70.538195).  Saving model ...
Epoch [89][SemiTeacher][EpilepticSeizure] loss= 0.12766; Epoch Label ACC.= 69.13%, UnLabel ACC.= 60.59%, Lipistz loss = 0, Train Unlabel Best ACC.= 60.6%, Train Max Epoch=88
EarlyStopping counter: 1 out of 200
Epoch [90][SemiTeacher][EpilepticSeizure] loss= 0.13154; Epoch Label ACC.= 68.76%, UnLabel ACC.= 60.31%, Lipistz loss = 0, Train Unlabel Best ACC.= 60.6%, Train Max Epoch=88
EarlyStopping counter: 2 out of 200
Epoch [91][SemiTeacher][EpilepticSeizure] loss= 0.13095; Epoch Label ACC.= 69.49%, UnLabel ACC.= 60.49%, Lipistz loss = 0, Train Unlabel Best ACC.= 60.6%, Train Max Epoch=88
EarlyStopping counter: 3 out of 200
Epoch [92][SemiTeacher][EpilepticSeizure] loss= 0.13028; Epoch Label ACC.= 69.66%, UnLabel ACC.= 59.07%, Lipistz loss = 0, Train Unlabel Best ACC.= 60.6%, Train Max Epoch=88
EarlyStopping counter: 4 out of 200
Epoch [93][SemiTeacher][EpilepticSeizure] loss= 0.13191; Epoch Label ACC.= 70.01%, UnLabel ACC.= 59.49%, Lipistz loss = 0, Train Unlabel Best ACC.= 60.6%, Train Max Epoch=88
EarlyStopping counter: 5 out of 200
Epoch [94][SemiTeacher][EpilepticSeizure] loss= 0.12847; Epoch Label ACC.= 70.95%, UnLabel ACC.= 60.30%, Lipistz loss = 0, Train Unlabel Best ACC.= 60.6%, Train Max Epoch=88
EarlyStopping counter: 6 out of 200
Epoch [95][SemiTeacher][EpilepticSeizure] loss= 0.12616; Epoch Label ACC.= 71.48%, UnLabel ACC.= 59.74%, Lipistz loss = 0, Train Unlabel Best ACC.= 60.6%, Train Max Epoch=88
EarlyStopping counter: 7 out of 200
Epoch [96][SemiTeacher][EpilepticSeizure] loss= 0.12629; Epoch Label ACC.= 71.27%, UnLabel ACC.= 60.61%, Lipistz loss = 0, Train Unlabel Best ACC.= 60.6%, Train Max Epoch=95
EarlyStopping counter: 8 out of 200
Epoch [97][SemiTeacher][EpilepticSeizure] loss= 0.12660; Epoch Label ACC.= 69.42%, UnLabel ACC.= 59.59%, Lipistz loss = 0, Train Unlabel Best ACC.= 60.6%, Train Max Epoch=95
EarlyStopping counter: 9 out of 200
Epoch [98][SemiTeacher][EpilepticSeizure] loss= 0.12447; Epoch Label ACC.= 70.04%, UnLabel ACC.= 60.15%, Lipistz loss = 0, Train Unlabel Best ACC.= 60.6%, Train Max Epoch=95
EarlyStopping counter: 10 out of 200
Epoch [99][SemiTeacher][EpilepticSeizure] loss= 0.12621; Epoch Label ACC.= 69.91%, UnLabel ACC.= 60.79%, Lipistz loss = 0, Train Unlabel Best ACC.= 60.8%, Train Max Epoch=98
EarlyStopping counter: 11 out of 200
Epoch [100][SemiTeacher][EpilepticSeizure] loss= 0.12981; Epoch Label ACC.= 70.89%, UnLabel ACC.= 60.43%, Lipistz loss = 0, Train Unlabel Best ACC.= 60.8%, Train Max Epoch=98
EarlyStopping counter: 12 out of 200
Epoch [101][SemiTeacher][EpilepticSeizure] loss= 0.13743; Epoch Label ACC.= 70.37%, UnLabel ACC.= 59.80%, Lipistz loss = 0, Train Unlabel Best ACC.= 60.8%, Train Max Epoch=98
EarlyStopping counter: 13 out of 200
Epoch [102][SemiTeacher][EpilepticSeizure] loss= 0.13191; Epoch Label ACC.= 71.04%, UnLabel ACC.= 60.48%, Lipistz loss = 0, Train Unlabel Best ACC.= 60.8%, Train Max Epoch=98
EarlyStopping counter: 14 out of 200
Epoch [103][SemiTeacher][EpilepticSeizure] loss= 0.12760; Epoch Label ACC.= 70.52%, UnLabel ACC.= 61.79%, Lipistz loss = 0, Train Unlabel Best ACC.= 61.8%, Train Max Epoch=102
EarlyStopping counter: 15 out of 200
Epoch [104][SemiTeacher][EpilepticSeizure] loss= 0.12376; Epoch Label ACC.= 70.99%, UnLabel ACC.= 61.43%, Lipistz loss = 0, Train Unlabel Best ACC.= 61.8%, Train Max Epoch=102
EarlyStopping counter: 16 out of 200
Epoch [105][SemiTeacher][EpilepticSeizure] loss= 0.12950; Epoch Label ACC.= 71.70%, UnLabel ACC.= 61.07%, Lipistz loss = 0, Train Unlabel Best ACC.= 61.8%, Train Max Epoch=102
EarlyStopping counter: 17 out of 200
Epoch [106][SemiTeacher][EpilepticSeizure] loss= 0.13182; Epoch Label ACC.= 71.89%, UnLabel ACC.= 60.76%, Lipistz loss = 0, Train Unlabel Best ACC.= 61.8%, Train Max Epoch=102
EarlyStopping counter: 18 out of 200
Epoch [107][SemiTeacher][EpilepticSeizure] loss= 0.12548; Epoch Label ACC.= 70.82%, UnLabel ACC.= 59.85%, Lipistz loss = 0, Train Unlabel Best ACC.= 61.8%, Train Max Epoch=102
EarlyStopping counter: 19 out of 200
Epoch [108][SemiTeacher][EpilepticSeizure] loss= 0.12745; Epoch Label ACC.= 71.38%, UnLabel ACC.= 60.97%, Lipistz loss = 0, Train Unlabel Best ACC.= 61.8%, Train Max Epoch=102
EarlyStopping counter: 20 out of 200
Epoch [109][SemiTeacher][EpilepticSeizure] loss= 0.13148; Epoch Label ACC.= 71.54%, UnLabel ACC.= 60.86%, Lipistz loss = 0, Train Unlabel Best ACC.= 61.8%, Train Max Epoch=102
[Test-109] Val ACC:71.19%, Best Test ACC.: 70.66% in Epoch 109
Validation loss decreased (70.538195 --> 71.186343).  Saving model ...
Epoch [110][SemiTeacher][EpilepticSeizure] loss= 0.13008; Epoch Label ACC.= 71.25%, UnLabel ACC.= 60.48%, Lipistz loss = 0, Train Unlabel Best ACC.= 61.8%, Train Max Epoch=102
EarlyStopping counter: 1 out of 200
Epoch [111][SemiTeacher][EpilepticSeizure] loss= 0.13122; Epoch Label ACC.= 70.99%, UnLabel ACC.= 60.40%, Lipistz loss = 0, Train Unlabel Best ACC.= 61.8%, Train Max Epoch=102
EarlyStopping counter: 2 out of 200
Epoch [112][SemiTeacher][EpilepticSeizure] loss= 0.12990; Epoch Label ACC.= 72.45%, UnLabel ACC.= 60.72%, Lipistz loss = 0, Train Unlabel Best ACC.= 61.8%, Train Max Epoch=102
EarlyStopping counter: 3 out of 200
Epoch [113][SemiTeacher][EpilepticSeizure] loss= 0.12962; Epoch Label ACC.= 72.29%, UnLabel ACC.= 61.08%, Lipistz loss = 0, Train Unlabel Best ACC.= 61.8%, Train Max Epoch=102
EarlyStopping counter: 4 out of 200
Epoch [114][SemiTeacher][EpilepticSeizure] loss= 0.13315; Epoch Label ACC.= 72.57%, UnLabel ACC.= 60.56%, Lipistz loss = 0, Train Unlabel Best ACC.= 61.8%, Train Max Epoch=102
EarlyStopping counter: 5 out of 200
Epoch [115][SemiTeacher][EpilepticSeizure] loss= 0.12718; Epoch Label ACC.= 71.69%, UnLabel ACC.= 60.60%, Lipistz loss = 0, Train Unlabel Best ACC.= 61.8%, Train Max Epoch=102
EarlyStopping counter: 6 out of 200
Epoch [116][SemiTeacher][EpilepticSeizure] loss= 0.12520; Epoch Label ACC.= 73.25%, UnLabel ACC.= 60.84%, Lipistz loss = 0, Train Unlabel Best ACC.= 61.8%, Train Max Epoch=102
EarlyStopping counter: 7 out of 200
Epoch [117][SemiTeacher][EpilepticSeizure] loss= 0.12703; Epoch Label ACC.= 71.06%, UnLabel ACC.= 60.23%, Lipistz loss = 0, Train Unlabel Best ACC.= 61.8%, Train Max Epoch=102
EarlyStopping counter: 8 out of 200
Epoch [118][SemiTeacher][EpilepticSeizure] loss= 0.13292; Epoch Label ACC.= 72.08%, UnLabel ACC.= 61.55%, Lipistz loss = 0, Train Unlabel Best ACC.= 61.8%, Train Max Epoch=102
EarlyStopping counter: 9 out of 200
Epoch [119][SemiTeacher][EpilepticSeizure] loss= 0.12925; Epoch Label ACC.= 72.11%, UnLabel ACC.= 60.25%, Lipistz loss = 0, Train Unlabel Best ACC.= 61.8%, Train Max Epoch=102
EarlyStopping counter: 10 out of 200
Epoch [120][SemiTeacher][EpilepticSeizure] loss= 0.12912; Epoch Label ACC.= 71.83%, UnLabel ACC.= 60.13%, Lipistz loss = 0, Train Unlabel Best ACC.= 61.8%, Train Max Epoch=102
EarlyStopping counter: 11 out of 200
Epoch [121][SemiTeacher][EpilepticSeizure] loss= 0.12781; Epoch Label ACC.= 70.73%, UnLabel ACC.= 60.96%, Lipistz loss = 0, Train Unlabel Best ACC.= 61.8%, Train Max Epoch=102
EarlyStopping counter: 12 out of 200
Epoch [122][SemiTeacher][EpilepticSeizure] loss= 0.13073; Epoch Label ACC.= 72.95%, UnLabel ACC.= 61.09%, Lipistz loss = 0, Train Unlabel Best ACC.= 61.8%, Train Max Epoch=102
EarlyStopping counter: 13 out of 200
Epoch [123][SemiTeacher][EpilepticSeizure] loss= 0.12612; Epoch Label ACC.= 72.28%, UnLabel ACC.= 61.68%, Lipistz loss = 0, Train Unlabel Best ACC.= 61.8%, Train Max Epoch=102
EarlyStopping counter: 14 out of 200
Epoch [124][SemiTeacher][EpilepticSeizure] loss= 0.12617; Epoch Label ACC.= 73.39%, UnLabel ACC.= 61.57%, Lipistz loss = 0, Train Unlabel Best ACC.= 61.8%, Train Max Epoch=102
EarlyStopping counter: 15 out of 200
Epoch [125][SemiTeacher][EpilepticSeizure] loss= 0.12892; Epoch Label ACC.= 72.96%, UnLabel ACC.= 61.42%, Lipistz loss = 0, Train Unlabel Best ACC.= 61.8%, Train Max Epoch=102
EarlyStopping counter: 16 out of 200
Epoch [126][SemiTeacher][EpilepticSeizure] loss= 0.12939; Epoch Label ACC.= 73.05%, UnLabel ACC.= 61.32%, Lipistz loss = 0, Train Unlabel Best ACC.= 61.8%, Train Max Epoch=102
EarlyStopping counter: 17 out of 200
Epoch [127][SemiTeacher][EpilepticSeizure] loss= 0.13079; Epoch Label ACC.= 72.24%, UnLabel ACC.= 61.23%, Lipistz loss = 0, Train Unlabel Best ACC.= 61.8%, Train Max Epoch=102
EarlyStopping counter: 18 out of 200
Epoch [128][SemiTeacher][EpilepticSeizure] loss= 0.12745; Epoch Label ACC.= 71.61%, UnLabel ACC.= 60.97%, Lipistz loss = 0, Train Unlabel Best ACC.= 61.8%, Train Max Epoch=102
EarlyStopping counter: 19 out of 200
Epoch [129][SemiTeacher][EpilepticSeizure] loss= 0.12598; Epoch Label ACC.= 73.05%, UnLabel ACC.= 60.58%, Lipistz loss = 0, Train Unlabel Best ACC.= 61.8%, Train Max Epoch=102
EarlyStopping counter: 20 out of 200
Epoch [130][SemiTeacher][EpilepticSeizure] loss= 0.12957; Epoch Label ACC.= 71.61%, UnLabel ACC.= 62.14%, Lipistz loss = 0, Train Unlabel Best ACC.= 62.1%, Train Max Epoch=129
EarlyStopping counter: 21 out of 200
Epoch [131][SemiTeacher][EpilepticSeizure] loss= 0.13400; Epoch Label ACC.= 72.50%, UnLabel ACC.= 62.04%, Lipistz loss = 0, Train Unlabel Best ACC.= 62.1%, Train Max Epoch=129
EarlyStopping counter: 22 out of 200
Epoch [132][SemiTeacher][EpilepticSeizure] loss= 0.13438; Epoch Label ACC.= 71.63%, UnLabel ACC.= 60.69%, Lipistz loss = 0, Train Unlabel Best ACC.= 62.1%, Train Max Epoch=129
EarlyStopping counter: 23 out of 200
Epoch [133][SemiTeacher][EpilepticSeizure] loss= 0.12784; Epoch Label ACC.= 73.44%, UnLabel ACC.= 61.38%, Lipistz loss = 0, Train Unlabel Best ACC.= 62.1%, Train Max Epoch=129
EarlyStopping counter: 24 out of 200
Epoch [134][SemiTeacher][EpilepticSeizure] loss= 0.12630; Epoch Label ACC.= 72.50%, UnLabel ACC.= 60.23%, Lipistz loss = 0, Train Unlabel Best ACC.= 62.1%, Train Max Epoch=129
EarlyStopping counter: 25 out of 200
Epoch [135][SemiTeacher][EpilepticSeizure] loss= 0.12700; Epoch Label ACC.= 72.97%, UnLabel ACC.= 61.83%, Lipistz loss = 0, Train Unlabel Best ACC.= 62.1%, Train Max Epoch=129
EarlyStopping counter: 26 out of 200
Epoch [136][SemiTeacher][EpilepticSeizure] loss= 0.12690; Epoch Label ACC.= 71.38%, UnLabel ACC.= 60.81%, Lipistz loss = 0, Train Unlabel Best ACC.= 62.1%, Train Max Epoch=129
EarlyStopping counter: 27 out of 200
Epoch [137][SemiTeacher][EpilepticSeizure] loss= 0.12821; Epoch Label ACC.= 72.80%, UnLabel ACC.= 61.38%, Lipistz loss = 0, Train Unlabel Best ACC.= 62.1%, Train Max Epoch=129
EarlyStopping counter: 28 out of 200
Epoch [138][SemiTeacher][EpilepticSeizure] loss= 0.12571; Epoch Label ACC.= 73.47%, UnLabel ACC.= 62.26%, Lipistz loss = 0, Train Unlabel Best ACC.= 62.3%, Train Max Epoch=137
EarlyStopping counter: 29 out of 200
Epoch [139][SemiTeacher][EpilepticSeizure] loss= 0.12792; Epoch Label ACC.= 72.45%, UnLabel ACC.= 62.49%, Lipistz loss = 0, Train Unlabel Best ACC.= 62.5%, Train Max Epoch=138
EarlyStopping counter: 30 out of 200
Epoch [140][SemiTeacher][EpilepticSeizure] loss= 0.12807; Epoch Label ACC.= 73.50%, UnLabel ACC.= 61.20%, Lipistz loss = 0, Train Unlabel Best ACC.= 62.5%, Train Max Epoch=138
EarlyStopping counter: 31 out of 200
Epoch [141][SemiTeacher][EpilepticSeizure] loss= 0.12576; Epoch Label ACC.= 71.83%, UnLabel ACC.= 61.47%, Lipistz loss = 0, Train Unlabel Best ACC.= 62.5%, Train Max Epoch=138
EarlyStopping counter: 32 out of 200
Epoch [142][SemiTeacher][EpilepticSeizure] loss= 0.12798; Epoch Label ACC.= 72.95%, UnLabel ACC.= 61.20%, Lipistz loss = 0, Train Unlabel Best ACC.= 62.5%, Train Max Epoch=138
EarlyStopping counter: 33 out of 200
Epoch [143][SemiTeacher][EpilepticSeizure] loss= 0.13097; Epoch Label ACC.= 73.84%, UnLabel ACC.= 60.95%, Lipistz loss = 0, Train Unlabel Best ACC.= 62.5%, Train Max Epoch=138
EarlyStopping counter: 34 out of 200
Epoch [144][SemiTeacher][EpilepticSeizure] loss= 0.12527; Epoch Label ACC.= 73.84%, UnLabel ACC.= 61.59%, Lipistz loss = 0, Train Unlabel Best ACC.= 62.5%, Train Max Epoch=138
EarlyStopping counter: 35 out of 200
Epoch [145][SemiTeacher][EpilepticSeizure] loss= 0.12888; Epoch Label ACC.= 74.20%, UnLabel ACC.= 61.83%, Lipistz loss = 0, Train Unlabel Best ACC.= 62.5%, Train Max Epoch=138
EarlyStopping counter: 36 out of 200
Epoch [146][SemiTeacher][EpilepticSeizure] loss= 0.12038; Epoch Label ACC.= 72.67%, UnLabel ACC.= 61.84%, Lipistz loss = 0, Train Unlabel Best ACC.= 62.5%, Train Max Epoch=138
EarlyStopping counter: 37 out of 200
Epoch [147][SemiTeacher][EpilepticSeizure] loss= 0.12469; Epoch Label ACC.= 73.00%, UnLabel ACC.= 62.31%, Lipistz loss = 0, Train Unlabel Best ACC.= 62.5%, Train Max Epoch=138
EarlyStopping counter: 38 out of 200
Epoch [148][SemiTeacher][EpilepticSeizure] loss= 0.12261; Epoch Label ACC.= 72.90%, UnLabel ACC.= 61.77%, Lipistz loss = 0, Train Unlabel Best ACC.= 62.5%, Train Max Epoch=138
EarlyStopping counter: 39 out of 200
Epoch [149][SemiTeacher][EpilepticSeizure] loss= 0.12710; Epoch Label ACC.= 75.45%, UnLabel ACC.= 61.45%, Lipistz loss = 0, Train Unlabel Best ACC.= 62.5%, Train Max Epoch=138
EarlyStopping counter: 40 out of 200
Epoch [150][SemiTeacher][EpilepticSeizure] loss= 0.13744; Epoch Label ACC.= 74.58%, UnLabel ACC.= 61.56%, Lipistz loss = 0, Train Unlabel Best ACC.= 62.5%, Train Max Epoch=138
EarlyStopping counter: 41 out of 200
Epoch [151][SemiTeacher][EpilepticSeizure] loss= 0.12888; Epoch Label ACC.= 73.65%, UnLabel ACC.= 61.66%, Lipistz loss = 0, Train Unlabel Best ACC.= 62.5%, Train Max Epoch=138
EarlyStopping counter: 42 out of 200
Epoch [152][SemiTeacher][EpilepticSeizure] loss= 0.13322; Epoch Label ACC.= 73.57%, UnLabel ACC.= 61.57%, Lipistz loss = 0, Train Unlabel Best ACC.= 62.5%, Train Max Epoch=138
EarlyStopping counter: 43 out of 200
Epoch [153][SemiTeacher][EpilepticSeizure] loss= 0.13652; Epoch Label ACC.= 75.56%, UnLabel ACC.= 61.82%, Lipistz loss = 0, Train Unlabel Best ACC.= 62.5%, Train Max Epoch=138
EarlyStopping counter: 44 out of 200
Epoch [154][SemiTeacher][EpilepticSeizure] loss= 0.12857; Epoch Label ACC.= 74.13%, UnLabel ACC.= 61.96%, Lipistz loss = 0, Train Unlabel Best ACC.= 62.5%, Train Max Epoch=138
EarlyStopping counter: 45 out of 200
Epoch [155][SemiTeacher][EpilepticSeizure] loss= 0.12473; Epoch Label ACC.= 73.13%, UnLabel ACC.= 61.31%, Lipistz loss = 0, Train Unlabel Best ACC.= 62.5%, Train Max Epoch=138
EarlyStopping counter: 46 out of 200
Epoch [156][SemiTeacher][EpilepticSeizure] loss= 0.12331; Epoch Label ACC.= 73.65%, UnLabel ACC.= 62.36%, Lipistz loss = 0, Train Unlabel Best ACC.= 62.5%, Train Max Epoch=138
EarlyStopping counter: 47 out of 200
Epoch [157][SemiTeacher][EpilepticSeizure] loss= 0.11883; Epoch Label ACC.= 73.41%, UnLabel ACC.= 62.09%, Lipistz loss = 0, Train Unlabel Best ACC.= 62.5%, Train Max Epoch=138
EarlyStopping counter: 48 out of 200
Epoch [158][SemiTeacher][EpilepticSeizure] loss= 0.12349; Epoch Label ACC.= 73.65%, UnLabel ACC.= 61.72%, Lipistz loss = 0, Train Unlabel Best ACC.= 62.5%, Train Max Epoch=138
EarlyStopping counter: 49 out of 200
Epoch [159][SemiTeacher][EpilepticSeizure] loss= 0.12738; Epoch Label ACC.= 72.24%, UnLabel ACC.= 62.10%, Lipistz loss = 0, Train Unlabel Best ACC.= 62.5%, Train Max Epoch=138
EarlyStopping counter: 50 out of 200
Epoch [160][SemiTeacher][EpilepticSeizure] loss= 0.12507; Epoch Label ACC.= 72.74%, UnLabel ACC.= 61.84%, Lipistz loss = 0, Train Unlabel Best ACC.= 62.5%, Train Max Epoch=138
EarlyStopping counter: 51 out of 200
Epoch [161][SemiTeacher][EpilepticSeizure] loss= 0.12465; Epoch Label ACC.= 73.64%, UnLabel ACC.= 61.75%, Lipistz loss = 0, Train Unlabel Best ACC.= 62.5%, Train Max Epoch=138
EarlyStopping counter: 52 out of 200
Epoch [162][SemiTeacher][EpilepticSeizure] loss= 0.12602; Epoch Label ACC.= 73.34%, UnLabel ACC.= 61.67%, Lipistz loss = 0, Train Unlabel Best ACC.= 62.5%, Train Max Epoch=138
EarlyStopping counter: 53 out of 200
Epoch [163][SemiTeacher][EpilepticSeizure] loss= 0.12835; Epoch Label ACC.= 73.99%, UnLabel ACC.= 61.63%, Lipistz loss = 0, Train Unlabel Best ACC.= 62.5%, Train Max Epoch=138
EarlyStopping counter: 54 out of 200
Epoch [164][SemiTeacher][EpilepticSeizure] loss= 0.12520; Epoch Label ACC.= 73.10%, UnLabel ACC.= 61.95%, Lipistz loss = 0, Train Unlabel Best ACC.= 62.5%, Train Max Epoch=138
EarlyStopping counter: 55 out of 200
Epoch [165][SemiTeacher][EpilepticSeizure] loss= 0.12845; Epoch Label ACC.= 75.20%, UnLabel ACC.= 61.38%, Lipistz loss = 0, Train Unlabel Best ACC.= 62.5%, Train Max Epoch=138
EarlyStopping counter: 56 out of 200
Epoch [166][SemiTeacher][EpilepticSeizure] loss= 0.12761; Epoch Label ACC.= 73.74%, UnLabel ACC.= 61.52%, Lipistz loss = 0, Train Unlabel Best ACC.= 62.5%, Train Max Epoch=138
EarlyStopping counter: 57 out of 200
Epoch [167][SemiTeacher][EpilepticSeizure] loss= 0.12510; Epoch Label ACC.= 73.83%, UnLabel ACC.= 61.88%, Lipistz loss = 0, Train Unlabel Best ACC.= 62.5%, Train Max Epoch=138
EarlyStopping counter: 58 out of 200
Epoch [168][SemiTeacher][EpilepticSeizure] loss= 0.12214; Epoch Label ACC.= 74.57%, UnLabel ACC.= 62.18%, Lipistz loss = 0, Train Unlabel Best ACC.= 62.5%, Train Max Epoch=138
[Test-168] Val ACC:71.45%, Best Test ACC.: 70.60% in Epoch 168
Validation loss decreased (71.186343 --> 71.449653).  Saving model ...
Epoch [169][SemiTeacher][EpilepticSeizure] loss= 0.12379; Epoch Label ACC.= 74.45%, UnLabel ACC.= 62.37%, Lipistz loss = 0, Train Unlabel Best ACC.= 62.5%, Train Max Epoch=138
EarlyStopping counter: 1 out of 200
Epoch [170][SemiTeacher][EpilepticSeizure] loss= 0.12320; Epoch Label ACC.= 74.62%, UnLabel ACC.= 61.32%, Lipistz loss = 0, Train Unlabel Best ACC.= 62.5%, Train Max Epoch=138
EarlyStopping counter: 2 out of 200
Epoch [171][SemiTeacher][EpilepticSeizure] loss= 0.12171; Epoch Label ACC.= 72.86%, UnLabel ACC.= 61.07%, Lipistz loss = 0, Train Unlabel Best ACC.= 62.5%, Train Max Epoch=138
EarlyStopping counter: 3 out of 200
Epoch [172][SemiTeacher][EpilepticSeizure] loss= 0.12180; Epoch Label ACC.= 73.77%, UnLabel ACC.= 62.17%, Lipistz loss = 0, Train Unlabel Best ACC.= 62.5%, Train Max Epoch=138
EarlyStopping counter: 4 out of 200
Epoch [173][SemiTeacher][EpilepticSeizure] loss= 0.12192; Epoch Label ACC.= 73.81%, UnLabel ACC.= 61.96%, Lipistz loss = 0, Train Unlabel Best ACC.= 62.5%, Train Max Epoch=138
EarlyStopping counter: 5 out of 200
Epoch [174][SemiTeacher][EpilepticSeizure] loss= 0.12293; Epoch Label ACC.= 74.22%, UnLabel ACC.= 62.38%, Lipistz loss = 0, Train Unlabel Best ACC.= 62.5%, Train Max Epoch=138
EarlyStopping counter: 6 out of 200
Epoch [175][SemiTeacher][EpilepticSeizure] loss= 0.12678; Epoch Label ACC.= 73.74%, UnLabel ACC.= 62.24%, Lipistz loss = 0, Train Unlabel Best ACC.= 62.5%, Train Max Epoch=138
EarlyStopping counter: 7 out of 200
Epoch [176][SemiTeacher][EpilepticSeizure] loss= 0.12938; Epoch Label ACC.= 74.12%, UnLabel ACC.= 61.34%, Lipistz loss = 0, Train Unlabel Best ACC.= 62.5%, Train Max Epoch=138
EarlyStopping counter: 8 out of 200
Epoch [177][SemiTeacher][EpilepticSeizure] loss= 0.12768; Epoch Label ACC.= 74.06%, UnLabel ACC.= 62.50%, Lipistz loss = 0, Train Unlabel Best ACC.= 62.5%, Train Max Epoch=176
EarlyStopping counter: 9 out of 200
Epoch [178][SemiTeacher][EpilepticSeizure] loss= 0.12153; Epoch Label ACC.= 74.05%, UnLabel ACC.= 61.94%, Lipistz loss = 0, Train Unlabel Best ACC.= 62.5%, Train Max Epoch=176
EarlyStopping counter: 10 out of 200
Epoch [179][SemiTeacher][EpilepticSeizure] loss= 0.11997; Epoch Label ACC.= 73.09%, UnLabel ACC.= 62.92%, Lipistz loss = 0, Train Unlabel Best ACC.= 62.9%, Train Max Epoch=178
EarlyStopping counter: 11 out of 200
Epoch [180][SemiTeacher][EpilepticSeizure] loss= 0.12396; Epoch Label ACC.= 74.86%, UnLabel ACC.= 61.38%, Lipistz loss = 0, Train Unlabel Best ACC.= 62.9%, Train Max Epoch=178
EarlyStopping counter: 12 out of 200
Epoch [181][SemiTeacher][EpilepticSeizure] loss= 0.12730; Epoch Label ACC.= 74.87%, UnLabel ACC.= 61.89%, Lipistz loss = 0, Train Unlabel Best ACC.= 62.9%, Train Max Epoch=178
EarlyStopping counter: 13 out of 200
Epoch [182][SemiTeacher][EpilepticSeizure] loss= 0.12614; Epoch Label ACC.= 73.22%, UnLabel ACC.= 61.13%, Lipistz loss = 0, Train Unlabel Best ACC.= 62.9%, Train Max Epoch=178
EarlyStopping counter: 14 out of 200
Epoch [183][SemiTeacher][EpilepticSeizure] loss= 0.12448; Epoch Label ACC.= 74.97%, UnLabel ACC.= 62.49%, Lipistz loss = 0, Train Unlabel Best ACC.= 62.9%, Train Max Epoch=178
EarlyStopping counter: 15 out of 200
Epoch [184][SemiTeacher][EpilepticSeizure] loss= 0.12461; Epoch Label ACC.= 73.60%, UnLabel ACC.= 61.57%, Lipistz loss = 0, Train Unlabel Best ACC.= 62.9%, Train Max Epoch=178
EarlyStopping counter: 16 out of 200
Epoch [185][SemiTeacher][EpilepticSeizure] loss= 0.12569; Epoch Label ACC.= 75.43%, UnLabel ACC.= 61.36%, Lipistz loss = 0, Train Unlabel Best ACC.= 62.9%, Train Max Epoch=178
EarlyStopping counter: 17 out of 200
Epoch [186][SemiTeacher][EpilepticSeizure] loss= 0.13579; Epoch Label ACC.= 73.78%, UnLabel ACC.= 61.88%, Lipistz loss = 0, Train Unlabel Best ACC.= 62.9%, Train Max Epoch=178
EarlyStopping counter: 18 out of 200
Epoch [187][SemiTeacher][EpilepticSeizure] loss= 0.13125; Epoch Label ACC.= 73.86%, UnLabel ACC.= 61.50%, Lipistz loss = 0, Train Unlabel Best ACC.= 62.9%, Train Max Epoch=178
EarlyStopping counter: 19 out of 200
Epoch [188][SemiTeacher][EpilepticSeizure] loss= 0.12688; Epoch Label ACC.= 74.54%, UnLabel ACC.= 62.78%, Lipistz loss = 0, Train Unlabel Best ACC.= 62.9%, Train Max Epoch=178
EarlyStopping counter: 20 out of 200
Epoch [189][SemiTeacher][EpilepticSeizure] loss= 0.12639; Epoch Label ACC.= 75.43%, UnLabel ACC.= 61.60%, Lipistz loss = 0, Train Unlabel Best ACC.= 62.9%, Train Max Epoch=178
EarlyStopping counter: 21 out of 200
Epoch [190][SemiTeacher][EpilepticSeizure] loss= 0.12719; Epoch Label ACC.= 74.42%, UnLabel ACC.= 61.87%, Lipistz loss = 0, Train Unlabel Best ACC.= 62.9%, Train Max Epoch=178
EarlyStopping counter: 22 out of 200
Epoch [191][SemiTeacher][EpilepticSeizure] loss= 0.12502; Epoch Label ACC.= 74.67%, UnLabel ACC.= 62.20%, Lipistz loss = 0, Train Unlabel Best ACC.= 62.9%, Train Max Epoch=178
EarlyStopping counter: 23 out of 200
Epoch [192][SemiTeacher][EpilepticSeizure] loss= 0.12475; Epoch Label ACC.= 73.74%, UnLabel ACC.= 61.43%, Lipistz loss = 0, Train Unlabel Best ACC.= 62.9%, Train Max Epoch=178
EarlyStopping counter: 24 out of 200
Epoch [193][SemiTeacher][EpilepticSeizure] loss= 0.12472; Epoch Label ACC.= 73.99%, UnLabel ACC.= 62.16%, Lipistz loss = 0, Train Unlabel Best ACC.= 62.9%, Train Max Epoch=178
EarlyStopping counter: 25 out of 200
Epoch [194][SemiTeacher][EpilepticSeizure] loss= 0.12297; Epoch Label ACC.= 73.52%, UnLabel ACC.= 61.21%, Lipistz loss = 0, Train Unlabel Best ACC.= 62.9%, Train Max Epoch=178
EarlyStopping counter: 26 out of 200
Epoch [195][SemiTeacher][EpilepticSeizure] loss= 0.12349; Epoch Label ACC.= 73.70%, UnLabel ACC.= 60.93%, Lipistz loss = 0, Train Unlabel Best ACC.= 62.9%, Train Max Epoch=178
EarlyStopping counter: 27 out of 200
Epoch [196][SemiTeacher][EpilepticSeizure] loss= 0.11942; Epoch Label ACC.= 72.58%, UnLabel ACC.= 62.03%, Lipistz loss = 0, Train Unlabel Best ACC.= 62.9%, Train Max Epoch=178
EarlyStopping counter: 28 out of 200
Epoch [197][SemiTeacher][EpilepticSeizure] loss= 0.11704; Epoch Label ACC.= 74.38%, UnLabel ACC.= 62.37%, Lipistz loss = 0, Train Unlabel Best ACC.= 62.9%, Train Max Epoch=178
EarlyStopping counter: 29 out of 200
Epoch [198][SemiTeacher][EpilepticSeizure] loss= 0.11404; Epoch Label ACC.= 75.22%, UnLabel ACC.= 61.07%, Lipistz loss = 0, Train Unlabel Best ACC.= 62.9%, Train Max Epoch=178
EarlyStopping counter: 30 out of 200
Epoch [199][SemiTeacher][EpilepticSeizure] loss= 0.12089; Epoch Label ACC.= 74.06%, UnLabel ACC.= 62.54%, Lipistz loss = 0, Train Unlabel Best ACC.= 62.9%, Train Max Epoch=178
EarlyStopping counter: 31 out of 200
[INFO] save backbone at epoch 199!
Epoch [200][SemiTeacher][EpilepticSeizure] loss= 0.12350; Epoch Label ACC.= 74.29%, UnLabel ACC.= 62.66%, Lipistz loss = 0, Train Unlabel Best ACC.= 62.9%, Train Max Epoch=178
EarlyStopping counter: 32 out of 200
Epoch [201][SemiTeacher][EpilepticSeizure] loss= 0.12232; Epoch Label ACC.= 75.06%, UnLabel ACC.= 62.47%, Lipistz loss = 0, Train Unlabel Best ACC.= 62.9%, Train Max Epoch=178
EarlyStopping counter: 33 out of 200
Epoch [202][SemiTeacher][EpilepticSeizure] loss= 0.12186; Epoch Label ACC.= 74.68%, UnLabel ACC.= 62.78%, Lipistz loss = 0, Train Unlabel Best ACC.= 62.9%, Train Max Epoch=178
EarlyStopping counter: 34 out of 200
Epoch [203][SemiTeacher][EpilepticSeizure] loss= 0.12426; Epoch Label ACC.= 74.09%, UnLabel ACC.= 63.06%, Lipistz loss = 0, Train Unlabel Best ACC.= 63.1%, Train Max Epoch=202
EarlyStopping counter: 35 out of 200
Epoch [204][SemiTeacher][EpilepticSeizure] loss= 0.12286; Epoch Label ACC.= 76.04%, UnLabel ACC.= 62.21%, Lipistz loss = 0, Train Unlabel Best ACC.= 63.1%, Train Max Epoch=202
EarlyStopping counter: 36 out of 200
Epoch [205][SemiTeacher][EpilepticSeizure] loss= 0.12162; Epoch Label ACC.= 74.36%, UnLabel ACC.= 61.69%, Lipistz loss = 0, Train Unlabel Best ACC.= 63.1%, Train Max Epoch=202
EarlyStopping counter: 37 out of 200
Epoch [206][SemiTeacher][EpilepticSeizure] loss= 0.12417; Epoch Label ACC.= 75.10%, UnLabel ACC.= 62.56%, Lipistz loss = 0, Train Unlabel Best ACC.= 63.1%, Train Max Epoch=202
EarlyStopping counter: 38 out of 200
Epoch [207][SemiTeacher][EpilepticSeizure] loss= 0.12994; Epoch Label ACC.= 74.93%, UnLabel ACC.= 62.32%, Lipistz loss = 0, Train Unlabel Best ACC.= 63.1%, Train Max Epoch=202
EarlyStopping counter: 39 out of 200
Epoch [208][SemiTeacher][EpilepticSeizure] loss= 0.12710; Epoch Label ACC.= 74.57%, UnLabel ACC.= 61.74%, Lipistz loss = 0, Train Unlabel Best ACC.= 63.1%, Train Max Epoch=202
EarlyStopping counter: 40 out of 200
Epoch [209][SemiTeacher][EpilepticSeizure] loss= 0.12377; Epoch Label ACC.= 73.02%, UnLabel ACC.= 62.20%, Lipistz loss = 0, Train Unlabel Best ACC.= 63.1%, Train Max Epoch=202
EarlyStopping counter: 41 out of 200
Epoch [210][SemiTeacher][EpilepticSeizure] loss= 0.12699; Epoch Label ACC.= 74.15%, UnLabel ACC.= 62.29%, Lipistz loss = 0, Train Unlabel Best ACC.= 63.1%, Train Max Epoch=202
EarlyStopping counter: 42 out of 200
Epoch [211][SemiTeacher][EpilepticSeizure] loss= 0.12653; Epoch Label ACC.= 73.80%, UnLabel ACC.= 62.82%, Lipistz loss = 0, Train Unlabel Best ACC.= 63.1%, Train Max Epoch=202
EarlyStopping counter: 43 out of 200
Epoch [212][SemiTeacher][EpilepticSeizure] loss= 0.12493; Epoch Label ACC.= 75.09%, UnLabel ACC.= 62.68%, Lipistz loss = 0, Train Unlabel Best ACC.= 63.1%, Train Max Epoch=202
EarlyStopping counter: 44 out of 200
Epoch [213][SemiTeacher][EpilepticSeizure] loss= 0.12498; Epoch Label ACC.= 74.67%, UnLabel ACC.= 61.99%, Lipistz loss = 0, Train Unlabel Best ACC.= 63.1%, Train Max Epoch=202
EarlyStopping counter: 45 out of 200
Epoch [214][SemiTeacher][EpilepticSeizure] loss= 0.12300; Epoch Label ACC.= 75.77%, UnLabel ACC.= 61.90%, Lipistz loss = 0, Train Unlabel Best ACC.= 63.1%, Train Max Epoch=202
EarlyStopping counter: 46 out of 200
Epoch [215][SemiTeacher][EpilepticSeizure] loss= 0.12034; Epoch Label ACC.= 73.96%, UnLabel ACC.= 62.51%, Lipistz loss = 0, Train Unlabel Best ACC.= 63.1%, Train Max Epoch=202
EarlyStopping counter: 47 out of 200
Epoch [216][SemiTeacher][EpilepticSeizure] loss= 0.11855; Epoch Label ACC.= 72.79%, UnLabel ACC.= 60.40%, Lipistz loss = 0, Train Unlabel Best ACC.= 63.1%, Train Max Epoch=202
EarlyStopping counter: 48 out of 200
Epoch [217][SemiTeacher][EpilepticSeizure] loss= 0.12456; Epoch Label ACC.= 76.27%, UnLabel ACC.= 62.06%, Lipistz loss = 0, Train Unlabel Best ACC.= 63.1%, Train Max Epoch=202
EarlyStopping counter: 49 out of 200
Epoch [218][SemiTeacher][EpilepticSeizure] loss= 0.12910; Epoch Label ACC.= 75.01%, UnLabel ACC.= 62.12%, Lipistz loss = 0, Train Unlabel Best ACC.= 63.1%, Train Max Epoch=202
EarlyStopping counter: 50 out of 200
Epoch [219][SemiTeacher][EpilepticSeizure] loss= 0.12872; Epoch Label ACC.= 76.22%, UnLabel ACC.= 62.25%, Lipistz loss = 0, Train Unlabel Best ACC.= 63.1%, Train Max Epoch=202
EarlyStopping counter: 51 out of 200
Epoch [220][SemiTeacher][EpilepticSeizure] loss= 0.12303; Epoch Label ACC.= 75.58%, UnLabel ACC.= 61.14%, Lipistz loss = 0, Train Unlabel Best ACC.= 63.1%, Train Max Epoch=202
EarlyStopping counter: 52 out of 200
Epoch [221][SemiTeacher][EpilepticSeizure] loss= 0.12646; Epoch Label ACC.= 75.38%, UnLabel ACC.= 61.84%, Lipistz loss = 0, Train Unlabel Best ACC.= 63.1%, Train Max Epoch=202
EarlyStopping counter: 53 out of 200
Epoch [222][SemiTeacher][EpilepticSeizure] loss= 0.12862; Epoch Label ACC.= 74.59%, UnLabel ACC.= 61.80%, Lipistz loss = 0, Train Unlabel Best ACC.= 63.1%, Train Max Epoch=202
EarlyStopping counter: 54 out of 200
Epoch [223][SemiTeacher][EpilepticSeizure] loss= 0.12635; Epoch Label ACC.= 73.77%, UnLabel ACC.= 61.55%, Lipistz loss = 0, Train Unlabel Best ACC.= 63.1%, Train Max Epoch=202
[Test-223] Val ACC:71.71%, Best Test ACC.: 71.23% in Epoch 223
Validation loss decreased (71.449653 --> 71.712963).  Saving model ...
Epoch [224][SemiTeacher][EpilepticSeizure] loss= 0.12265; Epoch Label ACC.= 75.10%, UnLabel ACC.= 62.31%, Lipistz loss = 0, Train Unlabel Best ACC.= 63.1%, Train Max Epoch=202
EarlyStopping counter: 1 out of 200
Epoch [225][SemiTeacher][EpilepticSeizure] loss= 0.12602; Epoch Label ACC.= 75.25%, UnLabel ACC.= 62.63%, Lipistz loss = 0, Train Unlabel Best ACC.= 63.1%, Train Max Epoch=202
EarlyStopping counter: 2 out of 200
Epoch [226][SemiTeacher][EpilepticSeizure] loss= 0.12499; Epoch Label ACC.= 73.89%, UnLabel ACC.= 61.16%, Lipistz loss = 0, Train Unlabel Best ACC.= 63.1%, Train Max Epoch=202
EarlyStopping counter: 3 out of 200
Epoch [227][SemiTeacher][EpilepticSeizure] loss= 0.12335; Epoch Label ACC.= 74.46%, UnLabel ACC.= 62.58%, Lipistz loss = 0, Train Unlabel Best ACC.= 63.1%, Train Max Epoch=202
EarlyStopping counter: 4 out of 200
Epoch [228][SemiTeacher][EpilepticSeizure] loss= 0.12313; Epoch Label ACC.= 76.29%, UnLabel ACC.= 62.15%, Lipistz loss = 0, Train Unlabel Best ACC.= 63.1%, Train Max Epoch=202
EarlyStopping counter: 5 out of 200
Epoch [229][SemiTeacher][EpilepticSeizure] loss= 0.12889; Epoch Label ACC.= 75.51%, UnLabel ACC.= 62.43%, Lipistz loss = 0, Train Unlabel Best ACC.= 63.1%, Train Max Epoch=202
EarlyStopping counter: 6 out of 200
Epoch [230][SemiTeacher][EpilepticSeizure] loss= 0.12639; Epoch Label ACC.= 73.93%, UnLabel ACC.= 63.21%, Lipistz loss = 0, Train Unlabel Best ACC.= 63.2%, Train Max Epoch=229
EarlyStopping counter: 7 out of 200
Epoch [231][SemiTeacher][EpilepticSeizure] loss= 0.12085; Epoch Label ACC.= 74.73%, UnLabel ACC.= 62.06%, Lipistz loss = 0, Train Unlabel Best ACC.= 63.2%, Train Max Epoch=229
EarlyStopping counter: 8 out of 200
Epoch [232][SemiTeacher][EpilepticSeizure] loss= 0.12083; Epoch Label ACC.= 73.78%, UnLabel ACC.= 61.37%, Lipistz loss = 0, Train Unlabel Best ACC.= 63.2%, Train Max Epoch=229
EarlyStopping counter: 9 out of 200
Epoch [233][SemiTeacher][EpilepticSeizure] loss= 0.11990; Epoch Label ACC.= 74.87%, UnLabel ACC.= 62.53%, Lipistz loss = 0, Train Unlabel Best ACC.= 63.2%, Train Max Epoch=229
EarlyStopping counter: 10 out of 200
Epoch [234][SemiTeacher][EpilepticSeizure] loss= 0.12181; Epoch Label ACC.= 73.91%, UnLabel ACC.= 62.29%, Lipistz loss = 0, Train Unlabel Best ACC.= 63.2%, Train Max Epoch=229
EarlyStopping counter: 11 out of 200
Epoch [235][SemiTeacher][EpilepticSeizure] loss= 0.12419; Epoch Label ACC.= 76.07%, UnLabel ACC.= 63.03%, Lipistz loss = 0, Train Unlabel Best ACC.= 63.2%, Train Max Epoch=229
EarlyStopping counter: 12 out of 200
Epoch [236][SemiTeacher][EpilepticSeizure] loss= 0.12931; Epoch Label ACC.= 75.59%, UnLabel ACC.= 62.51%, Lipistz loss = 0, Train Unlabel Best ACC.= 63.2%, Train Max Epoch=229
EarlyStopping counter: 13 out of 200
Epoch [237][SemiTeacher][EpilepticSeizure] loss= 0.12613; Epoch Label ACC.= 75.22%, UnLabel ACC.= 61.55%, Lipistz loss = 0, Train Unlabel Best ACC.= 63.2%, Train Max Epoch=229
EarlyStopping counter: 14 out of 200
Epoch [238][SemiTeacher][EpilepticSeizure] loss= 0.12993; Epoch Label ACC.= 75.20%, UnLabel ACC.= 62.09%, Lipistz loss = 0, Train Unlabel Best ACC.= 63.2%, Train Max Epoch=229
EarlyStopping counter: 15 out of 200
Epoch [239][SemiTeacher][EpilepticSeizure] loss= 0.12711; Epoch Label ACC.= 75.01%, UnLabel ACC.= 62.26%, Lipistz loss = 0, Train Unlabel Best ACC.= 63.2%, Train Max Epoch=229
EarlyStopping counter: 16 out of 200
Epoch [240][SemiTeacher][EpilepticSeizure] loss= 0.12819; Epoch Label ACC.= 74.71%, UnLabel ACC.= 62.51%, Lipistz loss = 0, Train Unlabel Best ACC.= 63.2%, Train Max Epoch=229
EarlyStopping counter: 17 out of 200
Epoch [241][SemiTeacher][EpilepticSeizure] loss= 0.12608; Epoch Label ACC.= 74.42%, UnLabel ACC.= 62.99%, Lipistz loss = 0, Train Unlabel Best ACC.= 63.2%, Train Max Epoch=229
EarlyStopping counter: 18 out of 200
Epoch [242][SemiTeacher][EpilepticSeizure] loss= 0.12179; Epoch Label ACC.= 73.84%, UnLabel ACC.= 62.46%, Lipistz loss = 0, Train Unlabel Best ACC.= 63.2%, Train Max Epoch=229
EarlyStopping counter: 19 out of 200
Epoch [243][SemiTeacher][EpilepticSeizure] loss= 0.11892; Epoch Label ACC.= 75.36%, UnLabel ACC.= 61.98%, Lipistz loss = 0, Train Unlabel Best ACC.= 63.2%, Train Max Epoch=229
EarlyStopping counter: 20 out of 200
Epoch [244][SemiTeacher][EpilepticSeizure] loss= 0.12008; Epoch Label ACC.= 75.56%, UnLabel ACC.= 61.73%, Lipistz loss = 0, Train Unlabel Best ACC.= 63.2%, Train Max Epoch=229
EarlyStopping counter: 21 out of 200
Epoch [245][SemiTeacher][EpilepticSeizure] loss= 0.11961; Epoch Label ACC.= 75.10%, UnLabel ACC.= 62.59%, Lipistz loss = 0, Train Unlabel Best ACC.= 63.2%, Train Max Epoch=229
[Test-245] Val ACC:72.22%, Best Test ACC.: 71.65% in Epoch 245
Validation loss decreased (71.712963 --> 72.216435).  Saving model ...
Epoch [246][SemiTeacher][EpilepticSeizure] loss= 0.12091; Epoch Label ACC.= 74.77%, UnLabel ACC.= 62.55%, Lipistz loss = 0, Train Unlabel Best ACC.= 63.2%, Train Max Epoch=229
EarlyStopping counter: 1 out of 200
Epoch [247][SemiTeacher][EpilepticSeizure] loss= 0.12120; Epoch Label ACC.= 74.68%, UnLabel ACC.= 61.56%, Lipistz loss = 0, Train Unlabel Best ACC.= 63.2%, Train Max Epoch=229
EarlyStopping counter: 2 out of 200
Epoch [248][SemiTeacher][EpilepticSeizure] loss= 0.11787; Epoch Label ACC.= 74.20%, UnLabel ACC.= 60.93%, Lipistz loss = 0, Train Unlabel Best ACC.= 63.2%, Train Max Epoch=229
EarlyStopping counter: 3 out of 200
Epoch [249][SemiTeacher][EpilepticSeizure] loss= 0.11575; Epoch Label ACC.= 74.52%, UnLabel ACC.= 62.01%, Lipistz loss = 0, Train Unlabel Best ACC.= 63.2%, Train Max Epoch=229
EarlyStopping counter: 4 out of 200
Epoch [250][SemiTeacher][EpilepticSeizure] loss= 0.11477; Epoch Label ACC.= 75.14%, UnLabel ACC.= 63.15%, Lipistz loss = 0, Train Unlabel Best ACC.= 63.2%, Train Max Epoch=229
EarlyStopping counter: 5 out of 200
Epoch [251][SemiTeacher][EpilepticSeizure] loss= 0.11469; Epoch Label ACC.= 75.61%, UnLabel ACC.= 62.39%, Lipistz loss = 0, Train Unlabel Best ACC.= 63.2%, Train Max Epoch=229
EarlyStopping counter: 6 out of 200
Epoch [252][SemiTeacher][EpilepticSeizure] loss= 0.12290; Epoch Label ACC.= 74.86%, UnLabel ACC.= 63.28%, Lipistz loss = 0, Train Unlabel Best ACC.= 63.3%, Train Max Epoch=251
EarlyStopping counter: 7 out of 200
Epoch [253][SemiTeacher][EpilepticSeizure] loss= 0.11736; Epoch Label ACC.= 75.85%, UnLabel ACC.= 62.33%, Lipistz loss = 0, Train Unlabel Best ACC.= 63.3%, Train Max Epoch=251
EarlyStopping counter: 8 out of 200
Epoch [254][SemiTeacher][EpilepticSeizure] loss= 0.11845; Epoch Label ACC.= 74.44%, UnLabel ACC.= 62.62%, Lipistz loss = 0, Train Unlabel Best ACC.= 63.3%, Train Max Epoch=251
EarlyStopping counter: 9 out of 200
Epoch [255][SemiTeacher][EpilepticSeizure] loss= 0.11633; Epoch Label ACC.= 76.13%, UnLabel ACC.= 61.27%, Lipistz loss = 0, Train Unlabel Best ACC.= 63.3%, Train Max Epoch=251
EarlyStopping counter: 10 out of 200
Epoch [256][SemiTeacher][EpilepticSeizure] loss= 0.11761; Epoch Label ACC.= 73.35%, UnLabel ACC.= 61.49%, Lipistz loss = 0, Train Unlabel Best ACC.= 63.3%, Train Max Epoch=251
EarlyStopping counter: 11 out of 200
Epoch [257][SemiTeacher][EpilepticSeizure] loss= 0.12158; Epoch Label ACC.= 75.19%, UnLabel ACC.= 62.25%, Lipistz loss = 0, Train Unlabel Best ACC.= 63.3%, Train Max Epoch=251
EarlyStopping counter: 12 out of 200
Epoch [258][SemiTeacher][EpilepticSeizure] loss= 0.12245; Epoch Label ACC.= 76.27%, UnLabel ACC.= 62.73%, Lipistz loss = 0, Train Unlabel Best ACC.= 63.3%, Train Max Epoch=251
EarlyStopping counter: 13 out of 200
Epoch [259][SemiTeacher][EpilepticSeizure] loss= 0.12162; Epoch Label ACC.= 74.25%, UnLabel ACC.= 62.36%, Lipistz loss = 0, Train Unlabel Best ACC.= 63.3%, Train Max Epoch=251
EarlyStopping counter: 14 out of 200
Epoch [260][SemiTeacher][EpilepticSeizure] loss= 0.12415; Epoch Label ACC.= 75.97%, UnLabel ACC.= 61.65%, Lipistz loss = 0, Train Unlabel Best ACC.= 63.3%, Train Max Epoch=251
EarlyStopping counter: 15 out of 200
Epoch [261][SemiTeacher][EpilepticSeizure] loss= 0.12280; Epoch Label ACC.= 76.43%, UnLabel ACC.= 62.01%, Lipistz loss = 0, Train Unlabel Best ACC.= 63.3%, Train Max Epoch=251
EarlyStopping counter: 16 out of 200
Epoch [262][SemiTeacher][EpilepticSeizure] loss= 0.12243; Epoch Label ACC.= 74.83%, UnLabel ACC.= 62.78%, Lipistz loss = 0, Train Unlabel Best ACC.= 63.3%, Train Max Epoch=251
EarlyStopping counter: 17 out of 200
Epoch [263][SemiTeacher][EpilepticSeizure] loss= 0.12227; Epoch Label ACC.= 76.17%, UnLabel ACC.= 62.22%, Lipistz loss = 0, Train Unlabel Best ACC.= 63.3%, Train Max Epoch=251
EarlyStopping counter: 18 out of 200
Epoch [264][SemiTeacher][EpilepticSeizure] loss= 0.12629; Epoch Label ACC.= 75.29%, UnLabel ACC.= 63.43%, Lipistz loss = 0, Train Unlabel Best ACC.= 63.4%, Train Max Epoch=263
EarlyStopping counter: 19 out of 200
Epoch [265][SemiTeacher][EpilepticSeizure] loss= 0.12487; Epoch Label ACC.= 76.46%, UnLabel ACC.= 61.95%, Lipistz loss = 0, Train Unlabel Best ACC.= 63.4%, Train Max Epoch=263
EarlyStopping counter: 20 out of 200
Epoch [266][SemiTeacher][EpilepticSeizure] loss= 0.12770; Epoch Label ACC.= 74.78%, UnLabel ACC.= 62.61%, Lipistz loss = 0, Train Unlabel Best ACC.= 63.4%, Train Max Epoch=263
EarlyStopping counter: 21 out of 200
Epoch [267][SemiTeacher][EpilepticSeizure] loss= 0.12562; Epoch Label ACC.= 74.99%, UnLabel ACC.= 63.37%, Lipistz loss = 0, Train Unlabel Best ACC.= 63.4%, Train Max Epoch=263
EarlyStopping counter: 22 out of 200
Epoch [268][SemiTeacher][EpilepticSeizure] loss= 0.12377; Epoch Label ACC.= 75.14%, UnLabel ACC.= 62.83%, Lipistz loss = 0, Train Unlabel Best ACC.= 63.4%, Train Max Epoch=263
EarlyStopping counter: 23 out of 200
Epoch [269][SemiTeacher][EpilepticSeizure] loss= 0.12356; Epoch Label ACC.= 75.45%, UnLabel ACC.= 61.71%, Lipistz loss = 0, Train Unlabel Best ACC.= 63.4%, Train Max Epoch=263
EarlyStopping counter: 24 out of 200
Epoch [270][SemiTeacher][EpilepticSeizure] loss= 0.12240; Epoch Label ACC.= 76.62%, UnLabel ACC.= 62.70%, Lipistz loss = 0, Train Unlabel Best ACC.= 63.4%, Train Max Epoch=263
EarlyStopping counter: 25 out of 200
Epoch [271][SemiTeacher][EpilepticSeizure] loss= 0.12174; Epoch Label ACC.= 74.61%, UnLabel ACC.= 63.27%, Lipistz loss = 0, Train Unlabel Best ACC.= 63.4%, Train Max Epoch=263
EarlyStopping counter: 26 out of 200
Epoch [272][SemiTeacher][EpilepticSeizure] loss= 0.11875; Epoch Label ACC.= 76.85%, UnLabel ACC.= 61.46%, Lipistz loss = 0, Train Unlabel Best ACC.= 63.4%, Train Max Epoch=263
EarlyStopping counter: 27 out of 200
Epoch [273][SemiTeacher][EpilepticSeizure] loss= 0.11991; Epoch Label ACC.= 75.68%, UnLabel ACC.= 61.53%, Lipistz loss = 0, Train Unlabel Best ACC.= 63.4%, Train Max Epoch=263
EarlyStopping counter: 28 out of 200
Epoch [274][SemiTeacher][EpilepticSeizure] loss= 0.11943; Epoch Label ACC.= 75.06%, UnLabel ACC.= 62.29%, Lipistz loss = 0, Train Unlabel Best ACC.= 63.4%, Train Max Epoch=263
EarlyStopping counter: 29 out of 200
Epoch [275][SemiTeacher][EpilepticSeizure] loss= 0.12008; Epoch Label ACC.= 75.09%, UnLabel ACC.= 61.80%, Lipistz loss = 0, Train Unlabel Best ACC.= 63.4%, Train Max Epoch=263
EarlyStopping counter: 30 out of 200
Epoch [276][SemiTeacher][EpilepticSeizure] loss= 0.11965; Epoch Label ACC.= 74.75%, UnLabel ACC.= 61.88%, Lipistz loss = 0, Train Unlabel Best ACC.= 63.4%, Train Max Epoch=263
EarlyStopping counter: 31 out of 200
Epoch [277][SemiTeacher][EpilepticSeizure] loss= 0.11954; Epoch Label ACC.= 74.86%, UnLabel ACC.= 62.07%, Lipistz loss = 0, Train Unlabel Best ACC.= 63.4%, Train Max Epoch=263
EarlyStopping counter: 32 out of 200
Epoch [278][SemiTeacher][EpilepticSeizure] loss= 0.11963; Epoch Label ACC.= 75.51%, UnLabel ACC.= 62.08%, Lipistz loss = 0, Train Unlabel Best ACC.= 63.4%, Train Max Epoch=263
EarlyStopping counter: 33 out of 200
Epoch [279][SemiTeacher][EpilepticSeizure] loss= 0.12041; Epoch Label ACC.= 75.43%, UnLabel ACC.= 62.38%, Lipistz loss = 0, Train Unlabel Best ACC.= 63.4%, Train Max Epoch=263
EarlyStopping counter: 34 out of 200
Epoch [280][SemiTeacher][EpilepticSeizure] loss= 0.11528; Epoch Label ACC.= 74.78%, UnLabel ACC.= 61.68%, Lipistz loss = 0, Train Unlabel Best ACC.= 63.4%, Train Max Epoch=263
EarlyStopping counter: 35 out of 200
Epoch [281][SemiTeacher][EpilepticSeizure] loss= 0.11037; Epoch Label ACC.= 75.00%, UnLabel ACC.= 62.23%, Lipistz loss = 0, Train Unlabel Best ACC.= 63.4%, Train Max Epoch=263
EarlyStopping counter: 36 out of 200
Epoch [282][SemiTeacher][EpilepticSeizure] loss= 0.12037; Epoch Label ACC.= 75.72%, UnLabel ACC.= 62.48%, Lipistz loss = 0, Train Unlabel Best ACC.= 63.4%, Train Max Epoch=263
EarlyStopping counter: 37 out of 200
Epoch [283][SemiTeacher][EpilepticSeizure] loss= 0.12632; Epoch Label ACC.= 76.98%, UnLabel ACC.= 61.84%, Lipistz loss = 0, Train Unlabel Best ACC.= 63.4%, Train Max Epoch=263
EarlyStopping counter: 38 out of 200
Epoch [284][SemiTeacher][EpilepticSeizure] loss= 0.12055; Epoch Label ACC.= 74.88%, UnLabel ACC.= 61.56%, Lipistz loss = 0, Train Unlabel Best ACC.= 63.4%, Train Max Epoch=263
EarlyStopping counter: 39 out of 200
Epoch [285][SemiTeacher][EpilepticSeizure] loss= 0.11963; Epoch Label ACC.= 74.87%, UnLabel ACC.= 62.28%, Lipistz loss = 0, Train Unlabel Best ACC.= 63.4%, Train Max Epoch=263
EarlyStopping counter: 40 out of 200
Epoch [286][SemiTeacher][EpilepticSeizure] loss= 0.11349; Epoch Label ACC.= 73.99%, UnLabel ACC.= 62.61%, Lipistz loss = 0, Train Unlabel Best ACC.= 63.4%, Train Max Epoch=263
EarlyStopping counter: 41 out of 200
Epoch [287][SemiTeacher][EpilepticSeizure] loss= 0.11813; Epoch Label ACC.= 75.95%, UnLabel ACC.= 62.12%, Lipistz loss = 0, Train Unlabel Best ACC.= 63.4%, Train Max Epoch=263
EarlyStopping counter: 42 out of 200
Epoch [288][SemiTeacher][EpilepticSeizure] loss= 0.11877; Epoch Label ACC.= 75.81%, UnLabel ACC.= 63.02%, Lipistz loss = 0, Train Unlabel Best ACC.= 63.4%, Train Max Epoch=263
EarlyStopping counter: 43 out of 200
Epoch [289][SemiTeacher][EpilepticSeizure] loss= 0.11693; Epoch Label ACC.= 74.91%, UnLabel ACC.= 61.52%, Lipistz loss = 0, Train Unlabel Best ACC.= 63.4%, Train Max Epoch=263
EarlyStopping counter: 44 out of 200
Epoch [290][SemiTeacher][EpilepticSeizure] loss= 0.11608; Epoch Label ACC.= 76.14%, UnLabel ACC.= 62.21%, Lipistz loss = 0, Train Unlabel Best ACC.= 63.4%, Train Max Epoch=263
EarlyStopping counter: 45 out of 200
Epoch [291][SemiTeacher][EpilepticSeizure] loss= 0.11751; Epoch Label ACC.= 74.73%, UnLabel ACC.= 62.43%, Lipistz loss = 0, Train Unlabel Best ACC.= 63.4%, Train Max Epoch=263
EarlyStopping counter: 46 out of 200
Epoch [292][SemiTeacher][EpilepticSeizure] loss= 0.11754; Epoch Label ACC.= 74.65%, UnLabel ACC.= 62.23%, Lipistz loss = 0, Train Unlabel Best ACC.= 63.4%, Train Max Epoch=263
EarlyStopping counter: 47 out of 200
Epoch [293][SemiTeacher][EpilepticSeizure] loss= 0.12309; Epoch Label ACC.= 77.17%, UnLabel ACC.= 62.49%, Lipistz loss = 0, Train Unlabel Best ACC.= 63.4%, Train Max Epoch=263
EarlyStopping counter: 48 out of 200
Epoch [294][SemiTeacher][EpilepticSeizure] loss= 0.12853; Epoch Label ACC.= 76.19%, UnLabel ACC.= 62.35%, Lipistz loss = 0, Train Unlabel Best ACC.= 63.4%, Train Max Epoch=263
EarlyStopping counter: 49 out of 200
Epoch [295][SemiTeacher][EpilepticSeizure] loss= 0.12634; Epoch Label ACC.= 76.97%, UnLabel ACC.= 62.09%, Lipistz loss = 0, Train Unlabel Best ACC.= 63.4%, Train Max Epoch=263
EarlyStopping counter: 50 out of 200
Epoch [296][SemiTeacher][EpilepticSeizure] loss= 0.12364; Epoch Label ACC.= 77.11%, UnLabel ACC.= 61.74%, Lipistz loss = 0, Train Unlabel Best ACC.= 63.4%, Train Max Epoch=263
EarlyStopping counter: 51 out of 200
Epoch [297][SemiTeacher][EpilepticSeizure] loss= 0.12330; Epoch Label ACC.= 75.41%, UnLabel ACC.= 61.81%, Lipistz loss = 0, Train Unlabel Best ACC.= 63.4%, Train Max Epoch=263
EarlyStopping counter: 52 out of 200
Epoch [298][SemiTeacher][EpilepticSeizure] loss= 0.11964; Epoch Label ACC.= 77.31%, UnLabel ACC.= 63.40%, Lipistz loss = 0, Train Unlabel Best ACC.= 63.4%, Train Max Epoch=263
EarlyStopping counter: 53 out of 200
Epoch [299][SemiTeacher][EpilepticSeizure] loss= 0.11998; Epoch Label ACC.= 76.11%, UnLabel ACC.= 62.91%, Lipistz loss = 0, Train Unlabel Best ACC.= 63.4%, Train Max Epoch=263
EarlyStopping counter: 54 out of 200
Epoch [300][SemiTeacher][EpilepticSeizure] loss= 0.11498; Epoch Label ACC.= 76.48%, UnLabel ACC.= 62.14%, Lipistz loss = 0, Train Unlabel Best ACC.= 63.4%, Train Max Epoch=263
EarlyStopping counter: 55 out of 200
Epoch [301][SemiTeacher][EpilepticSeizure] loss= 0.12102; Epoch Label ACC.= 75.95%, UnLabel ACC.= 62.94%, Lipistz loss = 0, Train Unlabel Best ACC.= 63.4%, Train Max Epoch=263
EarlyStopping counter: 56 out of 200
Epoch [302][SemiTeacher][EpilepticSeizure] loss= 0.12003; Epoch Label ACC.= 76.01%, UnLabel ACC.= 61.64%, Lipistz loss = 0, Train Unlabel Best ACC.= 63.4%, Train Max Epoch=263
EarlyStopping counter: 57 out of 200
Epoch [303][SemiTeacher][EpilepticSeizure] loss= 0.11957; Epoch Label ACC.= 75.43%, UnLabel ACC.= 62.28%, Lipistz loss = 0, Train Unlabel Best ACC.= 63.4%, Train Max Epoch=263
EarlyStopping counter: 58 out of 200
Epoch [304][SemiTeacher][EpilepticSeizure] loss= 0.11551; Epoch Label ACC.= 76.06%, UnLabel ACC.= 62.70%, Lipistz loss = 0, Train Unlabel Best ACC.= 63.4%, Train Max Epoch=263
EarlyStopping counter: 59 out of 200
Epoch [305][SemiTeacher][EpilepticSeizure] loss= 0.12119; Epoch Label ACC.= 74.91%, UnLabel ACC.= 63.05%, Lipistz loss = 0, Train Unlabel Best ACC.= 63.4%, Train Max Epoch=263
EarlyStopping counter: 60 out of 200
Epoch [306][SemiTeacher][EpilepticSeizure] loss= 0.11536; Epoch Label ACC.= 75.51%, UnLabel ACC.= 62.70%, Lipistz loss = 0, Train Unlabel Best ACC.= 63.4%, Train Max Epoch=263
EarlyStopping counter: 61 out of 200
Epoch [307][SemiTeacher][EpilepticSeizure] loss= 0.11339; Epoch Label ACC.= 75.67%, UnLabel ACC.= 62.31%, Lipistz loss = 0, Train Unlabel Best ACC.= 63.4%, Train Max Epoch=263
EarlyStopping counter: 62 out of 200
Epoch [308][SemiTeacher][EpilepticSeizure] loss= 0.11711; Epoch Label ACC.= 75.00%, UnLabel ACC.= 62.94%, Lipistz loss = 0, Train Unlabel Best ACC.= 63.4%, Train Max Epoch=263
EarlyStopping counter: 63 out of 200
Epoch [309][SemiTeacher][EpilepticSeizure] loss= 0.11786; Epoch Label ACC.= 75.61%, UnLabel ACC.= 62.57%, Lipistz loss = 0, Train Unlabel Best ACC.= 63.4%, Train Max Epoch=263
EarlyStopping counter: 64 out of 200
Epoch [310][SemiTeacher][EpilepticSeizure] loss= 0.11958; Epoch Label ACC.= 75.00%, UnLabel ACC.= 62.40%, Lipistz loss = 0, Train Unlabel Best ACC.= 63.4%, Train Max Epoch=263
EarlyStopping counter: 65 out of 200
Epoch [311][SemiTeacher][EpilepticSeizure] loss= 0.11985; Epoch Label ACC.= 76.94%, UnLabel ACC.= 63.31%, Lipistz loss = 0, Train Unlabel Best ACC.= 63.4%, Train Max Epoch=263
EarlyStopping counter: 66 out of 200
Epoch [312][SemiTeacher][EpilepticSeizure] loss= 0.12684; Epoch Label ACC.= 75.62%, UnLabel ACC.= 62.23%, Lipistz loss = 0, Train Unlabel Best ACC.= 63.4%, Train Max Epoch=263
EarlyStopping counter: 67 out of 200
Epoch [313][SemiTeacher][EpilepticSeizure] loss= 0.13211; Epoch Label ACC.= 75.16%, UnLabel ACC.= 63.32%, Lipistz loss = 0, Train Unlabel Best ACC.= 63.4%, Train Max Epoch=263
EarlyStopping counter: 68 out of 200
Epoch [314][SemiTeacher][EpilepticSeizure] loss= 0.12552; Epoch Label ACC.= 74.77%, UnLabel ACC.= 62.38%, Lipistz loss = 0, Train Unlabel Best ACC.= 63.4%, Train Max Epoch=263
EarlyStopping counter: 69 out of 200
Epoch [315][SemiTeacher][EpilepticSeizure] loss= 0.12106; Epoch Label ACC.= 75.84%, UnLabel ACC.= 62.13%, Lipistz loss = 0, Train Unlabel Best ACC.= 63.4%, Train Max Epoch=263
EarlyStopping counter: 70 out of 200
Epoch [316][SemiTeacher][EpilepticSeizure] loss= 0.12391; Epoch Label ACC.= 75.14%, UnLabel ACC.= 63.28%, Lipistz loss = 0, Train Unlabel Best ACC.= 63.4%, Train Max Epoch=263
EarlyStopping counter: 71 out of 200
Epoch [317][SemiTeacher][EpilepticSeizure] loss= 0.11858; Epoch Label ACC.= 74.59%, UnLabel ACC.= 61.62%, Lipistz loss = 0, Train Unlabel Best ACC.= 63.4%, Train Max Epoch=263
EarlyStopping counter: 72 out of 200
Epoch [318][SemiTeacher][EpilepticSeizure] loss= 0.11731; Epoch Label ACC.= 75.69%, UnLabel ACC.= 62.18%, Lipistz loss = 0, Train Unlabel Best ACC.= 63.4%, Train Max Epoch=263
EarlyStopping counter: 73 out of 200
Epoch [319][SemiTeacher][EpilepticSeizure] loss= 0.11862; Epoch Label ACC.= 76.79%, UnLabel ACC.= 62.19%, Lipistz loss = 0, Train Unlabel Best ACC.= 63.4%, Train Max Epoch=263
EarlyStopping counter: 74 out of 200
Epoch [320][SemiTeacher][EpilepticSeizure] loss= 0.11888; Epoch Label ACC.= 75.64%, UnLabel ACC.= 63.14%, Lipistz loss = 0, Train Unlabel Best ACC.= 63.4%, Train Max Epoch=263
EarlyStopping counter: 75 out of 200
Epoch [321][SemiTeacher][EpilepticSeizure] loss= 0.11748; Epoch Label ACC.= 76.00%, UnLabel ACC.= 63.53%, Lipistz loss = 0, Train Unlabel Best ACC.= 63.5%, Train Max Epoch=320
EarlyStopping counter: 76 out of 200
Epoch [322][SemiTeacher][EpilepticSeizure] loss= 0.12093; Epoch Label ACC.= 76.53%, UnLabel ACC.= 63.06%, Lipistz loss = 0, Train Unlabel Best ACC.= 63.5%, Train Max Epoch=320
EarlyStopping counter: 77 out of 200
Epoch [323][SemiTeacher][EpilepticSeizure] loss= 0.11984; Epoch Label ACC.= 76.24%, UnLabel ACC.= 62.82%, Lipistz loss = 0, Train Unlabel Best ACC.= 63.5%, Train Max Epoch=320
EarlyStopping counter: 78 out of 200
Epoch [324][SemiTeacher][EpilepticSeizure] loss= 0.11694; Epoch Label ACC.= 75.87%, UnLabel ACC.= 62.40%, Lipistz loss = 0, Train Unlabel Best ACC.= 63.5%, Train Max Epoch=320
EarlyStopping counter: 79 out of 200
Epoch [325][SemiTeacher][EpilepticSeizure] loss= 0.12312; Epoch Label ACC.= 75.09%, UnLabel ACC.= 63.32%, Lipistz loss = 0, Train Unlabel Best ACC.= 63.5%, Train Max Epoch=320
EarlyStopping counter: 80 out of 200
Epoch [326][SemiTeacher][EpilepticSeizure] loss= 0.12528; Epoch Label ACC.= 76.09%, UnLabel ACC.= 63.27%, Lipistz loss = 0, Train Unlabel Best ACC.= 63.5%, Train Max Epoch=320
EarlyStopping counter: 81 out of 200
Epoch [327][SemiTeacher][EpilepticSeizure] loss= 0.12304; Epoch Label ACC.= 76.40%, UnLabel ACC.= 62.84%, Lipistz loss = 0, Train Unlabel Best ACC.= 63.5%, Train Max Epoch=320
EarlyStopping counter: 82 out of 200
Epoch [328][SemiTeacher][EpilepticSeizure] loss= 0.12505; Epoch Label ACC.= 75.16%, UnLabel ACC.= 62.00%, Lipistz loss = 0, Train Unlabel Best ACC.= 63.5%, Train Max Epoch=320
EarlyStopping counter: 83 out of 200
Epoch [329][SemiTeacher][EpilepticSeizure] loss= 0.12420; Epoch Label ACC.= 75.14%, UnLabel ACC.= 63.60%, Lipistz loss = 0, Train Unlabel Best ACC.= 63.6%, Train Max Epoch=328
EarlyStopping counter: 84 out of 200
Epoch [330][SemiTeacher][EpilepticSeizure] loss= 0.12314; Epoch Label ACC.= 75.94%, UnLabel ACC.= 61.99%, Lipistz loss = 0, Train Unlabel Best ACC.= 63.6%, Train Max Epoch=328
EarlyStopping counter: 85 out of 200
Epoch [331][SemiTeacher][EpilepticSeizure] loss= 0.12197; Epoch Label ACC.= 76.20%, UnLabel ACC.= 62.11%, Lipistz loss = 0, Train Unlabel Best ACC.= 63.6%, Train Max Epoch=328
EarlyStopping counter: 86 out of 200
Epoch [332][SemiTeacher][EpilepticSeizure] loss= 0.12204; Epoch Label ACC.= 74.78%, UnLabel ACC.= 63.32%, Lipistz loss = 0, Train Unlabel Best ACC.= 63.6%, Train Max Epoch=328
EarlyStopping counter: 87 out of 200
Epoch [333][SemiTeacher][EpilepticSeizure] loss= 0.11886; Epoch Label ACC.= 76.14%, UnLabel ACC.= 62.91%, Lipistz loss = 0, Train Unlabel Best ACC.= 63.6%, Train Max Epoch=328
EarlyStopping counter: 88 out of 200
Epoch [334][SemiTeacher][EpilepticSeizure] loss= 0.11799; Epoch Label ACC.= 76.03%, UnLabel ACC.= 63.63%, Lipistz loss = 0, Train Unlabel Best ACC.= 63.6%, Train Max Epoch=333
EarlyStopping counter: 89 out of 200
Epoch [335][SemiTeacher][EpilepticSeizure] loss= 0.11613; Epoch Label ACC.= 75.91%, UnLabel ACC.= 61.98%, Lipistz loss = 0, Train Unlabel Best ACC.= 63.6%, Train Max Epoch=333
EarlyStopping counter: 90 out of 200
Epoch [336][SemiTeacher][EpilepticSeizure] loss= 0.11711; Epoch Label ACC.= 74.12%, UnLabel ACC.= 62.20%, Lipistz loss = 0, Train Unlabel Best ACC.= 63.6%, Train Max Epoch=333
EarlyStopping counter: 91 out of 200
Epoch [337][SemiTeacher][EpilepticSeizure] loss= 0.11914; Epoch Label ACC.= 76.77%, UnLabel ACC.= 62.92%, Lipistz loss = 0, Train Unlabel Best ACC.= 63.6%, Train Max Epoch=333
EarlyStopping counter: 92 out of 200
Epoch [338][SemiTeacher][EpilepticSeizure] loss= 0.11912; Epoch Label ACC.= 76.23%, UnLabel ACC.= 61.34%, Lipistz loss = 0, Train Unlabel Best ACC.= 63.6%, Train Max Epoch=333
EarlyStopping counter: 93 out of 200
Epoch [339][SemiTeacher][EpilepticSeizure] loss= 0.11906; Epoch Label ACC.= 75.91%, UnLabel ACC.= 63.19%, Lipistz loss = 0, Train Unlabel Best ACC.= 63.6%, Train Max Epoch=333
EarlyStopping counter: 94 out of 200
Epoch [340][SemiTeacher][EpilepticSeizure] loss= 0.11353; Epoch Label ACC.= 74.99%, UnLabel ACC.= 61.75%, Lipistz loss = 0, Train Unlabel Best ACC.= 63.6%, Train Max Epoch=333
EarlyStopping counter: 95 out of 200
Epoch [341][SemiTeacher][EpilepticSeizure] loss= 0.11615; Epoch Label ACC.= 75.82%, UnLabel ACC.= 62.54%, Lipistz loss = 0, Train Unlabel Best ACC.= 63.6%, Train Max Epoch=333
EarlyStopping counter: 96 out of 200
Epoch [342][SemiTeacher][EpilepticSeizure] loss= 0.11534; Epoch Label ACC.= 74.25%, UnLabel ACC.= 62.50%, Lipistz loss = 0, Train Unlabel Best ACC.= 63.6%, Train Max Epoch=333
EarlyStopping counter: 97 out of 200
Epoch [343][SemiTeacher][EpilepticSeizure] loss= 0.11852; Epoch Label ACC.= 76.66%, UnLabel ACC.= 62.12%, Lipistz loss = 0, Train Unlabel Best ACC.= 63.6%, Train Max Epoch=333
EarlyStopping counter: 98 out of 200
Epoch [344][SemiTeacher][EpilepticSeizure] loss= 0.12122; Epoch Label ACC.= 76.48%, UnLabel ACC.= 62.91%, Lipistz loss = 0, Train Unlabel Best ACC.= 63.6%, Train Max Epoch=333
EarlyStopping counter: 99 out of 200
Epoch [345][SemiTeacher][EpilepticSeizure] loss= 0.11513; Epoch Label ACC.= 74.70%, UnLabel ACC.= 62.66%, Lipistz loss = 0, Train Unlabel Best ACC.= 63.6%, Train Max Epoch=333
EarlyStopping counter: 100 out of 200
Epoch [346][SemiTeacher][EpilepticSeizure] loss= 0.11492; Epoch Label ACC.= 75.14%, UnLabel ACC.= 63.49%, Lipistz loss = 0, Train Unlabel Best ACC.= 63.6%, Train Max Epoch=333
EarlyStopping counter: 101 out of 200
Epoch [347][SemiTeacher][EpilepticSeizure] loss= 0.11419; Epoch Label ACC.= 75.68%, UnLabel ACC.= 62.16%, Lipistz loss = 0, Train Unlabel Best ACC.= 63.6%, Train Max Epoch=333
EarlyStopping counter: 102 out of 200
Epoch [348][SemiTeacher][EpilepticSeizure] loss= 0.11663; Epoch Label ACC.= 76.13%, UnLabel ACC.= 63.43%, Lipistz loss = 0, Train Unlabel Best ACC.= 63.6%, Train Max Epoch=333
EarlyStopping counter: 103 out of 200
Epoch [349][SemiTeacher][EpilepticSeizure] loss= 0.11679; Epoch Label ACC.= 76.33%, UnLabel ACC.= 62.52%, Lipistz loss = 0, Train Unlabel Best ACC.= 63.6%, Train Max Epoch=333
EarlyStopping counter: 104 out of 200
Epoch [350][SemiTeacher][EpilepticSeizure] loss= 0.12092; Epoch Label ACC.= 76.61%, UnLabel ACC.= 63.40%, Lipistz loss = 0, Train Unlabel Best ACC.= 63.6%, Train Max Epoch=333
EarlyStopping counter: 105 out of 200
Epoch [351][SemiTeacher][EpilepticSeizure] loss= 0.12120; Epoch Label ACC.= 77.31%, UnLabel ACC.= 63.37%, Lipistz loss = 0, Train Unlabel Best ACC.= 63.6%, Train Max Epoch=333
EarlyStopping counter: 106 out of 200
Epoch [352][SemiTeacher][EpilepticSeizure] loss= 0.11769; Epoch Label ACC.= 75.46%, UnLabel ACC.= 63.41%, Lipistz loss = 0, Train Unlabel Best ACC.= 63.6%, Train Max Epoch=333
EarlyStopping counter: 107 out of 200
Epoch [353][SemiTeacher][EpilepticSeizure] loss= 0.11743; Epoch Label ACC.= 75.75%, UnLabel ACC.= 62.49%, Lipistz loss = 0, Train Unlabel Best ACC.= 63.6%, Train Max Epoch=333
EarlyStopping counter: 108 out of 200
Epoch [354][SemiTeacher][EpilepticSeizure] loss= 0.12132; Epoch Label ACC.= 76.85%, UnLabel ACC.= 63.51%, Lipistz loss = 0, Train Unlabel Best ACC.= 63.6%, Train Max Epoch=333
EarlyStopping count