wandb: Currently logged in as: pqy000 (pqythu). Use `wandb login --relogin` to force relogin
2024-08-23 12:07:38.866951: I tensorflow/core/platform/cpu_feature_guard.cc:193] This TensorFlow binary is optimized with oneAPI Deep Neural Network Library (oneDNN) to use the following CPU instructions in performance-critical operations:  AVX2 FMA
To enable them in other operations, rebuild TensorFlow with the appropriate compiler flags.
2024-08-23 12:07:39.751824: W tensorflow/compiler/xla/stream_executor/platform/default/dso_loader.cc:64] Could not load dynamic library 'libnvinfer.so.7'; dlerror: libnvinfer.so.7: cannot open shared object file: No such file or directory; LD_LIBRARY_PATH: /data/qingyi/miniconda3/envs/py3/lib/python3.7/site-packages/cv2/../../lib64:/opt/cudnn/lib64:/usr/local/cuda/lib64
2024-08-23 12:07:39.751922: W tensorflow/compiler/xla/stream_executor/platform/default/dso_loader.cc:64] Could not load dynamic library 'libnvinfer_plugin.so.7'; dlerror: libnvinfer_plugin.so.7: cannot open shared object file: No such file or directory; LD_LIBRARY_PATH: /data/qingyi/miniconda3/envs/py3/lib/python3.7/site-packages/cv2/../../lib64:/opt/cudnn/lib64:/usr/local/cuda/lib64
2024-08-23 12:07:39.751938: W tensorflow/compiler/tf2tensorrt/utils/py_utils.cc:38] TF-TRT Warning: Cannot dlopen some TensorRT libraries. If you would like to use Nvidia GPU with TensorRT, please make sure the missing libraries mentioned above are installed properly.
wandb: wandb version 0.17.7 is available!  To upgrade, please run:
wandb:  $ pip install wandb --upgrade
wandb: Tracking run with wandb version 0.12.17
wandb: Run data is saved locally in /home/qingyi/GPU20/SemiOur/wandb/run-20240823_120734-3rzj643l
wandb: Run `wandb offline` to turn off syncing.
wandb: Syncing run lucky-energy-19
wandb: â­ï¸ View project at https://wandb.ai/pqythu/InsectWingbeatSound_semitime
wandb: ðŸš€ View run at https://wandb.ai/pqythu/InsectWingbeatSound_semitime/runs/3rzj643l
[INFO] Running at: InsectWingbeatSound
[INFO] InsectWingbeatSound
[Stat] All class: {0: 200, 1: 200, 2: 200, 3: 200, 4: 200, 5: 200, 6: 200, 7: 200, 8: 200, 9: 200, 10: 200}
[Stat] Train class: mean=120.0, std=0.0
[Stat] Val class: mean=40.0, std=0.0
[Stat] Test class: mean=40.0, std=0.0
Train:(1320, 256, 1), Test:(440, 256, 1), Class:11
rp_params: [3, 0]
[Test-0] Val ACC:9.44%, Best Test ACC.: 9.44% in Epoch 0
Epoch [1][SemiTeacher][InsectWingbeatSound] loss= 0.00067; Epoch Label ACC.= 7.74%, UnLabel ACC.= 8.47%, Lipistz loss = 0, Train Unlabel Best ACC.= 8.5%, Train Max Epoch=0
EarlyStopping counter: 1 out of 200
Epoch [2][SemiTeacher][InsectWingbeatSound] loss= 0.00008; Epoch Label ACC.= 9.67%, UnLabel ACC.= 8.10%, Lipistz loss = 0, Train Unlabel Best ACC.= 8.5%, Train Max Epoch=0
[Test-2] Val ACC:13.39%, Best Test ACC.: 14.96% in Epoch 2
Validation loss decreased (inf --> 13.392857).  Saving model ...
Epoch [3][SemiTeacher][InsectWingbeatSound] loss= 0.00010; Epoch Label ACC.= 12.65%, UnLabel ACC.= 11.43%, Lipistz loss = 0, Train Unlabel Best ACC.= 11.4%, Train Max Epoch=2
[Test-3] Val ACC:23.09%, Best Test ACC.: 22.19% in Epoch 3
Validation loss decreased (13.392857 --> 23.086735).  Saving model ...
Epoch [4][SemiTeacher][InsectWingbeatSound] loss= 0.00147; Epoch Label ACC.= 15.55%, UnLabel ACC.= 15.19%, Lipistz loss = 0, Train Unlabel Best ACC.= 15.2%, Train Max Epoch=3
[Test-4] Val ACC:33.64%, Best Test ACC.: 34.47% in Epoch 4
Validation loss decreased (23.086735 --> 33.641582).  Saving model ...
Epoch [5][SemiTeacher][InsectWingbeatSound] loss= 0.00459; Epoch Label ACC.= 24.40%, UnLabel ACC.= 22.44%, Lipistz loss = 0, Train Unlabel Best ACC.= 22.4%, Train Max Epoch=4
[Test-5] Val ACC:41.65%, Best Test ACC.: 42.86% in Epoch 5
Validation loss decreased (33.641582 --> 41.645409).  Saving model ...
Epoch [6][SemiTeacher][InsectWingbeatSound] loss= 0.00917; Epoch Label ACC.= 31.25%, UnLabel ACC.= 29.54%, Lipistz loss = 0, Train Unlabel Best ACC.= 29.5%, Train Max Epoch=5
[Test-6] Val ACC:45.06%, Best Test ACC.: 47.61% in Epoch 6
Validation loss decreased (41.645409 --> 45.057398).  Saving model ...
Epoch [7][SemiTeacher][InsectWingbeatSound] loss= 0.01463; Epoch Label ACC.= 37.95%, UnLabel ACC.= 36.73%, Lipistz loss = 0, Train Unlabel Best ACC.= 36.7%, Train Max Epoch=6
[Test-7] Val ACC:53.09%, Best Test ACC.: 54.69% in Epoch 7
Validation loss decreased (45.057398 --> 53.093112).  Saving model ...
Epoch [8][SemiTeacher][InsectWingbeatSound] loss= 0.01763; Epoch Label ACC.= 47.10%, UnLabel ACC.= 42.65%, Lipistz loss = 0, Train Unlabel Best ACC.= 42.6%, Train Max Epoch=7
[Test-8] Val ACC:58.61%, Best Test ACC.: 57.91% in Epoch 8
Validation loss decreased (53.093112 --> 58.609694).  Saving model ...
Epoch [9][SemiTeacher][InsectWingbeatSound] loss= 0.01723; Epoch Label ACC.= 45.76%, UnLabel ACC.= 49.26%, Lipistz loss = 0, Train Unlabel Best ACC.= 49.3%, Train Max Epoch=8
[Test-9] Val ACC:61.07%, Best Test ACC.: 57.14% in Epoch 9
Validation loss decreased (58.609694 --> 61.065051).  Saving model ...
Epoch [10][SemiTeacher][InsectWingbeatSound] loss= 0.01949; Epoch Label ACC.= 51.93%, UnLabel ACC.= 48.07%, Lipistz loss = 0, Train Unlabel Best ACC.= 49.3%, Train Max Epoch=8
EarlyStopping counter: 1 out of 200
Epoch [11][SemiTeacher][InsectWingbeatSound] loss= 0.01926; Epoch Label ACC.= 53.35%, UnLabel ACC.= 51.55%, Lipistz loss = 0, Train Unlabel Best ACC.= 51.5%, Train Max Epoch=10
EarlyStopping counter: 2 out of 200
Epoch [12][SemiTeacher][InsectWingbeatSound] loss= 0.01841; Epoch Label ACC.= 53.72%, UnLabel ACC.= 51.64%, Lipistz loss = 0, Train Unlabel Best ACC.= 51.6%, Train Max Epoch=11
EarlyStopping counter: 3 out of 200
Epoch [13][SemiTeacher][InsectWingbeatSound] loss= 0.01696; Epoch Label ACC.= 55.21%, UnLabel ACC.= 51.99%, Lipistz loss = 0, Train Unlabel Best ACC.= 52.0%, Train Max Epoch=12
[Test-13] Val ACC:63.74%, Best Test ACC.: 61.80% in Epoch 13
Validation loss decreased (61.065051 --> 63.743623).  Saving model ...
Epoch [14][SemiTeacher][InsectWingbeatSound] loss= 0.01781; Epoch Label ACC.= 56.32%, UnLabel ACC.= 53.97%, Lipistz loss = 0, Train Unlabel Best ACC.= 54.0%, Train Max Epoch=13
EarlyStopping counter: 1 out of 200
Epoch [15][SemiTeacher][InsectWingbeatSound] loss= 0.01748; Epoch Label ACC.= 56.32%, UnLabel ACC.= 54.85%, Lipistz loss = 0, Train Unlabel Best ACC.= 54.9%, Train Max Epoch=14
EarlyStopping counter: 2 out of 200
Epoch [16][SemiTeacher][InsectWingbeatSound] loss= 0.01982; Epoch Label ACC.= 58.33%, UnLabel ACC.= 52.56%, Lipistz loss = 0, Train Unlabel Best ACC.= 54.9%, Train Max Epoch=14
[Test-16] Val ACC:65.21%, Best Test ACC.: 60.04% in Epoch 16
Validation loss decreased (63.743623 --> 65.210460).  Saving model ...
Epoch [17][SemiTeacher][InsectWingbeatSound] loss= 0.01883; Epoch Label ACC.= 58.04%, UnLabel ACC.= 55.31%, Lipistz loss = 0, Train Unlabel Best ACC.= 55.3%, Train Max Epoch=16
EarlyStopping counter: 1 out of 200
Epoch [18][SemiTeacher][InsectWingbeatSound] loss= 0.01967; Epoch Label ACC.= 62.57%, UnLabel ACC.= 54.52%, Lipistz loss = 0, Train Unlabel Best ACC.= 55.3%, Train Max Epoch=16
EarlyStopping counter: 2 out of 200
Epoch [19][SemiTeacher][InsectWingbeatSound] loss= 0.02309; Epoch Label ACC.= 60.94%, UnLabel ACC.= 55.31%, Lipistz loss = 0, Train Unlabel Best ACC.= 55.3%, Train Max Epoch=16
EarlyStopping counter: 3 out of 200
Epoch [20][SemiTeacher][InsectWingbeatSound] loss= 0.02305; Epoch Label ACC.= 63.17%, UnLabel ACC.= 54.75%, Lipistz loss = 0, Train Unlabel Best ACC.= 55.3%, Train Max Epoch=16
EarlyStopping counter: 4 out of 200
Epoch [21][SemiTeacher][InsectWingbeatSound] loss= 0.02339; Epoch Label ACC.= 62.20%, UnLabel ACC.= 56.35%, Lipistz loss = 0, Train Unlabel Best ACC.= 56.4%, Train Max Epoch=20
EarlyStopping counter: 5 out of 200
Epoch [22][SemiTeacher][InsectWingbeatSound] loss= 0.02427; Epoch Label ACC.= 63.76%, UnLabel ACC.= 55.83%, Lipistz loss = 0, Train Unlabel Best ACC.= 56.4%, Train Max Epoch=20
EarlyStopping counter: 6 out of 200
Epoch [23][SemiTeacher][InsectWingbeatSound] loss= 0.02356; Epoch Label ACC.= 65.33%, UnLabel ACC.= 53.99%, Lipistz loss = 0, Train Unlabel Best ACC.= 56.4%, Train Max Epoch=20
EarlyStopping counter: 7 out of 200
Epoch [24][SemiTeacher][InsectWingbeatSound] loss= 0.02584; Epoch Label ACC.= 63.10%, UnLabel ACC.= 58.75%, Lipistz loss = 0, Train Unlabel Best ACC.= 58.8%, Train Max Epoch=23
EarlyStopping counter: 8 out of 200
Epoch [25][SemiTeacher][InsectWingbeatSound] loss= 0.02762; Epoch Label ACC.= 65.85%, UnLabel ACC.= 57.90%, Lipistz loss = 0, Train Unlabel Best ACC.= 58.8%, Train Max Epoch=23
EarlyStopping counter: 9 out of 200
Epoch [26][SemiTeacher][InsectWingbeatSound] loss= 0.02629; Epoch Label ACC.= 64.81%, UnLabel ACC.= 58.39%, Lipistz loss = 0, Train Unlabel Best ACC.= 58.8%, Train Max Epoch=23
EarlyStopping counter: 10 out of 200
Epoch [27][SemiTeacher][InsectWingbeatSound] loss= 0.02851; Epoch Label ACC.= 65.92%, UnLabel ACC.= 58.57%, Lipistz loss = 0, Train Unlabel Best ACC.= 58.8%, Train Max Epoch=23
EarlyStopping counter: 11 out of 200
Epoch [28][SemiTeacher][InsectWingbeatSound] loss= 0.03025; Epoch Label ACC.= 68.75%, UnLabel ACC.= 59.29%, Lipistz loss = 0, Train Unlabel Best ACC.= 59.3%, Train Max Epoch=27
EarlyStopping counter: 12 out of 200
Epoch [29][SemiTeacher][InsectWingbeatSound] loss= 0.02880; Epoch Label ACC.= 67.56%, UnLabel ACC.= 57.14%, Lipistz loss = 0, Train Unlabel Best ACC.= 59.3%, Train Max Epoch=27
EarlyStopping counter: 13 out of 200
Epoch [30][SemiTeacher][InsectWingbeatSound] loss= 0.03023; Epoch Label ACC.= 66.59%, UnLabel ACC.= 56.37%, Lipistz loss = 0, Train Unlabel Best ACC.= 59.3%, Train Max Epoch=27
EarlyStopping counter: 14 out of 200
Epoch [31][SemiTeacher][InsectWingbeatSound] loss= 0.03146; Epoch Label ACC.= 68.15%, UnLabel ACC.= 59.20%, Lipistz loss = 0, Train Unlabel Best ACC.= 59.3%, Train Max Epoch=27
EarlyStopping counter: 15 out of 200
Epoch [32][SemiTeacher][InsectWingbeatSound] loss= 0.03000; Epoch Label ACC.= 68.23%, UnLabel ACC.= 59.23%, Lipistz loss = 0, Train Unlabel Best ACC.= 59.3%, Train Max Epoch=27
EarlyStopping counter: 16 out of 200
Epoch [33][SemiTeacher][InsectWingbeatSound] loss= 0.03055; Epoch Label ACC.= 67.26%, UnLabel ACC.= 57.60%, Lipistz loss = 0, Train Unlabel Best ACC.= 59.3%, Train Max Epoch=27
[Test-33] Val ACC:65.91%, Best Test ACC.: 63.71% in Epoch 33
Validation loss decreased (65.210460 --> 65.911991).  Saving model ...
Epoch [34][SemiTeacher][InsectWingbeatSound] loss= 0.03089; Epoch Label ACC.= 67.19%, UnLabel ACC.= 59.85%, Lipistz loss = 0, Train Unlabel Best ACC.= 59.9%, Train Max Epoch=33
EarlyStopping counter: 1 out of 200
Epoch [35][SemiTeacher][InsectWingbeatSound] loss= 0.03068; Epoch Label ACC.= 65.18%, UnLabel ACC.= 60.31%, Lipistz loss = 0, Train Unlabel Best ACC.= 60.3%, Train Max Epoch=34
EarlyStopping counter: 2 out of 200
Epoch [36][SemiTeacher][InsectWingbeatSound] loss= 0.02998; Epoch Label ACC.= 69.12%, UnLabel ACC.= 58.02%, Lipistz loss = 0, Train Unlabel Best ACC.= 60.3%, Train Max Epoch=34
EarlyStopping counter: 3 out of 200
Epoch [37][SemiTeacher][InsectWingbeatSound] loss= 0.03335; Epoch Label ACC.= 68.82%, UnLabel ACC.= 59.60%, Lipistz loss = 0, Train Unlabel Best ACC.= 60.3%, Train Max Epoch=34
EarlyStopping counter: 4 out of 200
Epoch [38][SemiTeacher][InsectWingbeatSound] loss= 0.03257; Epoch Label ACC.= 70.24%, UnLabel ACC.= 60.82%, Lipistz loss = 0, Train Unlabel Best ACC.= 60.8%, Train Max Epoch=37
EarlyStopping counter: 5 out of 200
Epoch [39][SemiTeacher][InsectWingbeatSound] loss= 0.03328; Epoch Label ACC.= 68.90%, UnLabel ACC.= 61.56%, Lipistz loss = 0, Train Unlabel Best ACC.= 61.6%, Train Max Epoch=38
EarlyStopping counter: 6 out of 200
Epoch [40][SemiTeacher][InsectWingbeatSound] loss= 0.03142; Epoch Label ACC.= 70.68%, UnLabel ACC.= 61.85%, Lipistz loss = 0, Train Unlabel Best ACC.= 61.8%, Train Max Epoch=39
EarlyStopping counter: 7 out of 200
Epoch [41][SemiTeacher][InsectWingbeatSound] loss= 0.03332; Epoch Label ACC.= 72.77%, UnLabel ACC.= 60.48%, Lipistz loss = 0, Train Unlabel Best ACC.= 61.8%, Train Max Epoch=39
EarlyStopping counter: 8 out of 200
Epoch [42][SemiTeacher][InsectWingbeatSound] loss= 0.03139; Epoch Label ACC.= 71.35%, UnLabel ACC.= 60.01%, Lipistz loss = 0, Train Unlabel Best ACC.= 61.8%, Train Max Epoch=39
EarlyStopping counter: 9 out of 200
Epoch [43][SemiTeacher][InsectWingbeatSound] loss= 0.03309; Epoch Label ACC.= 71.95%, UnLabel ACC.= 59.82%, Lipistz loss = 0, Train Unlabel Best ACC.= 61.8%, Train Max Epoch=39
EarlyStopping counter: 10 out of 200
Epoch [44][SemiTeacher][InsectWingbeatSound] loss= 0.03244; Epoch Label ACC.= 72.77%, UnLabel ACC.= 57.96%, Lipistz loss = 0, Train Unlabel Best ACC.= 61.8%, Train Max Epoch=39
EarlyStopping counter: 11 out of 200
Epoch [45][SemiTeacher][InsectWingbeatSound] loss= 0.03535; Epoch Label ACC.= 72.10%, UnLabel ACC.= 59.81%, Lipistz loss = 0, Train Unlabel Best ACC.= 61.8%, Train Max Epoch=39
EarlyStopping counter: 12 out of 200
Epoch [46][SemiTeacher][InsectWingbeatSound] loss= 0.03605; Epoch Label ACC.= 69.94%, UnLabel ACC.= 58.96%, Lipistz loss = 0, Train Unlabel Best ACC.= 61.8%, Train Max Epoch=39
EarlyStopping counter: 13 out of 200
Epoch [47][SemiTeacher][InsectWingbeatSound] loss= 0.03401; Epoch Label ACC.= 70.16%, UnLabel ACC.= 59.84%, Lipistz loss = 0, Train Unlabel Best ACC.= 61.8%, Train Max Epoch=39
EarlyStopping counter: 14 out of 200
Epoch [48][SemiTeacher][InsectWingbeatSound] loss= 0.03484; Epoch Label ACC.= 71.95%, UnLabel ACC.= 60.46%, Lipistz loss = 0, Train Unlabel Best ACC.= 61.8%, Train Max Epoch=39
EarlyStopping counter: 15 out of 200
Epoch [49][SemiTeacher][InsectWingbeatSound] loss= 0.03543; Epoch Label ACC.= 70.68%, UnLabel ACC.= 58.14%, Lipistz loss = 0, Train Unlabel Best ACC.= 61.8%, Train Max Epoch=39
EarlyStopping counter: 16 out of 200
Epoch [50][SemiTeacher][InsectWingbeatSound] loss= 0.03555; Epoch Label ACC.= 71.50%, UnLabel ACC.= 61.96%, Lipistz loss = 0, Train Unlabel Best ACC.= 62.0%, Train Max Epoch=49
EarlyStopping counter: 17 out of 200
Epoch [51][SemiTeacher][InsectWingbeatSound] loss= 0.03531; Epoch Label ACC.= 71.35%, UnLabel ACC.= 59.21%, Lipistz loss = 0, Train Unlabel Best ACC.= 62.0%, Train Max Epoch=49
EarlyStopping counter: 18 out of 200
Epoch [52][SemiTeacher][InsectWingbeatSound] loss= 0.03825; Epoch Label ACC.= 72.84%, UnLabel ACC.= 61.79%, Lipistz loss = 0, Train Unlabel Best ACC.= 62.0%, Train Max Epoch=49
EarlyStopping counter: 19 out of 200
Epoch [53][SemiTeacher][InsectWingbeatSound] loss= 0.03531; Epoch Label ACC.= 73.07%, UnLabel ACC.= 59.12%, Lipistz loss = 0, Train Unlabel Best ACC.= 62.0%, Train Max Epoch=49
EarlyStopping counter: 20 out of 200
Epoch [54][SemiTeacher][InsectWingbeatSound] loss= 0.03615; Epoch Label ACC.= 72.77%, UnLabel ACC.= 59.79%, Lipistz loss = 0, Train Unlabel Best ACC.= 62.0%, Train Max Epoch=49
EarlyStopping counter: 21 out of 200
Epoch [55][SemiTeacher][InsectWingbeatSound] loss= 0.03583; Epoch Label ACC.= 75.00%, UnLabel ACC.= 61.53%, Lipistz loss = 0, Train Unlabel Best ACC.= 62.0%, Train Max Epoch=49
EarlyStopping counter: 22 out of 200
Epoch [56][SemiTeacher][InsectWingbeatSound] loss= 0.03532; Epoch Label ACC.= 73.14%, UnLabel ACC.= 61.89%, Lipistz loss = 0, Train Unlabel Best ACC.= 62.0%, Train Max Epoch=49
EarlyStopping counter: 23 out of 200
Epoch [57][SemiTeacher][InsectWingbeatSound] loss= 0.03492; Epoch Label ACC.= 75.22%, UnLabel ACC.= 64.20%, Lipistz loss = 0, Train Unlabel Best ACC.= 64.2%, Train Max Epoch=56
EarlyStopping counter: 24 out of 200
Epoch [58][SemiTeacher][InsectWingbeatSound] loss= 0.03790; Epoch Label ACC.= 74.78%, UnLabel ACC.= 62.65%, Lipistz loss = 0, Train Unlabel Best ACC.= 64.2%, Train Max Epoch=56
EarlyStopping counter: 25 out of 200
Epoch [59][SemiTeacher][InsectWingbeatSound] loss= 0.03846; Epoch Label ACC.= 73.74%, UnLabel ACC.= 59.48%, Lipistz loss = 0, Train Unlabel Best ACC.= 64.2%, Train Max Epoch=56
EarlyStopping counter: 26 out of 200
Epoch [60][SemiTeacher][InsectWingbeatSound] loss= 0.03753; Epoch Label ACC.= 73.51%, UnLabel ACC.= 60.74%, Lipistz loss = 0, Train Unlabel Best ACC.= 64.2%, Train Max Epoch=56
EarlyStopping counter: 27 out of 200
Epoch [61][SemiTeacher][InsectWingbeatSound] loss= 0.03657; Epoch Label ACC.= 74.40%, UnLabel ACC.= 60.71%, Lipistz loss = 0, Train Unlabel Best ACC.= 64.2%, Train Max Epoch=56
EarlyStopping counter: 28 out of 200
Epoch [62][SemiTeacher][InsectWingbeatSound] loss= 0.03730; Epoch Label ACC.= 75.89%, UnLabel ACC.= 62.63%, Lipistz loss = 0, Train Unlabel Best ACC.= 64.2%, Train Max Epoch=56
EarlyStopping counter: 29 out of 200
Epoch [63][SemiTeacher][InsectWingbeatSound] loss= 0.03883; Epoch Label ACC.= 77.68%, UnLabel ACC.= 62.35%, Lipistz loss = 0, Train Unlabel Best ACC.= 64.2%, Train Max Epoch=56
EarlyStopping counter: 30 out of 200
Epoch [64][SemiTeacher][InsectWingbeatSound] loss= 0.03878; Epoch Label ACC.= 74.93%, UnLabel ACC.= 60.01%, Lipistz loss = 0, Train Unlabel Best ACC.= 64.2%, Train Max Epoch=56
EarlyStopping counter: 31 out of 200
Epoch [65][SemiTeacher][InsectWingbeatSound] loss= 0.04023; Epoch Label ACC.= 77.46%, UnLabel ACC.= 62.41%, Lipistz loss = 0, Train Unlabel Best ACC.= 64.2%, Train Max Epoch=56
EarlyStopping counter: 32 out of 200
Epoch [66][SemiTeacher][InsectWingbeatSound] loss= 0.03973; Epoch Label ACC.= 74.26%, UnLabel ACC.= 59.27%, Lipistz loss = 0, Train Unlabel Best ACC.= 64.2%, Train Max Epoch=56
EarlyStopping counter: 33 out of 200
Epoch [67][SemiTeacher][InsectWingbeatSound] loss= 0.03711; Epoch Label ACC.= 73.44%, UnLabel ACC.= 62.28%, Lipistz loss = 0, Train Unlabel Best ACC.= 64.2%, Train Max Epoch=56
EarlyStopping counter: 34 out of 200
Epoch [68][SemiTeacher][InsectWingbeatSound] loss= 0.03801; Epoch Label ACC.= 77.60%, UnLabel ACC.= 61.86%, Lipistz loss = 0, Train Unlabel Best ACC.= 64.2%, Train Max Epoch=56
EarlyStopping counter: 35 out of 200
Epoch [69][SemiTeacher][InsectWingbeatSound] loss= 0.03919; Epoch Label ACC.= 74.63%, UnLabel ACC.= 59.75%, Lipistz loss = 0, Train Unlabel Best ACC.= 64.2%, Train Max Epoch=56
EarlyStopping counter: 36 out of 200
Epoch [70][SemiTeacher][InsectWingbeatSound] loss= 0.03747; Epoch Label ACC.= 74.63%, UnLabel ACC.= 60.37%, Lipistz loss = 0, Train Unlabel Best ACC.= 64.2%, Train Max Epoch=56
EarlyStopping counter: 37 out of 200
Epoch [71][SemiTeacher][InsectWingbeatSound] loss= 0.03790; Epoch Label ACC.= 79.69%, UnLabel ACC.= 60.25%, Lipistz loss = 0, Train Unlabel Best ACC.= 64.2%, Train Max Epoch=56
EarlyStopping counter: 38 out of 200
Epoch [72][SemiTeacher][InsectWingbeatSound] loss= 0.04150; Epoch Label ACC.= 78.20%, UnLabel ACC.= 62.84%, Lipistz loss = 0, Train Unlabel Best ACC.= 64.2%, Train Max Epoch=56
EarlyStopping counter: 39 out of 200
Epoch [73][SemiTeacher][InsectWingbeatSound] loss= 0.04021; Epoch Label ACC.= 78.79%, UnLabel ACC.= 61.22%, Lipistz loss = 0, Train Unlabel Best ACC.= 64.2%, Train Max Epoch=56
EarlyStopping counter: 40 out of 200
Epoch [74][SemiTeacher][InsectWingbeatSound] loss= 0.03947; Epoch Label ACC.= 77.98%, UnLabel ACC.= 62.23%, Lipistz loss = 0, Train Unlabel Best ACC.= 64.2%, Train Max Epoch=56
EarlyStopping counter: 41 out of 200
Epoch [75][SemiTeacher][InsectWingbeatSound] loss= 0.04209; Epoch Label ACC.= 76.49%, UnLabel ACC.= 62.14%, Lipistz loss = 0, Train Unlabel Best ACC.= 64.2%, Train Max Epoch=56
EarlyStopping counter: 42 out of 200
Epoch [76][SemiTeacher][InsectWingbeatSound] loss= 0.04011; Epoch Label ACC.= 76.34%, UnLabel ACC.= 61.76%, Lipistz loss = 0, Train Unlabel Best ACC.= 64.2%, Train Max Epoch=56
EarlyStopping counter: 43 out of 200
Epoch [77][SemiTeacher][InsectWingbeatSound] loss= 0.04062; Epoch Label ACC.= 76.86%, UnLabel ACC.= 60.62%, Lipistz loss = 0, Train Unlabel Best ACC.= 64.2%, Train Max Epoch=56
EarlyStopping counter: 44 out of 200
Epoch [78][SemiTeacher][InsectWingbeatSound] loss= 0.03941; Epoch Label ACC.= 77.60%, UnLabel ACC.= 62.90%, Lipistz loss = 0, Train Unlabel Best ACC.= 64.2%, Train Max Epoch=56
EarlyStopping counter: 45 out of 200
Epoch [79][SemiTeacher][InsectWingbeatSound] loss= 0.03917; Epoch Label ACC.= 77.38%, UnLabel ACC.= 63.02%, Lipistz loss = 0, Train Unlabel Best ACC.= 64.2%, Train Max Epoch=56
EarlyStopping counter: 46 out of 200
Epoch [80][SemiTeacher][InsectWingbeatSound] loss= 0.04139; Epoch Label ACC.= 78.57%, UnLabel ACC.= 62.78%, Lipistz loss = 0, Train Unlabel Best ACC.= 64.2%, Train Max Epoch=56
EarlyStopping counter: 47 out of 200
Epoch [81][SemiTeacher][InsectWingbeatSound] loss= 0.04248; Epoch Label ACC.= 77.75%, UnLabel ACC.= 64.81%, Lipistz loss = 0, Train Unlabel Best ACC.= 64.8%, Train Max Epoch=80
EarlyStopping counter: 48 out of 200
Epoch [82][SemiTeacher][InsectWingbeatSound] loss= 0.04008; Epoch Label ACC.= 76.26%, UnLabel ACC.= 64.11%, Lipistz loss = 0, Train Unlabel Best ACC.= 64.8%, Train Max Epoch=80
EarlyStopping counter: 49 out of 200
Epoch [83][SemiTeacher][InsectWingbeatSound] loss= 0.03960; Epoch Label ACC.= 80.51%, UnLabel ACC.= 62.14%, Lipistz loss = 0, Train Unlabel Best ACC.= 64.8%, Train Max Epoch=80
EarlyStopping counter: 50 out of 200
Epoch [84][SemiTeacher][InsectWingbeatSound] loss= 0.04190; Epoch Label ACC.= 77.68%, UnLabel ACC.= 61.83%, Lipistz loss = 0, Train Unlabel Best ACC.= 64.8%, Train Max Epoch=80
EarlyStopping counter: 51 out of 200
Epoch [85][SemiTeacher][InsectWingbeatSound] loss= 0.04169; Epoch Label ACC.= 76.79%, UnLabel ACC.= 61.38%, Lipistz loss = 0, Train Unlabel Best ACC.= 64.8%, Train Max Epoch=80
EarlyStopping counter: 52 out of 200
Epoch [86][SemiTeacher][InsectWingbeatSound] loss= 0.04133; Epoch Label ACC.= 77.60%, UnLabel ACC.= 61.93%, Lipistz loss = 0, Train Unlabel Best ACC.= 64.8%, Train Max Epoch=80
EarlyStopping counter: 53 out of 200
Epoch [87][SemiTeacher][InsectWingbeatSound] loss= 0.04152; Epoch Label ACC.= 77.60%, UnLabel ACC.= 61.58%, Lipistz loss = 0, Train Unlabel Best ACC.= 64.8%, Train Max Epoch=80
EarlyStopping counter: 54 out of 200
Epoch [88][SemiTeacher][InsectWingbeatSound] loss= 0.04074; Epoch Label ACC.= 76.93%, UnLabel ACC.= 62.66%, Lipistz loss = 0, Train Unlabel Best ACC.= 64.8%, Train Max Epoch=80
EarlyStopping counter: 55 out of 200
Epoch [89][SemiTeacher][InsectWingbeatSound] loss= 0.03972; Epoch Label ACC.= 78.94%, UnLabel ACC.= 62.29%, Lipistz loss = 0, Train Unlabel Best ACC.= 64.8%, Train Max Epoch=80
EarlyStopping counter: 56 out of 200
Epoch [90][SemiTeacher][InsectWingbeatSound] loss= 0.04060; Epoch Label ACC.= 76.71%, UnLabel ACC.= 63.74%, Lipistz loss = 0, Train Unlabel Best ACC.= 64.8%, Train Max Epoch=80
EarlyStopping counter: 57 out of 200
Epoch [91][SemiTeacher][InsectWingbeatSound] loss= 0.03971; Epoch Label ACC.= 80.65%, UnLabel ACC.= 62.71%, Lipistz loss = 0, Train Unlabel Best ACC.= 64.8%, Train Max Epoch=80
EarlyStopping counter: 58 out of 200
Epoch [92][SemiTeacher][InsectWingbeatSound] loss= 0.04220; Epoch Label ACC.= 76.04%, UnLabel ACC.= 61.25%, Lipistz loss = 0, Train Unlabel Best ACC.= 64.8%, Train Max Epoch=80
EarlyStopping counter: 59 out of 200
Epoch [93][SemiTeacher][InsectWingbeatSound] loss= 0.04006; Epoch Label ACC.= 77.60%, UnLabel ACC.= 62.60%, Lipistz loss = 0, Train Unlabel Best ACC.= 64.8%, Train Max Epoch=80
EarlyStopping counter: 60 out of 200
Epoch [94][SemiTeacher][InsectWingbeatSound] loss= 0.04393; Epoch Label ACC.= 78.65%, UnLabel ACC.= 63.78%, Lipistz loss = 0, Train Unlabel Best ACC.= 64.8%, Train Max Epoch=80
EarlyStopping counter: 61 out of 200
Epoch [95][SemiTeacher][InsectWingbeatSound] loss= 0.04038; Epoch Label ACC.= 80.88%, UnLabel ACC.= 63.93%, Lipistz loss = 0, Train Unlabel Best ACC.= 64.8%, Train Max Epoch=80
EarlyStopping counter: 62 out of 200
Epoch [96][SemiTeacher][InsectWingbeatSound] loss= 0.04087; Epoch Label ACC.= 80.43%, UnLabel ACC.= 63.01%, Lipistz loss = 0, Train Unlabel Best ACC.= 64.8%, Train Max Epoch=80
EarlyStopping counter: 63 out of 200
Epoch [97][SemiTeacher][InsectWingbeatSound] loss= 0.04133; Epoch Label ACC.= 79.91%, UnLabel ACC.= 63.15%, Lipistz loss = 0, Train Unlabel Best ACC.= 64.8%, Train Max Epoch=80
EarlyStopping counter: 64 out of 200
Epoch [98][SemiTeacher][InsectWingbeatSound] loss= 0.03948; Epoch Label ACC.= 81.18%, UnLabel ACC.= 62.32%, Lipistz loss = 0, Train Unlabel Best ACC.= 64.8%, Train Max Epoch=80
EarlyStopping counter: 65 out of 200
Epoch [99][SemiTeacher][InsectWingbeatSound] loss= 0.04128; Epoch Label ACC.= 81.62%, UnLabel ACC.= 61.28%, Lipistz loss = 0, Train Unlabel Best ACC.= 64.8%, Train Max Epoch=80
EarlyStopping counter: 66 out of 200
Epoch [100][SemiTeacher][InsectWingbeatSound] loss= 0.04171; Epoch Label ACC.= 81.62%, UnLabel ACC.= 63.94%, Lipistz loss = 0, Train Unlabel Best ACC.= 64.8%, Train Max Epoch=80
EarlyStopping counter: 67 out of 200
Epoch [101][SemiTeacher][InsectWingbeatSound] loss= 0.04213; Epoch Label ACC.= 82.59%, UnLabel ACC.= 63.56%, Lipistz loss = 0, Train Unlabel Best ACC.= 64.8%, Train Max Epoch=80
EarlyStopping counter: 68 out of 200
Epoch [102][SemiTeacher][InsectWingbeatSound] loss= 0.04287; Epoch Label ACC.= 81.70%, UnLabel ACC.= 62.31%, Lipistz loss = 0, Train Unlabel Best ACC.= 64.8%, Train Max Epoch=80
EarlyStopping counter: 69 out of 200
Epoch [103][SemiTeacher][InsectWingbeatSound] loss= 0.04296; Epoch Label ACC.= 78.94%, UnLabel ACC.= 62.99%, Lipistz loss = 0, Train Unlabel Best ACC.= 64.8%, Train Max Epoch=80
EarlyStopping counter: 70 out of 200
Epoch [104][SemiTeacher][InsectWingbeatSound] loss= 0.04091; Epoch Label ACC.= 79.76%, UnLabel ACC.= 63.75%, Lipistz loss = 0, Train Unlabel Best ACC.= 64.8%, Train Max Epoch=80
EarlyStopping counter: 71 out of 200
Epoch [105][SemiTeacher][InsectWingbeatSound] loss= 0.04198; Epoch Label ACC.= 80.58%, UnLabel ACC.= 62.54%, Lipistz loss = 0, Train Unlabel Best ACC.= 64.8%, Train Max Epoch=80
EarlyStopping counter: 72 out of 200
Epoch [106][SemiTeacher][InsectWingbeatSound] loss= 0.04147; Epoch Label ACC.= 80.36%, UnLabel ACC.= 62.75%, Lipistz loss = 0, Train Unlabel Best ACC.= 64.8%, Train Max Epoch=80
EarlyStopping counter: 73 out of 200
Epoch [107][SemiTeacher][InsectWingbeatSound] loss= 0.04165; Epoch Label ACC.= 79.61%, UnLabel ACC.= 63.50%, Lipistz loss = 0, Train Unlabel Best ACC.= 64.8%, Train Max Epoch=80
EarlyStopping counter: 74 out of 200
Epoch [108][SemiTeacher][InsectWingbeatSound] loss= 0.04322; Epoch Label ACC.= 79.02%, UnLabel ACC.= 62.50%, Lipistz loss = 0, Train Unlabel Best ACC.= 64.8%, Train Max Epoch=80
EarlyStopping counter: 75 out of 200
Epoch [109][SemiTeacher][InsectWingbeatSound] loss= 0.04148; Epoch Label ACC.= 81.85%, UnLabel ACC.= 62.57%, Lipistz loss = 0, Train Unlabel Best ACC.= 64.8%, Train Max Epoch=80
EarlyStopping counter: 76 out of 200
Epoch [110][SemiTeacher][InsectWingbeatSound] loss= 0.04095; Epoch Label ACC.= 81.03%, UnLabel ACC.= 64.18%, Lipistz loss = 0, Train Unlabel Best ACC.= 64.8%, Train Max Epoch=80
EarlyStopping counter: 77 out of 200
Epoch [111][SemiTeacher][InsectWingbeatSound] loss= 0.04378; Epoch Label ACC.= 83.04%, UnLabel ACC.= 62.10%, Lipistz loss = 0, Train Unlabel Best ACC.= 64.8%, Train Max Epoch=80
EarlyStopping counter: 78 out of 200
Epoch [112][SemiTeacher][InsectWingbeatSound] loss= 0.04192; Epoch Label ACC.= 80.88%, UnLabel ACC.= 62.37%, Lipistz loss = 0, Train Unlabel Best ACC.= 64.8%, Train Max Epoch=80
EarlyStopping counter: 79 out of 200
Epoch [113][SemiTeacher][InsectWingbeatSound] loss= 0.04317; Epoch Label ACC.= 78.87%, UnLabel ACC.= 63.69%, Lipistz loss = 0, Train Unlabel Best ACC.= 64.8%, Train Max Epoch=80
EarlyStopping counter: 80 out of 200
Epoch [114][SemiTeacher][InsectWingbeatSound] loss= 0.04496; Epoch Label ACC.= 82.44%, UnLabel ACC.= 63.02%, Lipistz loss = 0, Train Unlabel Best ACC.= 64.8%, Train Max Epoch=80
EarlyStopping counter: 81 out of 200
Epoch [115][SemiTeacher][InsectWingbeatSound] loss= 0.04459; Epoch Label ACC.= 81.55%, UnLabel ACC.= 63.17%, Lipistz loss = 0, Train Unlabel Best ACC.= 64.8%, Train Max Epoch=80
EarlyStopping counter: 82 out of 200
Epoch [116][SemiTeacher][InsectWingbeatSound] loss= 0.04183; Epoch Label ACC.= 80.80%, UnLabel ACC.= 63.62%, Lipistz loss = 0, Train Unlabel Best ACC.= 64.8%, Train Max Epoch=80
EarlyStopping counter: 83 out of 200
Epoch [117][SemiTeacher][InsectWingbeatSound] loss= 0.04020; Epoch Label ACC.= 81.10%, UnLabel ACC.= 64.06%, Lipistz loss = 0, Train Unlabel Best ACC.= 64.8%, Train Max Epoch=80
EarlyStopping counter: 84 out of 200
Epoch [118][SemiTeacher][InsectWingbeatSound] loss= 0.04044; Epoch Label ACC.= 80.80%, UnLabel ACC.= 62.89%, Lipistz loss = 0, Train Unlabel Best ACC.= 64.8%, Train Max Epoch=80
EarlyStopping counter: 85 out of 200
Epoch [119][SemiTeacher][InsectWingbeatSound] loss= 0.04094; Epoch Label ACC.= 81.62%, UnLabel ACC.= 64.35%, Lipistz loss = 0, Train Unlabel Best ACC.= 64.8%, Train Max Epoch=80
EarlyStopping counter: 86 out of 200
Epoch [120][SemiTeacher][InsectWingbeatSound] loss= 0.04420; Epoch Label ACC.= 81.25%, UnLabel ACC.= 64.36%, Lipistz loss = 0, Train Unlabel Best ACC.= 64.8%, Train Max Epoch=80
EarlyStopping counter: 87 out of 200
Epoch [121][SemiTeacher][InsectWingbeatSound] loss= 0.04142; Epoch Label ACC.= 81.92%, UnLabel ACC.= 65.85%, Lipistz loss = 0, Train Unlabel Best ACC.= 65.8%, Train Max Epoch=120
EarlyStopping counter: 88 out of 200
Epoch [122][SemiTeacher][InsectWingbeatSound] loss= 0.04360; Epoch Label ACC.= 82.37%, UnLabel ACC.= 63.96%, Lipistz loss = 0, Train Unlabel Best ACC.= 65.8%, Train Max Epoch=120
EarlyStopping counter: 89 out of 200
Epoch [123][SemiTeacher][InsectWingbeatSound] loss= 0.04143; Epoch Label ACC.= 83.41%, UnLabel ACC.= 63.79%, Lipistz loss = 0, Train Unlabel Best ACC.= 65.8%, Train Max Epoch=120
EarlyStopping counter: 90 out of 200
Epoch [124][SemiTeacher][InsectWingbeatSound] loss= 0.04091; Epoch Label ACC.= 82.37%, UnLabel ACC.= 62.77%, Lipistz loss = 0, Train Unlabel Best ACC.= 65.8%, Train Max Epoch=120
EarlyStopping counter: 91 out of 200
Epoch [125][SemiTeacher][InsectWingbeatSound] loss= 0.04116; Epoch Label ACC.= 82.81%, UnLabel ACC.= 64.87%, Lipistz loss = 0, Train Unlabel Best ACC.= 65.8%, Train Max Epoch=120
EarlyStopping counter: 92 out of 200
Epoch [126][SemiTeacher][InsectWingbeatSound] loss= 0.04329; Epoch Label ACC.= 81.77%, UnLabel ACC.= 63.90%, Lipistz loss = 0, Train Unlabel Best ACC.= 65.8%, Train Max Epoch=120
EarlyStopping counter: 93 out of 200
Epoch [127][SemiTeacher][InsectWingbeatSound] loss= 0.04396; Epoch Label ACC.= 79.99%, UnLabel ACC.= 64.06%, Lipistz loss = 0, Train Unlabel Best ACC.= 65.8%, Train Max Epoch=120
EarlyStopping counter: 94 out of 200
Epoch [128][SemiTeacher][InsectWingbeatSound] loss= 0.04116; Epoch Label ACC.= 84.00%, UnLabel ACC.= 63.99%, Lipistz loss = 0, Train Unlabel Best ACC.= 65.8%, Train Max Epoch=120
EarlyStopping counter: 95 out of 200
Epoch [129][SemiTeacher][InsectWingbeatSound] loss= 0.04358; Epoch Label ACC.= 82.74%, UnLabel ACC.= 64.17%, Lipistz loss = 0, Train Unlabel Best ACC.= 65.8%, Train Max Epoch=120
EarlyStopping counter: 96 out of 200
Epoch [130][SemiTeacher][InsectWingbeatSound] loss= 0.04136; Epoch Label ACC.= 83.85%, UnLabel ACC.= 64.45%, Lipistz loss = 0, Train Unlabel Best ACC.= 65.8%, Train Max Epoch=120
EarlyStopping counter: 97 out of 200
Epoch [131][SemiTeacher][InsectWingbeatSound] loss= 0.04170; Epoch Label ACC.= 80.06%, UnLabel ACC.= 64.58%, Lipistz loss = 0, Train Unlabel Best ACC.= 65.8%, Train Max Epoch=120
EarlyStopping counter: 98 out of 200
Epoch [132][SemiTeacher][InsectWingbeatSound] loss= 0.04090; Epoch Label ACC.= 82.51%, UnLabel ACC.= 64.09%, Lipistz loss = 0, Train Unlabel Best ACC.= 65.8%, Train Max Epoch=120
EarlyStopping counter: 99 out of 200
Epoch [133][SemiTeacher][InsectWingbeatSound] loss= 0.04199; Epoch Label ACC.= 83.18%, UnLabel ACC.= 64.06%, Lipistz loss = 0, Train Unlabel Best ACC.= 65.8%, Train Max Epoch=120
EarlyStopping counter: 100 out of 200
Epoch [134][SemiTeacher][InsectWingbeatSound] loss= 0.04024; Epoch Label ACC.= 81.40%, UnLabel ACC.= 62.05%, Lipistz loss = 0, Train Unlabel Best ACC.= 65.8%, Train Max Epoch=120
EarlyStopping counter: 101 out of 200
Epoch [135][SemiTeacher][InsectWingbeatSound] loss= 0.04184; Epoch Label ACC.= 83.48%, UnLabel ACC.= 62.57%, Lipistz loss = 0, Train Unlabel Best ACC.= 65.8%, Train Max Epoch=120
EarlyStopping counter: 102 out of 200
Epoch [136][SemiTeacher][InsectWingbeatSound] loss= 0.04265; Epoch Label ACC.= 80.95%, UnLabel ACC.= 64.03%, Lipistz loss = 0, Train Unlabel Best ACC.= 65.8%, Train Max Epoch=120
EarlyStopping counter: 103 out of 200
Epoch [137][SemiTeacher][InsectWingbeatSound] loss= 0.04211; Epoch Label ACC.= 82.14%, UnLabel ACC.= 63.11%, Lipistz loss = 0, Train Unlabel Best ACC.= 65.8%, Train Max Epoch=120
EarlyStopping counter: 104 out of 200
Epoch [138][SemiTeacher][InsectWingbeatSound] loss= 0.04267; Epoch Label ACC.= 81.99%, UnLabel ACC.= 64.66%, Lipistz loss = 0, Train Unlabel Best ACC.= 65.8%, Train Max Epoch=120
EarlyStopping counter: 105 out of 200
Epoch [139][SemiTeacher][InsectWingbeatSound] loss= 0.04246; Epoch Label ACC.= 83.11%, UnLabel ACC.= 64.90%, Lipistz loss = 0, Train Unlabel Best ACC.= 65.8%, Train Max Epoch=120
EarlyStopping counter: 106 out of 200
Epoch [140][SemiTeacher][InsectWingbeatSound] loss= 0.04034; Epoch Label ACC.= 83.18%, UnLabel ACC.= 64.00%, Lipistz loss = 0, Train Unlabel Best ACC.= 65.8%, Train Max Epoch=120
EarlyStopping counter: 107 out of 200
Epoch [141][SemiTeacher][InsectWingbeatSound] loss= 0.04441; Epoch Label ACC.= 84.15%, UnLabel ACC.= 64.03%, Lipistz loss = 0, Train Unlabel Best ACC.= 65.8%, Train Max Epoch=120
EarlyStopping counter: 108 out of 200
Epoch [142][SemiTeacher][InsectWingbeatSound] loss= 0.04294; Epoch Label ACC.= 83.11%, UnLabel ACC.= 64.12%, Lipistz loss = 0, Train Unlabel Best ACC.= 65.8%, Train Max Epoch=120
EarlyStopping counter: 109 out of 200
Epoch [143][SemiTeacher][InsectWingbeatSound] loss= 0.04383; Epoch Label ACC.= 83.48%, UnLabel ACC.= 64.46%, Lipistz loss = 0, Train Unlabel Best ACC.= 65.8%, Train Max Epoch=120
EarlyStopping counter: 110 out of 200
Epoch [144][SemiTeacher][InsectWingbeatSound] loss= 0.04304; Epoch Label ACC.= 82.81%, UnLabel ACC.= 65.27%, Lipistz loss = 0, Train Unlabel Best ACC.= 65.8%, Train Max Epoch=120
EarlyStopping counter: 111 out of 200
Epoch [145][SemiTeacher][InsectWingbeatSound] loss= 0.04227; Epoch Label ACC.= 81.99%, UnLabel ACC.= 64.06%, Lipistz loss = 0, Train Unlabel Best ACC.= 65.8%, Train Max Epoch=120
EarlyStopping counter: 112 out of 200
Epoch [146][SemiTeacher][InsectWingbeatSound] loss= 0.04428; Epoch Label ACC.= 83.41%, UnLabel ACC.= 64.91%, Lipistz loss = 0, Train Unlabel Best ACC.= 65.8%, Train Max Epoch=120
EarlyStopping counter: 113 out of 200
Epoch [147][SemiTeacher][InsectWingbeatSound] loss= 0.04042; Epoch Label ACC.= 83.85%, UnLabel ACC.= 66.35%, Lipistz loss = 0, Train Unlabel Best ACC.= 66.4%, Train Max Epoch=146
EarlyStopping counter: 114 out of 200
Epoch [148][SemiTeacher][InsectWingbeatSound] loss= 0.04167; Epoch Label ACC.= 84.75%, UnLabel ACC.= 64.73%, Lipistz loss = 0, Train Unlabel Best ACC.= 66.4%, Train Max Epoch=146
EarlyStopping counter: 115 out of 200
Epoch [149][SemiTeacher][InsectWingbeatSound] loss= 0.04073; Epoch Label ACC.= 82.07%, UnLabel ACC.= 65.21%, Lipistz loss = 0, Train Unlabel Best ACC.= 66.4%, Train Max Epoch=146
EarlyStopping counter: 116 out of 200
Epoch [150][SemiTeacher][InsectWingbeatSound] loss= 0.04405; Epoch Label ACC.= 84.23%, UnLabel ACC.= 66.73%, Lipistz loss = 0, Train Unlabel Best ACC.= 66.7%, Train Max Epoch=149
EarlyStopping counter: 117 out of 200
Epoch [151][SemiTeacher][InsectWingbeatSound] loss= 0.04154; Epoch Label ACC.= 81.03%, UnLabel ACC.= 65.33%, Lipistz loss = 0, Train Unlabel Best ACC.= 66.7%, Train Max Epoch=149
EarlyStopping counter: 118 out of 200
Epoch [152][SemiTeacher][InsectWingbeatSound] loss= 0.04127; Epoch Label ACC.= 79.99%, UnLabel ACC.= 65.00%, Lipistz loss = 0, Train Unlabel Best ACC.= 66.7%, Train Max Epoch=149
EarlyStopping counter: 119 out of 200
Epoch [153][SemiTeacher][InsectWingbeatSound] loss= 0.04456; Epoch Label ACC.= 81.85%, UnLabel ACC.= 65.82%, Lipistz loss = 0, Train Unlabel Best ACC.= 66.7%, Train Max Epoch=149
EarlyStopping counter: 120 out of 200
Epoch [154][SemiTeacher][InsectWingbeatSound] loss= 0.04191; Epoch Label ACC.= 81.47%, UnLabel ACC.= 63.62%, Lipistz loss = 0, Train Unlabel Best ACC.= 66.7%, Train Max Epoch=149
EarlyStopping counter: 121 out of 200
Epoch [155][SemiTeacher][InsectWingbeatSound] loss= 0.04242; Epoch Label ACC.= 82.44%, UnLabel ACC.= 65.00%, Lipistz loss = 0, Train Unlabel Best ACC.= 66.7%, Train Max Epoch=149
EarlyStopping counter: 122 out of 200
Epoch [156][SemiTeacher][InsectWingbeatSound] loss= 0.04191; Epoch Label ACC.= 82.81%, UnLabel ACC.= 65.89%, Lipistz loss = 0, Train Unlabel Best ACC.= 66.7%, Train Max Epoch=149
EarlyStopping counter: 123 out of 200
Epoch [157][SemiTeacher][InsectWingbeatSound] loss= 0.04001; Epoch Label ACC.= 84.90%, UnLabel ACC.= 64.51%, Lipistz loss = 0, Train Unlabel Best ACC.= 66.7%, Train Max Epoch=149
EarlyStopping counter: 124 out of 200
Epoch [158][SemiTeacher][InsectWingbeatSound] loss= 0.04272; Epoch Label ACC.= 82.74%, UnLabel ACC.= 63.96%, Lipistz loss = 0, Train Unlabel Best ACC.= 66.7%, Train Max Epoch=149
EarlyStopping counter: 125 out of 200
Epoch [159][SemiTeacher][InsectWingbeatSound] loss= 0.04309; Epoch Label ACC.= 85.49%, UnLabel ACC.= 64.73%, Lipistz loss = 0, Train Unlabel Best ACC.= 66.7%, Train Max Epoch=149
EarlyStopping counter: 126 out of 200
Epoch [160][SemiTeacher][InsectWingbeatSound] loss= 0.04148; Epoch Label ACC.= 82.66%, UnLabel ACC.= 63.82%, Lipistz loss = 0, Train Unlabel Best ACC.= 66.7%, Train Max Epoch=149
EarlyStopping counter: 127 out of 200
Epoch [161][SemiTeacher][InsectWingbeatSound] loss= 0.04202; Epoch Label ACC.= 85.94%, UnLabel ACC.= 64.84%, Lipistz loss = 0, Train Unlabel Best ACC.= 66.7%, Train Max Epoch=149
EarlyStopping counter: 128 out of 200
Epoch [162][SemiTeacher][InsectWingbeatSound] loss= 0.04117; Epoch Label ACC.= 83.11%, UnLabel ACC.= 64.17%, Lipistz loss = 0, Train Unlabel Best ACC.= 66.7%, Train Max Epoch=149
EarlyStopping counter: 129 out of 200
Epoch [163][SemiTeacher][InsectWingbeatSound] loss= 0.04148; Epoch Label ACC.= 81.55%, UnLabel ACC.= 66.10%, Lipistz loss = 0, Train Unlabel Best ACC.= 66.7%, Train Max Epoch=149
EarlyStopping counter: 130 out of 200
Epoch [164][SemiTeacher][InsectWingbeatSound] loss= 0.04363; Epoch Label ACC.= 84.67%, UnLabel ACC.= 63.94%, Lipistz loss = 0, Train Unlabel Best ACC.= 66.7%, Train Max Epoch=149
EarlyStopping counter: 131 out of 200
Epoch [165][SemiTeacher][InsectWingbeatSound] loss= 0.04458; Epoch Label ACC.= 84.60%, UnLabel ACC.= 66.73%, Lipistz loss = 0, Train Unlabel Best ACC.= 66.7%, Train Max Epoch=149
EarlyStopping counter: 132 out of 200
Epoch [166][SemiTeacher][InsectWingbeatSound] loss= 0.04384; Epoch Label ACC.= 84.38%, UnLabel ACC.= 66.03%, Lipistz loss = 0, Train Unlabel Best ACC.= 66.7%, Train Max Epoch=149
EarlyStopping counter: 133 out of 200
Epoch [167][SemiTeacher][InsectWingbeatSound] loss= 0.04112; Epoch Label ACC.= 86.31%, UnLabel ACC.= 63.56%, Lipistz loss = 0, Train Unlabel Best ACC.= 66.7%, Train Max Epoch=149
EarlyStopping counter: 134 out of 200
Epoch [168][SemiTeacher][InsectWingbeatSound] loss= 0.04443; Epoch Label ACC.= 83.71%, UnLabel ACC.= 64.26%, Lipistz loss = 0, Train Unlabel Best ACC.= 66.7%, Train Max Epoch=149
EarlyStopping counter: 135 out of 200
Epoch [169][SemiTeacher][InsectWingbeatSound] loss= 0.04098; Epoch Label ACC.= 81.47%, UnLabel ACC.= 64.94%, Lipistz loss = 0, Train Unlabel Best ACC.= 66.7%, Train Max Epoch=149
EarlyStopping counter: 136 out of 200
Epoch [170][SemiTeacher][InsectWingbeatSound] loss= 0.04179; Epoch Label ACC.= 83.63%, UnLabel ACC.= 63.36%, Lipistz loss = 0, Train Unlabel Best ACC.= 66.7%, Train Max Epoch=149
EarlyStopping counter: 137 out of 200
Epoch [171][SemiTeacher][InsectWingbeatSound] loss= 0.04446; Epoch Label ACC.= 82.07%, UnLabel ACC.= 64.52%, Lipistz loss = 0, Train Unlabel Best ACC.= 66.7%, Train Max Epoch=149
EarlyStopping counter: 138 out of 200
Epoch [172][SemiTeacher][InsectWingbeatSound] loss= 0.04214; Epoch Label ACC.= 82.44%, UnLabel ACC.= 63.79%, Lipistz loss = 0, Train Unlabel Best ACC.= 66.7%, Train Max Epoch=149
EarlyStopping counter: 139 out of 200
Epoch [173][SemiTeacher][InsectWingbeatSound] loss= 0.04262; Epoch Label ACC.= 85.86%, UnLabel ACC.= 65.70%, Lipistz loss = 0, Train Unlabel Best ACC.= 66.7%, Train Max Epoch=149
EarlyStopping counter: 140 out of 200
Epoch [174][SemiTeacher][InsectWingbeatSound] loss= 0.04158; Epoch Label ACC.= 84.60%, UnLabel ACC.= 63.48%, Lipistz loss = 0, Train Unlabel Best ACC.= 66.7%, Train Max Epoch=149
EarlyStopping counter: 141 out of 200
Epoch [175][SemiTeacher][InsectWingbeatSound] loss= 0.04415; Epoch Label ACC.= 84.15%, UnLabel ACC.= 64.42%, Lipistz loss = 0, Train Unlabel Best ACC.= 66.7%, Train Max Epoch=149
EarlyStopping counter: 142 out of 200
Epoch [176][SemiTeacher][InsectWingbeatSound] loss= 0.04270; Epoch Label ACC.= 83.93%, UnLabel ACC.= 62.10%, Lipistz loss = 0, Train Unlabel Best ACC.= 66.7%, Train Max Epoch=149
EarlyStopping counter: 143 out of 200
Epoch [177][SemiTeacher][InsectWingbeatSound] loss= 0.04260; Epoch Label ACC.= 84.67%, UnLabel ACC.= 65.70%, Lipistz loss = 0, Train Unlabel Best ACC.= 66.7%, Train Max Epoch=149
EarlyStopping counter: 144 out of 200
Epoch [178][SemiTeacher][InsectWingbeatSound] loss= 0.04202; Epoch Label ACC.= 83.56%, UnLabel ACC.= 62.99%, Lipistz loss = 0, Train Unlabel Best ACC.= 66.7%, Train Max Epoch=149
EarlyStopping counter: 145 out of 200
Epoch [179][SemiTeacher][InsectWingbeatSound] loss= 0.04092; Epoch Label ACC.= 87.57%, UnLabel ACC.= 64.70%, Lipistz loss = 0, Train Unlabel Best ACC.= 66.7%, Train Max Epoch=149
EarlyStopping counter: 146 out of 200
Epoch [180][SemiTeacher][InsectWingbeatSound] loss= 0.04131; Epoch Label ACC.= 84.15%, UnLabel ACC.= 66.31%, Lipistz loss = 0, Train Unlabel Best ACC.= 66.7%, Train Max Epoch=149
EarlyStopping counter: 147 out of 200
Epoch [181][SemiTeacher][InsectWingbeatSound] loss= 0.04239; Epoch Label ACC.= 85.34%, UnLabel ACC.= 65.19%, Lipistz loss = 0, Train Unlabel Best ACC.= 66.7%, Train Max Epoch=149
EarlyStopping counter: 148 out of 200
Epoch [182][SemiTeacher][InsectWingbeatSound] loss= 0.04498; Epoch Label ACC.= 84.23%, UnLabel ACC.= 63.26%, Lipistz loss = 0, Train Unlabel Best ACC.= 66.7%, Train Max Epoch=149
EarlyStopping counter: 149 out of 200
Epoch [183][SemiTeacher][InsectWingbeatSound] loss= 0.04284; Epoch Label ACC.= 84.90%, UnLabel ACC.= 64.45%, Lipistz loss = 0, Train Unlabel Best ACC.= 66.7%, Train Max Epoch=149
EarlyStopping counter: 150 out of 200
Epoch [184][SemiTeacher][InsectWingbeatSound] loss= 0.04350; Epoch Label ACC.= 86.46%, UnLabel ACC.= 65.37%, Lipistz loss = 0, Train Unlabel Best ACC.= 66.7%, Train Max Epoch=149
EarlyStopping counter: 151 out of 200
Epoch [185][SemiTeacher][InsectWingbeatSound] loss= 0.04462; Epoch Label ACC.= 84.15%, UnLabel ACC.= 62.92%, Lipistz loss = 0, Train Unlabel Best ACC.= 66.7%, Train Max Epoch=149
EarlyStopping counter: 152 out of 200
Epoch [186][SemiTeacher][InsectWingbeatSound] loss= 0.04184; Epoch Label ACC.= 84.00%, UnLabel ACC.= 65.54%, Lipistz loss = 0, Train Unlabel Best ACC.= 66.7%, Train Max Epoch=149