wandb: Currently logged in as: pqy000 (pqythu). Use `wandb login --relogin` to force relogin
2024-08-23 12:07:38.721897: I tensorflow/core/platform/cpu_feature_guard.cc:193] This TensorFlow binary is optimized with oneAPI Deep Neural Network Library (oneDNN) to use the following CPU instructions in performance-critical operations:  AVX2 FMA
To enable them in other operations, rebuild TensorFlow with the appropriate compiler flags.
2024-08-23 12:07:39.582864: W tensorflow/compiler/xla/stream_executor/platform/default/dso_loader.cc:64] Could not load dynamic library 'libnvinfer.so.7'; dlerror: libnvinfer.so.7: cannot open shared object file: No such file or directory; LD_LIBRARY_PATH: /data/qingyi/miniconda3/envs/py3/lib/python3.7/site-packages/cv2/../../lib64:/opt/cudnn/lib64:/usr/local/cuda/lib64
2024-08-23 12:07:39.582970: W tensorflow/compiler/xla/stream_executor/platform/default/dso_loader.cc:64] Could not load dynamic library 'libnvinfer_plugin.so.7'; dlerror: libnvinfer_plugin.so.7: cannot open shared object file: No such file or directory; LD_LIBRARY_PATH: /data/qingyi/miniconda3/envs/py3/lib/python3.7/site-packages/cv2/../../lib64:/opt/cudnn/lib64:/usr/local/cuda/lib64
2024-08-23 12:07:39.582983: W tensorflow/compiler/tf2tensorrt/utils/py_utils.cc:38] TF-TRT Warning: Cannot dlopen some TensorRT libraries. If you would like to use Nvidia GPU with TensorRT, please make sure the missing libraries mentioned above are installed properly.
wandb: wandb version 0.17.7 is available!  To upgrade, please run:
wandb:  $ pip install wandb --upgrade
wandb: Tracking run with wandb version 0.12.17
wandb: Run data is saved locally in /home/qingyi/GPU20/SemiOur/wandb/run-20240823_120734-h1t16qjq
wandb: Run `wandb offline` to turn off syncing.
wandb: Syncing run devout-blaze-17
wandb: â­ï¸ View project at https://wandb.ai/pqythu/InsectWingbeatSound_semitime
wandb: ðŸš€ View run at https://wandb.ai/pqythu/InsectWingbeatSound_semitime/runs/h1t16qjq
[INFO] Running at: InsectWingbeatSound
[INFO] InsectWingbeatSound
[Stat] All class: {0: 200, 1: 200, 2: 200, 3: 200, 4: 200, 5: 200, 6: 200, 7: 200, 8: 200, 9: 200, 10: 200}
[Stat] Train class: mean=120.0, std=0.0
[Stat] Val class: mean=40.0, std=0.0
[Stat] Test class: mean=40.0, std=0.0
Train:(1320, 256, 1), Test:(440, 256, 1), Class:11
rp_params: [3, 0]
[Test-0] Val ACC:8.93%, Best Test ACC.: 8.93% in Epoch 0
Epoch [1][SemiTeacher][InsectWingbeatSound] loss= 0.00093; Epoch Label ACC.= 17.63%, UnLabel ACC.= 9.11%, Lipistz loss = 0, Train Unlabel Best ACC.= 9.1%, Train Max Epoch=0
[Test-1] Val ACC:10.20%, Best Test ACC.: 10.20% in Epoch 1
Validation loss decreased (inf --> 10.204082).  Saving model ...
Epoch [2][SemiTeacher][InsectWingbeatSound] loss= 0.00144; Epoch Label ACC.= 19.12%, UnLabel ACC.= 9.18%, Lipistz loss = 0, Train Unlabel Best ACC.= 9.2%, Train Max Epoch=1
EarlyStopping counter: 1 out of 200
Epoch [3][SemiTeacher][InsectWingbeatSound] loss= 0.00124; Epoch Label ACC.= 14.96%, UnLabel ACC.= 8.24%, Lipistz loss = 0, Train Unlabel Best ACC.= 9.2%, Train Max Epoch=1
EarlyStopping counter: 2 out of 200
Epoch [4][SemiTeacher][InsectWingbeatSound] loss= 0.00071; Epoch Label ACC.= 17.86%, UnLabel ACC.= 10.52%, Lipistz loss = 0, Train Unlabel Best ACC.= 10.5%, Train Max Epoch=3
EarlyStopping counter: 3 out of 200
Epoch [5][SemiTeacher][InsectWingbeatSound] loss= 0.00141; Epoch Label ACC.= 21.80%, UnLabel ACC.= 9.03%, Lipistz loss = 0, Train Unlabel Best ACC.= 10.5%, Train Max Epoch=3
EarlyStopping counter: 4 out of 200
Epoch [6][SemiTeacher][InsectWingbeatSound] loss= 0.00312; Epoch Label ACC.= 18.15%, UnLabel ACC.= 9.35%, Lipistz loss = 0, Train Unlabel Best ACC.= 10.5%, Train Max Epoch=3
[Test-6] Val ACC:17.63%, Best Test ACC.: 17.63% in Epoch 6
Validation loss decreased (10.204082 --> 17.633929).  Saving model ...
Epoch [7][SemiTeacher][InsectWingbeatSound] loss= 0.00214; Epoch Label ACC.= 17.11%, UnLabel ACC.= 11.19%, Lipistz loss = 0, Train Unlabel Best ACC.= 11.2%, Train Max Epoch=6
[Test-7] Val ACC:23.21%, Best Test ACC.: 21.88% in Epoch 7
Validation loss decreased (17.633929 --> 23.214286).  Saving model ...
Epoch [8][SemiTeacher][InsectWingbeatSound] loss= 0.00540; Epoch Label ACC.= 35.57%, UnLabel ACC.= 15.19%, Lipistz loss = 0, Train Unlabel Best ACC.= 15.2%, Train Max Epoch=7
[Test-8] Val ACC:40.02%, Best Test ACC.: 35.46% in Epoch 8
Validation loss decreased (23.214286 --> 40.019133).  Saving model ...
Epoch [9][SemiTeacher][InsectWingbeatSound] loss= 0.01288; Epoch Label ACC.= 43.23%, UnLabel ACC.= 23.24%, Lipistz loss = 0, Train Unlabel Best ACC.= 23.2%, Train Max Epoch=8
[Test-9] Val ACC:41.39%, Best Test ACC.: 41.74% in Epoch 9
Validation loss decreased (40.019133 --> 41.390307).  Saving model ...
Epoch [10][SemiTeacher][InsectWingbeatSound] loss= 0.02074; Epoch Label ACC.= 56.62%, UnLabel ACC.= 32.31%, Lipistz loss = 0, Train Unlabel Best ACC.= 32.3%, Train Max Epoch=9
[Test-10] Val ACC:48.28%, Best Test ACC.: 47.86% in Epoch 10
Validation loss decreased (41.390307 --> 48.278062).  Saving model ...
Epoch [11][SemiTeacher][InsectWingbeatSound] loss= 0.03172; Epoch Label ACC.= 65.77%, UnLabel ACC.= 37.46%, Lipistz loss = 0, Train Unlabel Best ACC.= 37.5%, Train Max Epoch=10
EarlyStopping counter: 1 out of 200
Epoch [12][SemiTeacher][InsectWingbeatSound] loss= 0.02795; Epoch Label ACC.= 68.60%, UnLabel ACC.= 39.60%, Lipistz loss = 0, Train Unlabel Best ACC.= 39.6%, Train Max Epoch=11
[Test-12] Val ACC:52.23%, Best Test ACC.: 46.97% in Epoch 12
Validation loss decreased (48.278062 --> 52.232143).  Saving model ...
Epoch [13][SemiTeacher][InsectWingbeatSound] loss= 0.02815; Epoch Label ACC.= 68.30%, UnLabel ACC.= 38.71%, Lipistz loss = 0, Train Unlabel Best ACC.= 39.6%, Train Max Epoch=11
EarlyStopping counter: 1 out of 200
Epoch [14][SemiTeacher][InsectWingbeatSound] loss= 0.02347; Epoch Label ACC.= 60.34%, UnLabel ACC.= 38.45%, Lipistz loss = 0, Train Unlabel Best ACC.= 39.6%, Train Max Epoch=11
EarlyStopping counter: 2 out of 200
Epoch [15][SemiTeacher][InsectWingbeatSound] loss= 0.02411; Epoch Label ACC.= 66.29%, UnLabel ACC.= 41.56%, Lipistz loss = 0, Train Unlabel Best ACC.= 41.6%, Train Max Epoch=14
EarlyStopping counter: 3 out of 200
Epoch [16][SemiTeacher][InsectWingbeatSound] loss= 0.02263; Epoch Label ACC.= 58.71%, UnLabel ACC.= 35.51%, Lipistz loss = 0, Train Unlabel Best ACC.= 41.6%, Train Max Epoch=14
EarlyStopping counter: 4 out of 200
Epoch [17][SemiTeacher][InsectWingbeatSound] loss= 0.02036; Epoch Label ACC.= 62.65%, UnLabel ACC.= 38.30%, Lipistz loss = 0, Train Unlabel Best ACC.= 41.6%, Train Max Epoch=14
[Test-17] Val ACC:52.87%, Best Test ACC.: 48.57% in Epoch 17
Validation loss decreased (52.232143 --> 52.869898).  Saving model ...
Epoch [18][SemiTeacher][InsectWingbeatSound] loss= 0.02251; Epoch Label ACC.= 59.45%, UnLabel ACC.= 40.86%, Lipistz loss = 0, Train Unlabel Best ACC.= 41.6%, Train Max Epoch=14
[Test-18] Val ACC:53.28%, Best Test ACC.: 46.46% in Epoch 18
Validation loss decreased (52.869898 --> 53.284439).  Saving model ...
Epoch [19][SemiTeacher][InsectWingbeatSound] loss= 0.01953; Epoch Label ACC.= 53.57%, UnLabel ACC.= 40.91%, Lipistz loss = 0, Train Unlabel Best ACC.= 41.6%, Train Max Epoch=14
EarlyStopping counter: 1 out of 200
Epoch [20][SemiTeacher][InsectWingbeatSound] loss= 0.02260; Epoch Label ACC.= 61.68%, UnLabel ACC.= 38.85%, Lipistz loss = 0, Train Unlabel Best ACC.= 41.6%, Train Max Epoch=14
EarlyStopping counter: 2 out of 200
Epoch [21][SemiTeacher][InsectWingbeatSound] loss= 0.02233; Epoch Label ACC.= 65.48%, UnLabel ACC.= 42.11%, Lipistz loss = 0, Train Unlabel Best ACC.= 42.1%, Train Max Epoch=20
EarlyStopping counter: 3 out of 200
Epoch [22][SemiTeacher][InsectWingbeatSound] loss= 0.02695; Epoch Label ACC.= 73.36%, UnLabel ACC.= 43.21%, Lipistz loss = 0, Train Unlabel Best ACC.= 43.2%, Train Max Epoch=21
EarlyStopping counter: 4 out of 200
Epoch [23][SemiTeacher][InsectWingbeatSound] loss= 0.02826; Epoch Label ACC.= 66.96%, UnLabel ACC.= 40.76%, Lipistz loss = 0, Train Unlabel Best ACC.= 43.2%, Train Max Epoch=21
[Test-23] Val ACC:54.62%, Best Test ACC.: 50.99% in Epoch 23
Validation loss decreased (53.284439 --> 54.623725).  Saving model ...
Epoch [24][SemiTeacher][InsectWingbeatSound] loss= 0.03004; Epoch Label ACC.= 68.15%, UnLabel ACC.= 42.71%, Lipistz loss = 0, Train Unlabel Best ACC.= 43.2%, Train Max Epoch=21
[Test-24] Val ACC:55.58%, Best Test ACC.: 51.88% in Epoch 24
Validation loss decreased (54.623725 --> 55.580357).  Saving model ...
Epoch [25][SemiTeacher][InsectWingbeatSound] loss= 0.03047; Epoch Label ACC.= 73.96%, UnLabel ACC.= 43.68%, Lipistz loss = 0, Train Unlabel Best ACC.= 43.7%, Train Max Epoch=24
[Test-25] Val ACC:57.08%, Best Test ACC.: 52.81% in Epoch 25
Validation loss decreased (55.580357 --> 57.079082).  Saving model ...
Epoch [26][SemiTeacher][InsectWingbeatSound] loss= 0.03054; Epoch Label ACC.= 72.84%, UnLabel ACC.= 44.21%, Lipistz loss = 0, Train Unlabel Best ACC.= 44.2%, Train Max Epoch=25
EarlyStopping counter: 1 out of 200
Epoch [27][SemiTeacher][InsectWingbeatSound] loss= 0.03289; Epoch Label ACC.= 72.99%, UnLabel ACC.= 42.69%, Lipistz loss = 0, Train Unlabel Best ACC.= 44.2%, Train Max Epoch=25
EarlyStopping counter: 2 out of 200
Epoch [28][SemiTeacher][InsectWingbeatSound] loss= 0.03480; Epoch Label ACC.= 78.35%, UnLabel ACC.= 45.51%, Lipistz loss = 0, Train Unlabel Best ACC.= 45.5%, Train Max Epoch=27
EarlyStopping counter: 3 out of 200
Epoch [29][SemiTeacher][InsectWingbeatSound] loss= 0.03349; Epoch Label ACC.= 76.19%, UnLabel ACC.= 43.39%, Lipistz loss = 0, Train Unlabel Best ACC.= 45.5%, Train Max Epoch=27
EarlyStopping counter: 4 out of 200
Epoch [30][SemiTeacher][InsectWingbeatSound] loss= 0.03545; Epoch Label ACC.= 70.01%, UnLabel ACC.= 44.52%, Lipistz loss = 0, Train Unlabel Best ACC.= 45.5%, Train Max Epoch=27
EarlyStopping counter: 5 out of 200
Epoch [31][SemiTeacher][InsectWingbeatSound] loss= 0.03557; Epoch Label ACC.= 77.75%, UnLabel ACC.= 42.77%, Lipistz loss = 0, Train Unlabel Best ACC.= 45.5%, Train Max Epoch=27
EarlyStopping counter: 6 out of 200
Epoch [32][SemiTeacher][InsectWingbeatSound] loss= 0.03787; Epoch Label ACC.= 75.07%, UnLabel ACC.= 44.67%, Lipistz loss = 0, Train Unlabel Best ACC.= 45.5%, Train Max Epoch=27
EarlyStopping counter: 7 out of 200
Epoch [33][SemiTeacher][InsectWingbeatSound] loss= 0.03756; Epoch Label ACC.= 72.84%, UnLabel ACC.= 47.07%, Lipistz loss = 0, Train Unlabel Best ACC.= 47.1%, Train Max Epoch=32
[Test-33] Val ACC:59.22%, Best Test ACC.: 55.33% in Epoch 33
Validation loss decreased (57.079082 --> 59.215562).  Saving model ...
Epoch [34][SemiTeacher][InsectWingbeatSound] loss= 0.03696; Epoch Label ACC.= 74.33%, UnLabel ACC.= 45.67%, Lipistz loss = 0, Train Unlabel Best ACC.= 47.1%, Train Max Epoch=32
EarlyStopping counter: 1 out of 200
Epoch [35][SemiTeacher][InsectWingbeatSound] loss= 0.03651; Epoch Label ACC.= 78.12%, UnLabel ACC.= 47.19%, Lipistz loss = 0, Train Unlabel Best ACC.= 47.2%, Train Max Epoch=34
EarlyStopping counter: 2 out of 200
Epoch [36][SemiTeacher][InsectWingbeatSound] loss= 0.03814; Epoch Label ACC.= 77.01%, UnLabel ACC.= 46.82%, Lipistz loss = 0, Train Unlabel Best ACC.= 47.2%, Train Max Epoch=34
EarlyStopping counter: 3 out of 200
Epoch [37][SemiTeacher][InsectWingbeatSound] loss= 0.03813; Epoch Label ACC.= 78.79%, UnLabel ACC.= 49.42%, Lipistz loss = 0, Train Unlabel Best ACC.= 49.4%, Train Max Epoch=36
EarlyStopping counter: 4 out of 200
Epoch [38][SemiTeacher][InsectWingbeatSound] loss= 0.04055; Epoch Label ACC.= 74.63%, UnLabel ACC.= 44.32%, Lipistz loss = 0, Train Unlabel Best ACC.= 49.4%, Train Max Epoch=36
EarlyStopping counter: 5 out of 200
Epoch [39][SemiTeacher][InsectWingbeatSound] loss= 0.04080; Epoch Label ACC.= 76.64%, UnLabel ACC.= 44.02%, Lipistz loss = 0, Train Unlabel Best ACC.= 49.4%, Train Max Epoch=36
EarlyStopping counter: 6 out of 200
Epoch [40][SemiTeacher][InsectWingbeatSound] loss= 0.03761; Epoch Label ACC.= 73.14%, UnLabel ACC.= 47.98%, Lipistz loss = 0, Train Unlabel Best ACC.= 49.4%, Train Max Epoch=36
EarlyStopping counter: 7 out of 200
Epoch [41][SemiTeacher][InsectWingbeatSound] loss= 0.04164; Epoch Label ACC.= 79.32%, UnLabel ACC.= 47.80%, Lipistz loss = 0, Train Unlabel Best ACC.= 49.4%, Train Max Epoch=36
EarlyStopping counter: 8 out of 200
Epoch [42][SemiTeacher][InsectWingbeatSound] loss= 0.03957; Epoch Label ACC.= 76.71%, UnLabel ACC.= 48.62%, Lipistz loss = 0, Train Unlabel Best ACC.= 49.4%, Train Max Epoch=36
EarlyStopping counter: 9 out of 200
Epoch [43][SemiTeacher][InsectWingbeatSound] loss= 0.03989; Epoch Label ACC.= 75.97%, UnLabel ACC.= 46.85%, Lipistz loss = 0, Train Unlabel Best ACC.= 49.4%, Train Max Epoch=36
EarlyStopping counter: 10 out of 200
Epoch [44][SemiTeacher][InsectWingbeatSound] loss= 0.04309; Epoch Label ACC.= 84.38%, UnLabel ACC.= 45.03%, Lipistz loss = 0, Train Unlabel Best ACC.= 49.4%, Train Max Epoch=36
EarlyStopping counter: 11 out of 200
Epoch [45][SemiTeacher][InsectWingbeatSound] loss= 0.04171; Epoch Label ACC.= 80.13%, UnLabel ACC.= 45.54%, Lipistz loss = 0, Train Unlabel Best ACC.= 49.4%, Train Max Epoch=36
EarlyStopping counter: 12 out of 200
Epoch [46][SemiTeacher][InsectWingbeatSound] loss= 0.04102; Epoch Label ACC.= 78.27%, UnLabel ACC.= 48.41%, Lipistz loss = 0, Train Unlabel Best ACC.= 49.4%, Train Max Epoch=36
EarlyStopping counter: 13 out of 200
Epoch [47][SemiTeacher][InsectWingbeatSound] loss= 0.04279; Epoch Label ACC.= 80.80%, UnLabel ACC.= 47.35%, Lipistz loss = 0, Train Unlabel Best ACC.= 49.4%, Train Max Epoch=36
EarlyStopping counter: 14 out of 200
Epoch [48][SemiTeacher][InsectWingbeatSound] loss= 0.04215; Epoch Label ACC.= 82.29%, UnLabel ACC.= 49.05%, Lipistz loss = 0, Train Unlabel Best ACC.= 49.4%, Train Max Epoch=36
EarlyStopping counter: 15 out of 200
Epoch [49][SemiTeacher][InsectWingbeatSound] loss= 0.04293; Epoch Label ACC.= 83.85%, UnLabel ACC.= 47.53%, Lipistz loss = 0, Train Unlabel Best ACC.= 49.4%, Train Max Epoch=36
EarlyStopping counter: 16 out of 200
Epoch [50][SemiTeacher][InsectWingbeatSound] loss= 0.04249; Epoch Label ACC.= 80.51%, UnLabel ACC.= 47.31%, Lipistz loss = 0, Train Unlabel Best ACC.= 49.4%, Train Max Epoch=36
EarlyStopping counter: 17 out of 200
Epoch [51][SemiTeacher][InsectWingbeatSound] loss= 0.04516; Epoch Label ACC.= 84.30%, UnLabel ACC.= 46.29%, Lipistz loss = 0, Train Unlabel Best ACC.= 49.4%, Train Max Epoch=36
EarlyStopping counter: 18 out of 200
Epoch [52][SemiTeacher][InsectWingbeatSound] loss= 0.04438; Epoch Label ACC.= 80.95%, UnLabel ACC.= 47.74%, Lipistz loss = 0, Train Unlabel Best ACC.= 49.4%, Train Max Epoch=36
EarlyStopping counter: 19 out of 200
Epoch [53][SemiTeacher][InsectWingbeatSound] loss= 0.04170; Epoch Label ACC.= 85.04%, UnLabel ACC.= 48.33%, Lipistz loss = 0, Train Unlabel Best ACC.= 49.4%, Train Max Epoch=36
EarlyStopping counter: 20 out of 200
Epoch [54][SemiTeacher][InsectWingbeatSound] loss= 0.04549; Epoch Label ACC.= 84.97%, UnLabel ACC.= 50.54%, Lipistz loss = 0, Train Unlabel Best ACC.= 50.5%, Train Max Epoch=53
EarlyStopping counter: 21 out of 200
Epoch [55][SemiTeacher][InsectWingbeatSound] loss= 0.04556; Epoch Label ACC.= 87.87%, UnLabel ACC.= 47.26%, Lipistz loss = 0, Train Unlabel Best ACC.= 50.5%, Train Max Epoch=53
EarlyStopping counter: 22 out of 200
Epoch [56][SemiTeacher][InsectWingbeatSound] loss= 0.04429; Epoch Label ACC.= 84.67%, UnLabel ACC.= 47.56%, Lipistz loss = 0, Train Unlabel Best ACC.= 50.5%, Train Max Epoch=53
EarlyStopping counter: 23 out of 200
Epoch [57][SemiTeacher][InsectWingbeatSound] loss= 0.04303; Epoch Label ACC.= 80.88%, UnLabel ACC.= 48.04%, Lipistz loss = 0, Train Unlabel Best ACC.= 50.5%, Train Max Epoch=53
[Test-57] Val ACC:59.34%, Best Test ACC.: 55.29% in Epoch 57
Validation loss decreased (59.215562 --> 59.343112).  Saving model ...
Epoch [58][SemiTeacher][InsectWingbeatSound] loss= 0.04301; Epoch Label ACC.= 81.70%, UnLabel ACC.= 48.57%, Lipistz loss = 0, Train Unlabel Best ACC.= 50.5%, Train Max Epoch=53
EarlyStopping counter: 1 out of 200
Epoch [59][SemiTeacher][InsectWingbeatSound] loss= 0.04126; Epoch Label ACC.= 82.96%, UnLabel ACC.= 48.97%, Lipistz loss = 0, Train Unlabel Best ACC.= 50.5%, Train Max Epoch=53
EarlyStopping counter: 2 out of 200
Epoch [60][SemiTeacher][InsectWingbeatSound] loss= 0.04167; Epoch Label ACC.= 83.63%, UnLabel ACC.= 49.91%, Lipistz loss = 0, Train Unlabel Best ACC.= 50.5%, Train Max Epoch=53
EarlyStopping counter: 3 out of 200
Epoch [61][SemiTeacher][InsectWingbeatSound] loss= 0.04318; Epoch Label ACC.= 88.10%, UnLabel ACC.= 48.35%, Lipistz loss = 0, Train Unlabel Best ACC.= 50.5%, Train Max Epoch=53
EarlyStopping counter: 4 out of 200
Epoch [62][SemiTeacher][InsectWingbeatSound] loss= 0.04387; Epoch Label ACC.= 88.39%, UnLabel ACC.= 48.05%, Lipistz loss = 0, Train Unlabel Best ACC.= 50.5%, Train Max Epoch=53
EarlyStopping counter: 5 out of 200
Epoch [63][SemiTeacher][InsectWingbeatSound] loss= 0.04551; Epoch Label ACC.= 88.47%, UnLabel ACC.= 46.98%, Lipistz loss = 0, Train Unlabel Best ACC.= 50.5%, Train Max Epoch=53
EarlyStopping counter: 6 out of 200
Epoch [64][SemiTeacher][InsectWingbeatSound] loss= 0.04395; Epoch Label ACC.= 78.72%, UnLabel ACC.= 46.50%, Lipistz loss = 0, Train Unlabel Best ACC.= 50.5%, Train Max Epoch=53
EarlyStopping counter: 7 out of 200
Epoch [65][SemiTeacher][InsectWingbeatSound] loss= 0.04289; Epoch Label ACC.= 72.84%, UnLabel ACC.= 46.96%, Lipistz loss = 0, Train Unlabel Best ACC.= 50.5%, Train Max Epoch=53
EarlyStopping counter: 8 out of 200
Epoch [66][SemiTeacher][InsectWingbeatSound] loss= 0.04557; Epoch Label ACC.= 80.80%, UnLabel ACC.= 45.37%, Lipistz loss = 0, Train Unlabel Best ACC.= 50.5%, Train Max Epoch=53
EarlyStopping counter: 9 out of 200
Epoch [67][SemiTeacher][InsectWingbeatSound] loss= 0.04600; Epoch Label ACC.= 80.80%, UnLabel ACC.= 46.76%, Lipistz loss = 0, Train Unlabel Best ACC.= 50.5%, Train Max Epoch=53
EarlyStopping counter: 10 out of 200
Epoch [68][SemiTeacher][InsectWingbeatSound] loss= 0.04637; Epoch Label ACC.= 86.53%, UnLabel ACC.= 46.41%, Lipistz loss = 0, Train Unlabel Best ACC.= 50.5%, Train Max Epoch=53
EarlyStopping counter: 11 out of 200
Epoch [69][SemiTeacher][InsectWingbeatSound] loss= 0.04634; Epoch Label ACC.= 84.90%, UnLabel ACC.= 47.59%, Lipistz loss = 0, Train Unlabel Best ACC.= 50.5%, Train Max Epoch=53
EarlyStopping counter: 12 out of 200
Epoch [70][SemiTeacher][InsectWingbeatSound] loss= 0.04492; Epoch Label ACC.= 82.89%, UnLabel ACC.= 46.09%, Lipistz loss = 0, Train Unlabel Best ACC.= 50.5%, Train Max Epoch=53
EarlyStopping counter: 13 out of 200
Epoch [71][SemiTeacher][InsectWingbeatSound] loss= 0.04633; Epoch Label ACC.= 89.06%, UnLabel ACC.= 49.54%, Lipistz loss = 0, Train Unlabel Best ACC.= 50.5%, Train Max Epoch=53
EarlyStopping counter: 14 out of 200
Epoch [72][SemiTeacher][InsectWingbeatSound] loss= 0.04581; Epoch Label ACC.= 90.40%, UnLabel ACC.= 48.18%, Lipistz loss = 0, Train Unlabel Best ACC.= 50.5%, Train Max Epoch=53
EarlyStopping counter: 15 out of 200
Epoch [73][SemiTeacher][InsectWingbeatSound] loss= 0.04867; Epoch Label ACC.= 88.39%, UnLabel ACC.= 48.24%, Lipistz loss = 0, Train Unlabel Best ACC.= 50.5%, Train Max Epoch=53
EarlyStopping counter: 16 out of 200
Epoch [74][SemiTeacher][InsectWingbeatSound] loss= 0.04701; Epoch Label ACC.= 80.43%, UnLabel ACC.= 48.45%, Lipistz loss = 0, Train Unlabel Best ACC.= 50.5%, Train Max Epoch=53
EarlyStopping counter: 17 out of 200
Epoch [75][SemiTeacher][InsectWingbeatSound] loss= 0.04219; Epoch Label ACC.= 85.94%, UnLabel ACC.= 46.56%, Lipistz loss = 0, Train Unlabel Best ACC.= 50.5%, Train Max Epoch=53
EarlyStopping counter: 18 out of 200
Epoch [76][SemiTeacher][InsectWingbeatSound] loss= 0.04607; Epoch Label ACC.= 89.29%, UnLabel ACC.= 47.75%, Lipistz loss = 0, Train Unlabel Best ACC.= 50.5%, Train Max Epoch=53
EarlyStopping counter: 19 out of 200
Epoch [77][SemiTeacher][InsectWingbeatSound] loss= 0.04681; Epoch Label ACC.= 87.20%, UnLabel ACC.= 47.81%, Lipistz loss = 0, Train Unlabel Best ACC.= 50.5%, Train Max Epoch=53
EarlyStopping counter: 20 out of 200
Epoch [78][SemiTeacher][InsectWingbeatSound] loss= 0.04569; Epoch Label ACC.= 81.99%, UnLabel ACC.= 51.68%, Lipistz loss = 0, Train Unlabel Best ACC.= 51.7%, Train Max Epoch=77
EarlyStopping counter: 21 out of 200
Epoch [79][SemiTeacher][InsectWingbeatSound] loss= 0.04528; Epoch Label ACC.= 88.47%, UnLabel ACC.= 49.33%, Lipistz loss = 0, Train Unlabel Best ACC.= 51.7%, Train Max Epoch=77
EarlyStopping counter: 22 out of 200
Epoch [80][SemiTeacher][InsectWingbeatSound] loss= 0.04645; Epoch Label ACC.= 86.31%, UnLabel ACC.= 45.57%, Lipistz loss = 0, Train Unlabel Best ACC.= 51.7%, Train Max Epoch=77
EarlyStopping counter: 23 out of 200
Epoch [81][SemiTeacher][InsectWingbeatSound] loss= 0.04510; Epoch Label ACC.= 88.76%, UnLabel ACC.= 46.50%, Lipistz loss = 0, Train Unlabel Best ACC.= 51.7%, Train Max Epoch=77
EarlyStopping counter: 24 out of 200
Epoch [82][SemiTeacher][InsectWingbeatSound] loss= 0.04572; Epoch Label ACC.= 86.98%, UnLabel ACC.= 47.47%, Lipistz loss = 0, Train Unlabel Best ACC.= 51.7%, Train Max Epoch=77
EarlyStopping counter: 25 out of 200
Epoch [83][SemiTeacher][InsectWingbeatSound] loss= 0.04621; Epoch Label ACC.= 85.19%, UnLabel ACC.= 49.12%, Lipistz loss = 0, Train Unlabel Best ACC.= 51.7%, Train Max Epoch=77
EarlyStopping counter: 26 out of 200
Epoch [84][SemiTeacher][InsectWingbeatSound] loss= 0.04441; Epoch Label ACC.= 89.43%, UnLabel ACC.= 51.03%, Lipistz loss = 0, Train Unlabel Best ACC.= 51.7%, Train Max Epoch=77
EarlyStopping counter: 27 out of 200
Epoch [85][SemiTeacher][InsectWingbeatSound] loss= 0.04608; Epoch Label ACC.= 89.73%, UnLabel ACC.= 50.49%, Lipistz loss = 0, Train Unlabel Best ACC.= 51.7%, Train Max Epoch=77
EarlyStopping counter: 28 out of 200
Epoch [86][SemiTeacher][InsectWingbeatSound] loss= 0.04608; Epoch Label ACC.= 83.71%, UnLabel ACC.= 47.63%, Lipistz loss = 0, Train Unlabel Best ACC.= 51.7%, Train Max Epoch=77
EarlyStopping counter: 29 out of 200
Epoch [87][SemiTeacher][InsectWingbeatSound] loss= 0.04226; Epoch Label ACC.= 88.39%, UnLabel ACC.= 48.85%, Lipistz loss = 0, Train Unlabel Best ACC.= 51.7%, Train Max Epoch=77
EarlyStopping counter: 30 out of 200
Epoch [88][SemiTeacher][InsectWingbeatSound] loss= 0.04369; Epoch Label ACC.= 89.36%, UnLabel ACC.= 49.79%, Lipistz loss = 0, Train Unlabel Best ACC.= 51.7%, Train Max Epoch=77
EarlyStopping counter: 31 out of 200
Epoch [89][SemiTeacher][InsectWingbeatSound] loss= 0.04616; Epoch Label ACC.= 86.76%, UnLabel ACC.= 46.32%, Lipistz loss = 0, Train Unlabel Best ACC.= 51.7%, Train Max Epoch=77
EarlyStopping counter: 32 out of 200
Epoch [90][SemiTeacher][InsectWingbeatSound] loss= 0.05072; Epoch Label ACC.= 85.19%, UnLabel ACC.= 48.26%, Lipistz loss = 0, Train Unlabel Best ACC.= 51.7%, Train Max Epoch=77
EarlyStopping counter: 33 out of 200
Epoch [91][SemiTeacher][InsectWingbeatSound] loss= 0.04744; Epoch Label ACC.= 87.87%, UnLabel ACC.= 48.24%, Lipistz loss = 0, Train Unlabel Best ACC.= 51.7%, Train Max Epoch=77
EarlyStopping counter: 34 out of 200
Epoch [92][SemiTeacher][InsectWingbeatSound] loss= 0.04569; Epoch Label ACC.= 82.74%, UnLabel ACC.= 49.29%, Lipistz loss = 0, Train Unlabel Best ACC.= 51.7%, Train Max Epoch=77
EarlyStopping counter: 35 out of 200
Epoch [93][SemiTeacher][InsectWingbeatSound] loss= 0.04533; Epoch Label ACC.= 86.09%, UnLabel ACC.= 46.61%, Lipistz loss = 0, Train Unlabel Best ACC.= 51.7%, Train Max Epoch=77
EarlyStopping counter: 36 out of 200
Epoch [94][SemiTeacher][InsectWingbeatSound] loss= 0.04415; Epoch Label ACC.= 84.97%, UnLabel ACC.= 46.15%, Lipistz loss = 0, Train Unlabel Best ACC.= 51.7%, Train Max Epoch=77
EarlyStopping counter: 37 out of 200
Epoch [95][SemiTeacher][InsectWingbeatSound] loss= 0.04604; Epoch Label ACC.= 90.92%, UnLabel ACC.= 48.91%, Lipistz loss = 0, Train Unlabel Best ACC.= 51.7%, Train Max Epoch=77
EarlyStopping counter: 38 out of 200
Epoch [96][SemiTeacher][InsectWingbeatSound] loss= 0.04601; Epoch Label ACC.= 85.64%, UnLabel ACC.= 47.84%, Lipistz loss = 0, Train Unlabel Best ACC.= 51.7%, Train Max Epoch=77
EarlyStopping counter: 39 out of 200
Epoch [97][SemiTeacher][InsectWingbeatSound] loss= 0.04371; Epoch Label ACC.= 88.54%, UnLabel ACC.= 47.86%, Lipistz loss = 0, Train Unlabel Best ACC.= 51.7%, Train Max Epoch=77
EarlyStopping counter: 40 out of 200
Epoch [98][SemiTeacher][InsectWingbeatSound] loss= 0.04556; Epoch Label ACC.= 88.17%, UnLabel ACC.= 48.97%, Lipistz loss = 0, Train Unlabel Best ACC.= 51.7%, Train Max Epoch=77
EarlyStopping counter: 41 out of 200
Epoch [99][SemiTeacher][InsectWingbeatSound] loss= 0.04544; Epoch Label ACC.= 89.88%, UnLabel ACC.= 47.04%, Lipistz loss = 0, Train Unlabel Best ACC.= 51.7%, Train Max Epoch=77
EarlyStopping counter: 42 out of 200
Epoch [100][SemiTeacher][InsectWingbeatSound] loss= 0.04847; Epoch Label ACC.= 88.84%, UnLabel ACC.= 46.34%, Lipistz loss = 0, Train Unlabel Best ACC.= 51.7%, Train Max Epoch=77
EarlyStopping counter: 43 out of 200
Epoch [101][SemiTeacher][InsectWingbeatSound] loss= 0.04771; Epoch Label ACC.= 91.37%, UnLabel ACC.= 46.10%, Lipistz loss = 0, Train Unlabel Best ACC.= 51.7%, Train Max Epoch=77
EarlyStopping counter: 44 out of 200
Epoch [102][SemiTeacher][InsectWingbeatSound] loss= 0.04618; Epoch Label ACC.= 90.18%, UnLabel ACC.= 47.47%, Lipistz loss = 0, Train Unlabel Best ACC.= 51.7%, Train Max Epoch=77
EarlyStopping counter: 45 out of 200
Epoch [103][SemiTeacher][InsectWingbeatSound] loss= 0.04554; Epoch Label ACC.= 86.09%, UnLabel ACC.= 48.15%, Lipistz loss = 0, Train Unlabel Best ACC.= 51.7%, Train Max Epoch=77
EarlyStopping counter: 46 out of 200
Epoch [104][SemiTeacher][InsectWingbeatSound] loss= 0.04641; Epoch Label ACC.= 91.22%, UnLabel ACC.= 51.68%, Lipistz loss = 0, Train Unlabel Best ACC.= 51.7%, Train Max Epoch=77
EarlyStopping counter: 47 out of 200
Epoch [105][SemiTeacher][InsectWingbeatSound] loss= 0.04701; Epoch Label ACC.= 91.82%, UnLabel ACC.= 48.76%, Lipistz loss = 0, Train Unlabel Best ACC.= 51.7%, Train Max Epoch=77
EarlyStopping counter: 48 out of 200
Epoch [106][SemiTeacher][InsectWingbeatSound] loss= 0.05118; Epoch Label ACC.= 89.58%, UnLabel ACC.= 46.67%, Lipistz loss = 0, Train Unlabel Best ACC.= 51.7%, Train Max Epoch=77
EarlyStopping counter: 49 out of 200
Epoch [107][SemiTeacher][InsectWingbeatSound] loss= 0.04859; Epoch Label ACC.= 87.72%, UnLabel ACC.= 46.25%, Lipistz loss = 0, Train Unlabel Best ACC.= 51.7%, Train Max Epoch=77
EarlyStopping counter: 50 out of 200
Epoch [108][SemiTeacher][InsectWingbeatSound] loss= 0.04476; Epoch Label ACC.= 87.72%, UnLabel ACC.= 51.29%, Lipistz loss = 0, Train Unlabel Best ACC.= 51.7%, Train Max Epoch=77
EarlyStopping counter: 51 out of 200
Epoch [109][SemiTeacher][InsectWingbeatSound] loss= 0.04839; Epoch Label ACC.= 87.28%, UnLabel ACC.= 46.21%, Lipistz loss = 0, Train Unlabel Best ACC.= 51.7%, Train Max Epoch=77
EarlyStopping counter: 52 out of 200
Epoch [110][SemiTeacher][InsectWingbeatSound] loss= 0.04336; Epoch Label ACC.= 92.71%, UnLabel ACC.= 46.59%, Lipistz loss = 0, Train Unlabel Best ACC.= 51.7%, Train Max Epoch=77
EarlyStopping counter: 53 out of 200
Epoch [111][SemiTeacher][InsectWingbeatSound] loss= 0.04404; Epoch Label ACC.= 89.21%, UnLabel ACC.= 51.12%, Lipistz loss = 0, Train Unlabel Best ACC.= 51.7%, Train Max Epoch=77
EarlyStopping counter: 54 out of 200
Epoch [112][SemiTeacher][InsectWingbeatSound] loss= 0.04636; Epoch Label ACC.= 87.20%, UnLabel ACC.= 50.71%, Lipistz loss = 0, Train Unlabel Best ACC.= 51.7%, Train Max Epoch=77
EarlyStopping counter: 55 out of 200
Epoch [113][SemiTeacher][InsectWingbeatSound] loss= 0.04876; Epoch Label ACC.= 90.62%, UnLabel ACC.= 47.62%, Lipistz loss = 0, Train Unlabel Best ACC.= 51.7%, Train Max Epoch=77
EarlyStopping counter: 56 out of 200
Epoch [114][SemiTeacher][InsectWingbeatSound] loss= 0.04688; Epoch Label ACC.= 87.72%, UnLabel ACC.= 46.29%, Lipistz loss = 0, Train Unlabel Best ACC.= 51.7%, Train Max Epoch=77
EarlyStopping counter: 57 out of 200
Epoch [115][SemiTeacher][InsectWingbeatSound] loss= 0.04476; Epoch Label ACC.= 92.34%, UnLabel ACC.= 47.83%, Lipistz loss = 0, Train Unlabel Best ACC.= 51.7%, Train Max Epoch=77
EarlyStopping counter: 58 out of 200
Epoch [116][SemiTeacher][InsectWingbeatSound] loss= 0.04777; Epoch Label ACC.= 86.01%, UnLabel ACC.= 47.92%, Lipistz loss = 0, Train Unlabel Best ACC.= 51.7%, Train Max Epoch=77
EarlyStopping counter: 59 out of 200
Epoch [117][SemiTeacher][InsectWingbeatSound] loss= 0.04480; Epoch Label ACC.= 84.75%, UnLabel ACC.= 48.12%, Lipistz loss = 0, Train Unlabel Best ACC.= 51.7%, Train Max Epoch=77
EarlyStopping counter: 60 out of 200
Epoch [118][SemiTeacher][InsectWingbeatSound] loss= 0.04418; Epoch Label ACC.= 93.01%, UnLabel ACC.= 47.95%, Lipistz loss = 0, Train Unlabel Best ACC.= 51.7%, Train Max Epoch=77
EarlyStopping counter: 61 out of 200
Epoch [119][SemiTeacher][InsectWingbeatSound] loss= 0.04436; Epoch Label ACC.= 91.44%, UnLabel ACC.= 49.67%, Lipistz loss = 0, Train Unlabel Best ACC.= 51.7%, Train Max Epoch=77
EarlyStopping counter: 62 out of 200
Epoch [120][SemiTeacher][InsectWingbeatSound] loss= 0.04687; Epoch Label ACC.= 90.62%, UnLabel ACC.= 49.82%, Lipistz loss = 0, Train Unlabel Best ACC.= 51.7%, Train Max Epoch=77
EarlyStopping counter: 63 out of 200
Epoch [121][SemiTeacher][InsectWingbeatSound] loss= 0.04294; Epoch Label ACC.= 89.88%, UnLabel ACC.= 48.60%, Lipistz loss = 0, Train Unlabel Best ACC.= 51.7%, Train Max Epoch=77
EarlyStopping counter: 64 out of 200
Epoch [122][SemiTeacher][InsectWingbeatSound] loss= 0.04492; Epoch Label ACC.= 90.40%, UnLabel ACC.= 49.40%, Lipistz loss = 0, Train Unlabel Best ACC.= 51.7%, Train Max Epoch=77
EarlyStopping counter: 65 out of 200
Epoch [123][SemiTeacher][InsectWingbeatSound] loss= 0.04503; Epoch Label ACC.= 91.07%, UnLabel ACC.= 49.57%, Lipistz loss = 0, Train Unlabel Best ACC.= 51.7%, Train Max Epoch=77
EarlyStopping counter: 66 out of 200
Epoch [124][SemiTeacher][InsectWingbeatSound] loss= 0.04490; Epoch Label ACC.= 91.15%, UnLabel ACC.= 51.83%, Lipistz loss = 0, Train Unlabel Best ACC.= 51.8%, Train Max Epoch=123
EarlyStopping counter: 67 out of 200
Epoch [125][SemiTeacher][InsectWingbeatSound] loss= 0.04603; Epoch Label ACC.= 86.09%, UnLabel ACC.= 48.68%, Lipistz loss = 0, Train Unlabel Best ACC.= 51.8%, Train Max Epoch=123
EarlyStopping counter: 68 out of 200
Epoch [126][SemiTeacher][InsectWingbeatSound] loss= 0.04635; Epoch Label ACC.= 90.70%, UnLabel ACC.= 50.01%, Lipistz loss = 0, Train Unlabel Best ACC.= 51.8%, Train Max Epoch=123
EarlyStopping counter: 69 out of 200
Epoch [127][SemiTeacher][InsectWingbeatSound] loss= 0.04391; Epoch Label ACC.= 88.39%, UnLabel ACC.= 47.75%, Lipistz loss = 0, Train Unlabel Best ACC.= 51.8%, Train Max Epoch=123
EarlyStopping counter: 70 out of 200
Epoch [128][SemiTeacher][InsectWingbeatSound] loss= 0.04540; Epoch Label ACC.= 86.53%, UnLabel ACC.= 48.47%, Lipistz loss = 0, Train Unlabel Best ACC.= 51.8%, Train Max Epoch=123
EarlyStopping counter: 71 out of 200
Epoch [129][SemiTeacher][InsectWingbeatSound] loss= 0.04595; Epoch Label ACC.= 88.54%, UnLabel ACC.= 48.08%, Lipistz loss = 0, Train Unlabel Best ACC.= 51.8%, Train Max Epoch=123
EarlyStopping counter: 72 out of 200
Epoch [130][SemiTeacher][InsectWingbeatSound] loss= 0.04593; Epoch Label ACC.= 91.59%, UnLabel ACC.= 48.79%, Lipistz loss = 0, Train Unlabel Best ACC.= 51.8%, Train Max Epoch=123
EarlyStopping counter: 73 out of 200
Epoch [131][SemiTeacher][InsectWingbeatSound] loss= 0.04482; Epoch Label ACC.= 92.56%, UnLabel ACC.= 52.31%, Lipistz loss = 0, Train Unlabel Best ACC.= 52.3%, Train Max Epoch=130
EarlyStopping counter: 74 out of 200
Epoch [132][SemiTeacher][InsectWingbeatSound] loss= 0.04852; Epoch Label ACC.= 89.73%, UnLabel ACC.= 47.71%, Lipistz loss = 0, Train Unlabel Best ACC.= 52.3%, Train Max Epoch=130
EarlyStopping counter: 75 out of 200
Epoch [133][SemiTeacher][InsectWingbeatSound] loss= 0.04631; Epoch Label ACC.= 86.98%, UnLabel ACC.= 49.46%, Lipistz loss = 0, Train Unlabel Best ACC.= 52.3%, Train Max Epoch=130
EarlyStopping counter: 76 out of 200
Epoch [134][SemiTeacher][InsectWingbeatSound] loss= 0.04613; Epoch Label ACC.= 89.43%, UnLabel ACC.= 46.49%, Lipistz loss = 0, Train Unlabel Best ACC.= 52.3%, Train Max Epoch=130
EarlyStopping counter: 77 out of 200
Epoch [135][SemiTeacher][InsectWingbeatSound] loss= 0.04753; Epoch Label ACC.= 88.10%, UnLabel ACC.= 49.02%, Lipistz loss = 0, Train Unlabel Best ACC.= 52.3%, Train Max Epoch=130
EarlyStopping counter: 78 out of 200
Epoch [136][SemiTeacher][InsectWingbeatSound] loss= 0.04565; Epoch Label ACC.= 85.94%, UnLabel ACC.= 48.90%, Lipistz loss = 0, Train Unlabel Best ACC.= 52.3%, Train Max Epoch=130
EarlyStopping counter: 79 out of 200
Epoch [137][SemiTeacher][InsectWingbeatSound] loss= 0.04568; Epoch Label ACC.= 91.89%, UnLabel ACC.= 48.26%, Lipistz loss = 0, Train Unlabel Best ACC.= 52.3%, Train Max Epoch=130
EarlyStopping counter: 80 out of 200
Epoch [138][SemiTeacher][InsectWingbeatSound] loss= 0.04686; Epoch Label ACC.= 93.53%, UnLabel ACC.= 47.77%, Lipistz loss = 0, Train Unlabel Best ACC.= 52.3%, Train Max Epoch=130
EarlyStopping counter: 81 out of 200
Epoch [139][SemiTeacher][InsectWingbeatSound] loss= 0.04692; Epoch Label ACC.= 93.01%, UnLabel ACC.= 48.20%, Lipistz loss = 0, Train Unlabel Best ACC.= 52.3%, Train Max Epoch=130
EarlyStopping counter: 82 out of 200
Epoch [140][SemiTeacher][InsectWingbeatSound] loss= 0.04698; Epoch Label ACC.= 92.49%, UnLabel ACC.= 49.03%, Lipistz loss = 0, Train Unlabel Best ACC.= 52.3%, Train Max Epoch=130
EarlyStopping counter: 83 out of 200
Epoch [141][SemiTeacher][InsectWingbeatSound] loss= 0.04526; Epoch Label ACC.= 90.10%, UnLabel ACC.= 48.78%, Lipistz loss = 0, Train Unlabel Best ACC.= 52.3%, Train Max Epoch=130
EarlyStopping counter: 84 out of 200
Epoch [142][SemiTeacher][InsectWingbeatSound] loss= 0.04745; Epoch Label ACC.= 90.03%, UnLabel ACC.= 46.83%, Lipistz loss = 0, Train Unlabel Best ACC.= 52.3%, Train Max Epoch=130
EarlyStopping counter: 85 out of 200
Epoch [143][SemiTeacher][InsectWingbeatSound] loss= 0.04422; Epoch Label ACC.= 90.48%, UnLabel ACC.= 50.61%, Lipistz loss = 0, Train Unlabel Best ACC.= 52.3%, Train Max Epoch=130
EarlyStopping counter: 86 out of 200
Epoch [144][SemiTeacher][InsectWingbeatSound] loss= 0.04709; Epoch Label ACC.= 90.10%, UnLabel ACC.= 48.56%, Lipistz loss = 0, Train Unlabel Best ACC.= 52.3%, Train Max Epoch=130
EarlyStopping counter: 87 out of 200
Epoch [145][SemiTeacher][InsectWingbeatSound] loss= 0.04726; Epoch Label ACC.= 93.38%, UnLabel ACC.= 47.25%, Lipistz loss = 0, Train Unlabel Best ACC.= 52.3%, Train Max Epoch=130
EarlyStopping counter: 88 out of 200
Epoch [146][SemiTeacher][InsectWingbeatSound] loss= 0.04548; Epoch Label ACC.= 91.82%, UnLabel ACC.= 48.26%, Lipistz loss = 0, Train Unlabel Best ACC.= 52.3%, Train Max Epoch=130
EarlyStopping counter: 89 out of 200
Epoch [147][SemiTeacher][InsectWingbeatSound] loss= 0.04381; Epoch Label ACC.= 91.74%, UnLabel ACC.= 50.16%, Lipistz loss = 0, Train Unlabel Best ACC.= 52.3%, Train Max Epoch=130
EarlyStopping counter: 90 out of 200
Epoch [148][SemiTeacher][InsectWingbeatSound] loss= 0.04493; Epoch Label ACC.= 95.46%, UnLabel ACC.= 50.10%, Lipistz loss = 0, Train Unlabel Best ACC.= 52.3%, Train Max Epoch=130
EarlyStopping counter: 91 out of 200
Epoch [149][SemiTeacher][InsectWingbeatSound] loss= 0.04550; Epoch Label ACC.= 90.55%, UnLabel ACC.= 51.38%, Lipistz loss = 0, Train Unlabel Best ACC.= 52.3%, Train Max Epoch=130
EarlyStopping counter: 92 out of 200
Epoch [150][SemiTeacher][InsectWingbeatSound] loss= 0.04490; Epoch Label ACC.= 91.52%, UnLabel ACC.= 48.69%, Lipistz loss = 0, Train Unlabel Best ACC.= 52.3%, Train Max Epoch=130
EarlyStopping counter: 93 out of 200
Epoch [151][SemiTeacher][InsectWingbeatSound] loss= 0.04819; Epoch Label ACC.= 92.56%, UnLabel ACC.= 48.12%, Lipistz loss = 0, Train Unlabel Best ACC.= 52.3%, Train Max Epoch=130
EarlyStopping counter: 94 out of 200
Epoch [152][SemiTeacher][InsectWingbeatSound] loss= 0.04678; Epoch Label ACC.= 93.60%, UnLabel ACC.= 49.51%, Lipistz loss = 0, Train Unlabel Best ACC.= 52.3%, Train Max Epoch=130
EarlyStopping counter: 95 out of 200
Epoch [153][SemiTeacher][InsectWingbeatSound] loss= 0.04563; Epoch Label ACC.= 91.52%, UnLabel ACC.= 49.03%, Lipistz loss = 0, Train Unlabel Best ACC.= 52.3%, Train Max Epoch=130
EarlyStopping counter: 96 out of 200
Epoch [154][SemiTeacher][InsectWingbeatSound] loss= 0.04692; Epoch Label ACC.= 92.86%, UnLabel ACC.= 50.48%, Lipistz loss = 0, Train Unlabel Best ACC.= 52.3%, Train Max Epoch=130
EarlyStopping counter: 97 out of 200
Epoch [155][SemiTeacher][InsectWingbeatSound] loss= 0.04819; Epoch Label ACC.= 93.60%, UnLabel ACC.= 51.25%, Lipistz loss = 0, Train Unlabel Best ACC.= 52.3%, Train Max Epoch=130
EarlyStopping counter: 98 out of 200
Epoch [156][SemiTeacher][InsectWingbeatSound] loss= 0.04463; Epoch Label ACC.= 92.86%, UnLabel ACC.= 52.62%, Lipistz loss = 0, Train Unlabel Best ACC.= 52.6%, Train Max Epoch=155
EarlyStopping counter: 99 out of 200
Epoch [157][SemiTeacher][InsectWingbeatSound] loss= 0.04726; Epoch Label ACC.= 86.31%, UnLabel ACC.= 48.88%, Lipistz loss = 0, Train Unlabel Best ACC.= 52.6%, Train Max Epoch=155
EarlyStopping counter: 100 out of 200
Epoch [158][SemiTeacher][InsectWingbeatSound] loss= 0.04681; Epoch Label ACC.= 88.99%, UnLabel ACC.= 50.89%, Lipistz loss = 0, Train Unlabel Best ACC.= 52.6%, Train Max Epoch=155
EarlyStopping counter: 101 out of 200
Epoch [159][SemiTeacher][InsectWingbeatSound] loss= 0.04476; Epoch Label ACC.= 89.36%, UnLabel ACC.= 49.64%, Lipistz loss = 0, Train Unlabel Best ACC.= 52.6%, Train Max Epoch=155
EarlyStopping counter: 102 out of 200
Epoch [160][SemiTeacher][InsectWingbeatSound] loss= 0.04467; Epoch Label ACC.= 91.44%, UnLabel ACC.= 50.34%, Lipistz loss = 0, Train Unlabel Best ACC.= 52.6%, Train Max Epoch=155
EarlyStopping counter: 103 out of 200
Epoch [161][SemiTeacher][InsectWingbeatSound] loss= 0.04616; Epoch Label ACC.= 92.86%, UnLabel ACC.= 50.77%, Lipistz loss = 0, Train Unlabel Best ACC.= 52.6%, Train Max Epoch=155
EarlyStopping counter: 104 out of 200
Epoch [162][SemiTeacher][InsectWingbeatSound] loss= 0.04636; Epoch Label ACC.= 92.41%, UnLabel ACC.= 50.39%, Lipistz loss = 0, Train Unlabel Best ACC.= 52.6%, Train Max Epoch=155
EarlyStopping counter: 105 out of 200
Epoch [163][SemiTeacher][InsectWingbeatSound] loss= 0.04616; Epoch Label ACC.= 94.57%, UnLabel ACC.= 48.60%, Lipistz loss = 0, Train Unlabel Best ACC.= 52.6%, Train Max Epoch=155
EarlyStopping counter: 106 out of 200
Epoch [164][SemiTeacher][InsectWingbeatSound] loss= 0.04463; Epoch Label ACC.= 90.03%, UnLabel ACC.= 49.33%, Lipistz loss = 0, Train Unlabel Best ACC.= 52.6%, Train Max Epoch=155
EarlyStopping counter: 107 out of 200
Epoch [165][SemiTeacher][InsectWingbeatSound] loss= 0.04492; Epoch Label ACC.= 89.14%, UnLabel ACC.= 51.03%, Lipistz loss = 0, Train Unlabel Best ACC.= 52.6%, Train Max Epoch=155
EarlyStopping counter: 108 out of 200
Epoch [166][SemiTeacher][InsectWingbeatSound] loss= 0.04447; Epoch Label ACC.= 92.34%, UnLabel ACC.= 48.08%, Lipistz loss = 0, Train Unlabel Best ACC.= 52.6%, Train Max Epoch=155
EarlyStopping counter: 109 out of 200
Epoch [167][SemiTeacher][InsectWingbeatSound] loss= 0.04632; Epoch Label ACC.= 93.15%, UnLabel ACC.= 50.49%, Lipistz loss = 0, Train Unlabel Best ACC.= 52.6%, Train Max Epoch=155
EarlyStopping counter: 110 out of 200
Epoch [168][SemiTeacher][InsectWingbeatSound] loss= 0.04606; Epoch Label ACC.= 93.60%, UnLabel ACC.= 47.40%, Lipistz loss = 0, Train Unlabel Best ACC.= 52.6%, Train Max Epoch=155
EarlyStopping counter: 111 out of 200
Epoch [169][SemiTeacher][InsectWingbeatSound] loss= 0.04600; Epoch Label ACC.= 88.02%, UnLabel ACC.= 49.66%, Lipistz loss = 0, Train Unlabel Best ACC.= 52.6%, Train Max Epoch=155
EarlyStopping counter: 112 out of 200
Epoch [170][SemiTeacher][InsectWingbeatSound] loss= 0.04693; Epoch Label ACC.= 90.33%, UnLabel ACC.= 49.12%, Lipistz loss = 0, Train Unlabel Best ACC.= 52.6%, Train Max Epoch=155
EarlyStopping counter: 113 out of 200
Epoch [171][SemiTeacher][InsectWingbeatSound] loss= 0.04636; Epoch Label ACC.= 89.21%, UnLabel ACC.= 52.10%, Lipistz loss = 0, Train Unlabel Best ACC.= 52.6%, Train Max Epoch=155
EarlyStopping counter: 114 out of 200
Epoch [172][SemiTeacher][InsectWingbeatSound] loss= 0.04688; Epoch Label ACC.= 89.58%, UnLabel ACC.= 50.68%, Lipistz loss = 0, Train Unlabel Best ACC.= 52.6%, Train Max Epoch=155
EarlyStopping counter: 115 out of 200
Epoch [173][SemiTeacher][InsectWingbeatSound] loss= 0.04681; Epoch Label ACC.= 90.25%, UnLabel ACC.= 46.37%, Lipistz loss = 0, Train Unlabel Best ACC.= 52.6%, Train Max Epoch=155
EarlyStopping counter: 116 out of 200
Epoch [174][SemiTeacher][InsectWingbeatSound] loss= 0.04575; Epoch Label ACC.= 90.92%, UnLabel ACC.= 46.85%, Lipistz loss = 0, Train Unlabel Best ACC.= 52.6%, Train Max Epoch=155
EarlyStopping counter: 117 out of 200
Epoch [175][SemiTeacher][InsectWingbeatSound] loss= 0.04676; Epoch Label ACC.= 91.00%, UnLabel ACC.= 48.12%, Lipistz loss = 0, Train Unlabel Best ACC.= 52.6%, Train Max Epoch=155
EarlyStopping counter: 118 out of 200
Epoch [176][SemiTeacher][InsectWingbeatSound] loss= 0.04904; Epoch Label ACC.= 88.32%, UnLabel ACC.= 47.57%, Lipistz loss = 0, Train Unlabel Best ACC.= 52.6%, Train Max Epoch=155
EarlyStopping counter: 119 out of 200
Epoch [177][SemiTeacher][InsectWingbeatSound] loss= 0.04418; Epoch Label ACC.= 91.37%, UnLabel ACC.= 49.11%, Lipistz loss = 0, Train Unlabel Best ACC.= 52.6%, Train Max Epoch=155
EarlyStopping counter: 120 out of 200
Epoch [178][SemiTeacher][InsectWingbeatSound] loss= 0.04532; Epoch Label ACC.= 91.00%, UnLabel ACC.= 50.52%, Lipistz loss = 0, Train Unlabel Best ACC.= 52.6%, Train Max Epoch=155
EarlyStopping counter: 121 out of 200
Epoch [179][SemiTeacher][InsectWingbeatSound] loss= 0.04376; Epoch Label ACC.= 92.86%, UnLabel ACC.= 51.24%, Lipistz loss = 0, Train Unlabel Best ACC.= 52.6%, Train Max Epoch=155
EarlyStopping counter: 122 out of 200
Epoch [180][SemiTeacher][InsectWingbeatSound] loss= 0.04767; Epoch Label ACC.= 90.03%, UnLabel ACC.= 49.94%, Lipistz loss = 0, Train Unlabel Best ACC.= 52.6%, Train Max Epoch=155
EarlyStopping counter: 123 out of 200
Epoch [181][SemiTeacher][InsectWingbeatSound] loss= 0.04701; Epoch Label ACC.= 90.10%, UnLabel ACC.= 49.78%, Lipistz loss = 0, Train Unlabel Best ACC.= 52.6%, Train Max Epoch=155
EarlyStopping counter: 124 out of 200
Epoch [182][SemiTeacher][InsectWingbeatSound] loss= 0.04556; Epoch Label ACC.= 94.94%, UnLabel ACC.= 47.47%, Lipistz loss = 0, Train Unlabel Best ACC.= 52.6%, Train Max Epoch=155
EarlyStopping counter: 125 out of 200
Epoch [183][SemiTeacher][InsectWingbeatSound] loss= 0.04716; Epoch Label ACC.= 86.68%, UnLabel ACC.= 48.76%, Lipistz loss = 0, Train Unlabel Best ACC.= 52.6%, Train Max Epoch=155
EarlyStopping counter: 126 out of 200
Epoch [184][SemiTeacher][InsectWingbeatSound] loss= 0.04699; Epoch Label ACC.= 89.96%, UnLabel ACC.= 51.21%, Lipistz loss = 0, Train Unlabel Best ACC.= 52.6%, Train Max Epoch=155
EarlyStopping counter: 127 out of 200
Epoch [185][SemiTeacher][InsectWingbeatSound] loss= 0.04854; Epoch Label ACC.= 89.73%, UnLabel ACC.= 50.51%, Lipistz loss = 0, Train Unlabel Best ACC.= 52.6%, Train Max Epoch=155