wandb: Currently logged in as: pqy000 (pqythu). Use `wandb login --relogin` to force relogin
2024-08-23 18:38:17.293537: I tensorflow/core/platform/cpu_feature_guard.cc:193] This TensorFlow binary is optimized with oneAPI Deep Neural Network Library (oneDNN) to use the following CPU instructions in performance-critical operations:  AVX2 FMA
To enable them in other operations, rebuild TensorFlow with the appropriate compiler flags.
2024-08-23 18:38:18.137552: W tensorflow/compiler/xla/stream_executor/platform/default/dso_loader.cc:64] Could not load dynamic library 'libnvinfer.so.7'; dlerror: libnvinfer.so.7: cannot open shared object file: No such file or directory; LD_LIBRARY_PATH: /data/qingyi/miniconda3/envs/py3/lib/python3.7/site-packages/cv2/../../lib64:/opt/cudnn/lib64:/usr/local/cuda/lib64
2024-08-23 18:38:18.137656: W tensorflow/compiler/xla/stream_executor/platform/default/dso_loader.cc:64] Could not load dynamic library 'libnvinfer_plugin.so.7'; dlerror: libnvinfer_plugin.so.7: cannot open shared object file: No such file or directory; LD_LIBRARY_PATH: /data/qingyi/miniconda3/envs/py3/lib/python3.7/site-packages/cv2/../../lib64:/opt/cudnn/lib64:/usr/local/cuda/lib64
2024-08-23 18:38:18.137670: W tensorflow/compiler/tf2tensorrt/utils/py_utils.cc:38] TF-TRT Warning: Cannot dlopen some TensorRT libraries. If you would like to use Nvidia GPU with TensorRT, please make sure the missing libraries mentioned above are installed properly.
wandb: wandb version 0.17.7 is available!  To upgrade, please run:
wandb:  $ pip install wandb --upgrade
wandb: Tracking run with wandb version 0.12.17
wandb: Run data is saved locally in /home/qingyi/GPU20/SemiOur/wandb/run-20240823_183810-2h3koxv9
wandb: Run `wandb offline` to turn off syncing.
wandb: Syncing run eternal-glitter-17
wandb: â­ï¸ View project at https://wandb.ai/pqythu/UWaveGestureLibraryAll_semitime
wandb: ðŸš€ View run at https://wandb.ai/pqythu/UWaveGestureLibraryAll_semitime/runs/2h3koxv9
[INFO] Running at: UWaveGestureLibraryAll
[INFO] UWaveGestureLibraryAll
[Stat] All class: {0: 559, 1: 560, 2: 560, 3: 560, 4: 560, 5: 560, 6: 559, 7: 560}
[Stat] Train class: mean=336.0, std=0.0
[Stat] Val class: mean=112.0, std=0.0
[Stat] Test class: mean=111.75, std=0.4330127018922193
Train:(2688, 945, 1), Test:(894, 945, 1), Class:8
rp_params: [3, 0]
[Test-0] Val ACC:47.99%, Best Test ACC.: 49.13% in Epoch 0
Epoch [1][SemiTeacher][UWaveGestureLibraryAll] loss= 0.00110; Epoch Label ACC.= 18.61%, UnLabel ACC.= 17.86%, Lipistz loss = 0, Train Unlabel Best ACC.= 17.9%, Train Max Epoch=0
[Test-1] Val ACC:83.59%, Best Test ACC.: 83.13% in Epoch 1
Validation loss decreased (inf --> 83.593750).  Saving model ...
Epoch [2][SemiTeacher][UWaveGestureLibraryAll] loss= 0.03475; Epoch Label ACC.= 60.58%, UnLabel ACC.= 58.15%, Lipistz loss = 0, Train Unlabel Best ACC.= 58.1%, Train Max Epoch=1
[Test-2] Val ACC:89.06%, Best Test ACC.: 87.27% in Epoch 2
Validation loss decreased (83.593750 --> 89.062500).  Saving model ...
Epoch [3][SemiTeacher][UWaveGestureLibraryAll] loss= 0.04724; Epoch Label ACC.= 77.60%, UnLabel ACC.= 72.43%, Lipistz loss = 0, Train Unlabel Best ACC.= 72.4%, Train Max Epoch=2
[Test-3] Val ACC:90.85%, Best Test ACC.: 89.06% in Epoch 3
Validation loss decreased (89.062500 --> 90.848214).  Saving model ...
Epoch [4][SemiTeacher][UWaveGestureLibraryAll] loss= 0.04255; Epoch Label ACC.= 81.96%, UnLabel ACC.= 76.08%, Lipistz loss = 0, Train Unlabel Best ACC.= 76.1%, Train Max Epoch=3
[Test-4] Val ACC:91.41%, Best Test ACC.: 90.17% in Epoch 4
Validation loss decreased (90.848214 --> 91.406250).  Saving model ...
Epoch [5][SemiTeacher][UWaveGestureLibraryAll] loss= 0.03759; Epoch Label ACC.= 84.41%, UnLabel ACC.= 78.12%, Lipistz loss = 0, Train Unlabel Best ACC.= 78.1%, Train Max Epoch=4
[Test-5] Val ACC:92.52%, Best Test ACC.: 90.51% in Epoch 5
Validation loss decreased (91.406250 --> 92.522321).  Saving model ...
Epoch [6][SemiTeacher][UWaveGestureLibraryAll] loss= 0.03862; Epoch Label ACC.= 86.92%, UnLabel ACC.= 78.83%, Lipistz loss = 0, Train Unlabel Best ACC.= 78.8%, Train Max Epoch=5
[Test-6] Val ACC:92.97%, Best Test ACC.: 91.63% in Epoch 6
Validation loss decreased (92.522321 --> 92.968750).  Saving model ...
Epoch [7][SemiTeacher][UWaveGestureLibraryAll] loss= 0.03483; Epoch Label ACC.= 87.84%, UnLabel ACC.= 80.73%, Lipistz loss = 0, Train Unlabel Best ACC.= 80.7%, Train Max Epoch=6
[Test-7] Val ACC:94.53%, Best Test ACC.: 93.30% in Epoch 7
Validation loss decreased (92.968750 --> 94.531250).  Saving model ...
Epoch [8][SemiTeacher][UWaveGestureLibraryAll] loss= 0.03724; Epoch Label ACC.= 90.42%, UnLabel ACC.= 82.22%, Lipistz loss = 0, Train Unlabel Best ACC.= 82.2%, Train Max Epoch=7
EarlyStopping counter: 1 out of 200
Epoch [9][SemiTeacher][UWaveGestureLibraryAll] loss= 0.03679; Epoch Label ACC.= 91.62%, UnLabel ACC.= 83.15%, Lipistz loss = 0, Train Unlabel Best ACC.= 83.1%, Train Max Epoch=8
EarlyStopping counter: 2 out of 200
Epoch [10][SemiTeacher][UWaveGestureLibraryAll] loss= 0.03642; Epoch Label ACC.= 90.88%, UnLabel ACC.= 84.93%, Lipistz loss = 0, Train Unlabel Best ACC.= 84.9%, Train Max Epoch=9
[Test-10] Val ACC:94.53%, Best Test ACC.: 93.30% in Epoch 10
EarlyStopping counter: 3 out of 200
Epoch [11][SemiTeacher][UWaveGestureLibraryAll] loss= 0.03766; Epoch Label ACC.= 93.52%, UnLabel ACC.= 83.41%, Lipistz loss = 0, Train Unlabel Best ACC.= 84.9%, Train Max Epoch=9
EarlyStopping counter: 4 out of 200
Epoch [12][SemiTeacher][UWaveGestureLibraryAll] loss= 0.03684; Epoch Label ACC.= 92.77%, UnLabel ACC.= 85.12%, Lipistz loss = 0, Train Unlabel Best ACC.= 85.1%, Train Max Epoch=11
EarlyStopping counter: 5 out of 200
Epoch [13][SemiTeacher][UWaveGestureLibraryAll] loss= 0.03650; Epoch Label ACC.= 92.60%, UnLabel ACC.= 84.71%, Lipistz loss = 0, Train Unlabel Best ACC.= 85.1%, Train Max Epoch=11
[Test-13] Val ACC:94.87%, Best Test ACC.: 92.85% in Epoch 13
Validation loss decreased (94.531250 --> 94.866071).  Saving model ...
Epoch [14][SemiTeacher][UWaveGestureLibraryAll] loss= 0.03471; Epoch Label ACC.= 94.63%, UnLabel ACC.= 86.35%, Lipistz loss = 0, Train Unlabel Best ACC.= 86.3%, Train Max Epoch=13
EarlyStopping counter: 1 out of 200
Epoch [15][SemiTeacher][UWaveGestureLibraryAll] loss= 0.03693; Epoch Label ACC.= 94.43%, UnLabel ACC.= 84.93%, Lipistz loss = 0, Train Unlabel Best ACC.= 86.3%, Train Max Epoch=13
EarlyStopping counter: 2 out of 200
Epoch [16][SemiTeacher][UWaveGestureLibraryAll] loss= 0.03573; Epoch Label ACC.= 95.85%, UnLabel ACC.= 86.38%, Lipistz loss = 0, Train Unlabel Best ACC.= 86.4%, Train Max Epoch=15
EarlyStopping counter: 3 out of 200
Epoch [17][SemiTeacher][UWaveGestureLibraryAll] loss= 0.03418; Epoch Label ACC.= 95.47%, UnLabel ACC.= 86.94%, Lipistz loss = 0, Train Unlabel Best ACC.= 86.9%, Train Max Epoch=16
[Test-17] Val ACC:95.65%, Best Test ACC.: 94.19% in Epoch 17
Validation loss decreased (94.866071 --> 95.647321).  Saving model ...
Epoch [18][SemiTeacher][UWaveGestureLibraryAll] loss= 0.03661; Epoch Label ACC.= 94.97%, UnLabel ACC.= 86.01%, Lipistz loss = 0, Train Unlabel Best ACC.= 86.9%, Train Max Epoch=16
EarlyStopping counter: 1 out of 200
Epoch [19][SemiTeacher][UWaveGestureLibraryAll] loss= 0.03385; Epoch Label ACC.= 96.11%, UnLabel ACC.= 87.24%, Lipistz loss = 0, Train Unlabel Best ACC.= 87.2%, Train Max Epoch=18
EarlyStopping counter: 2 out of 200
Epoch [20][SemiTeacher][UWaveGestureLibraryAll] loss= 0.03582; Epoch Label ACC.= 96.18%, UnLabel ACC.= 87.65%, Lipistz loss = 0, Train Unlabel Best ACC.= 87.6%, Train Max Epoch=19
EarlyStopping counter: 3 out of 200
Epoch [21][SemiTeacher][UWaveGestureLibraryAll] loss= 0.03469; Epoch Label ACC.= 95.96%, UnLabel ACC.= 87.17%, Lipistz loss = 0, Train Unlabel Best ACC.= 87.6%, Train Max Epoch=19
EarlyStopping counter: 4 out of 200
Epoch [22][SemiTeacher][UWaveGestureLibraryAll] loss= 0.03488; Epoch Label ACC.= 96.60%, UnLabel ACC.= 87.50%, Lipistz loss = 0, Train Unlabel Best ACC.= 87.6%, Train Max Epoch=19
[Test-22] Val ACC:96.21%, Best Test ACC.: 94.30% in Epoch 22
Validation loss decreased (95.647321 --> 96.205357).  Saving model ...
Epoch [23][SemiTeacher][UWaveGestureLibraryAll] loss= 0.03162; Epoch Label ACC.= 96.63%, UnLabel ACC.= 87.76%, Lipistz loss = 0, Train Unlabel Best ACC.= 87.8%, Train Max Epoch=22
EarlyStopping counter: 1 out of 200
Epoch [24][SemiTeacher][UWaveGestureLibraryAll] loss= 0.03139; Epoch Label ACC.= 96.92%, UnLabel ACC.= 88.21%, Lipistz loss = 0, Train Unlabel Best ACC.= 88.2%, Train Max Epoch=23
EarlyStopping counter: 2 out of 200
Epoch [25][SemiTeacher][UWaveGestureLibraryAll] loss= 0.03291; Epoch Label ACC.= 95.88%, UnLabel ACC.= 88.43%, Lipistz loss = 0, Train Unlabel Best ACC.= 88.4%, Train Max Epoch=24
EarlyStopping counter: 3 out of 200
Epoch [26][SemiTeacher][UWaveGestureLibraryAll] loss= 0.03135; Epoch Label ACC.= 96.36%, UnLabel ACC.= 88.02%, Lipistz loss = 0, Train Unlabel Best ACC.= 88.4%, Train Max Epoch=24
EarlyStopping counter: 4 out of 200
Epoch [27][SemiTeacher][UWaveGestureLibraryAll] loss= 0.03475; Epoch Label ACC.= 96.28%, UnLabel ACC.= 87.20%, Lipistz loss = 0, Train Unlabel Best ACC.= 88.4%, Train Max Epoch=24
EarlyStopping counter: 5 out of 200
Epoch [28][SemiTeacher][UWaveGestureLibraryAll] loss= 0.03489; Epoch Label ACC.= 96.89%, UnLabel ACC.= 87.91%, Lipistz loss = 0, Train Unlabel Best ACC.= 88.4%, Train Max Epoch=24
EarlyStopping counter: 6 out of 200
Epoch [29][SemiTeacher][UWaveGestureLibraryAll] loss= 0.03525; Epoch Label ACC.= 96.47%, UnLabel ACC.= 87.39%, Lipistz loss = 0, Train Unlabel Best ACC.= 88.4%, Train Max Epoch=24
EarlyStopping counter: 7 out of 200
Epoch [30][SemiTeacher][UWaveGestureLibraryAll] loss= 0.03603; Epoch Label ACC.= 96.73%, UnLabel ACC.= 88.24%, Lipistz loss = 0, Train Unlabel Best ACC.= 88.4%, Train Max Epoch=24
EarlyStopping counter: 8 out of 200
Epoch [31][SemiTeacher][UWaveGestureLibraryAll] loss= 0.03075; Epoch Label ACC.= 97.11%, UnLabel ACC.= 88.58%, Lipistz loss = 0, Train Unlabel Best ACC.= 88.6%, Train Max Epoch=30
EarlyStopping counter: 9 out of 200
Epoch [32][SemiTeacher][UWaveGestureLibraryAll] loss= 0.03278; Epoch Label ACC.= 97.28%, UnLabel ACC.= 87.72%, Lipistz loss = 0, Train Unlabel Best ACC.= 88.6%, Train Max Epoch=30
EarlyStopping counter: 10 out of 200
Epoch [33][SemiTeacher][UWaveGestureLibraryAll] loss= 0.03192; Epoch Label ACC.= 97.54%, UnLabel ACC.= 88.21%, Lipistz loss = 0, Train Unlabel Best ACC.= 88.6%, Train Max Epoch=30
EarlyStopping counter: 11 out of 200
Epoch [34][SemiTeacher][UWaveGestureLibraryAll] loss= 0.03271; Epoch Label ACC.= 97.26%, UnLabel ACC.= 87.91%, Lipistz loss = 0, Train Unlabel Best ACC.= 88.6%, Train Max Epoch=30
EarlyStopping counter: 12 out of 200
Epoch [35][SemiTeacher][UWaveGestureLibraryAll] loss= 0.03457; Epoch Label ACC.= 97.24%, UnLabel ACC.= 88.84%, Lipistz loss = 0, Train Unlabel Best ACC.= 88.8%, Train Max Epoch=34
EarlyStopping counter: 13 out of 200
Epoch [36][SemiTeacher][UWaveGestureLibraryAll] loss= 0.03133; Epoch Label ACC.= 97.48%, UnLabel ACC.= 88.58%, Lipistz loss = 0, Train Unlabel Best ACC.= 88.8%, Train Max Epoch=34
EarlyStopping counter: 14 out of 200
Epoch [37][SemiTeacher][UWaveGestureLibraryAll] loss= 0.02956; Epoch Label ACC.= 97.95%, UnLabel ACC.= 89.62%, Lipistz loss = 0, Train Unlabel Best ACC.= 89.6%, Train Max Epoch=36
EarlyStopping counter: 15 out of 200
Epoch [38][SemiTeacher][UWaveGestureLibraryAll] loss= 0.03020; Epoch Label ACC.= 97.32%, UnLabel ACC.= 89.10%, Lipistz loss = 0, Train Unlabel Best ACC.= 89.6%, Train Max Epoch=36
EarlyStopping counter: 16 out of 200
Epoch [39][SemiTeacher][UWaveGestureLibraryAll] loss= 0.03134; Epoch Label ACC.= 97.73%, UnLabel ACC.= 88.39%, Lipistz loss = 0, Train Unlabel Best ACC.= 89.6%, Train Max Epoch=36
EarlyStopping counter: 17 out of 200
Epoch [40][SemiTeacher][UWaveGestureLibraryAll] loss= 0.03195; Epoch Label ACC.= 97.43%, UnLabel ACC.= 89.10%, Lipistz loss = 0, Train Unlabel Best ACC.= 89.6%, Train Max Epoch=36
EarlyStopping counter: 18 out of 200
Epoch [41][SemiTeacher][UWaveGestureLibraryAll] loss= 0.03258; Epoch Label ACC.= 97.18%, UnLabel ACC.= 89.10%, Lipistz loss = 0, Train Unlabel Best ACC.= 89.6%, Train Max Epoch=36
EarlyStopping counter: 19 out of 200
Epoch [42][SemiTeacher][UWaveGestureLibraryAll] loss= 0.02716; Epoch Label ACC.= 97.50%, UnLabel ACC.= 88.65%, Lipistz loss = 0, Train Unlabel Best ACC.= 89.6%, Train Max Epoch=36
EarlyStopping counter: 20 out of 200
Epoch [43][SemiTeacher][UWaveGestureLibraryAll] loss= 0.02973; Epoch Label ACC.= 98.36%, UnLabel ACC.= 89.10%, Lipistz loss = 0, Train Unlabel Best ACC.= 89.6%, Train Max Epoch=36
EarlyStopping counter: 21 out of 200
Epoch [44][SemiTeacher][UWaveGestureLibraryAll] loss= 0.03065; Epoch Label ACC.= 97.00%, UnLabel ACC.= 89.03%, Lipistz loss = 0, Train Unlabel Best ACC.= 89.6%, Train Max Epoch=36
EarlyStopping counter: 22 out of 200
Epoch [45][SemiTeacher][UWaveGestureLibraryAll] loss= 0.03058; Epoch Label ACC.= 98.01%, UnLabel ACC.= 90.25%, Lipistz loss = 0, Train Unlabel Best ACC.= 90.3%, Train Max Epoch=44
EarlyStopping counter: 23 out of 200
Epoch [46][SemiTeacher][UWaveGestureLibraryAll] loss= 0.03215; Epoch Label ACC.= 97.78%, UnLabel ACC.= 90.29%, Lipistz loss = 0, Train Unlabel Best ACC.= 90.3%, Train Max Epoch=45
EarlyStopping counter: 24 out of 200
Epoch [47][SemiTeacher][UWaveGestureLibraryAll] loss= 0.03095; Epoch Label ACC.= 96.83%, UnLabel ACC.= 90.14%, Lipistz loss = 0, Train Unlabel Best ACC.= 90.3%, Train Max Epoch=45
EarlyStopping counter: 25 out of 200
Epoch [48][SemiTeacher][UWaveGestureLibraryAll] loss= 0.02860; Epoch Label ACC.= 97.49%, UnLabel ACC.= 89.58%, Lipistz loss = 0, Train Unlabel Best ACC.= 90.3%, Train Max Epoch=45
EarlyStopping counter: 26 out of 200
Epoch [49][SemiTeacher][UWaveGestureLibraryAll] loss= 0.02981; Epoch Label ACC.= 98.33%, UnLabel ACC.= 90.48%, Lipistz loss = 0, Train Unlabel Best ACC.= 90.5%, Train Max Epoch=48
EarlyStopping counter: 27 out of 200
Epoch [50][SemiTeacher][UWaveGestureLibraryAll] loss= 0.03051; Epoch Label ACC.= 97.38%, UnLabel ACC.= 90.10%, Lipistz loss = 0, Train Unlabel Best ACC.= 90.5%, Train Max Epoch=48
EarlyStopping counter: 28 out of 200
Epoch [51][SemiTeacher][UWaveGestureLibraryAll] loss= 0.03382; Epoch Label ACC.= 96.82%, UnLabel ACC.= 88.28%, Lipistz loss = 0, Train Unlabel Best ACC.= 90.5%, Train Max Epoch=48
EarlyStopping counter: 29 out of 200
Epoch [52][SemiTeacher][UWaveGestureLibraryAll] loss= 0.02857; Epoch Label ACC.= 98.55%, UnLabel ACC.= 89.77%, Lipistz loss = 0, Train Unlabel Best ACC.= 90.5%, Train Max Epoch=48
EarlyStopping counter: 30 out of 200
Epoch [53][SemiTeacher][UWaveGestureLibraryAll] loss= 0.03412; Epoch Label ACC.= 97.50%, UnLabel ACC.= 88.36%, Lipistz loss = 0, Train Unlabel Best ACC.= 90.5%, Train Max Epoch=48
EarlyStopping counter: 31 out of 200
Epoch [54][SemiTeacher][UWaveGestureLibraryAll] loss= 0.02949; Epoch Label ACC.= 98.06%, UnLabel ACC.= 89.14%, Lipistz loss = 0, Train Unlabel Best ACC.= 90.5%, Train Max Epoch=48
EarlyStopping counter: 32 out of 200
Epoch [55][SemiTeacher][UWaveGestureLibraryAll] loss= 0.03127; Epoch Label ACC.= 97.91%, UnLabel ACC.= 89.06%, Lipistz loss = 0, Train Unlabel Best ACC.= 90.5%, Train Max Epoch=48
EarlyStopping counter: 33 out of 200
Epoch [56][SemiTeacher][UWaveGestureLibraryAll] loss= 0.02932; Epoch Label ACC.= 97.73%, UnLabel ACC.= 88.58%, Lipistz loss = 0, Train Unlabel Best ACC.= 90.5%, Train Max Epoch=48
EarlyStopping counter: 34 out of 200
Epoch [57][SemiTeacher][UWaveGestureLibraryAll] loss= 0.02946; Epoch Label ACC.= 97.93%, UnLabel ACC.= 89.66%, Lipistz loss = 0, Train Unlabel Best ACC.= 90.5%, Train Max Epoch=48
EarlyStopping counter: 35 out of 200
Epoch [58][SemiTeacher][UWaveGestureLibraryAll] loss= 0.02941; Epoch Label ACC.= 97.82%, UnLabel ACC.= 89.47%, Lipistz loss = 0, Train Unlabel Best ACC.= 90.5%, Train Max Epoch=48
EarlyStopping counter: 36 out of 200
Epoch [59][SemiTeacher][UWaveGestureLibraryAll] loss= 0.02916; Epoch Label ACC.= 97.69%, UnLabel ACC.= 89.14%, Lipistz loss = 0, Train Unlabel Best ACC.= 90.5%, Train Max Epoch=48
EarlyStopping counter: 37 out of 200
Epoch [60][SemiTeacher][UWaveGestureLibraryAll] loss= 0.02837; Epoch Label ACC.= 98.19%, UnLabel ACC.= 89.43%, Lipistz loss = 0, Train Unlabel Best ACC.= 90.5%, Train Max Epoch=48
EarlyStopping counter: 38 out of 200
Epoch [61][SemiTeacher][UWaveGestureLibraryAll] loss= 0.02945; Epoch Label ACC.= 97.46%, UnLabel ACC.= 89.99%, Lipistz loss = 0, Train Unlabel Best ACC.= 90.5%, Train Max Epoch=48
EarlyStopping counter: 39 out of 200
Epoch [62][SemiTeacher][UWaveGestureLibraryAll] loss= 0.02761; Epoch Label ACC.= 98.14%, UnLabel ACC.= 89.40%, Lipistz loss = 0, Train Unlabel Best ACC.= 90.5%, Train Max Epoch=48
EarlyStopping counter: 40 out of 200
Epoch [63][SemiTeacher][UWaveGestureLibraryAll] loss= 0.03103; Epoch Label ACC.= 97.28%, UnLabel ACC.= 90.03%, Lipistz loss = 0, Train Unlabel Best ACC.= 90.5%, Train Max Epoch=48
EarlyStopping counter: 41 out of 200
Epoch [64][SemiTeacher][UWaveGestureLibraryAll] loss= 0.02561; Epoch Label ACC.= 98.81%, UnLabel ACC.= 90.70%, Lipistz loss = 0, Train Unlabel Best ACC.= 90.7%, Train Max Epoch=63
EarlyStopping counter: 42 out of 200
Epoch [65][SemiTeacher][UWaveGestureLibraryAll] loss= 0.02556; Epoch Label ACC.= 98.55%, UnLabel ACC.= 91.44%, Lipistz loss = 0, Train Unlabel Best ACC.= 91.4%, Train Max Epoch=64
EarlyStopping counter: 43 out of 200
Epoch [66][SemiTeacher][UWaveGestureLibraryAll] loss= 0.02612; Epoch Label ACC.= 98.77%, UnLabel ACC.= 90.22%, Lipistz loss = 0, Train Unlabel Best ACC.= 91.4%, Train Max Epoch=64
EarlyStopping counter: 44 out of 200
Epoch [67][SemiTeacher][UWaveGestureLibraryAll] loss= 0.02988; Epoch Label ACC.= 97.16%, UnLabel ACC.= 89.55%, Lipistz loss = 0, Train Unlabel Best ACC.= 91.4%, Train Max Epoch=64
EarlyStopping counter: 45 out of 200
Epoch [68][SemiTeacher][UWaveGestureLibraryAll] loss= 0.03002; Epoch Label ACC.= 98.03%, UnLabel ACC.= 89.73%, Lipistz loss = 0, Train Unlabel Best ACC.= 91.4%, Train Max Epoch=64
EarlyStopping counter: 46 out of 200
Epoch [69][SemiTeacher][UWaveGestureLibraryAll] loss= 0.02863; Epoch Label ACC.= 97.91%, UnLabel ACC.= 90.59%, Lipistz loss = 0, Train Unlabel Best ACC.= 91.4%, Train Max Epoch=64
EarlyStopping counter: 47 out of 200
Epoch [70][SemiTeacher][UWaveGestureLibraryAll] loss= 0.02716; Epoch Label ACC.= 98.34%, UnLabel ACC.= 89.51%, Lipistz loss = 0, Train Unlabel Best ACC.= 91.4%, Train Max Epoch=64
EarlyStopping counter: 48 out of 200
Epoch [71][SemiTeacher][UWaveGestureLibraryAll] loss= 0.02908; Epoch Label ACC.= 97.84%, UnLabel ACC.= 89.17%, Lipistz loss = 0, Train Unlabel Best ACC.= 91.4%, Train Max Epoch=64
EarlyStopping counter: 49 out of 200
Epoch [72][SemiTeacher][UWaveGestureLibraryAll] loss= 0.02958; Epoch Label ACC.= 98.74%, UnLabel ACC.= 90.48%, Lipistz loss = 0, Train Unlabel Best ACC.= 91.4%, Train Max Epoch=64
EarlyStopping counter: 50 out of 200
Epoch [73][SemiTeacher][UWaveGestureLibraryAll] loss= 0.02808; Epoch Label ACC.= 98.51%, UnLabel ACC.= 90.81%, Lipistz loss = 0, Train Unlabel Best ACC.= 91.4%, Train Max Epoch=64
EarlyStopping counter: 51 out of 200
Epoch [74][SemiTeacher][UWaveGestureLibraryAll] loss= 0.02536; Epoch Label ACC.= 97.80%, UnLabel ACC.= 90.03%, Lipistz loss = 0, Train Unlabel Best ACC.= 91.4%, Train Max Epoch=64
EarlyStopping counter: 52 out of 200
Epoch [75][SemiTeacher][UWaveGestureLibraryAll] loss= 0.02619; Epoch Label ACC.= 98.21%, UnLabel ACC.= 89.47%, Lipistz loss = 0, Train Unlabel Best ACC.= 91.4%, Train Max Epoch=64
EarlyStopping counter: 53 out of 200
Epoch [76][SemiTeacher][UWaveGestureLibraryAll] loss= 0.03161; Epoch Label ACC.= 97.14%, UnLabel ACC.= 89.55%, Lipistz loss = 0, Train Unlabel Best ACC.= 91.4%, Train Max Epoch=64
EarlyStopping counter: 54 out of 200
Epoch [77][SemiTeacher][UWaveGestureLibraryAll] loss= 0.02613; Epoch Label ACC.= 98.49%, UnLabel ACC.= 89.73%, Lipistz loss = 0, Train Unlabel Best ACC.= 91.4%, Train Max Epoch=64
EarlyStopping counter: 55 out of 200
Epoch [78][SemiTeacher][UWaveGestureLibraryAll] loss= 0.02754; Epoch Label ACC.= 97.91%, UnLabel ACC.= 91.15%, Lipistz loss = 0, Train Unlabel Best ACC.= 91.4%, Train Max Epoch=64
[Test-78] Val ACC:96.21%, Best Test ACC.: 94.97% in Epoch 78
EarlyStopping counter: 56 out of 200
Epoch [79][SemiTeacher][UWaveGestureLibraryAll] loss= 0.02628; Epoch Label ACC.= 98.04%, UnLabel ACC.= 91.11%, Lipistz loss = 0, Train Unlabel Best ACC.= 91.4%, Train Max Epoch=64
EarlyStopping counter: 57 out of 200
Epoch [80][SemiTeacher][UWaveGestureLibraryAll] loss= 0.02808; Epoch Label ACC.= 97.91%, UnLabel ACC.= 90.44%, Lipistz loss = 0, Train Unlabel Best ACC.= 91.4%, Train Max Epoch=64
EarlyStopping counter: 58 out of 200
Epoch [81][SemiTeacher][UWaveGestureLibraryAll] loss= 0.02524; Epoch Label ACC.= 98.28%, UnLabel ACC.= 91.11%, Lipistz loss = 0, Train Unlabel Best ACC.= 91.4%, Train Max Epoch=64
EarlyStopping counter: 59 out of 200
Epoch [82][SemiTeacher][UWaveGestureLibraryAll] loss= 0.02656; Epoch Label ACC.= 98.36%, UnLabel ACC.= 91.44%, Lipistz loss = 0, Train Unlabel Best ACC.= 91.4%, Train Max Epoch=64
EarlyStopping counter: 60 out of 200
Epoch [83][SemiTeacher][UWaveGestureLibraryAll] loss= 0.02754; Epoch Label ACC.= 98.14%, UnLabel ACC.= 90.66%, Lipistz loss = 0, Train Unlabel Best ACC.= 91.4%, Train Max Epoch=64
EarlyStopping counter: 61 out of 200
Epoch [84][SemiTeacher][UWaveGestureLibraryAll] loss= 0.02761; Epoch Label ACC.= 98.21%, UnLabel ACC.= 89.99%, Lipistz loss = 0, Train Unlabel Best ACC.= 91.4%, Train Max Epoch=64
EarlyStopping counter: 62 out of 200
Epoch [85][SemiTeacher][UWaveGestureLibraryAll] loss= 0.02578; Epoch Label ACC.= 98.23%, UnLabel ACC.= 90.10%, Lipistz loss = 0, Train Unlabel Best ACC.= 91.4%, Train Max Epoch=64
EarlyStopping counter: 63 out of 200
Epoch [86][SemiTeacher][UWaveGestureLibraryAll] loss= 0.02901; Epoch Label ACC.= 98.28%, UnLabel ACC.= 90.07%, Lipistz loss = 0, Train Unlabel Best ACC.= 91.4%, Train Max Epoch=64
EarlyStopping counter: 64 out of 200
Epoch [87][SemiTeacher][UWaveGestureLibraryAll] loss= 0.02682; Epoch Label ACC.= 98.49%, UnLabel ACC.= 90.51%, Lipistz loss = 0, Train Unlabel Best ACC.= 91.4%, Train Max Epoch=64
EarlyStopping counter: 65 out of 200
Epoch [88][SemiTeacher][UWaveGestureLibraryAll] loss= 0.02600; Epoch Label ACC.= 98.42%, UnLabel ACC.= 90.22%, Lipistz loss = 0, Train Unlabel Best ACC.= 91.4%, Train Max Epoch=64
EarlyStopping counter: 66 out of 200
Epoch [89][SemiTeacher][UWaveGestureLibraryAll] loss= 0.02889; Epoch Label ACC.= 98.10%, UnLabel ACC.= 90.51%, Lipistz loss = 0, Train Unlabel Best ACC.= 91.4%, Train Max Epoch=64
EarlyStopping counter: 67 out of 200
Epoch [90][SemiTeacher][UWaveGestureLibraryAll] loss= 0.02415; Epoch Label ACC.= 98.40%, UnLabel ACC.= 90.51%, Lipistz loss = 0, Train Unlabel Best ACC.= 91.4%, Train Max Epoch=64
EarlyStopping counter: 68 out of 200
Epoch [91][SemiTeacher][UWaveGestureLibraryAll] loss= 0.02771; Epoch Label ACC.= 97.93%, UnLabel ACC.= 90.22%, Lipistz loss = 0, Train Unlabel Best ACC.= 91.4%, Train Max Epoch=64
EarlyStopping counter: 69 out of 200
Epoch [92][SemiTeacher][UWaveGestureLibraryAll] loss= 0.02555; Epoch Label ACC.= 98.34%, UnLabel ACC.= 90.51%, Lipistz loss = 0, Train Unlabel Best ACC.= 91.4%, Train Max Epoch=64
EarlyStopping counter: 70 out of 200
Epoch [93][SemiTeacher][UWaveGestureLibraryAll] loss= 0.02862; Epoch Label ACC.= 98.40%, UnLabel ACC.= 91.18%, Lipistz loss = 0, Train Unlabel Best ACC.= 91.4%, Train Max Epoch=64
EarlyStopping counter: 71 out of 200
Epoch [94][SemiTeacher][UWaveGestureLibraryAll] loss= 0.02847; Epoch Label ACC.= 98.21%, UnLabel ACC.= 90.25%, Lipistz loss = 0, Train Unlabel Best ACC.= 91.4%, Train Max Epoch=64
EarlyStopping counter: 72 out of 200
Epoch [95][SemiTeacher][UWaveGestureLibraryAll] loss= 0.02459; Epoch Label ACC.= 98.59%, UnLabel ACC.= 91.18%, Lipistz loss = 0, Train Unlabel Best ACC.= 91.4%, Train Max Epoch=64
EarlyStopping counter: 73 out of 200
Epoch [96][SemiTeacher][UWaveGestureLibraryAll] loss= 0.02318; Epoch Label ACC.= 98.19%, UnLabel ACC.= 91.70%, Lipistz loss = 0, Train Unlabel Best ACC.= 91.7%, Train Max Epoch=95
[Test-96] Val ACC:96.21%, Best Test ACC.: 94.53% in Epoch 96
EarlyStopping counter: 74 out of 200
Epoch [97][SemiTeacher][UWaveGestureLibraryAll] loss= 0.02643; Epoch Label ACC.= 98.38%, UnLabel ACC.= 91.59%, Lipistz loss = 0, Train Unlabel Best ACC.= 91.7%, Train Max Epoch=95
EarlyStopping counter: 75 out of 200
Epoch [98][SemiTeacher][UWaveGestureLibraryAll] loss= 0.02670; Epoch Label ACC.= 98.40%, UnLabel ACC.= 91.26%, Lipistz loss = 0, Train Unlabel Best ACC.= 91.7%, Train Max Epoch=95
EarlyStopping counter: 76 out of 200
Epoch [99][SemiTeacher][UWaveGestureLibraryAll] loss= 0.02508; Epoch Label ACC.= 98.55%, UnLabel ACC.= 89.51%, Lipistz loss = 0, Train Unlabel Best ACC.= 91.7%, Train Max Epoch=95
EarlyStopping counter: 77 out of 200
Epoch [100][SemiTeacher][UWaveGestureLibraryAll] loss= 0.02915; Epoch Label ACC.= 98.68%, UnLabel ACC.= 90.81%, Lipistz loss = 0, Train Unlabel Best ACC.= 91.7%, Train Max Epoch=95
EarlyStopping counter: 78 out of 200
Epoch [101][SemiTeacher][UWaveGestureLibraryAll] loss= 0.02825; Epoch Label ACC.= 98.60%, UnLabel ACC.= 89.66%, Lipistz loss = 0, Train Unlabel Best ACC.= 91.7%, Train Max Epoch=95
EarlyStopping counter: 79 out of 200
Epoch [102][SemiTeacher][UWaveGestureLibraryAll] loss= 0.02529; Epoch Label ACC.= 98.75%, UnLabel ACC.= 90.77%, Lipistz loss = 0, Train Unlabel Best ACC.= 91.7%, Train Max Epoch=95
EarlyStopping counter: 80 out of 200
Epoch [103][SemiTeacher][UWaveGestureLibraryAll] loss= 0.02989; Epoch Label ACC.= 98.08%, UnLabel ACC.= 89.84%, Lipistz loss = 0, Train Unlabel Best ACC.= 91.7%, Train Max Epoch=95
EarlyStopping counter: 81 out of 200
Epoch [104][SemiTeacher][UWaveGestureLibraryAll] loss= 0.02572; Epoch Label ACC.= 98.31%, UnLabel ACC.= 89.32%, Lipistz loss = 0, Train Unlabel Best ACC.= 91.7%, Train Max Epoch=95
EarlyStopping counter: 82 out of 200
Epoch [105][SemiTeacher][UWaveGestureLibraryAll] loss= 0.02402; Epoch Label ACC.= 98.94%, UnLabel ACC.= 90.51%, Lipistz loss = 0, Train Unlabel Best ACC.= 91.7%, Train Max Epoch=95
EarlyStopping counter: 83 out of 200
Epoch [106][SemiTeacher][UWaveGestureLibraryAll] loss= 0.02650; Epoch Label ACC.= 98.02%, UnLabel ACC.= 89.84%, Lipistz loss = 0, Train Unlabel Best ACC.= 91.7%, Train Max Epoch=95
EarlyStopping counter: 84 out of 200
Epoch [107][SemiTeacher][UWaveGestureLibraryAll] loss= 0.02563; Epoch Label ACC.= 98.68%, UnLabel ACC.= 91.63%, Lipistz loss = 0, Train Unlabel Best ACC.= 91.7%, Train Max Epoch=95
EarlyStopping counter: 85 out of 200
Epoch [108][SemiTeacher][UWaveGestureLibraryAll] loss= 0.02266; Epoch Label ACC.= 98.75%, UnLabel ACC.= 90.44%, Lipistz loss = 0, Train Unlabel Best ACC.= 91.7%, Train Max Epoch=95
EarlyStopping counter: 86 out of 200
Epoch [109][SemiTeacher][UWaveGestureLibraryAll] loss= 0.02562; Epoch Label ACC.= 98.45%, UnLabel ACC.= 90.85%, Lipistz loss = 0, Train Unlabel Best ACC.= 91.7%, Train Max Epoch=95
EarlyStopping counter: 87 out of 200
Epoch [110][SemiTeacher][UWaveGestureLibraryAll] loss= 0.02711; Epoch Label ACC.= 98.44%, UnLabel ACC.= 90.48%, Lipistz loss = 0, Train Unlabel Best ACC.= 91.7%, Train Max Epoch=95
EarlyStopping counter: 88 out of 200
Epoch [111][SemiTeacher][UWaveGestureLibraryAll] loss= 0.02438; Epoch Label ACC.= 98.64%, UnLabel ACC.= 92.04%, Lipistz loss = 0, Train Unlabel Best ACC.= 92.0%, Train Max Epoch=110
EarlyStopping counter: 89 out of 200
Epoch [112][SemiTeacher][UWaveGestureLibraryAll] loss= 0.02635; Epoch Label ACC.= 98.60%, UnLabel ACC.= 90.74%, Lipistz loss = 0, Train Unlabel Best ACC.= 92.0%, Train Max Epoch=110
EarlyStopping counter: 90 out of 200
Epoch [113][SemiTeacher][UWaveGestureLibraryAll] loss= 0.02662; Epoch Label ACC.= 98.36%, UnLabel ACC.= 91.44%, Lipistz loss = 0, Train Unlabel Best ACC.= 92.0%, Train Max Epoch=110
EarlyStopping counter: 91 out of 200
Epoch [114][SemiTeacher][UWaveGestureLibraryAll] loss= 0.02877; Epoch Label ACC.= 98.25%, UnLabel ACC.= 90.25%, Lipistz loss = 0, Train Unlabel Best ACC.= 92.0%, Train Max Epoch=110
EarlyStopping counter: 92 out of 200
Epoch [115][SemiTeacher][UWaveGestureLibraryAll] loss= 0.02587; Epoch Label ACC.= 99.11%, UnLabel ACC.= 90.77%, Lipistz loss = 0, Train Unlabel Best ACC.= 92.0%, Train Max Epoch=110
EarlyStopping counter: 93 out of 200
Epoch [116][SemiTeacher][UWaveGestureLibraryAll] loss= 0.03092; Epoch Label ACC.= 98.02%, UnLabel ACC.= 90.55%, Lipistz loss = 0, Train Unlabel Best ACC.= 92.0%, Train Max Epoch=110
EarlyStopping counter: 94 out of 200
Epoch [117][SemiTeacher][UWaveGestureLibraryAll] loss= 0.02704; Epoch Label ACC.= 98.60%, UnLabel ACC.= 90.59%, Lipistz loss = 0, Train Unlabel Best ACC.= 92.0%, Train Max Epoch=110
[Test-117] Val ACC:96.54%, Best Test ACC.: 94.42% in Epoch 117
Validation loss decreased (96.205357 --> 96.540179).  Saving model ...
Epoch [118][SemiTeacher][UWaveGestureLibraryAll] loss= 0.02692; Epoch Label ACC.= 98.51%, UnLabel ACC.= 90.96%, Lipistz loss = 0, Train Unlabel Best ACC.= 92.0%, Train Max Epoch=110
EarlyStopping counter: 1 out of 200
Epoch [119][SemiTeacher][UWaveGestureLibraryAll] loss= 0.02451; Epoch Label ACC.= 98.68%, UnLabel ACC.= 90.89%, Lipistz loss = 0, Train Unlabel Best ACC.= 92.0%, Train Max Epoch=110
EarlyStopping counter: 2 out of 200
Epoch [120][SemiTeacher][UWaveGestureLibraryAll] loss= 0.02853; Epoch Label ACC.= 97.65%, UnLabel ACC.= 90.18%, Lipistz loss = 0, Train Unlabel Best ACC.= 92.0%, Train Max Epoch=110
EarlyStopping counter: 3 out of 200
Epoch [121][SemiTeacher][UWaveGestureLibraryAll] loss= 0.02509; Epoch Label ACC.= 98.99%, UnLabel ACC.= 91.44%, Lipistz loss = 0, Train Unlabel Best ACC.= 92.0%, Train Max Epoch=110
EarlyStopping counter: 4 out of 200
Epoch [122][SemiTeacher][UWaveGestureLibraryAll] loss= 0.02692; Epoch Label ACC.= 98.75%, UnLabel ACC.= 90.62%, Lipistz loss = 0, Train Unlabel Best ACC.= 92.0%, Train Max Epoch=110
EarlyStopping counter: 5 out of 200
Epoch [123][SemiTeacher][UWaveGestureLibraryAll] loss= 0.02547; Epoch Label ACC.= 98.31%, UnLabel ACC.= 91.41%, Lipistz loss = 0, Train Unlabel Best ACC.= 92.0%, Train Max Epoch=110
EarlyStopping counter: 6 out of 200
Epoch [124][SemiTeacher][UWaveGestureLibraryAll] loss= 0.02905; Epoch Label ACC.= 98.14%, UnLabel ACC.= 89.99%, Lipistz loss = 0, Train Unlabel Best ACC.= 92.0%, Train Max Epoch=110
EarlyStopping counter: 7 out of 200
Epoch [125][SemiTeacher][UWaveGestureLibraryAll] loss= 0.02807; Epoch Label ACC.= 98.79%, UnLabel ACC.= 90.03%, Lipistz loss = 0, Train Unlabel Best ACC.= 92.0%, Train Max Epoch=110
EarlyStopping counter: 8 out of 200
Epoch [126][SemiTeacher][UWaveGestureLibraryAll] loss= 0.02702; Epoch Label ACC.= 98.06%, UnLabel ACC.= 90.29%, Lipistz loss = 0, Train Unlabel Best ACC.= 92.0%, Train Max Epoch=110
EarlyStopping counter: 9 out of 200
Epoch [127][SemiTeacher][UWaveGestureLibraryAll] loss= 0.02788; Epoch Label ACC.= 98.16%, UnLabel ACC.= 91.15%, Lipistz loss = 0, Train Unlabel Best ACC.= 92.0%, Train Max Epoch=110
EarlyStopping counter: 10 out of 200
Epoch [128][SemiTeacher][UWaveGestureLibraryAll] loss= 0.02672; Epoch Label ACC.= 98.41%, UnLabel ACC.= 90.96%, Lipistz loss = 0, Train Unlabel Best ACC.= 92.0%, Train Max Epoch=110
EarlyStopping counter: 11 out of 200
Epoch [129][SemiTeacher][UWaveGestureLibraryAll] loss= 0.02506; Epoch Label ACC.= 98.38%, UnLabel ACC.= 90.74%, Lipistz loss = 0, Train Unlabel Best ACC.= 92.0%, Train Max Epoch=110
EarlyStopping counter: 12 out of 200
Epoch [130][SemiTeacher][UWaveGestureLibraryAll] loss= 0.02640; Epoch Label ACC.= 98.36%, UnLabel ACC.= 91.67%, Lipistz loss = 0, Train Unlabel Best ACC.= 92.0%, Train Max Epoch=110
EarlyStopping counter: 13 out of 200
Epoch [131][SemiTeacher][UWaveGestureLibraryAll] loss= 0.02854; Epoch Label ACC.= 98.34%, UnLabel ACC.= 91.03%, Lipistz loss = 0, Train Unlabel Best ACC.= 92.0%, Train Max Epoch=110
EarlyStopping counter: 14 out of 200
Epoch [132][SemiTeacher][UWaveGestureLibraryAll] loss= 0.02964; Epoch Label ACC.= 98.13%, UnLabel ACC.= 91.22%, Lipistz loss = 0, Train Unlabel Best ACC.= 92.0%, Train Max Epoch=110
EarlyStopping counter: 15 out of 200
Epoch [133][SemiTeacher][UWaveGestureLibraryAll] loss= 0.02611; Epoch Label ACC.= 98.77%, UnLabel ACC.= 91.70%, Lipistz loss = 0, Train Unlabel Best ACC.= 92.0%, Train Max Epoch=110
EarlyStopping counter: 16 out of 200
Epoch [134][SemiTeacher][UWaveGestureLibraryAll] loss= 0.02547; Epoch Label ACC.= 98.66%, UnLabel ACC.= 91.03%, Lipistz loss = 0, Train Unlabel Best ACC.= 92.0%, Train Max Epoch=110
EarlyStopping counter: 17 out of 200
Epoch [135][SemiTeacher][UWaveGestureLibraryAll] loss= 0.02728; Epoch Label ACC.= 98.45%, UnLabel ACC.= 90.81%, Lipistz loss = 0, Train Unlabel Best ACC.= 92.0%, Train Max Epoch=110
EarlyStopping counter: 18 out of 200
Epoch [136][SemiTeacher][UWaveGestureLibraryAll] loss= 0.02837; Epoch Label ACC.= 98.42%, UnLabel ACC.= 91.22%, Lipistz loss = 0, Train Unlabel Best ACC.= 92.0%, Train Max Epoch=110
EarlyStopping counter: 19 out of 200
Epoch [137][SemiTeacher][UWaveGestureLibraryAll] loss= 0.02528; Epoch Label ACC.= 99.07%, UnLabel ACC.= 90.36%, Lipistz loss = 0, Train Unlabel Best ACC.= 92.0%, Train Max Epoch=110
EarlyStopping counter: 20 out of 200
Epoch [138][SemiTeacher][UWaveGestureLibraryAll] loss= 0.02415; Epoch Label ACC.= 98.64%, UnLabel ACC.= 91.07%, Lipistz loss = 0, Train Unlabel Best ACC.= 92.0%, Train Max Epoch=110
[Test-138] Val ACC:96.65%, Best Test ACC.: 95.20% in Epoch 138
Validation loss decreased (96.540179 --> 96.651786).  Saving model ...
Epoch [139][SemiTeacher][UWaveGestureLibraryAll] loss= 0.02765; Epoch Label ACC.= 98.70%, UnLabel ACC.= 90.59%, Lipistz loss = 0, Train Unlabel Best ACC.= 92.0%, Train Max Epoch=110
EarlyStopping counter: 1 out of 200
Epoch [140][SemiTeacher][UWaveGestureLibraryAll] loss= 0.02529; Epoch Label ACC.= 98.92%, UnLabel ACC.= 90.40%, Lipistz loss = 0, Train Unlabel Best ACC.= 92.0%, Train Max Epoch=110
EarlyStopping counter: 2 out of 200
Epoch [141][SemiTeacher][UWaveGestureLibraryAll] loss= 0.02506; Epoch Label ACC.= 98.81%, UnLabel ACC.= 91.22%, Lipistz loss = 0, Train Unlabel Best ACC.= 92.0%, Train Max Epoch=110
EarlyStopping counter: 3 out of 200
Epoch [142][SemiTeacher][UWaveGestureLibraryAll] loss= 0.02854; Epoch Label ACC.= 98.54%, UnLabel ACC.= 90.48%, Lipistz loss = 0, Train Unlabel Best ACC.= 92.0%, Train Max Epoch=110
EarlyStopping counter: 4 out of 200
Epoch [143][SemiTeacher][UWaveGestureLibraryAll] loss= 0.02560; Epoch Label ACC.= 98.92%, UnLabel ACC.= 92.15%, Lipistz loss = 0, Train Unlabel Best ACC.= 92.2%, Train Max Epoch=142
EarlyStopping counter: 5 out of 200
Epoch [144][SemiTeacher][UWaveGestureLibraryAll] loss= 0.02570; Epoch Label ACC.= 99.46%, UnLabel ACC.= 90.77%, Lipistz loss = 0, Train Unlabel Best ACC.= 92.2%, Train Max Epoch=142
EarlyStopping counter: 6 out of 200
Epoch [145][SemiTeacher][UWaveGestureLibraryAll] loss= 0.02826; Epoch Label ACC.= 98.15%, UnLabel ACC.= 90.55%, Lipistz loss = 0, Train Unlabel Best ACC.= 92.2%, Train Max Epoch=142
EarlyStopping counter: 7 out of 200
Epoch [146][SemiTeacher][UWaveGestureLibraryAll] loss= 0.02539; Epoch Label ACC.= 98.81%, UnLabel ACC.= 91.82%, Lipistz loss = 0, Train Unlabel Best ACC.= 92.2%, Train Max Epoch=142
EarlyStopping counter: 8 out of 200
Epoch [147][SemiTeacher][UWaveGestureLibraryAll] loss= 0.02843; Epoch Label ACC.= 98.00%, UnLabel ACC.= 91.29%, Lipistz loss = 0, Train Unlabel Best ACC.= 92.2%, Train Max Epoch=142
EarlyStopping counter: 9 out of 200
Epoch [148][SemiTeacher][UWaveGestureLibraryAll] loss= 0.02463; Epoch Label ACC.= 98.86%, UnLabel ACC.= 91.22%, Lipistz loss = 0, Train Unlabel Best ACC.= 92.2%, Train Max Epoch=142
EarlyStopping counter: 10 out of 200
Epoch [149][SemiTeacher][UWaveGestureLibraryAll] loss= 0.02584; Epoch Label ACC.= 99.01%, UnLabel ACC.= 91.07%, Lipistz loss = 0, Train Unlabel Best ACC.= 92.2%, Train Max Epoch=142
EarlyStopping counter: 11 out of 200
Epoch [150][SemiTeacher][UWaveGestureLibraryAll] loss= 0.02562; Epoch Label ACC.= 98.59%, UnLabel ACC.= 90.14%, Lipistz loss = 0, Train Unlabel Best ACC.= 92.2%, Train Max Epoch=142
EarlyStopping counter: 12 out of 200
Epoch [151][SemiTeacher][UWaveGestureLibraryAll] loss= 0.02628; Epoch Label ACC.= 98.40%, UnLabel ACC.= 90.55%, Lipistz loss = 0, Train Unlabel Best ACC.= 92.2%, Train Max Epoch=142
EarlyStopping counter: 13 out of 200
Epoch [152][SemiTeacher][UWaveGestureLibraryAll] loss= 0.02729; Epoch Label ACC.= 98.32%, UnLabel ACC.= 90.89%, Lipistz loss = 0, Train Unlabel Best ACC.= 92.2%, Train Max Epoch=142
EarlyStopping counter: 14 out of 200
Epoch [153][SemiTeacher][UWaveGestureLibraryAll] loss= 0.02567; Epoch Label ACC.= 99.00%, UnLabel ACC.= 92.04%, Lipistz loss = 0, Train Unlabel Best ACC.= 92.2%, Train Max Epoch=142
EarlyStopping counter: 15 out of 200
Epoch [154][SemiTeacher][UWaveGestureLibraryAll] loss= 0.02477; Epoch Label ACC.= 98.92%, UnLabel ACC.= 91.44%, Lipistz loss = 0, Train Unlabel Best ACC.= 92.2%, Train Max Epoch=142
EarlyStopping counter: 16 out of 200
Epoch [155][SemiTeacher][UWaveGestureLibraryAll] loss= 0.02664; Epoch Label ACC.= 99.07%, UnLabel ACC.= 90.44%, Lipistz loss = 0, Train Unlabel Best ACC.= 92.2%, Train Max Epoch=142
EarlyStopping counter: 17 out of 200
Epoch [156][SemiTeacher][UWaveGestureLibraryAll] loss= 0.02500; Epoch Label ACC.= 99.01%, UnLabel ACC.= 90.85%, Lipistz loss = 0, Train Unlabel Best ACC.= 92.2%, Train Max Epoch=142
EarlyStopping counter: 18 out of 200
Epoch [157][SemiTeacher][UWaveGestureLibraryAll] loss= 0.02515; Epoch Label ACC.= 98.92%, UnLabel ACC.= 91.18%, Lipistz loss = 0, Train Unlabel Best ACC.= 92.2%, Train Max Epoch=142
EarlyStopping counter: 19 out of 200
Epoch [158][SemiTeacher][UWaveGestureLibraryAll] loss= 0.02663; Epoch Label ACC.= 98.56%, UnLabel ACC.= 90.70%, Lipistz loss = 0, Train Unlabel Best ACC.= 92.2%, Train Max Epoch=142
EarlyStopping counter: 20 out of 200
Epoch [159][SemiTeacher][UWaveGestureLibraryAll] loss= 0.02464; Epoch Label ACC.= 98.28%, UnLabel ACC.= 90.07%, Lipistz loss = 0, Train Unlabel Best ACC.= 92.2%, Train Max Epoch=142
EarlyStopping counter: 21 out of 200
Epoch [160][SemiTeacher][UWaveGestureLibraryAll] loss= 0.02638; Epoch Label ACC.= 98.64%, UnLabel ACC.= 90.18%, Lipistz loss = 0, Train Unlabel Best ACC.= 92.2%, Train Max Epoch=142
EarlyStopping counter: 22 out of 200
Epoch [161][SemiTeacher][UWaveGestureLibraryAll] loss= 0.02813; Epoch Label ACC.= 98.35%, UnLabel ACC.= 90.70%, Lipistz loss = 0, Train Unlabel Best ACC.= 92.2%, Train Max Epoch=142
EarlyStopping counter: 23 out of 200
Epoch [162][SemiTeacher][UWaveGestureLibraryAll] loss= 0.02522; Epoch Label ACC.= 98.77%, UnLabel ACC.= 91.82%, Lipistz loss = 0, Train Unlabel Best ACC.= 92.2%, Train Max Epoch=142
EarlyStopping counter: 24 out of 200
Epoch [163][SemiTeacher][UWaveGestureLibraryAll] loss= 0.02425; Epoch Label ACC.= 98.77%, UnLabel ACC.= 92.22%, Lipistz loss = 0, Train Unlabel Best ACC.= 92.2%, Train Max Epoch=162
EarlyStopping counter: 25 out of 200
Epoch [164][SemiTeacher][UWaveGestureLibraryAll] loss= 0.02464; Epoch Label ACC.= 98.75%, UnLabel ACC.= 91.74%, Lipistz loss = 0, Train Unlabel Best ACC.= 92.2%, Train Max Epoch=162
EarlyStopping counter: 26 out of 200
Epoch [165][SemiTeacher][UWaveGestureLibraryAll] loss= 0.02536; Epoch Label ACC.= 98.70%, UnLabel ACC.= 92.11%, Lipistz loss = 0, Train Unlabel Best ACC.= 92.2%, Train Max Epoch=162
EarlyStopping counter: 27 out of 200
Epoch [166][SemiTeacher][UWaveGestureLibraryAll] loss= 0.02292; Epoch Label ACC.= 99.37%, UnLabel ACC.= 91.48%, Lipistz loss = 0, Train Unlabel Best ACC.= 92.2%, Train Max Epoch=162
EarlyStopping counter: 28 out of 200
Epoch [167][SemiTeacher][UWaveGestureLibraryAll] loss= 0.02509; Epoch Label ACC.= 99.00%, UnLabel ACC.= 91.74%, Lipistz loss = 0, Train Unlabel Best ACC.= 92.2%, Train Max Epoch=162
EarlyStopping counter: 29 out of 200
Epoch [168][SemiTeacher][UWaveGestureLibraryAll] loss= 0.02541; Epoch Label ACC.= 98.54%, UnLabel ACC.= 91.93%, Lipistz loss = 0, Train Unlabel Best ACC.= 92.2%, Train Max Epoch=162
EarlyStopping counter: 30 out of 200
Epoch [169][SemiTeacher][UWaveGestureLibraryAll] loss= 0.02593; Epoch Label ACC.= 98.47%, UnLabel ACC.= 91.74%, Lipistz loss = 0, Train Unlabel Best ACC.= 92.2%, Train Max Epoch=162
EarlyStopping counter: 31 out of 200
Epoch [170][SemiTeacher][UWaveGestureLibraryAll] loss= 0.02658; Epoch Label ACC.= 98.21%, UnLabel ACC.= 91.00%, Lipistz loss = 0, Train Unlabel Best ACC.= 92.2%, Train Max Epoch=162
EarlyStopping counter: 32 out of 200
Epoch [171][SemiTeacher][UWaveGestureLibraryAll] loss= 0.02574; Epoch Label ACC.= 99.14%, UnLabel ACC.= 91.82%, Lipistz loss = 0, Train Unlabel Best ACC.= 92.2%, Train Max Epoch=162
EarlyStopping counter: 33 out of 200
Epoch [172][SemiTeacher][UWaveGestureLibraryAll] loss= 0.02438; Epoch Label ACC.= 98.99%, UnLabel ACC.= 91.56%, Lipistz loss = 0, Train Unlabel Best ACC.= 92.2%, Train Max Epoch=162
EarlyStopping counter: 34 out of 200
Epoch [173][SemiTeacher][UWaveGestureLibraryAll] loss= 0.02486; Epoch Label ACC.= 98.30%, UnLabel ACC.= 90.18%, Lipistz loss = 0, Train Unlabel Best ACC.= 92.2%, Train Max Epoch=162
EarlyStopping counter: 35 out of 200
Epoch [174][SemiTeacher][UWaveGestureLibraryAll] loss= 0.02441; Epoch Label ACC.= 98.58%, UnLabel ACC.= 91.07%, Lipistz loss = 0, Train Unlabel Best ACC.= 92.2%, Train Max Epoch=162
EarlyStopping counter: 36 out of 200
Epoch [175][SemiTeacher][UWaveGestureLibraryAll] loss= 0.02278; Epoch Label ACC.= 99.25%, UnLabel ACC.= 91.33%, Lipistz loss = 0, Train Unlabel Best ACC.= 92.2%, Train Max Epoch=162
EarlyStopping counter: 37 out of 200
Epoch [176][SemiTeacher][UWaveGestureLibraryAll] loss= 0.02271; Epoch Label ACC.= 99.07%, UnLabel ACC.= 92.97%, Lipistz loss = 0, Train Unlabel Best ACC.= 93.0%, Train Max Epoch=175
EarlyStopping counter: 38 out of 200
Epoch [177][SemiTeacher][UWaveGestureLibraryAll] loss= 0.02375; Epoch Label ACC.= 99.05%, UnLabel ACC.= 92.19%, Lipistz loss = 0, Train Unlabel Best ACC.= 93.0%, Train Max Epoch=175
EarlyStopping counter: 39 out of 200
Epoch [178][SemiTeacher][UWaveGestureLibraryAll] loss= 0.02431; Epoch Label ACC.= 99.29%, UnLabel ACC.= 92.08%, Lipistz loss = 0, Train Unlabel Best ACC.= 93.0%, Train Max Epoch=175
EarlyStopping counter: 40 out of 200
Epoch [179][SemiTeacher][UWaveGestureLibraryAll] loss= 0.02489; Epoch Label ACC.= 98.38%, UnLabel ACC.= 92.08%, Lipistz loss = 0, Train Unlabel Best ACC.= 93.0%, Train Max Epoch=175
EarlyStopping counter: 41 out of 200
Epoch [180][SemiTeacher][UWaveGestureLibraryAll] loss= 0.02323; Epoch Label ACC.= 98.92%, UnLabel ACC.= 91.63%, Lipistz loss = 0, Train Unlabel Best ACC.= 93.0%, Train Max Epoch=175
EarlyStopping counter: 42 out of 200
Epoch [181][SemiTeacher][UWaveGestureLibraryAll] loss= 0.02450; Epoch Label ACC.= 98.73%, UnLabel ACC.= 90.29%, Lipistz loss = 0, Train Unlabel Best ACC.= 93.0%, Train Max Epoch=175
EarlyStopping counter: 43 out of 200
Epoch [182][SemiTeacher][UWaveGestureLibraryAll] loss= 0.02434; Epoch Label ACC.= 99.26%, UnLabel ACC.= 92.15%, Lipistz loss = 0, Train Unlabel Best ACC.= 93.0%, Train Max Epoch=175
EarlyStopping counter: 44 out of 200
Epoch [183][SemiTeacher][UWaveGestureLibraryAll] loss= 0.02779; Epoch Label ACC.= 98.38%, UnLabel ACC.= 90.77%, Lipistz loss = 0, Train Unlabel Best ACC.= 93.0%, Train Max Epoch=175
EarlyStopping counter: 45 out of 200
Epoch [184][SemiTeacher][UWaveGestureLibraryAll] loss= 0.02513; Epoch Label ACC.= 98.25%, UnLabel ACC.= 92.00%, Lipistz loss = 0, Train Unlabel Best ACC.= 93.0%, Train Max Epoch=175
EarlyStopping counter: 46 out of 200
Epoch [185][SemiTeacher][UWaveGestureLibraryAll] loss= 0.02618; Epoch Label ACC.= 98.85%, UnLabel ACC.= 91.78%, Lipistz loss = 0, Train Unlabel Best ACC.= 93.0%, Train Max Epoch=175
EarlyStopping counter: 47 out of 200
Epoch [186][SemiTeacher][UWaveGestureLibraryAll] loss= 0.02630; Epoch Label ACC.= 99.22%, UnLabel ACC.= 92.11%, Lipistz loss = 0, Train Unlabel Best ACC.= 93.0%, Train Max Epoch=175
EarlyStopping counter: 48 out of 200
Epoch [187][SemiTeacher][UWaveGestureLibraryAll] loss= 0.02317; Epoch Label ACC.= 99.18%, UnLabel ACC.= 91.85%, Lipistz loss = 0, Train Unlabel Best ACC.= 93.0%, Train Max Epoch=175
EarlyStopping counter: 49 out of 200
Epoch [188][SemiTeacher][UWaveGestureLibraryAll] loss= 0.02604; Epoch Label ACC.= 99.07%, UnLabel ACC.= 91.44%, Lipistz loss = 0, Train Unlabel Best ACC.= 93.0%, Train Max Epoch=175
EarlyStopping counter: 50 out of 200
Epoch [189][SemiTeacher][UWaveGestureLibraryAll] loss= 0.02659; Epoch Label ACC.= 98.26%, UnLabel ACC.= 91.26%, Lipistz loss = 0, Train Unlabel Best ACC.= 93.0%, Train Max Epoch=175
EarlyStopping counter: 51 out of 200
Epoch [190][SemiTeacher][UWaveGestureLibraryAll] loss= 0.02641; Epoch Label ACC.= 98.66%, UnLabel ACC.= 92.08%, Lipistz loss = 0, Train Unlabel Best ACC.= 93.0%, Train Max Epoch=175
EarlyStopping counter: 52 out of 200
Epoch [191][SemiTeacher][UWaveGestureLibraryAll] loss= 0.02495; Epoch Label ACC.= 99.22%, UnLabel ACC.= 92.04%, Lipistz loss = 0, Train Unlabel Best ACC.= 93.0%, Train Max Epoch=175
EarlyStopping counter: 53 out of 200
Epoch [192][SemiTeacher][UWaveGestureLibraryAll] loss= 0.02461; Epoch Label ACC.= 99.22%, UnLabel ACC.= 91.33%, Lipistz loss = 0, Train Unlabel Best ACC.= 93.0%, Train Max Epoch=175
EarlyStopping counter: 54 out of 200
Epoch [193][SemiTeacher][UWaveGestureLibraryAll] loss= 0.02131; Epoch Label ACC.= 99.05%, UnLabel ACC.= 92.22%, Lipistz loss = 0, Train Unlabel Best ACC.= 93.0%, Train Max Epoch=175
EarlyStopping counter: 55 out of 200
Epoch [194][SemiTeacher][UWaveGestureLibraryAll] loss= 0.02512; Epoch Label ACC.= 98.36%, UnLabel ACC.= 90.92%, Lipistz loss = 0, Train Unlabel Best ACC.= 93.0%, Train Max Epoch=175
EarlyStopping counter: 56 out of 200
Epoch [195][SemiTeacher][UWaveGestureLibraryAll] loss= 0.02811; Epoch Label ACC.= 98.83%, UnLabel ACC.= 90.85%, Lipistz loss = 0, Train Unlabel Best ACC.= 93.0%, Train Max Epoch=175
EarlyStopping counter: 57 out of 200
Epoch [196][SemiTeacher][UWaveGestureLibraryAll] loss= 0.02300; Epoch Label ACC.= 99.16%, UnLabel ACC.= 92.89%, Lipistz loss = 0, Train Unlabel Best ACC.= 93.0%, Train Max Epoch=175
EarlyStopping counter: 58 out of 200
Epoch [197][SemiTeacher][UWaveGestureLibraryAll] loss= 0.02343; Epoch Label ACC.= 98.60%, UnLabel ACC.= 91.18%, Lipistz loss = 0, Train Unlabel Best ACC.= 93.0%, Train Max Epoch=175
EarlyStopping counter: 59 out of 200
Epoch [198][SemiTeacher][UWaveGestureLibraryAll] loss= 0.02431; Epoch Label ACC.= 98.69%, UnLabel ACC.= 91.03%, Lipistz loss = 0, Train Unlabel Best ACC.= 93.0%, Train Max Epoch=175
EarlyStopping counter: 60 out of 200
Epoch [199][SemiTeacher][UWaveGestureLibraryAll] loss= 0.02722; Epoch Label ACC.= 98.71%, UnLabel ACC.= 91.52%, Lipistz loss = 0, Train Unlabel Best ACC.= 93.0%, Train Max Epoch=175
EarlyStopping counter: 61 out of 200
[INFO] save backbone at epoch 199!
Epoch [200][SemiTeacher][UWaveGestureLibraryAll] loss= 0.02653; Epoch Label ACC.= 99.14%, UnLabel ACC.= 91.44%, Lipistz loss = 0, Train Unlabel Best ACC.= 93.0%, Train Max Epoch=175
EarlyStopping counter: 62 out of 200
Epoch [201][SemiTeacher][UWaveGestureLibraryAll] loss= 0.02405; Epoch Label ACC.= 98.64%, UnLabel ACC.= 92.19%, Lipistz loss = 0, Train Unlabel Best ACC.= 93.0%, Train Max Epoch=175
EarlyStopping counter: 63 out of 200
Epoch [202][SemiTeacher][UWaveGestureLibraryAll] loss= 0.02228; Epoch Label ACC.= 99.11%, UnLabel ACC.= 91.70%, Lipistz loss = 0, Train Unlabel Best ACC.= 93.0%, Train Max Epoch=175
EarlyStopping counter: 64 out of 200
Epoch [203][SemiTeacher][UWaveGestureLibraryAll] loss= 0.02365; Epoch Label ACC.= 99.00%, UnLabel ACC.= 92.37%, Lipistz loss = 0, Train Unlabel Best ACC.= 93.0%, Train Max Epoch=175
EarlyStopping counter: 65 out of 200
Epoch [204][SemiTeacher][UWaveGestureLibraryAll] loss= 0.02316; Epoch Label ACC.= 99.35%, UnLabel ACC.= 92.63%, Lipistz loss = 0, Train Unlabel Best ACC.= 93.0%, Train Max Epoch=175
EarlyStopping counter: 66 out of 200
Epoch [205][SemiTeacher][UWaveGestureLibraryAll] loss= 0.02379; Epoch Label ACC.= 98.56%, UnLabel ACC.= 91.70%, Lipistz loss = 0, Train Unlabel Best ACC.= 93.0%, Train Max Epoch=175
EarlyStopping counter: 67 out of 200
Epoch [206][SemiTeacher][UWaveGestureLibraryAll] loss= 0.02306; Epoch Label ACC.= 99.01%, UnLabel ACC.= 91.33%, Lipistz loss = 0, Train Unlabel Best ACC.= 93.0%, Train Max Epoch=175
EarlyStopping counter: 68 out of 200
Epoch [207][SemiTeacher][UWaveGestureLibraryAll] loss= 0.02452; Epoch Label ACC.= 98.83%, UnLabel ACC.= 91.82%, Lipistz loss = 0, Train Unlabel Best ACC.= 93.0%, Train Max Epoch=175
EarlyStopping counter: 69 out of 200
Epoch [208][SemiTeacher][UWaveGestureLibraryAll] loss= 0.02596; Epoch Label ACC.= 98.74%, UnLabel ACC.= 92.30%, Lipistz loss = 0, Train Unlabel Best ACC.= 93.0%, Train Max Epoch=175
EarlyStopping counter: 70 out of 200
Epoch [209][SemiTeacher][UWaveGestureLibraryAll] loss= 0.02477; Epoch Label ACC.= 98.62%, UnLabel ACC.= 91.56%, Lipistz loss = 0, Train Unlabel Best ACC.= 93.0%, Train Max Epoch=175
EarlyStopping counter: 71 out of 200
Epoch [210][SemiTeacher][UWaveGestureLibraryAll] loss= 0.02430; Epoch Label ACC.= 99.16%, UnLabel ACC.= 91.82%, Lipistz loss = 0, Train Unlabel Best ACC.= 93.0%, Train Max Epoch=175
EarlyStopping counter: 72 out of 200
Epoch [211][SemiTeacher][UWaveGestureLibraryAll] loss= 0.02230; Epoch Label ACC.= 98.71%, UnLabel ACC.= 92.19%, Lipistz loss = 0, Train Unlabel Best ACC.= 93.0%, Train Max Epoch=175
[Test-211] Val ACC:96.65%, Best Test ACC.: 94.64% in Epoch 211
EarlyStopping counter: 73 out of 200
Epoch [212][SemiTeacher][UWaveGestureLibraryAll] loss= 0.02152; Epoch Label ACC.= 98.94%, UnLabel ACC.= 90.77%, Lipistz loss = 0, Train Unlabel Best ACC.= 93.0%, Train Max Epoch=175
EarlyStopping counter: 74 out of 200
Epoch [213][SemiTeacher][UWaveGestureLibraryAll] loss= 0.02626; Epoch Label ACC.= 98.43%, UnLabel ACC.= 90.18%, Lipistz loss = 0, Train Unlabel Best ACC.= 93.0%, Train Max Epoch=175
EarlyStopping counter: 75 out of 200
Epoch [214][SemiTeacher][UWaveGestureLibraryAll] loss= 0.02453; Epoch Label ACC.= 99.03%, UnLabel ACC.= 91.52%, Lipistz loss = 0, Train Unlabel Best ACC.= 93.0%, Train Max Epoch=175
EarlyStopping counter: 76 out of 200
Epoch [215][SemiTeacher][UWaveGestureLibraryAll] loss= 0.02387; Epoch Label ACC.= 99.07%, UnLabel ACC.= 91.74%, Lipistz loss = 0, Train Unlabel Best ACC.= 93.0%, Train Max Epoch=175
EarlyStopping counter: 77 out of 200
Epoch [216][SemiTeacher][UWaveGestureLibraryAll] loss= 0.02409; Epoch Label ACC.= 99.33%, UnLabel ACC.= 92.15%, Lipistz loss = 0, Train Unlabel Best ACC.= 93.0%, Train Max Epoch=175
EarlyStopping counter: 78 out of 200
Epoch [217][SemiTeacher][UWaveGestureLibraryAll] loss= 0.02569; Epoch Label ACC.= 98.94%, UnLabel ACC.= 91.18%, Lipistz loss = 0, Train Unlabel Best ACC.= 93.0%, Train Max Epoch=175
EarlyStopping counter: 79 out of 200
Epoch [218][SemiTeacher][UWaveGestureLibraryAll] loss= 0.02554; Epoch Label ACC.= 98.97%, UnLabel ACC.= 91.26%, Lipistz loss = 0, Train Unlabel Best ACC.= 93.0%, Train Max Epoch=175
EarlyStopping counter: 80 out of 200
Epoch [219][SemiTeacher][UWaveGestureLibraryAll] loss= 0.02750; Epoch Label ACC.= 98.64%, UnLabel ACC.= 90.18%, Lipistz loss = 0, Train Unlabel Best ACC.= 93.0%, Train Max Epoch=175
EarlyStopping counter: 81 out of 200
Epoch [220][SemiTeacher][UWaveGestureLibraryAll] loss= 0.02325; Epoch Label ACC.= 98.83%, UnLabel ACC.= 91.56%, Lipistz loss = 0, Train Unlabel Best ACC.= 93.0%, Train Max Epoch=175
EarlyStopping counter: 82 out of 200
Epoch [221][SemiTeacher][UWaveGestureLibraryAll] loss= 0.02284; Epoch Label ACC.= 99.14%, UnLabel ACC.= 90.14%, Lipistz loss = 0, Train Unlabel Best ACC.= 93.0%, Train Max Epoch=175
EarlyStopping counter: 83 out of 200
Epoch [222][SemiTeacher][UWaveGestureLibraryAll] loss= 0.02439; Epoch Label ACC.= 98.97%, UnLabel ACC.= 91.48%, Lipistz loss = 0, Train Unlabel Best ACC.= 93.0%, Train Max Epoch=175
EarlyStopping counter: 84 out of 200
Epoch [223][SemiTeacher][UWaveGestureLibraryAll] loss= 0.02708; Epoch Label ACC.= 98.85%, UnLabel ACC.= 92.00%, Lipistz loss = 0, Train Unlabel Best ACC.= 93.0%, Train Max Epoch=175
EarlyStopping counter: 85 out of 200
Epoch [224][SemiTeacher][UWaveGestureLibraryAll] loss= 0.02583; Epoch Label ACC.= 99.11%, UnLabel ACC.= 92.00%, Lipistz loss = 0, Train Unlabel Best ACC.= 93.0%, Train Max Epoch=175
EarlyStopping counter: 86 out of 200
Epoch [225][SemiTeacher][UWaveGestureLibraryAll] loss= 0.02664; Epoch Label ACC.= 98.85%, UnLabel ACC.= 91.78%, Lipistz loss = 0, Train Unlabel Best ACC.= 93.0%, Train Max Epoch=175
EarlyStopping counter: 87 out of 200
Epoch [226][SemiTeacher][UWaveGestureLibraryAll] loss= 0.02250; Epoch Label ACC.= 99.05%, UnLabel ACC.= 93.30%, Lipistz loss = 0, Train Unlabel Best ACC.= 93.3%, Train Max Epoch=225
EarlyStopping counter: 88 out of 200
Epoch [227][SemiTeacher][UWaveGestureLibraryAll] loss= 0.02323; Epoch Label ACC.= 98.75%, UnLabel ACC.= 92.75%, Lipistz loss = 0, Train Unlabel Best ACC.= 93.3%, Train Max Epoch=225
EarlyStopping counter: 89 out of 200
Epoch [228][SemiTeacher][UWaveGestureLibraryAll] loss= 0.02524; Epoch Label ACC.= 98.83%, UnLabel ACC.= 91.74%, Lipistz loss = 0, Train Unlabel Best ACC.= 93.3%, Train Max Epoch=225
EarlyStopping counter: 90 out of 200
Epoch [229][SemiTeacher][UWaveGestureLibraryAll] loss= 0.02786; Epoch Label ACC.= 98.77%, UnLabel ACC.= 91.29%, Lipistz loss = 0, Train Unlabel Best ACC.= 93.3%, Train Max Epoch=225
EarlyStopping counter: 91 out of 200
Epoch [230][SemiTeacher][UWaveGestureLibraryAll] loss= 0.02396; Epoch Label ACC.= 98.92%, UnLabel ACC.= 91.11%, Lipistz loss = 0, Train Unlabel Best ACC.= 93.3%, Train Max Epoch=225
EarlyStopping counter: 92 out of 200
Epoch [231][SemiTeacher][UWaveGestureLibraryAll] loss= 0.02522; Epoch Label ACC.= 98.31%, UnLabel ACC.= 92.19%, Lipistz loss = 0, Train Unlabel Best ACC.= 93.3%, Train Max Epoch=225
EarlyStopping counter: 93 out of 200
Epoch [232][SemiTeacher][UWaveGestureLibraryAll] loss= 0.02683; Epoch Label ACC.= 98.54%, UnLabel ACC.= 92.26%, Lipistz loss = 0, Train Unlabel Best ACC.= 93.3%, Train Max Epoch=225
EarlyStopping counter: 94 out of 200
Epoch [233][SemiTeacher][UWaveGestureLibraryAll] loss= 0.02505; Epoch Label ACC.= 99.26%, UnLabel ACC.= 91.89%, Lipistz loss = 0, Train Unlabel Best ACC.= 93.3%, Train Max Epoch=225
EarlyStopping counter: 95 out of 200
Epoch [234][SemiTeacher][UWaveGestureLibraryAll] loss= 0.02399; Epoch Label ACC.= 99.18%, UnLabel ACC.= 90.59%, Lipistz loss = 0, Train Unlabel Best ACC.= 93.3%, Train Max Epoch=225
EarlyStopping counter: 96 out of 200
Epoch [235][SemiTeacher][UWaveGestureLibraryAll] loss= 0.02217; Epoch Label ACC.= 99.05%, UnLabel ACC.= 91.33%, Lipistz loss = 0, Train Unlabel Best ACC.= 93.3%, Train Max Epoch=225
EarlyStopping counter: 97 out of 200
Epoch [236][SemiTeacher][UWaveGestureLibraryAll] loss= 0.02124; Epoch Label ACC.= 99.35%, UnLabel ACC.= 91.59%, Lipistz loss = 0, Train Unlabel Best ACC.= 93.3%, Train Max Epoch=225
EarlyStopping counter: 98 out of 200
Epoch [237][SemiTeacher][UWaveGestureLibraryAll] loss= 0.02301; Epoch Label ACC.= 99.40%, UnLabel ACC.= 92.15%, Lipistz loss = 0, Train Unlabel Best ACC.= 93.3%, Train Max Epoch=225
EarlyStopping counter: 99 out of 200
Epoch [238][SemiTeacher][UWaveGestureLibraryAll] loss= 0.02357; Epoch Label ACC.= 99.09%, UnLabel ACC.= 92.49%, Lipistz loss = 0, Train Unlabel Best ACC.= 93.3%, Train Max Epoch=225
EarlyStopping counter: 100 out of 200
Epoch [239][SemiTeacher][UWaveGestureLibraryAll] loss= 0.02476; Epoch Label ACC.= 99.03%, UnLabel ACC.= 92.45%, Lipistz loss = 0, Train Unlabel Best ACC.= 93.3%, Train Max Epoch=225
EarlyStopping counter: 101 out of 200
Epoch [240][SemiTeacher][UWaveGestureLibraryAll] loss= 0.02408; Epoch Label ACC.= 98.90%, UnLabel ACC.= 91.93%, Lipistz loss = 0, Train Unlabel Best ACC.= 93.3%, Train Max Epoch=225
EarlyStopping counter: 102 out of 200
Epoch [241][SemiTeacher][UWaveGestureLibraryAll] loss= 0.02660; Epoch Label ACC.= 99.07%, UnLabel ACC.= 91.15%, Lipistz loss = 0, Train Unlabel Best ACC.= 93.3%, Train Max Epoch=225
EarlyStopping counter: 103 out of 200
Epoch [242][SemiTeacher][UWaveGestureLibraryAll] loss= 0.02326; Epoch Label ACC.= 99.50%, UnLabel ACC.= 92.63%, Lipistz loss = 0, Train Unlabel Best ACC.= 93.3%, Train Max Epoch=225
EarlyStopping counter: 104 out of 200
Epoch [243][SemiTeacher][UWaveGestureLibraryAll] loss= 0.02295; Epoch Label ACC.= 99.07%, UnLabel ACC.= 91.85%, Lipistz loss = 0, Train Unlabel Best ACC.= 93.3%, Train Max Epoch=225
EarlyStopping counter: 105 out of 200
Epoch [244][SemiTeacher][UWaveGestureLibraryAll] loss= 0.02336; Epoch Label ACC.= 99.40%, UnLabel ACC.= 92.22%, Lipistz loss = 0, Train Unlabel Best ACC.= 93.3%, Train Max Epoch=225
EarlyStopping counter: 106 out of 200
Epoch [245][SemiTeacher][UWaveGestureLibraryAll] loss= 0.02381; Epoch Label ACC.= 99.37%, UnLabel ACC.= 91.37%, Lipistz loss = 0, Train Unlabel Best ACC.= 93.3%, Train Max Epoch=225
EarlyStopping counter: 107 out of 200
Epoch [246][SemiTeacher][UWaveGestureLibraryAll] loss= 0.02132; Epoch Label ACC.= 99.14%, UnLabel ACC.= 91.67%, Lipistz loss = 0, Train Unlabel Best ACC.= 93.3%, Train Max Epoch=225
EarlyStopping counter: 108 out of 200
Epoch [247][SemiTeacher][UWaveGestureLibraryAll] loss= 0.02648; Epoch Label ACC.= 98.04%, UnLabel ACC.= 90.29%, Lipistz loss = 0, Train Unlabel Best ACC.= 93.3%, Train Max Epoch=225
EarlyStopping counter: 109 out of 200
Epoch [248][SemiTeacher][UWaveGestureLibraryAll] loss= 0.02736; Epoch Label ACC.= 98.96%, UnLabel ACC.= 91.22%, Lipistz loss = 0, Train Unlabel Best ACC.= 93.3%, Train Max Epoch=225
EarlyStopping counter: 110 out of 200
Epoch [249][SemiTeacher][UWaveGestureLibraryAll] loss= 0.02335; Epoch Label ACC.= 98.82%, UnLabel ACC.= 91.44%, Lipistz loss = 0, Train Unlabel Best ACC.= 93.3%, Train Max Epoch=225
EarlyStopping counter: 111 out of 200
Epoch [250][SemiTeacher][UWaveGestureLibraryAll] loss= 0.02258; Epoch Label ACC.= 99.27%, UnLabel ACC.= 91.63%, Lipistz loss = 0, Train Unlabel Best ACC.= 93.3%, Train Max Epoch=225
EarlyStopping counter: 112 out of 200
Epoch [251][SemiTeacher][UWaveGestureLibraryAll] loss= 0.02264; Epoch Label ACC.= 98.77%, UnLabel ACC.= 92.60%, Lipistz loss = 0, Train Unlabel Best ACC.= 93.3%, Train Max Epoch=225
EarlyStopping counter: 113 out of 200
Epoch [252][SemiTeacher][UWaveGestureLibraryAll] loss= 0.02328; Epoch Label ACC.= 99.22%, UnLabel ACC.= 92.26%, Lipistz loss = 0, Train Unlabel Best ACC.= 93.3%, Train Max Epoch=225
EarlyStopping counter: 114 out of 200
Epoch [253][SemiTeacher][UWaveGestureLibraryAll] loss= 0.02263; Epoch Label ACC.= 99.29%, UnLabel ACC.= 91.93%, Lipistz loss = 0, Train Unlabel Best ACC.= 93.3%, Train Max Epoch=225
EarlyStopping counter: 115 out of 200
Epoch [254][SemiTeacher][UWaveGestureLibraryAll] loss= 0.02096; Epoch Label ACC.= 98.64%, UnLabel ACC.= 92.82%, Lipistz loss = 0, Train Unlabel Best ACC.= 93.3%, Train Max Epoch=225
EarlyStopping counter: 116 out of 200
Epoch [255][SemiTeacher][UWaveGestureLibraryAll] loss= 0.02362; Epoch Label ACC.= 99.25%, UnLabel ACC.= 90.85%, Lipistz loss = 0, Train Unlabel Best ACC.= 93.3%, Train Max Epoch=225
EarlyStopping counter: 117 out of 200
Epoch [256][SemiTeacher][UWaveGestureLibraryAll] loss= 0.02515; Epoch Label ACC.= 99.37%, UnLabel ACC.= 91.59%, Lipistz loss = 0, Train Unlabel Best ACC.= 93.3%, Train Max Epoch=225
EarlyStopping counter: 118 out of 200
Epoch [257][SemiTeacher][UWaveGestureLibraryAll] loss= 0.02207; Epoch Label ACC.= 99.09%, UnLabel ACC.= 92.63%, Lipistz loss = 0, Train Unlabel Best ACC.= 93.3%, Train Max Epoch=225
EarlyStopping counter: 119 out of 200
Epoch [258][SemiTeacher][UWaveGestureLibraryAll] loss= 0.02330; Epoch Label ACC.= 99.33%, UnLabel ACC.= 91.89%, Lipistz loss = 0, Train Unlabel Best ACC.= 93.3%, Train Max Epoch=225
EarlyStopping counter: 120 out of 200
Epoch [259][SemiTeacher][UWaveGestureLibraryAll] loss= 0.02230; Epoch Label ACC.= 99.12%, UnLabel ACC.= 92.60%, Lipistz loss = 0, Train Unlabel Best ACC.= 93.3%, Train Max Epoch=225
EarlyStopping counter: 121 out of 200
Epoch [260][SemiTeacher][UWaveGestureLibraryAll] loss= 0.02245; Epoch Label ACC.= 99.22%, UnLabel ACC.= 91.82%, Lipistz loss = 0, Train Unlabel Best ACC.= 93.3%, Train Max Epoch=225
EarlyStopping counter: 122 out of 200
Epoch [261][SemiTeacher][UWaveGestureLibraryAll] loss= 0.02504; Epoch Label ACC.= 99.35%, UnLabel ACC.= 91.03%, Lipistz loss = 0, Train Unlabel Best ACC.= 93.3%, Train Max Epoch=225
EarlyStopping counter: 123 out of 200
Epoch [262][SemiTeacher][UWaveGestureLibraryAll] loss= 0.02267; Epoch Label ACC.= 98.88%, UnLabel ACC.= 91.74%, Lipistz loss = 0, Train Unlabel Best ACC.= 93.3%, Train Max Epoch=225
EarlyStopping counter: 124 out of 200
Epoch [263][SemiTeacher][UWaveGestureLibraryAll] loss= 0.02236; Epoch Label ACC.= 98.86%, UnLabel ACC.= 91.15%, Lipistz loss = 0, Train Unlabel Best ACC.= 93.3%, Train Max Epoch=225
EarlyStopping counter: 125 out of 200
Epoch [264][SemiTeacher][UWaveGestureLibraryAll] loss= 0.02150; Epoch Label ACC.= 99.33%, UnLabel ACC.= 92.67%, Lipistz loss = 0, Train Unlabel Best ACC.= 93.3%, Train Max Epoch=225
EarlyStopping counter: 126 out of 200
Epoch [265][SemiTeacher][UWaveGestureLibraryAll] loss= 0.02247; Epoch Label ACC.= 99.26%, UnLabel ACC.= 92.15%, Lipistz loss = 0, Train Unlabel Best ACC.= 93.3%, Train Max Epoch=225
EarlyStopping counter: 127 out of 200
Epoch [266][SemiTeacher][UWaveGestureLibraryAll] loss= 0.01937; Epoch Label ACC.= 99.22%, UnLabel ACC.= 92.49%, Lipistz loss = 0, Train Unlabel Best ACC.= 93.3%, Train Max Epoch=225
EarlyStopping counter: 128 out of 200
Epoch [267][SemiTeacher][UWaveGestureLibraryAll] loss= 0.02132; Epoch Label ACC.= 99.18%, UnLabel ACC.= 92.71%, Lipistz loss = 0, Train Unlabel Best ACC.= 93.3%, Train Max Epoch=225
EarlyStopping counter: 129 out of 200
Epoch [268][SemiTeacher][UWaveGestureLibraryAll] loss= 0.02506; Epoch Label ACC.= 99.18%, UnLabel ACC.= 92.37%, Lipistz loss = 0, Train Unlabel Best ACC.= 93.3%, Train Max Epoch=225
EarlyStopping counter: 130 out of 200
Epoch [269][SemiTeacher][UWaveGestureLibraryAll] loss= 0.02344; Epoch Label ACC.= 99.09%, UnLabel ACC.= 92.26%, Lipistz loss = 0, Train Unlabel Best ACC.= 93.3%, Train Max Epoch=225
EarlyStopping counter: 131 out of 200
Epoch [270][SemiTeacher][UWaveGestureLibraryAll] loss= 0.02425; Epoch Label ACC.= 99.03%, UnLabel ACC.= 91.74%, Lipistz loss = 0, Train Unlabel Best ACC.= 93.3%, Train Max Epoch=225
EarlyStopping counter: 132 out of 200
Epoch [271][SemiTeacher][UWaveGestureLibraryAll] loss= 0.02539; Epoch Label ACC.= 98.62%, UnLabel ACC.= 91.82%, Lipistz loss = 0, Train Unlabel Best ACC.= 93.3%, Train Max Epoch=225
EarlyStopping counter: 133 out of 200
Epoch [272][SemiTeacher][UWaveGestureLibraryAll] loss= 0.02341; Epoch Label ACC.= 99.26%, UnLabel ACC.= 91.44%, Lipistz loss = 0, Train Unlabel Best ACC.= 93.3%, Train Max Epoch=225
EarlyStopping counter: 134 out of 200
Epoch [273][SemiTeacher][UWaveGestureLibraryAll] loss= 0.02134; Epoch Label ACC.= 99.29%, UnLabel ACC.= 91.44%, Lipistz loss = 0, Train Unlabel Best ACC.= 93.3%, Train Max Epoch=225
EarlyStopping counter: 135 out of 200
Epoch [274][SemiTeacher][UWaveGestureLibraryAll] loss= 0.02049; Epoch Label ACC.= 99.29%, UnLabel ACC.= 92.30%, Lipistz loss = 0, Train Unlabel Best ACC.= 93.3%, Train Max Epoch=225
EarlyStopping counter: 136 out of 200
Epoch [275][SemiTeacher][UWaveGestureLibraryAll] loss= 0.02322; Epoch Label ACC.= 99.20%, UnLabel ACC.= 91.78%, Lipistz loss = 0, Train Unlabel Best ACC.= 93.3%, Train Max Epoch=225
EarlyStopping counter: 137 out of 200
Epoch [276][SemiTeacher][UWaveGestureLibraryAll] loss= 0.02331; Epoch Label ACC.= 99.33%, UnLabel ACC.= 92.41%, Lipistz loss = 0, Train Unlabel Best ACC.= 93.3%, Train Max Epoch=225
EarlyStopping counter: 138 out of 200
Epoch [277][SemiTeacher][UWaveGestureLibraryAll] loss= 0.02102; Epoch Label ACC.= 99.29%, UnLabel ACC.= 92.37%, Lipistz loss = 0, Train Unlabel Best ACC.= 93.3%, Train Max Epoch=225
EarlyStopping counter: 139 out of 200
Epoch [278][SemiTeacher][UWaveGestureLibraryAll] loss= 0.02163; Epoch Label ACC.= 99.31%, UnLabel ACC.= 92.15%, Lipistz loss = 0, Train Unlabel Best ACC.= 93.3%, Train Max Epoch=225
EarlyStopping counter: 140 out of 200
Epoch [279][SemiTeacher][UWaveGestureLibraryAll] loss= 0.02458; Epoch Label ACC.= 98.96%, UnLabel ACC.= 92.60%, Lipistz loss = 0, Train Unlabel Best ACC.= 93.3%, Train Max Epoch=225
EarlyStopping counter: 141 out of 200
Epoch [280][SemiTeacher][UWaveGestureLibraryAll] loss= 0.02578; Epoch Label ACC.= 99.09%, UnLabel ACC.= 91.63%, Lipistz loss = 0, Train Unlabel Best ACC.= 93.3%, Train Max Epoch=225
EarlyStopping counter: 142 out of 200
Epoch [281][SemiTeacher][UWaveGestureLibraryAll] loss= 0.02345; Epoch Label ACC.= 99.26%, UnLabel ACC.= 91.85%, Lipistz loss = 0, Train Unlabel Best ACC.= 93.3%, Train Max Epoch=225
EarlyStopping counter: 143 out of 200
Epoch [282][SemiTeacher][UWaveGestureLibraryAll] loss= 0.02224; Epoch Label ACC.= 99.48%, UnLabel ACC.= 92.19%, Lipistz loss = 0, Train Unlabel Best ACC.= 93.3%, Train Max Epoch=225
EarlyStopping counter: 144 out of 200
Epoch [283][SemiTeacher][UWaveGestureLibraryAll] loss= 0.02252; Epoch Label ACC.= 99.46%, UnLabel ACC.= 92.15%, Lipistz loss = 0, Train Unlabel Best ACC.= 93.3%, Train Max Epoch=225
EarlyStopping counter: 145 out of 200
Epoch [284][SemiTeacher][UWaveGestureLibraryAll] loss= 0.02019; Epoch Label ACC.= 98.88%, UnLabel ACC.= 91.74%, Lipistz loss = 0, Train Unlabel Best ACC.= 93.3%, Train Max Epoch=225
EarlyStopping counter: 146 out of 200
Epoch [285][SemiTeacher][UWaveGestureLibraryAll] loss= 0.02189; Epoch Label ACC.= 99.29%, UnLabel ACC.= 92.26%, Lipistz loss = 0, Train Unlabel Best ACC.= 93.3%, Train Max Epoch=225
EarlyStopping counter: 147 out of 200
Epoch [286][SemiTeacher][UWaveGestureLibraryAll] loss= 0.02216; Epoch Label ACC.= 99.05%, UnLabel ACC.= 92.41%, Lipistz loss = 0, Train Unlabel Best ACC.= 93.3%, Train Max Epoch=225
EarlyStopping counter: 148 out of 200
Epoch [287][SemiTeacher][UWaveGestureLibraryAll] loss= 0.02470; Epoch Label ACC.= 99.29%, UnLabel ACC.= 91.03%, Lipistz loss = 0, Train Unlabel Best ACC.= 93.3%, Train Max Epoch=225
EarlyStopping counter: 149 out of 200
Epoch [288][SemiTeacher][UWaveGestureLibraryAll] loss= 0.02535; Epoch Label ACC.= 98.79%, UnLabel ACC.= 91.93%, Lipistz loss = 0, Train Unlabel Best ACC.= 93.3%, Train Max Epoch=225
EarlyStopping counter: 150 out of 200
Epoch [289][SemiTeacher][UWaveGestureLibraryAll] loss= 0.02415; Epoch Label ACC.= 99.09%, UnLabel ACC.= 92.15%, Lipistz loss = 0, Train Unlabel Best ACC.= 93.3%, Train Max Epoch=225
EarlyStopping counter: 151 out of 200
Epoch [290][SemiTeacher][UWaveGestureLibraryAll] loss= 0.02336; Epoch Label ACC.= 99.48%, UnLabel ACC.= 91.93%, Lipistz loss = 0, Train Unlabel Best ACC.= 93.3%, Train Max Epoch=225
EarlyStopping counter: 152 out of 200
Epoch [291][SemiTeacher][UWaveGestureLibraryAll] loss= 0.02266; Epoch Label ACC.= 99.09%, UnLabel ACC.= 92.26%, Lipistz loss = 0, Train Unlabel Best ACC.= 93.3%, Train Max Epoch=225
EarlyStopping counter: 153 out of 200
Epoch [292][SemiTeacher][UWaveGestureLibraryAll] loss= 0.02326; Epoch Label ACC.= 98.97%, UnLabel ACC.= 92.11%, Lipistz loss = 0, Train Unlabel Best ACC.= 93.3%, Train Max Epoch=225
EarlyStopping counter: 154 out of 200
Epoch [293][SemiTeacher][UWaveGestureLibraryAll] loss= 0.02338; Epoch Label ACC.= 99.27%, UnLabel ACC.= 92.60%, Lipistz loss = 0, Train Unlabel Best ACC.= 93.3%, Train Max Epoch=225
EarlyStopping counter: 155 out of 200
Epoch [294][SemiTeacher][UWaveGestureLibraryAll] loss= 0.02175; Epoch Label ACC.= 99.12%, UnLabel ACC.= 92.67%, Lipistz loss = 0, Train Unlabel Best ACC.= 93.3%, Train Max Epoch=225
EarlyStopping counter: 156 out of 200
Epoch [295][SemiTeacher][UWaveGestureLibraryAll] loss= 0.02161; Epoch Label ACC.= 99.11%, UnLabel ACC.= 92.52%, Lipistz loss = 0, Train Unlabel Best ACC.= 93.3%, Train Max Epoch=225
EarlyStopping counter: 157 out of 200
Epoch [296][SemiTeacher][UWaveGestureLibraryAll] loss= 0.02345; Epoch Label ACC.= 99.09%, UnLabel ACC.= 91.85%, Lipistz loss = 0, Train Unlabel Best ACC.= 93.3%, Train Max Epoch=225
EarlyStopping counter: 158 out of 200
Epoch [297][SemiTeacher][UWaveGestureLibraryAll] loss= 0.02369; Epoch Label ACC.= 99.12%, UnLabel ACC.= 91.85%, Lipistz loss = 0, Train Unlabel Best ACC.= 93.3%, Train Max Epoch=225
EarlyStopping counter: 159 out of 200
Epoch [298][SemiTeacher][UWaveGestureLibraryAll] loss= 0.02434; Epoch Label ACC.= 99.18%, UnLabel ACC.= 91.44%, Lipistz loss = 0, Train Unlabel Best ACC.= 93.3%, Train Max Epoch=225
EarlyStopping counter: 160 out of 200
Epoch [299][SemiTeacher][UWaveGestureLibraryAll] loss= 0.02398; Epoch Label ACC.= 99.29%, UnLabel ACC.= 92.26%, Lipistz loss = 0, Train Unlabel Best ACC.= 93.3%, Train Max Epoch=225
EarlyStopping counter: 161 out of 200
Epoch [300][SemiTeacher][UWaveGestureLibraryAll] loss= 0.02457; Epoch Label ACC.= 99.24%, UnLabel ACC.= 91.82%, Lipistz loss = 0, Train Unlabel Best ACC.= 93.3%, Train Max Epoch=225
EarlyStopping counter: 162 out of 200
Epoch [301][SemiTeacher][UWaveGestureLibraryAll] loss= 0.02380; Epoch Label ACC.= 98.94%, UnLabel ACC.= 92.15%, Lipistz loss = 0, Train Unlabel Best ACC.= 93.3%, Train Max Epoch=225
EarlyStopping counter: 163 out of 200
Epoch [302][SemiTeacher][UWaveGestureLibraryAll] loss= 0.02177; Epoch Label ACC.= 99.12%, UnLabel ACC.= 91.85%, Lipistz loss = 0, Train Unlabel Best ACC.= 93.3%, Train Max Epoch=225
EarlyStopping counter: 164 out of 200
Epoch [303][SemiTeacher][UWaveGestureLibraryAll] loss= 0.02388; Epoch Label ACC.= 99.29%, UnLabel ACC.= 92.78%, Lipistz loss = 0, Train Unlabel Best ACC.= 93.3%, Train Max Epoch=225
EarlyStopping counter: 165 out of 200
Epoch [304][SemiTeacher][UWaveGestureLibraryAll] loss= 0.02249; Epoch Label ACC.= 99.20%, UnLabel ACC.= 91.82%, Lipistz loss = 0, Train Unlabel Best ACC.= 93.3%, Train Max Epoch=225
EarlyStopping counter: 166 out of 200
Epoch [305][SemiTeacher][UWaveGestureLibraryAll] loss= 0.02291; Epoch Label ACC.= 99.05%, UnLabel ACC.= 92.89%, Lipistz loss = 0, Train Unlabel Best ACC.= 93.3%, Train Max Epoch=225
EarlyStopping counter: 167 out of 200
Epoch [306][SemiTeacher][UWaveGestureLibraryAll] loss= 0.02120; Epoch Label ACC.= 99.37%, UnLabel ACC.= 92.22%, Lipistz loss = 0, Train Unlabel Best ACC.= 93.3%, Train Max Epoch=225
EarlyStopping counter: 168 out of 200
Epoch [307][SemiTeacher][UWaveGestureLibraryAll] loss= 0.02128; Epoch Label ACC.= 99.16%, UnLabel ACC.= 92.56%, Lipistz loss = 0, Train Unlabel Best ACC.= 93.3%, Train Max Epoch=225
EarlyStopping counter: 169 out of 200
Epoch [308][SemiTeacher][UWaveGestureLibraryAll] loss= 0.02329; Epoch Label ACC.= 98.34%, UnLabel ACC.= 92.89%, Lipistz loss = 0, Train Unlabel Best ACC.= 93.3%, Train Max Epoch=225
EarlyStopping counter: 170 out of 200
Epoch [309][SemiTeacher][UWaveGestureLibraryAll] loss= 0.02325; Epoch Label ACC.= 99.48%, UnLabel ACC.= 92.34%, Lipistz loss = 0, Train Unlabel Best ACC.= 93.3%, Train Max Epoch=225
EarlyStopping counter: 171 out of 200
Epoch [310][SemiTeacher][UWaveGestureLibraryAll] loss= 0.02398; Epoch Label ACC.= 98.54%, UnLabel ACC.= 91.22%, Lipistz loss = 0, Train Unlabel Best ACC.= 93.3%, Train Max Epoch=225
EarlyStopping counter: 172 out of 200
Epoch [311][SemiTeacher][UWaveGestureLibraryAll] loss= 0.02412; Epoch Label ACC.= 99.09%, UnLabel ACC.= 92.89%, Lipistz loss = 0, Train Unlabel Best ACC.= 93.3%, Train Max Epoch=225
EarlyStopping counter: 173 out of 200
Epoch [312][SemiTeacher][UWaveGestureLibraryAll] loss= 0.02463; Epoch Label ACC.= 98.60%, UnLabel ACC.= 92.41%, Lipistz loss = 0, Train Unlabel Best ACC.= 93.3%, Train Max Epoch=225
EarlyStopping counter: 174 out of 200
Epoch [313][SemiTeacher][UWaveGestureLibraryAll] loss= 0.02130; Epoch Label ACC.= 99.37%, UnLabel ACC.= 92.34%, Lipistz loss = 0, Train Unlabel Best ACC.= 93.3%, Train Max Epoch=225
EarlyStopping counter: 175 out of 200
Epoch [314][SemiTeacher][UWaveGestureLibraryAll] loss= 0.02282; Epoch Label ACC.= 99.35%, UnLabel ACC.= 93.08%, Lipistz loss = 0, Train Unlabel Best ACC.= 93.3%, Train Max Epoch=225
EarlyStopping counter: 176 out of 200
Epoch [315][SemiTeacher][UWaveGestureLibraryAll] loss= 0.02294; Epoch Label ACC.= 99.29%, UnLabel ACC.= 92.45%, Lipistz loss = 0, Train Unlabel Best ACC.= 93.3%, Train Max Epoch=225
EarlyStopping counter: 177 out of 200
Epoch [316][SemiTeacher][UWaveGestureLibraryAll] loss= 0.02074; Epoch Label ACC.= 99.59%, UnLabel ACC.= 93.01%, Lipistz loss = 0, Train Unlabel Best ACC.= 93.3%, Train Max Epoch=225
EarlyStopping counter: 178 out of 200
Epoch [317][SemiTeacher][UWaveGestureLibraryAll] loss= 0.02329; Epoch Label ACC.= 99.27%, UnLabel ACC.= 92.89%, Lipistz loss = 0, Train Unlabel Best ACC.= 93.3%, Train Max Epoch=225
EarlyStopping counter: 179 out of 200
Epoch [318][SemiTeacher][UWaveGestureLibraryAll] loss= 0.02313; Epoch Label ACC.= 99.12%, UnLabel ACC.= 92.30%, Lipistz loss = 0, Train Unlabel Best ACC.= 93.3%, Train Max Epoch=225
EarlyStopping counter: 180 out of 200
Epoch [319][SemiTeacher][UWaveGestureLibraryAll] loss= 0.02076; Epoch Label ACC.= 99.59%, UnLabel ACC.= 92.22%, Lipistz loss = 0, Train Unlabel Best ACC.= 93.3%, Train Max Epoch=225
EarlyStopping counter: 181 out of 200
Epoch [320][SemiTeacher][UWaveGestureLibraryAll] loss= 0.02330; Epoch Label ACC.= 99.24%, UnLabel ACC.= 92.19%, Lipistz loss = 0, Train Unlabel Best ACC.= 93.3%, Train Max Epoch=225
EarlyStopping counter: 182 out of 200
Epoch [321][SemiTeacher][UWaveGestureLibraryAll] loss= 0.01992; Epoch Label ACC.= 99.64%, UnLabel ACC.= 92.78%, Lipistz loss = 0, Train Unlabel Best ACC.= 93.3%, Train Max Epoch=225
EarlyStopping counter: 183 out of 200
Epoch [322][SemiTeacher][UWaveGestureLibraryAll] loss= 0.02262; Epoch Label ACC.= 99.09%, UnLabel ACC.= 92.71%, Lipistz loss = 0, Train Unlabel Best ACC.= 93.3%, Train Max Epoch=225
EarlyStopping counter: 184 out of 200
Epoch [323][SemiTeacher][UWaveGestureLibraryAll] loss= 0.02317; Epoch Label ACC.= 99.33%, UnLabel ACC.= 92.56%, Lipistz loss = 0, Train Unlabel Best ACC.= 93.3%, Train Max Epoch=225
EarlyStopping counter: 185 out of 200
Epoch [324][SemiTeacher][UWaveGestureLibraryAll] loss= 0.02279; Epoch Label ACC.= 99.37%, UnLabel ACC.= 92.37%, Lipistz loss = 0, Train Unlabel Best ACC.= 93.3%, Train Max Epoch=225
EarlyStopping counter: 186 out of 200
Epoch [325][SemiTeacher][UWaveGestureLibraryAll] loss= 0.02270; Epoch Label ACC.= 99.09%, UnLabel ACC.= 91.48%, Lipistz loss = 0, Train Unlabel Best ACC.= 93.3%, Train Max Epoch=225
EarlyStopping counter: 187 out of 200
Epoch [326][SemiTeacher][UWaveGestureLibraryAll] loss= 0.02225; Epoch Label ACC.= 99.42%, UnLabel ACC.= 91.85%, Lipistz loss = 0, Train Unlabel Best ACC.= 93.3%, Train Max Epoch=225
EarlyStopping counter: 188 out of 200
Epoch [327][SemiTeacher][UWaveGestureLibraryAll] loss= 0.02358; Epoch Label ACC.= 98.67%, UnLabel ACC.= 92.56%, Lipistz loss = 0, Train Unlabel Best ACC.= 93.3%, Train Max Epoch=225
EarlyStopping counter: 189 out of 200
Epoch [328][SemiTeacher][UWaveGestureLibraryAll] loss= 0.02480; Epoch Label ACC.= 99.33%, UnLabel ACC.= 92.34%, Lipistz loss = 0, Train Unlabel Best ACC.= 93.3%, Train Max Epoch=225
EarlyStopping counter: 190 out of 200
Epoch [329][SemiTeacher][UWaveGestureLibraryAll] loss= 0.02555; Epoch Label ACC.= 99.20%, UnLabel ACC.= 91.70%, Lipistz loss = 0, Train Unlabel Best ACC.= 93.3%, Train Max Epoch=225
EarlyStopping counter: 191 out of 200
Epoch [330][SemiTeacher][UWaveGestureLibraryAll] loss= 0.02428; Epoch Label ACC.= 99.55%, UnLabel ACC.= 92.52%, Lipistz loss = 0, Train Unlabel Best ACC.= 93.3%, Train Max Epoch=225
EarlyStopping counter: 192 out of 200
Epoch [331][SemiTeacher][UWaveGestureLibraryAll] loss= 0.02459; Epoch Label ACC.= 98.81%, UnLabel ACC.= 92.49%, Lipistz loss = 0, Train Unlabel Best ACC.= 93.3%, Train Max Epoch=225
EarlyStopping counter: 193 out of 200
Epoch [332][SemiTeacher][UWaveGestureLibraryAll] loss= 0.02517; Epoch Label ACC.= 99.07%, UnLabel ACC.= 92.34%, Lipistz loss = 0, Train Unlabel Best ACC.= 93.3%, Train Max Epoch=225
EarlyStopping counter: 194 out of 200
Epoch [333][SemiTeacher][UWaveGestureLibraryAll] loss= 0.02212; Epoch Label ACC.= 99.59%, UnLabel ACC.= 92.63%, Lipistz loss = 0, Train Unlabel Best ACC.= 93.3%, Train Max Epoch=225