wandb: Currently logged in as: pqy000 (pqythu). Use `wandb login --relogin` to force relogin
2024-08-23 18:38:19.065321: I tensorflow/core/platform/cpu_feature_guard.cc:193] This TensorFlow binary is optimized with oneAPI Deep Neural Network Library (oneDNN) to use the following CPU instructions in performance-critical operations:  AVX2 FMA
To enable them in other operations, rebuild TensorFlow with the appropriate compiler flags.
2024-08-23 18:38:19.984982: W tensorflow/compiler/xla/stream_executor/platform/default/dso_loader.cc:64] Could not load dynamic library 'libnvinfer.so.7'; dlerror: libnvinfer.so.7: cannot open shared object file: No such file or directory; LD_LIBRARY_PATH: /data/qingyi/miniconda3/envs/py3/lib/python3.7/site-packages/cv2/../../lib64:/opt/cudnn/lib64:/usr/local/cuda/lib64
2024-08-23 18:38:19.985085: W tensorflow/compiler/xla/stream_executor/platform/default/dso_loader.cc:64] Could not load dynamic library 'libnvinfer_plugin.so.7'; dlerror: libnvinfer_plugin.so.7: cannot open shared object file: No such file or directory; LD_LIBRARY_PATH: /data/qingyi/miniconda3/envs/py3/lib/python3.7/site-packages/cv2/../../lib64:/opt/cudnn/lib64:/usr/local/cuda/lib64
2024-08-23 18:38:19.985098: W tensorflow/compiler/tf2tensorrt/utils/py_utils.cc:38] TF-TRT Warning: Cannot dlopen some TensorRT libraries. If you would like to use Nvidia GPU with TensorRT, please make sure the missing libraries mentioned above are installed properly.
wandb: wandb version 0.17.7 is available!  To upgrade, please run:
wandb:  $ pip install wandb --upgrade
wandb: Tracking run with wandb version 0.12.17
wandb: Run data is saved locally in /home/qingyi/GPU20/SemiOur/wandb/run-20240823_183810-239v5tz1
wandb: Run `wandb offline` to turn off syncing.
wandb: Syncing run light-wildflower-17
wandb: â­ï¸ View project at https://wandb.ai/pqythu/UWaveGestureLibraryAll_semitime
wandb: ðŸš€ View run at https://wandb.ai/pqythu/UWaveGestureLibraryAll_semitime/runs/239v5tz1
[INFO] Running at: UWaveGestureLibraryAll
[INFO] UWaveGestureLibraryAll
[Stat] All class: {0: 559, 1: 560, 2: 560, 3: 560, 4: 560, 5: 560, 6: 559, 7: 560}
[Stat] Train class: mean=336.0, std=0.0
[Stat] Val class: mean=112.0, std=0.0
[Stat] Test class: mean=111.75, std=0.4330127018922193
Train:(2688, 945, 1), Test:(894, 945, 1), Class:8
rp_params: [3, 0]
[Test-0] Val ACC:42.86%, Best Test ACC.: 43.58% in Epoch 0
Epoch [1][SemiTeacher][UWaveGestureLibraryAll] loss= 0.00172; Epoch Label ACC.= 22.07%, UnLabel ACC.= 17.45%, Lipistz loss = 0, Train Unlabel Best ACC.= 17.4%, Train Max Epoch=0
[Test-1] Val ACC:84.71%, Best Test ACC.: 85.48% in Epoch 1
Validation loss decreased (inf --> 84.709821).  Saving model ...
Epoch [2][SemiTeacher][UWaveGestureLibraryAll] loss= 0.03080; Epoch Label ACC.= 60.34%, UnLabel ACC.= 56.99%, Lipistz loss = 0, Train Unlabel Best ACC.= 57.0%, Train Max Epoch=1
[Test-2] Val ACC:86.38%, Best Test ACC.: 85.93% in Epoch 2
Validation loss decreased (84.709821 --> 86.383929).  Saving model ...
Epoch [3][SemiTeacher][UWaveGestureLibraryAll] loss= 0.05156; Epoch Label ACC.= 80.75%, UnLabel ACC.= 70.31%, Lipistz loss = 0, Train Unlabel Best ACC.= 70.3%, Train Max Epoch=2
[Test-3] Val ACC:87.28%, Best Test ACC.: 86.27% in Epoch 3
Validation loss decreased (86.383929 --> 87.276786).  Saving model ...
Epoch [4][SemiTeacher][UWaveGestureLibraryAll] loss= 0.04962; Epoch Label ACC.= 87.76%, UnLabel ACC.= 75.04%, Lipistz loss = 0, Train Unlabel Best ACC.= 75.0%, Train Max Epoch=3
[Test-4] Val ACC:91.52%, Best Test ACC.: 90.17% in Epoch 4
Validation loss decreased (87.276786 --> 91.517857).  Saving model ...
Epoch [5][SemiTeacher][UWaveGestureLibraryAll] loss= 0.04001; Epoch Label ACC.= 88.74%, UnLabel ACC.= 75.37%, Lipistz loss = 0, Train Unlabel Best ACC.= 75.4%, Train Max Epoch=4
EarlyStopping counter: 1 out of 200
Epoch [6][SemiTeacher][UWaveGestureLibraryAll] loss= 0.03989; Epoch Label ACC.= 91.12%, UnLabel ACC.= 77.16%, Lipistz loss = 0, Train Unlabel Best ACC.= 77.2%, Train Max Epoch=5
EarlyStopping counter: 2 out of 200
Epoch [7][SemiTeacher][UWaveGestureLibraryAll] loss= 0.04098; Epoch Label ACC.= 93.02%, UnLabel ACC.= 76.75%, Lipistz loss = 0, Train Unlabel Best ACC.= 77.2%, Train Max Epoch=5
EarlyStopping counter: 3 out of 200
Epoch [8][SemiTeacher][UWaveGestureLibraryAll] loss= 0.04208; Epoch Label ACC.= 88.17%, UnLabel ACC.= 77.01%, Lipistz loss = 0, Train Unlabel Best ACC.= 77.2%, Train Max Epoch=5
EarlyStopping counter: 4 out of 200
Epoch [9][SemiTeacher][UWaveGestureLibraryAll] loss= 0.04113; Epoch Label ACC.= 94.37%, UnLabel ACC.= 78.72%, Lipistz loss = 0, Train Unlabel Best ACC.= 78.7%, Train Max Epoch=8
EarlyStopping counter: 5 out of 200
Epoch [10][SemiTeacher][UWaveGestureLibraryAll] loss= 0.03862; Epoch Label ACC.= 93.79%, UnLabel ACC.= 79.20%, Lipistz loss = 0, Train Unlabel Best ACC.= 79.2%, Train Max Epoch=9
EarlyStopping counter: 6 out of 200
Epoch [11][SemiTeacher][UWaveGestureLibraryAll] loss= 0.03806; Epoch Label ACC.= 96.27%, UnLabel ACC.= 79.06%, Lipistz loss = 0, Train Unlabel Best ACC.= 79.2%, Train Max Epoch=9
[Test-11] Val ACC:92.30%, Best Test ACC.: 91.07% in Epoch 11
Validation loss decreased (91.517857 --> 92.299107).  Saving model ...
Epoch [12][SemiTeacher][UWaveGestureLibraryAll] loss= 0.03904; Epoch Label ACC.= 96.83%, UnLabel ACC.= 80.80%, Lipistz loss = 0, Train Unlabel Best ACC.= 80.8%, Train Max Epoch=11
[Test-12] Val ACC:92.41%, Best Test ACC.: 90.73% in Epoch 12
Validation loss decreased (92.299107 --> 92.410714).  Saving model ...
Epoch [13][SemiTeacher][UWaveGestureLibraryAll] loss= 0.04252; Epoch Label ACC.= 94.87%, UnLabel ACC.= 81.03%, Lipistz loss = 0, Train Unlabel Best ACC.= 81.0%, Train Max Epoch=12
EarlyStopping counter: 1 out of 200
Epoch [14][SemiTeacher][UWaveGestureLibraryAll] loss= 0.03672; Epoch Label ACC.= 97.76%, UnLabel ACC.= 81.81%, Lipistz loss = 0, Train Unlabel Best ACC.= 81.8%, Train Max Epoch=13
[Test-14] Val ACC:93.75%, Best Test ACC.: 91.85% in Epoch 14
Validation loss decreased (92.410714 --> 93.750000).  Saving model ...
Epoch [15][SemiTeacher][UWaveGestureLibraryAll] loss= 0.03686; Epoch Label ACC.= 97.51%, UnLabel ACC.= 82.63%, Lipistz loss = 0, Train Unlabel Best ACC.= 82.6%, Train Max Epoch=14
EarlyStopping counter: 1 out of 200
Epoch [16][SemiTeacher][UWaveGestureLibraryAll] loss= 0.04253; Epoch Label ACC.= 94.04%, UnLabel ACC.= 80.58%, Lipistz loss = 0, Train Unlabel Best ACC.= 82.6%, Train Max Epoch=14
EarlyStopping counter: 2 out of 200
Epoch [17][SemiTeacher][UWaveGestureLibraryAll] loss= 0.03670; Epoch Label ACC.= 97.32%, UnLabel ACC.= 83.85%, Lipistz loss = 0, Train Unlabel Best ACC.= 83.9%, Train Max Epoch=16
EarlyStopping counter: 3 out of 200
Epoch [18][SemiTeacher][UWaveGestureLibraryAll] loss= 0.03648; Epoch Label ACC.= 97.92%, UnLabel ACC.= 82.14%, Lipistz loss = 0, Train Unlabel Best ACC.= 83.9%, Train Max Epoch=16
EarlyStopping counter: 4 out of 200
Epoch [19][SemiTeacher][UWaveGestureLibraryAll] loss= 0.03697; Epoch Label ACC.= 97.32%, UnLabel ACC.= 82.96%, Lipistz loss = 0, Train Unlabel Best ACC.= 83.9%, Train Max Epoch=16
EarlyStopping counter: 5 out of 200
Epoch [20][SemiTeacher][UWaveGestureLibraryAll] loss= 0.03908; Epoch Label ACC.= 96.55%, UnLabel ACC.= 82.11%, Lipistz loss = 0, Train Unlabel Best ACC.= 83.9%, Train Max Epoch=16
EarlyStopping counter: 6 out of 200
Epoch [21][SemiTeacher][UWaveGestureLibraryAll] loss= 0.03989; Epoch Label ACC.= 97.69%, UnLabel ACC.= 82.81%, Lipistz loss = 0, Train Unlabel Best ACC.= 83.9%, Train Max Epoch=16
EarlyStopping counter: 7 out of 200
Epoch [22][SemiTeacher][UWaveGestureLibraryAll] loss= 0.03678; Epoch Label ACC.= 97.36%, UnLabel ACC.= 84.90%, Lipistz loss = 0, Train Unlabel Best ACC.= 84.9%, Train Max Epoch=21
EarlyStopping counter: 8 out of 200
Epoch [23][SemiTeacher][UWaveGestureLibraryAll] loss= 0.03962; Epoch Label ACC.= 97.11%, UnLabel ACC.= 83.22%, Lipistz loss = 0, Train Unlabel Best ACC.= 84.9%, Train Max Epoch=21
EarlyStopping counter: 9 out of 200
Epoch [24][SemiTeacher][UWaveGestureLibraryAll] loss= 0.03861; Epoch Label ACC.= 97.92%, UnLabel ACC.= 82.81%, Lipistz loss = 0, Train Unlabel Best ACC.= 84.9%, Train Max Epoch=21
EarlyStopping counter: 10 out of 200
Epoch [25][SemiTeacher][UWaveGestureLibraryAll] loss= 0.03451; Epoch Label ACC.= 96.94%, UnLabel ACC.= 83.33%, Lipistz loss = 0, Train Unlabel Best ACC.= 84.9%, Train Max Epoch=21
EarlyStopping counter: 11 out of 200
Epoch [26][SemiTeacher][UWaveGestureLibraryAll] loss= 0.03754; Epoch Label ACC.= 97.73%, UnLabel ACC.= 83.07%, Lipistz loss = 0, Train Unlabel Best ACC.= 84.9%, Train Max Epoch=21
EarlyStopping counter: 12 out of 200
Epoch [27][SemiTeacher][UWaveGestureLibraryAll] loss= 0.03622; Epoch Label ACC.= 98.88%, UnLabel ACC.= 84.00%, Lipistz loss = 0, Train Unlabel Best ACC.= 84.9%, Train Max Epoch=21
EarlyStopping counter: 13 out of 200
Epoch [28][SemiTeacher][UWaveGestureLibraryAll] loss= 0.03872; Epoch Label ACC.= 96.99%, UnLabel ACC.= 82.96%, Lipistz loss = 0, Train Unlabel Best ACC.= 84.9%, Train Max Epoch=21
EarlyStopping counter: 14 out of 200
Epoch [29][SemiTeacher][UWaveGestureLibraryAll] loss= 0.03681; Epoch Label ACC.= 97.41%, UnLabel ACC.= 82.78%, Lipistz loss = 0, Train Unlabel Best ACC.= 84.9%, Train Max Epoch=21
EarlyStopping counter: 15 out of 200
Epoch [30][SemiTeacher][UWaveGestureLibraryAll] loss= 0.03791; Epoch Label ACC.= 97.09%, UnLabel ACC.= 83.71%, Lipistz loss = 0, Train Unlabel Best ACC.= 84.9%, Train Max Epoch=21
EarlyStopping counter: 16 out of 200
Epoch [31][SemiTeacher][UWaveGestureLibraryAll] loss= 0.03827; Epoch Label ACC.= 96.74%, UnLabel ACC.= 83.18%, Lipistz loss = 0, Train Unlabel Best ACC.= 84.9%, Train Max Epoch=21
EarlyStopping counter: 17 out of 200
Epoch [32][SemiTeacher][UWaveGestureLibraryAll] loss= 0.03373; Epoch Label ACC.= 98.74%, UnLabel ACC.= 84.90%, Lipistz loss = 0, Train Unlabel Best ACC.= 84.9%, Train Max Epoch=21
EarlyStopping counter: 18 out of 200
Epoch [33][SemiTeacher][UWaveGestureLibraryAll] loss= 0.03578; Epoch Label ACC.= 97.27%, UnLabel ACC.= 84.34%, Lipistz loss = 0, Train Unlabel Best ACC.= 84.9%, Train Max Epoch=21
EarlyStopping counter: 19 out of 200
Epoch [34][SemiTeacher][UWaveGestureLibraryAll] loss= 0.03069; Epoch Label ACC.= 99.00%, UnLabel ACC.= 85.45%, Lipistz loss = 0, Train Unlabel Best ACC.= 85.5%, Train Max Epoch=33
[Test-34] Val ACC:94.20%, Best Test ACC.: 92.41% in Epoch 34
Validation loss decreased (93.750000 --> 94.196429).  Saving model ...
Epoch [35][SemiTeacher][UWaveGestureLibraryAll] loss= 0.03341; Epoch Label ACC.= 98.70%, UnLabel ACC.= 84.93%, Lipistz loss = 0, Train Unlabel Best ACC.= 85.5%, Train Max Epoch=33
EarlyStopping counter: 1 out of 200
Epoch [36][SemiTeacher][UWaveGestureLibraryAll] loss= 0.03205; Epoch Label ACC.= 98.61%, UnLabel ACC.= 85.08%, Lipistz loss = 0, Train Unlabel Best ACC.= 85.5%, Train Max Epoch=33
EarlyStopping counter: 2 out of 200
Epoch [37][SemiTeacher][UWaveGestureLibraryAll] loss= 0.03376; Epoch Label ACC.= 98.59%, UnLabel ACC.= 85.90%, Lipistz loss = 0, Train Unlabel Best ACC.= 85.9%, Train Max Epoch=36
EarlyStopping counter: 3 out of 200
Epoch [38][SemiTeacher][UWaveGestureLibraryAll] loss= 0.03526; Epoch Label ACC.= 98.35%, UnLabel ACC.= 84.75%, Lipistz loss = 0, Train Unlabel Best ACC.= 85.9%, Train Max Epoch=36
EarlyStopping counter: 4 out of 200
Epoch [39][SemiTeacher][UWaveGestureLibraryAll] loss= 0.03437; Epoch Label ACC.= 97.90%, UnLabel ACC.= 84.60%, Lipistz loss = 0, Train Unlabel Best ACC.= 85.9%, Train Max Epoch=36
EarlyStopping counter: 5 out of 200
Epoch [40][SemiTeacher][UWaveGestureLibraryAll] loss= 0.03207; Epoch Label ACC.= 98.92%, UnLabel ACC.= 86.50%, Lipistz loss = 0, Train Unlabel Best ACC.= 86.5%, Train Max Epoch=39
EarlyStopping counter: 6 out of 200
Epoch [41][SemiTeacher][UWaveGestureLibraryAll] loss= 0.03747; Epoch Label ACC.= 97.74%, UnLabel ACC.= 84.26%, Lipistz loss = 0, Train Unlabel Best ACC.= 86.5%, Train Max Epoch=39
EarlyStopping counter: 7 out of 200
Epoch [42][SemiTeacher][UWaveGestureLibraryAll] loss= 0.03267; Epoch Label ACC.= 97.46%, UnLabel ACC.= 84.64%, Lipistz loss = 0, Train Unlabel Best ACC.= 86.5%, Train Max Epoch=39
EarlyStopping counter: 8 out of 200
Epoch [43][SemiTeacher][UWaveGestureLibraryAll] loss= 0.03400; Epoch Label ACC.= 98.40%, UnLabel ACC.= 83.93%, Lipistz loss = 0, Train Unlabel Best ACC.= 86.5%, Train Max Epoch=39
EarlyStopping counter: 9 out of 200
Epoch [44][SemiTeacher][UWaveGestureLibraryAll] loss= 0.03314; Epoch Label ACC.= 98.18%, UnLabel ACC.= 85.53%, Lipistz loss = 0, Train Unlabel Best ACC.= 86.5%, Train Max Epoch=39
EarlyStopping counter: 10 out of 200
Epoch [45][SemiTeacher][UWaveGestureLibraryAll] loss= 0.03269; Epoch Label ACC.= 97.27%, UnLabel ACC.= 86.98%, Lipistz loss = 0, Train Unlabel Best ACC.= 87.0%, Train Max Epoch=44
EarlyStopping counter: 11 out of 200
Epoch [46][SemiTeacher][UWaveGestureLibraryAll] loss= 0.03253; Epoch Label ACC.= 98.13%, UnLabel ACC.= 84.30%, Lipistz loss = 0, Train Unlabel Best ACC.= 87.0%, Train Max Epoch=44
EarlyStopping counter: 12 out of 200
Epoch [47][SemiTeacher][UWaveGestureLibraryAll] loss= 0.03543; Epoch Label ACC.= 98.33%, UnLabel ACC.= 84.45%, Lipistz loss = 0, Train Unlabel Best ACC.= 87.0%, Train Max Epoch=44
EarlyStopping counter: 13 out of 200
Epoch [48][SemiTeacher][UWaveGestureLibraryAll] loss= 0.03617; Epoch Label ACC.= 98.16%, UnLabel ACC.= 85.42%, Lipistz loss = 0, Train Unlabel Best ACC.= 87.0%, Train Max Epoch=44
EarlyStopping counter: 14 out of 200
Epoch [49][SemiTeacher][UWaveGestureLibraryAll] loss= 0.03505; Epoch Label ACC.= 98.20%, UnLabel ACC.= 85.16%, Lipistz loss = 0, Train Unlabel Best ACC.= 87.0%, Train Max Epoch=44
EarlyStopping counter: 15 out of 200
Epoch [50][SemiTeacher][UWaveGestureLibraryAll] loss= 0.03305; Epoch Label ACC.= 97.92%, UnLabel ACC.= 85.75%, Lipistz loss = 0, Train Unlabel Best ACC.= 87.0%, Train Max Epoch=44
EarlyStopping counter: 16 out of 200
Epoch [51][SemiTeacher][UWaveGestureLibraryAll] loss= 0.03687; Epoch Label ACC.= 98.36%, UnLabel ACC.= 85.45%, Lipistz loss = 0, Train Unlabel Best ACC.= 87.0%, Train Max Epoch=44
EarlyStopping counter: 17 out of 200
Epoch [52][SemiTeacher][UWaveGestureLibraryAll] loss= 0.03412; Epoch Label ACC.= 99.07%, UnLabel ACC.= 84.82%, Lipistz loss = 0, Train Unlabel Best ACC.= 87.0%, Train Max Epoch=44
EarlyStopping counter: 18 out of 200
Epoch [53][SemiTeacher][UWaveGestureLibraryAll] loss= 0.02859; Epoch Label ACC.= 98.92%, UnLabel ACC.= 85.97%, Lipistz loss = 0, Train Unlabel Best ACC.= 87.0%, Train Max Epoch=44
EarlyStopping counter: 19 out of 200
Epoch [54][SemiTeacher][UWaveGestureLibraryAll] loss= 0.03153; Epoch Label ACC.= 99.11%, UnLabel ACC.= 85.83%, Lipistz loss = 0, Train Unlabel Best ACC.= 87.0%, Train Max Epoch=44
EarlyStopping counter: 20 out of 200
Epoch [55][SemiTeacher][UWaveGestureLibraryAll] loss= 0.03460; Epoch Label ACC.= 98.74%, UnLabel ACC.= 85.90%, Lipistz loss = 0, Train Unlabel Best ACC.= 87.0%, Train Max Epoch=44
EarlyStopping counter: 21 out of 200
Epoch [56][SemiTeacher][UWaveGestureLibraryAll] loss= 0.03218; Epoch Label ACC.= 98.54%, UnLabel ACC.= 87.05%, Lipistz loss = 0, Train Unlabel Best ACC.= 87.1%, Train Max Epoch=55
EarlyStopping counter: 22 out of 200
Epoch [57][SemiTeacher][UWaveGestureLibraryAll] loss= 0.03495; Epoch Label ACC.= 98.62%, UnLabel ACC.= 85.79%, Lipistz loss = 0, Train Unlabel Best ACC.= 87.1%, Train Max Epoch=55
EarlyStopping counter: 23 out of 200
Epoch [58][SemiTeacher][UWaveGestureLibraryAll] loss= 0.03803; Epoch Label ACC.= 98.31%, UnLabel ACC.= 85.86%, Lipistz loss = 0, Train Unlabel Best ACC.= 87.1%, Train Max Epoch=55
EarlyStopping counter: 24 out of 200
Epoch [59][SemiTeacher][UWaveGestureLibraryAll] loss= 0.03374; Epoch Label ACC.= 98.76%, UnLabel ACC.= 85.49%, Lipistz loss = 0, Train Unlabel Best ACC.= 87.1%, Train Max Epoch=55
EarlyStopping counter: 25 out of 200
Epoch [60][SemiTeacher][UWaveGestureLibraryAll] loss= 0.03544; Epoch Label ACC.= 98.20%, UnLabel ACC.= 83.52%, Lipistz loss = 0, Train Unlabel Best ACC.= 87.1%, Train Max Epoch=55
EarlyStopping counter: 26 out of 200
Epoch [61][SemiTeacher][UWaveGestureLibraryAll] loss= 0.03734; Epoch Label ACC.= 97.68%, UnLabel ACC.= 86.01%, Lipistz loss = 0, Train Unlabel Best ACC.= 87.1%, Train Max Epoch=55
EarlyStopping counter: 27 out of 200
Epoch [62][SemiTeacher][UWaveGestureLibraryAll] loss= 0.03443; Epoch Label ACC.= 98.34%, UnLabel ACC.= 84.11%, Lipistz loss = 0, Train Unlabel Best ACC.= 87.1%, Train Max Epoch=55
EarlyStopping counter: 28 out of 200
Epoch [63][SemiTeacher][UWaveGestureLibraryAll] loss= 0.03216; Epoch Label ACC.= 98.43%, UnLabel ACC.= 86.68%, Lipistz loss = 0, Train Unlabel Best ACC.= 87.1%, Train Max Epoch=55
EarlyStopping counter: 29 out of 200
Epoch [64][SemiTeacher][UWaveGestureLibraryAll] loss= 0.03480; Epoch Label ACC.= 97.56%, UnLabel ACC.= 83.67%, Lipistz loss = 0, Train Unlabel Best ACC.= 87.1%, Train Max Epoch=55
EarlyStopping counter: 30 out of 200
Epoch [65][SemiTeacher][UWaveGestureLibraryAll] loss= 0.03456; Epoch Label ACC.= 98.66%, UnLabel ACC.= 85.08%, Lipistz loss = 0, Train Unlabel Best ACC.= 87.1%, Train Max Epoch=55
EarlyStopping counter: 31 out of 200
Epoch [66][SemiTeacher][UWaveGestureLibraryAll] loss= 0.03352; Epoch Label ACC.= 97.68%, UnLabel ACC.= 86.05%, Lipistz loss = 0, Train Unlabel Best ACC.= 87.1%, Train Max Epoch=55
EarlyStopping counter: 32 out of 200
Epoch [67][SemiTeacher][UWaveGestureLibraryAll] loss= 0.03375; Epoch Label ACC.= 98.70%, UnLabel ACC.= 85.31%, Lipistz loss = 0, Train Unlabel Best ACC.= 87.1%, Train Max Epoch=55
EarlyStopping counter: 33 out of 200
Epoch [68][SemiTeacher][UWaveGestureLibraryAll] loss= 0.03292; Epoch Label ACC.= 98.49%, UnLabel ACC.= 84.67%, Lipistz loss = 0, Train Unlabel Best ACC.= 87.1%, Train Max Epoch=55
EarlyStopping counter: 34 out of 200
Epoch [69][SemiTeacher][UWaveGestureLibraryAll] loss= 0.03207; Epoch Label ACC.= 98.65%, UnLabel ACC.= 84.23%, Lipistz loss = 0, Train Unlabel Best ACC.= 87.1%, Train Max Epoch=55
EarlyStopping counter: 35 out of 200
Epoch [70][SemiTeacher][UWaveGestureLibraryAll] loss= 0.03259; Epoch Label ACC.= 98.30%, UnLabel ACC.= 84.26%, Lipistz loss = 0, Train Unlabel Best ACC.= 87.1%, Train Max Epoch=55
EarlyStopping counter: 36 out of 200
Epoch [71][SemiTeacher][UWaveGestureLibraryAll] loss= 0.02852; Epoch Label ACC.= 99.40%, UnLabel ACC.= 86.98%, Lipistz loss = 0, Train Unlabel Best ACC.= 87.1%, Train Max Epoch=55
EarlyStopping counter: 37 out of 200
Epoch [72][SemiTeacher][UWaveGestureLibraryAll] loss= 0.03462; Epoch Label ACC.= 98.54%, UnLabel ACC.= 85.75%, Lipistz loss = 0, Train Unlabel Best ACC.= 87.1%, Train Max Epoch=55
EarlyStopping counter: 38 out of 200
Epoch [73][SemiTeacher][UWaveGestureLibraryAll] loss= 0.03204; Epoch Label ACC.= 98.49%, UnLabel ACC.= 85.86%, Lipistz loss = 0, Train Unlabel Best ACC.= 87.1%, Train Max Epoch=55
EarlyStopping counter: 39 out of 200
Epoch [74][SemiTeacher][UWaveGestureLibraryAll] loss= 0.03322; Epoch Label ACC.= 98.35%, UnLabel ACC.= 85.42%, Lipistz loss = 0, Train Unlabel Best ACC.= 87.1%, Train Max Epoch=55
EarlyStopping counter: 40 out of 200
Epoch [75][SemiTeacher][UWaveGestureLibraryAll] loss= 0.03292; Epoch Label ACC.= 98.52%, UnLabel ACC.= 85.16%, Lipistz loss = 0, Train Unlabel Best ACC.= 87.1%, Train Max Epoch=55
EarlyStopping counter: 41 out of 200
Epoch [76][SemiTeacher][UWaveGestureLibraryAll] loss= 0.03367; Epoch Label ACC.= 98.92%, UnLabel ACC.= 86.79%, Lipistz loss = 0, Train Unlabel Best ACC.= 87.1%, Train Max Epoch=55
EarlyStopping counter: 42 out of 200
Epoch [77][SemiTeacher][UWaveGestureLibraryAll] loss= 0.02811; Epoch Label ACC.= 99.22%, UnLabel ACC.= 87.02%, Lipistz loss = 0, Train Unlabel Best ACC.= 87.1%, Train Max Epoch=55
EarlyStopping counter: 43 out of 200
Epoch [78][SemiTeacher][UWaveGestureLibraryAll] loss= 0.02933; Epoch Label ACC.= 99.17%, UnLabel ACC.= 86.09%, Lipistz loss = 0, Train Unlabel Best ACC.= 87.1%, Train Max Epoch=55
EarlyStopping counter: 44 out of 200
Epoch [79][SemiTeacher][UWaveGestureLibraryAll] loss= 0.02868; Epoch Label ACC.= 98.92%, UnLabel ACC.= 86.42%, Lipistz loss = 0, Train Unlabel Best ACC.= 87.1%, Train Max Epoch=55
EarlyStopping counter: 45 out of 200
Epoch [80][SemiTeacher][UWaveGestureLibraryAll] loss= 0.03256; Epoch Label ACC.= 98.69%, UnLabel ACC.= 85.27%, Lipistz loss = 0, Train Unlabel Best ACC.= 87.1%, Train Max Epoch=55
EarlyStopping counter: 46 out of 200
Epoch [81][SemiTeacher][UWaveGestureLibraryAll] loss= 0.03114; Epoch Label ACC.= 99.14%, UnLabel ACC.= 86.27%, Lipistz loss = 0, Train Unlabel Best ACC.= 87.1%, Train Max Epoch=55
EarlyStopping counter: 47 out of 200
Epoch [82][SemiTeacher][UWaveGestureLibraryAll] loss= 0.03115; Epoch Label ACC.= 99.13%, UnLabel ACC.= 86.27%, Lipistz loss = 0, Train Unlabel Best ACC.= 87.1%, Train Max Epoch=55
EarlyStopping counter: 48 out of 200
Epoch [83][SemiTeacher][UWaveGestureLibraryAll] loss= 0.03534; Epoch Label ACC.= 98.72%, UnLabel ACC.= 86.24%, Lipistz loss = 0, Train Unlabel Best ACC.= 87.1%, Train Max Epoch=55
EarlyStopping counter: 49 out of 200
Epoch [84][SemiTeacher][UWaveGestureLibraryAll] loss= 0.03174; Epoch Label ACC.= 98.12%, UnLabel ACC.= 85.42%, Lipistz loss = 0, Train Unlabel Best ACC.= 87.1%, Train Max Epoch=55
EarlyStopping counter: 50 out of 200
Epoch [85][SemiTeacher][UWaveGestureLibraryAll] loss= 0.03234; Epoch Label ACC.= 99.00%, UnLabel ACC.= 85.83%, Lipistz loss = 0, Train Unlabel Best ACC.= 87.1%, Train Max Epoch=55
EarlyStopping counter: 51 out of 200
Epoch [86][SemiTeacher][UWaveGestureLibraryAll] loss= 0.03601; Epoch Label ACC.= 98.72%, UnLabel ACC.= 85.57%, Lipistz loss = 0, Train Unlabel Best ACC.= 87.1%, Train Max Epoch=55
EarlyStopping counter: 52 out of 200
Epoch [87][SemiTeacher][UWaveGestureLibraryAll] loss= 0.03483; Epoch Label ACC.= 99.02%, UnLabel ACC.= 85.16%, Lipistz loss = 0, Train Unlabel Best ACC.= 87.1%, Train Max Epoch=55
EarlyStopping counter: 53 out of 200
Epoch [88][SemiTeacher][UWaveGestureLibraryAll] loss= 0.03234; Epoch Label ACC.= 99.29%, UnLabel ACC.= 86.35%, Lipistz loss = 0, Train Unlabel Best ACC.= 87.1%, Train Max Epoch=55
EarlyStopping counter: 54 out of 200
Epoch [89][SemiTeacher][UWaveGestureLibraryAll] loss= 0.03023; Epoch Label ACC.= 99.29%, UnLabel ACC.= 85.83%, Lipistz loss = 0, Train Unlabel Best ACC.= 87.1%, Train Max Epoch=55
EarlyStopping counter: 55 out of 200
Epoch [90][SemiTeacher][UWaveGestureLibraryAll] loss= 0.03324; Epoch Label ACC.= 98.08%, UnLabel ACC.= 85.71%, Lipistz loss = 0, Train Unlabel Best ACC.= 87.1%, Train Max Epoch=55
EarlyStopping counter: 56 out of 200
Epoch [91][SemiTeacher][UWaveGestureLibraryAll] loss= 0.03204; Epoch Label ACC.= 99.26%, UnLabel ACC.= 85.97%, Lipistz loss = 0, Train Unlabel Best ACC.= 87.1%, Train Max Epoch=55
EarlyStopping counter: 57 out of 200
Epoch [92][SemiTeacher][UWaveGestureLibraryAll] loss= 0.02968; Epoch Label ACC.= 99.52%, UnLabel ACC.= 86.53%, Lipistz loss = 0, Train Unlabel Best ACC.= 87.1%, Train Max Epoch=55
EarlyStopping counter: 58 out of 200
Epoch [93][SemiTeacher][UWaveGestureLibraryAll] loss= 0.03081; Epoch Label ACC.= 99.55%, UnLabel ACC.= 86.38%, Lipistz loss = 0, Train Unlabel Best ACC.= 87.1%, Train Max Epoch=55
EarlyStopping counter: 59 out of 200
Epoch [94][SemiTeacher][UWaveGestureLibraryAll] loss= 0.03528; Epoch Label ACC.= 98.50%, UnLabel ACC.= 84.45%, Lipistz loss = 0, Train Unlabel Best ACC.= 87.1%, Train Max Epoch=55
EarlyStopping counter: 60 out of 200
Epoch [95][SemiTeacher][UWaveGestureLibraryAll] loss= 0.03397; Epoch Label ACC.= 98.85%, UnLabel ACC.= 86.20%, Lipistz loss = 0, Train Unlabel Best ACC.= 87.1%, Train Max Epoch=55
EarlyStopping counter: 61 out of 200
Epoch [96][SemiTeacher][UWaveGestureLibraryAll] loss= 0.03239; Epoch Label ACC.= 98.96%, UnLabel ACC.= 84.97%, Lipistz loss = 0, Train Unlabel Best ACC.= 87.1%, Train Max Epoch=55
EarlyStopping counter: 62 out of 200
Epoch [97][SemiTeacher][UWaveGestureLibraryAll] loss= 0.03226; Epoch Label ACC.= 99.14%, UnLabel ACC.= 86.64%, Lipistz loss = 0, Train Unlabel Best ACC.= 87.1%, Train Max Epoch=55
EarlyStopping counter: 63 out of 200
Epoch [98][SemiTeacher][UWaveGestureLibraryAll] loss= 0.03362; Epoch Label ACC.= 98.43%, UnLabel ACC.= 86.31%, Lipistz loss = 0, Train Unlabel Best ACC.= 87.1%, Train Max Epoch=55
EarlyStopping counter: 64 out of 200
Epoch [99][SemiTeacher][UWaveGestureLibraryAll] loss= 0.02989; Epoch Label ACC.= 99.22%, UnLabel ACC.= 86.31%, Lipistz loss = 0, Train Unlabel Best ACC.= 87.1%, Train Max Epoch=55
EarlyStopping counter: 65 out of 200
Epoch [100][SemiTeacher][UWaveGestureLibraryAll] loss= 0.02964; Epoch Label ACC.= 99.07%, UnLabel ACC.= 86.42%, Lipistz loss = 0, Train Unlabel Best ACC.= 87.1%, Train Max Epoch=55
[Test-100] Val ACC:94.20%, Best Test ACC.: 92.96% in Epoch 100
EarlyStopping counter: 66 out of 200
Epoch [101][SemiTeacher][UWaveGestureLibraryAll] loss= 0.03475; Epoch Label ACC.= 98.65%, UnLabel ACC.= 87.24%, Lipistz loss = 0, Train Unlabel Best ACC.= 87.2%, Train Max Epoch=100
EarlyStopping counter: 67 out of 200
Epoch [102][SemiTeacher][UWaveGestureLibraryAll] loss= 0.02999; Epoch Label ACC.= 99.29%, UnLabel ACC.= 87.20%, Lipistz loss = 0, Train Unlabel Best ACC.= 87.2%, Train Max Epoch=100
EarlyStopping counter: 68 out of 200
Epoch [103][SemiTeacher][UWaveGestureLibraryAll] loss= 0.03114; Epoch Label ACC.= 99.18%, UnLabel ACC.= 87.05%, Lipistz loss = 0, Train Unlabel Best ACC.= 87.2%, Train Max Epoch=100
EarlyStopping counter: 69 out of 200
Epoch [104][SemiTeacher][UWaveGestureLibraryAll] loss= 0.03206; Epoch Label ACC.= 98.28%, UnLabel ACC.= 86.90%, Lipistz loss = 0, Train Unlabel Best ACC.= 87.2%, Train Max Epoch=100
EarlyStopping counter: 70 out of 200
Epoch [105][SemiTeacher][UWaveGestureLibraryAll] loss= 0.02776; Epoch Label ACC.= 98.87%, UnLabel ACC.= 87.83%, Lipistz loss = 0, Train Unlabel Best ACC.= 87.8%, Train Max Epoch=104
EarlyStopping counter: 71 out of 200
Epoch [106][SemiTeacher][UWaveGestureLibraryAll] loss= 0.03058; Epoch Label ACC.= 99.03%, UnLabel ACC.= 88.10%, Lipistz loss = 0, Train Unlabel Best ACC.= 88.1%, Train Max Epoch=105
EarlyStopping counter: 72 out of 200
Epoch [107][SemiTeacher][UWaveGestureLibraryAll] loss= 0.02811; Epoch Label ACC.= 99.00%, UnLabel ACC.= 86.31%, Lipistz loss = 0, Train Unlabel Best ACC.= 88.1%, Train Max Epoch=105
EarlyStopping counter: 73 out of 200
Epoch [108][SemiTeacher][UWaveGestureLibraryAll] loss= 0.03163; Epoch Label ACC.= 98.81%, UnLabel ACC.= 87.65%, Lipistz loss = 0, Train Unlabel Best ACC.= 88.1%, Train Max Epoch=105
EarlyStopping counter: 74 out of 200
Epoch [109][SemiTeacher][UWaveGestureLibraryAll] loss= 0.02906; Epoch Label ACC.= 99.67%, UnLabel ACC.= 87.83%, Lipistz loss = 0, Train Unlabel Best ACC.= 88.1%, Train Max Epoch=105
EarlyStopping counter: 75 out of 200
Epoch [110][SemiTeacher][UWaveGestureLibraryAll] loss= 0.02937; Epoch Label ACC.= 99.26%, UnLabel ACC.= 88.28%, Lipistz loss = 0, Train Unlabel Best ACC.= 88.3%, Train Max Epoch=109
[Test-110] Val ACC:94.31%, Best Test ACC.: 92.97% in Epoch 110
Validation loss decreased (94.196429 --> 94.308036).  Saving model ...
Epoch [111][SemiTeacher][UWaveGestureLibraryAll] loss= 0.02999; Epoch Label ACC.= 99.29%, UnLabel ACC.= 88.73%, Lipistz loss = 0, Train Unlabel Best ACC.= 88.7%, Train Max Epoch=110
EarlyStopping counter: 1 out of 200
Epoch [112][SemiTeacher][UWaveGestureLibraryAll] loss= 0.02746; Epoch Label ACC.= 99.55%, UnLabel ACC.= 88.58%, Lipistz loss = 0, Train Unlabel Best ACC.= 88.7%, Train Max Epoch=110
EarlyStopping counter: 2 out of 200
Epoch [113][SemiTeacher][UWaveGestureLibraryAll] loss= 0.03153; Epoch Label ACC.= 98.02%, UnLabel ACC.= 87.02%, Lipistz loss = 0, Train Unlabel Best ACC.= 88.7%, Train Max Epoch=110
EarlyStopping counter: 3 out of 200
Epoch [114][SemiTeacher][UWaveGestureLibraryAll] loss= 0.03180; Epoch Label ACC.= 99.00%, UnLabel ACC.= 86.35%, Lipistz loss = 0, Train Unlabel Best ACC.= 88.7%, Train Max Epoch=110
EarlyStopping counter: 4 out of 200
Epoch [115][SemiTeacher][UWaveGestureLibraryAll] loss= 0.02945; Epoch Label ACC.= 99.14%, UnLabel ACC.= 87.20%, Lipistz loss = 0, Train Unlabel Best ACC.= 88.7%, Train Max Epoch=110
EarlyStopping counter: 5 out of 200
Epoch [116][SemiTeacher][UWaveGestureLibraryAll] loss= 0.02926; Epoch Label ACC.= 98.95%, UnLabel ACC.= 87.39%, Lipistz loss = 0, Train Unlabel Best ACC.= 88.7%, Train Max Epoch=110
EarlyStopping counter: 6 out of 200
Epoch [117][SemiTeacher][UWaveGestureLibraryAll] loss= 0.03323; Epoch Label ACC.= 98.45%, UnLabel ACC.= 86.05%, Lipistz loss = 0, Train Unlabel Best ACC.= 88.7%, Train Max Epoch=110
EarlyStopping counter: 7 out of 200
Epoch [118][SemiTeacher][UWaveGestureLibraryAll] loss= 0.02807; Epoch Label ACC.= 99.03%, UnLabel ACC.= 87.87%, Lipistz loss = 0, Train Unlabel Best ACC.= 88.7%, Train Max Epoch=110
EarlyStopping counter: 8 out of 200
Epoch [119][SemiTeacher][UWaveGestureLibraryAll] loss= 0.02799; Epoch Label ACC.= 99.40%, UnLabel ACC.= 87.69%, Lipistz loss = 0, Train Unlabel Best ACC.= 88.7%, Train Max Epoch=110
EarlyStopping counter: 9 out of 200
Epoch [120][SemiTeacher][UWaveGestureLibraryAll] loss= 0.02988; Epoch Label ACC.= 99.70%, UnLabel ACC.= 86.79%, Lipistz loss = 0, Train Unlabel Best ACC.= 88.7%, Train Max Epoch=110
EarlyStopping counter: 10 out of 200
Epoch [121][SemiTeacher][UWaveGestureLibraryAll] loss= 0.03187; Epoch Label ACC.= 99.37%, UnLabel ACC.= 86.94%, Lipistz loss = 0, Train Unlabel Best ACC.= 88.7%, Train Max Epoch=110
EarlyStopping counter: 11 out of 200
Epoch [122][SemiTeacher][UWaveGestureLibraryAll] loss= 0.02938; Epoch Label ACC.= 99.59%, UnLabel ACC.= 87.54%, Lipistz loss = 0, Train Unlabel Best ACC.= 88.7%, Train Max Epoch=110
EarlyStopping counter: 12 out of 200
Epoch [123][SemiTeacher][UWaveGestureLibraryAll] loss= 0.03339; Epoch Label ACC.= 97.11%, UnLabel ACC.= 85.64%, Lipistz loss = 0, Train Unlabel Best ACC.= 88.7%, Train Max Epoch=110
EarlyStopping counter: 13 out of 200
Epoch [124][SemiTeacher][UWaveGestureLibraryAll] loss= 0.03449; Epoch Label ACC.= 98.23%, UnLabel ACC.= 85.23%, Lipistz loss = 0, Train Unlabel Best ACC.= 88.7%, Train Max Epoch=110
EarlyStopping counter: 14 out of 200
Epoch [125][SemiTeacher][UWaveGestureLibraryAll] loss= 0.03624; Epoch Label ACC.= 98.72%, UnLabel ACC.= 86.38%, Lipistz loss = 0, Train Unlabel Best ACC.= 88.7%, Train Max Epoch=110
EarlyStopping counter: 15 out of 200
Epoch [126][SemiTeacher][UWaveGestureLibraryAll] loss= 0.03065; Epoch Label ACC.= 99.07%, UnLabel ACC.= 86.46%, Lipistz loss = 0, Train Unlabel Best ACC.= 88.7%, Train Max Epoch=110
EarlyStopping counter: 16 out of 200
Epoch [127][SemiTeacher][UWaveGestureLibraryAll] loss= 0.03116; Epoch Label ACC.= 99.52%, UnLabel ACC.= 87.95%, Lipistz loss = 0, Train Unlabel Best ACC.= 88.7%, Train Max Epoch=110
EarlyStopping counter: 17 out of 200
Epoch [128][SemiTeacher][UWaveGestureLibraryAll] loss= 0.03095; Epoch Label ACC.= 99.37%, UnLabel ACC.= 86.27%, Lipistz loss = 0, Train Unlabel Best ACC.= 88.7%, Train Max Epoch=110
EarlyStopping counter: 18 out of 200
Epoch [129][SemiTeacher][UWaveGestureLibraryAll] loss= 0.03584; Epoch Label ACC.= 98.26%, UnLabel ACC.= 85.94%, Lipistz loss = 0, Train Unlabel Best ACC.= 88.7%, Train Max Epoch=110
EarlyStopping counter: 19 out of 200
Epoch [130][SemiTeacher][UWaveGestureLibraryAll] loss= 0.03060; Epoch Label ACC.= 99.18%, UnLabel ACC.= 87.72%, Lipistz loss = 0, Train Unlabel Best ACC.= 88.7%, Train Max Epoch=110
EarlyStopping counter: 20 out of 200
Epoch [131][SemiTeacher][UWaveGestureLibraryAll] loss= 0.03139; Epoch Label ACC.= 99.07%, UnLabel ACC.= 86.64%, Lipistz loss = 0, Train Unlabel Best ACC.= 88.7%, Train Max Epoch=110
EarlyStopping counter: 21 out of 200
Epoch [132][SemiTeacher][UWaveGestureLibraryAll] loss= 0.03695; Epoch Label ACC.= 98.00%, UnLabel ACC.= 85.19%, Lipistz loss = 0, Train Unlabel Best ACC.= 88.7%, Train Max Epoch=110
EarlyStopping counter: 22 out of 200
Epoch [133][SemiTeacher][UWaveGestureLibraryAll] loss= 0.03342; Epoch Label ACC.= 98.15%, UnLabel ACC.= 86.27%, Lipistz loss = 0, Train Unlabel Best ACC.= 88.7%, Train Max Epoch=110
EarlyStopping counter: 23 out of 200
Epoch [134][SemiTeacher][UWaveGestureLibraryAll] loss= 0.03585; Epoch Label ACC.= 98.19%, UnLabel ACC.= 86.57%, Lipistz loss = 0, Train Unlabel Best ACC.= 88.7%, Train Max Epoch=110
EarlyStopping counter: 24 out of 200
Epoch [135][SemiTeacher][UWaveGestureLibraryAll] loss= 0.02907; Epoch Label ACC.= 99.11%, UnLabel ACC.= 86.64%, Lipistz loss = 0, Train Unlabel Best ACC.= 88.7%, Train Max Epoch=110
EarlyStopping counter: 25 out of 200
Epoch [136][SemiTeacher][UWaveGestureLibraryAll] loss= 0.03035; Epoch Label ACC.= 98.38%, UnLabel ACC.= 87.98%, Lipistz loss = 0, Train Unlabel Best ACC.= 88.7%, Train Max Epoch=110
EarlyStopping counter: 26 out of 200
Epoch [137][SemiTeacher][UWaveGestureLibraryAll] loss= 0.03183; Epoch Label ACC.= 98.85%, UnLabel ACC.= 87.54%, Lipistz loss = 0, Train Unlabel Best ACC.= 88.7%, Train Max Epoch=110
EarlyStopping counter: 27 out of 200
Epoch [138][SemiTeacher][UWaveGestureLibraryAll] loss= 0.02907; Epoch Label ACC.= 99.26%, UnLabel ACC.= 87.43%, Lipistz loss = 0, Train Unlabel Best ACC.= 88.7%, Train Max Epoch=110
EarlyStopping counter: 28 out of 200
Epoch [139][SemiTeacher][UWaveGestureLibraryAll] loss= 0.02920; Epoch Label ACC.= 99.18%, UnLabel ACC.= 87.46%, Lipistz loss = 0, Train Unlabel Best ACC.= 88.7%, Train Max Epoch=110
EarlyStopping counter: 29 out of 200
Epoch [140][SemiTeacher][UWaveGestureLibraryAll] loss= 0.03160; Epoch Label ACC.= 97.83%, UnLabel ACC.= 86.42%, Lipistz loss = 0, Train Unlabel Best ACC.= 88.7%, Train Max Epoch=110
EarlyStopping counter: 30 out of 200
Epoch [141][SemiTeacher][UWaveGestureLibraryAll] loss= 0.03028; Epoch Label ACC.= 99.24%, UnLabel ACC.= 86.72%, Lipistz loss = 0, Train Unlabel Best ACC.= 88.7%, Train Max Epoch=110
EarlyStopping counter: 31 out of 200
Epoch [142][SemiTeacher][UWaveGestureLibraryAll] loss= 0.03187; Epoch Label ACC.= 99.36%, UnLabel ACC.= 88.36%, Lipistz loss = 0, Train Unlabel Best ACC.= 88.7%, Train Max Epoch=110
EarlyStopping counter: 32 out of 200
Epoch [143][SemiTeacher][UWaveGestureLibraryAll] loss= 0.03227; Epoch Label ACC.= 99.02%, UnLabel ACC.= 87.31%, Lipistz loss = 0, Train Unlabel Best ACC.= 88.7%, Train Max Epoch=110
EarlyStopping counter: 33 out of 200
Epoch [144][SemiTeacher][UWaveGestureLibraryAll] loss= 0.02897; Epoch Label ACC.= 99.29%, UnLabel ACC.= 88.80%, Lipistz loss = 0, Train Unlabel Best ACC.= 88.8%, Train Max Epoch=143
EarlyStopping counter: 34 out of 200
Epoch [145][SemiTeacher][UWaveGestureLibraryAll] loss= 0.02901; Epoch Label ACC.= 99.29%, UnLabel ACC.= 87.43%, Lipistz loss = 0, Train Unlabel Best ACC.= 88.8%, Train Max Epoch=143
EarlyStopping counter: 35 out of 200
Epoch [146][SemiTeacher][UWaveGestureLibraryAll] loss= 0.02882; Epoch Label ACC.= 99.47%, UnLabel ACC.= 87.57%, Lipistz loss = 0, Train Unlabel Best ACC.= 88.8%, Train Max Epoch=143
[Test-146] Val ACC:94.75%, Best Test ACC.: 93.52% in Epoch 146
Validation loss decreased (94.308036 --> 94.754464).  Saving model ...
Epoch [147][SemiTeacher][UWaveGestureLibraryAll] loss= 0.02814; Epoch Label ACC.= 99.59%, UnLabel ACC.= 88.99%, Lipistz loss = 0, Train Unlabel Best ACC.= 89.0%, Train Max Epoch=146
EarlyStopping counter: 1 out of 200
Epoch [148][SemiTeacher][UWaveGestureLibraryAll] loss= 0.02467; Epoch Label ACC.= 99.81%, UnLabel ACC.= 89.47%, Lipistz loss = 0, Train Unlabel Best ACC.= 89.5%, Train Max Epoch=147
EarlyStopping counter: 2 out of 200
Epoch [149][SemiTeacher][UWaveGestureLibraryAll] loss= 0.02851; Epoch Label ACC.= 99.44%, UnLabel ACC.= 87.69%, Lipistz loss = 0, Train Unlabel Best ACC.= 89.5%, Train Max Epoch=147
EarlyStopping counter: 3 out of 200
Epoch [150][SemiTeacher][UWaveGestureLibraryAll] loss= 0.03166; Epoch Label ACC.= 98.87%, UnLabel ACC.= 87.87%, Lipistz loss = 0, Train Unlabel Best ACC.= 89.5%, Train Max Epoch=147
EarlyStopping counter: 4 out of 200
Epoch [151][SemiTeacher][UWaveGestureLibraryAll] loss= 0.03170; Epoch Label ACC.= 99.22%, UnLabel ACC.= 87.35%, Lipistz loss = 0, Train Unlabel Best ACC.= 89.5%, Train Max Epoch=147
EarlyStopping counter: 5 out of 200
Epoch [152][SemiTeacher][UWaveGestureLibraryAll] loss= 0.02943; Epoch Label ACC.= 99.32%, UnLabel ACC.= 86.64%, Lipistz loss = 0, Train Unlabel Best ACC.= 89.5%, Train Max Epoch=147
EarlyStopping counter: 6 out of 200
Epoch [153][SemiTeacher][UWaveGestureLibraryAll] loss= 0.03019; Epoch Label ACC.= 99.40%, UnLabel ACC.= 86.72%, Lipistz loss = 0, Train Unlabel Best ACC.= 89.5%, Train Max Epoch=147
EarlyStopping counter: 7 out of 200
Epoch [154][SemiTeacher][UWaveGestureLibraryAll] loss= 0.02833; Epoch Label ACC.= 99.06%, UnLabel ACC.= 87.65%, Lipistz loss = 0, Train Unlabel Best ACC.= 89.5%, Train Max Epoch=147
EarlyStopping counter: 8 out of 200
Epoch [155][SemiTeacher][UWaveGestureLibraryAll] loss= 0.02677; Epoch Label ACC.= 99.52%, UnLabel ACC.= 87.28%, Lipistz loss = 0, Train Unlabel Best ACC.= 89.5%, Train Max Epoch=147
EarlyStopping counter: 9 out of 200
Epoch [156][SemiTeacher][UWaveGestureLibraryAll] loss= 0.02779; Epoch Label ACC.= 99.48%, UnLabel ACC.= 87.80%, Lipistz loss = 0, Train Unlabel Best ACC.= 89.5%, Train Max Epoch=147
EarlyStopping counter: 10 out of 200
Epoch [157][SemiTeacher][UWaveGestureLibraryAll] loss= 0.03086; Epoch Label ACC.= 99.18%, UnLabel ACC.= 87.54%, Lipistz loss = 0, Train Unlabel Best ACC.= 89.5%, Train Max Epoch=147
EarlyStopping counter: 11 out of 200
Epoch [158][SemiTeacher][UWaveGestureLibraryAll] loss= 0.03208; Epoch Label ACC.= 98.91%, UnLabel ACC.= 86.68%, Lipistz loss = 0, Train Unlabel Best ACC.= 89.5%, Train Max Epoch=147
EarlyStopping counter: 12 out of 200
Epoch [159][SemiTeacher][UWaveGestureLibraryAll] loss= 0.02779; Epoch Label ACC.= 99.18%, UnLabel ACC.= 87.95%, Lipistz loss = 0, Train Unlabel Best ACC.= 89.5%, Train Max Epoch=147
EarlyStopping counter: 13 out of 200
Epoch [160][SemiTeacher][UWaveGestureLibraryAll] loss= 0.02887; Epoch Label ACC.= 98.96%, UnLabel ACC.= 87.57%, Lipistz loss = 0, Train Unlabel Best ACC.= 89.5%, Train Max Epoch=147
EarlyStopping counter: 14 out of 200
Epoch [161][SemiTeacher][UWaveGestureLibraryAll] loss= 0.03266; Epoch Label ACC.= 99.09%, UnLabel ACC.= 84.67%, Lipistz loss = 0, Train Unlabel Best ACC.= 89.5%, Train Max Epoch=147
EarlyStopping counter: 15 out of 200
Epoch [162][SemiTeacher][UWaveGestureLibraryAll] loss= 0.03000; Epoch Label ACC.= 98.96%, UnLabel ACC.= 87.24%, Lipistz loss = 0, Train Unlabel Best ACC.= 89.5%, Train Max Epoch=147
EarlyStopping counter: 16 out of 200
Epoch [163][SemiTeacher][UWaveGestureLibraryAll] loss= 0.02820; Epoch Label ACC.= 99.67%, UnLabel ACC.= 89.55%, Lipistz loss = 0, Train Unlabel Best ACC.= 89.5%, Train Max Epoch=162
EarlyStopping counter: 17 out of 200
Epoch [164][SemiTeacher][UWaveGestureLibraryAll] loss= 0.02929; Epoch Label ACC.= 99.36%, UnLabel ACC.= 87.57%, Lipistz loss = 0, Train Unlabel Best ACC.= 89.5%, Train Max Epoch=162
EarlyStopping counter: 18 out of 200
Epoch [165][SemiTeacher][UWaveGestureLibraryAll] loss= 0.02988; Epoch Label ACC.= 98.91%, UnLabel ACC.= 87.02%, Lipistz loss = 0, Train Unlabel Best ACC.= 89.5%, Train Max Epoch=162
EarlyStopping counter: 19 out of 200
Epoch [166][SemiTeacher][UWaveGestureLibraryAll] loss= 0.02952; Epoch Label ACC.= 99.48%, UnLabel ACC.= 87.09%, Lipistz loss = 0, Train Unlabel Best ACC.= 89.5%, Train Max Epoch=162
EarlyStopping counter: 20 out of 200
Epoch [167][SemiTeacher][UWaveGestureLibraryAll] loss= 0.03000; Epoch Label ACC.= 99.44%, UnLabel ACC.= 87.65%, Lipistz loss = 0, Train Unlabel Best ACC.= 89.5%, Train Max Epoch=162
EarlyStopping counter: 21 out of 200
Epoch [168][SemiTeacher][UWaveGestureLibraryAll] loss= 0.02951; Epoch Label ACC.= 99.44%, UnLabel ACC.= 87.91%, Lipistz loss = 0, Train Unlabel Best ACC.= 89.5%, Train Max Epoch=162
EarlyStopping counter: 22 out of 200
Epoch [169][SemiTeacher][UWaveGestureLibraryAll] loss= 0.03214; Epoch Label ACC.= 99.32%, UnLabel ACC.= 88.36%, Lipistz loss = 0, Train Unlabel Best ACC.= 89.5%, Train Max Epoch=162
EarlyStopping counter: 23 out of 200
Epoch [170][SemiTeacher][UWaveGestureLibraryAll] loss= 0.02908; Epoch Label ACC.= 99.52%, UnLabel ACC.= 89.06%, Lipistz loss = 0, Train Unlabel Best ACC.= 89.5%, Train Max Epoch=162
EarlyStopping counter: 24 out of 200
Epoch [171][SemiTeacher][UWaveGestureLibraryAll] loss= 0.02850; Epoch Label ACC.= 99.67%, UnLabel ACC.= 88.62%, Lipistz loss = 0, Train Unlabel Best ACC.= 89.5%, Train Max Epoch=162
EarlyStopping counter: 25 out of 200
Epoch [172][SemiTeacher][UWaveGestureLibraryAll] loss= 0.02706; Epoch Label ACC.= 99.18%, UnLabel ACC.= 86.50%, Lipistz loss = 0, Train Unlabel Best ACC.= 89.5%, Train Max Epoch=162
EarlyStopping counter: 26 out of 200
Epoch [173][SemiTeacher][UWaveGestureLibraryAll] loss= 0.03112; Epoch Label ACC.= 99.40%, UnLabel ACC.= 88.47%, Lipistz loss = 0, Train Unlabel Best ACC.= 89.5%, Train Max Epoch=162
EarlyStopping counter: 27 out of 200
Epoch [174][SemiTeacher][UWaveGestureLibraryAll] loss= 0.03251; Epoch Label ACC.= 99.11%, UnLabel ACC.= 86.76%, Lipistz loss = 0, Train Unlabel Best ACC.= 89.5%, Train Max Epoch=162
EarlyStopping counter: 28 out of 200
Epoch [175][SemiTeacher][UWaveGestureLibraryAll] loss= 0.03040; Epoch Label ACC.= 99.63%, UnLabel ACC.= 88.62%, Lipistz loss = 0, Train Unlabel Best ACC.= 89.5%, Train Max Epoch=162
EarlyStopping counter: 29 out of 200
Epoch [176][SemiTeacher][UWaveGestureLibraryAll] loss= 0.02748; Epoch Label ACC.= 99.22%, UnLabel ACC.= 87.72%, Lipistz loss = 0, Train Unlabel Best ACC.= 89.5%, Train Max Epoch=162
EarlyStopping counter: 30 out of 200
Epoch [177][SemiTeacher][UWaveGestureLibraryAll] loss= 0.02849; Epoch Label ACC.= 99.55%, UnLabel ACC.= 88.43%, Lipistz loss = 0, Train Unlabel Best ACC.= 89.5%, Train Max Epoch=162
EarlyStopping counter: 31 out of 200
Epoch [178][SemiTeacher][UWaveGestureLibraryAll] loss= 0.02865; Epoch Label ACC.= 99.06%, UnLabel ACC.= 87.09%, Lipistz loss = 0, Train Unlabel Best ACC.= 89.5%, Train Max Epoch=162
EarlyStopping counter: 32 out of 200
Epoch [179][SemiTeacher][UWaveGestureLibraryAll] loss= 0.02971; Epoch Label ACC.= 99.01%, UnLabel ACC.= 88.28%, Lipistz loss = 0, Train Unlabel Best ACC.= 89.5%, Train Max Epoch=162
EarlyStopping counter: 33 out of 200
Epoch [180][SemiTeacher][UWaveGestureLibraryAll] loss= 0.02913; Epoch Label ACC.= 99.18%, UnLabel ACC.= 86.72%, Lipistz loss = 0, Train Unlabel Best ACC.= 89.5%, Train Max Epoch=162
EarlyStopping counter: 34 out of 200
Epoch [181][SemiTeacher][UWaveGestureLibraryAll] loss= 0.02844; Epoch Label ACC.= 99.21%, UnLabel ACC.= 87.05%, Lipistz loss = 0, Train Unlabel Best ACC.= 89.5%, Train Max Epoch=162
EarlyStopping counter: 35 out of 200
Epoch [182][SemiTeacher][UWaveGestureLibraryAll] loss= 0.02897; Epoch Label ACC.= 99.52%, UnLabel ACC.= 87.69%, Lipistz loss = 0, Train Unlabel Best ACC.= 89.5%, Train Max Epoch=162
EarlyStopping counter: 36 out of 200
Epoch [183][SemiTeacher][UWaveGestureLibraryAll] loss= 0.02991; Epoch Label ACC.= 99.48%, UnLabel ACC.= 87.09%, Lipistz loss = 0, Train Unlabel Best ACC.= 89.5%, Train Max Epoch=162
EarlyStopping counter: 37 out of 200
Epoch [184][SemiTeacher][UWaveGestureLibraryAll] loss= 0.03005; Epoch Label ACC.= 99.37%, UnLabel ACC.= 86.90%, Lipistz loss = 0, Train Unlabel Best ACC.= 89.5%, Train Max Epoch=162
EarlyStopping counter: 38 out of 200
Epoch [185][SemiTeacher][UWaveGestureLibraryAll] loss= 0.03117; Epoch Label ACC.= 99.13%, UnLabel ACC.= 87.35%, Lipistz loss = 0, Train Unlabel Best ACC.= 89.5%, Train Max Epoch=162
EarlyStopping counter: 39 out of 200
Epoch [186][SemiTeacher][UWaveGestureLibraryAll] loss= 0.02549; Epoch Label ACC.= 99.52%, UnLabel ACC.= 87.28%, Lipistz loss = 0, Train Unlabel Best ACC.= 89.5%, Train Max Epoch=162
EarlyStopping counter: 40 out of 200
Epoch [187][SemiTeacher][UWaveGestureLibraryAll] loss= 0.02863; Epoch Label ACC.= 99.21%, UnLabel ACC.= 87.24%, Lipistz loss = 0, Train Unlabel Best ACC.= 89.5%, Train Max Epoch=162
EarlyStopping counter: 41 out of 200
Epoch [188][SemiTeacher][UWaveGestureLibraryAll] loss= 0.02890; Epoch Label ACC.= 99.52%, UnLabel ACC.= 87.65%, Lipistz loss = 0, Train Unlabel Best ACC.= 89.5%, Train Max Epoch=162
EarlyStopping counter: 42 out of 200
Epoch [189][SemiTeacher][UWaveGestureLibraryAll] loss= 0.03041; Epoch Label ACC.= 99.48%, UnLabel ACC.= 87.95%, Lipistz loss = 0, Train Unlabel Best ACC.= 89.5%, Train Max Epoch=162
EarlyStopping counter: 43 out of 200
Epoch [190][SemiTeacher][UWaveGestureLibraryAll] loss= 0.02917; Epoch Label ACC.= 99.50%, UnLabel ACC.= 88.65%, Lipistz loss = 0, Train Unlabel Best ACC.= 89.5%, Train Max Epoch=162
EarlyStopping counter: 44 out of 200
Epoch [191][SemiTeacher][UWaveGestureLibraryAll] loss= 0.03001; Epoch Label ACC.= 99.59%, UnLabel ACC.= 87.24%, Lipistz loss = 0, Train Unlabel Best ACC.= 89.5%, Train Max Epoch=162
EarlyStopping counter: 45 out of 200
Epoch [192][SemiTeacher][UWaveGestureLibraryAll] loss= 0.03165; Epoch Label ACC.= 98.98%, UnLabel ACC.= 88.47%, Lipistz loss = 0, Train Unlabel Best ACC.= 89.5%, Train Max Epoch=162
EarlyStopping counter: 46 out of 200
Epoch [193][SemiTeacher][UWaveGestureLibraryAll] loss= 0.02984; Epoch Label ACC.= 98.56%, UnLabel ACC.= 87.35%, Lipistz loss = 0, Train Unlabel Best ACC.= 89.5%, Train Max Epoch=162
EarlyStopping counter: 47 out of 200
Epoch [194][SemiTeacher][UWaveGestureLibraryAll] loss= 0.03111; Epoch Label ACC.= 98.67%, UnLabel ACC.= 87.09%, Lipistz loss = 0, Train Unlabel Best ACC.= 89.5%, Train Max Epoch=162
EarlyStopping counter: 48 out of 200
Epoch [195][SemiTeacher][UWaveGestureLibraryAll] loss= 0.03495; Epoch Label ACC.= 99.32%, UnLabel ACC.= 86.50%, Lipistz loss = 0, Train Unlabel Best ACC.= 89.5%, Train Max Epoch=162
EarlyStopping counter: 49 out of 200
Epoch [196][SemiTeacher][UWaveGestureLibraryAll] loss= 0.03240; Epoch Label ACC.= 98.87%, UnLabel ACC.= 87.05%, Lipistz loss = 0, Train Unlabel Best ACC.= 89.5%, Train Max Epoch=162
EarlyStopping counter: 50 out of 200
Epoch [197][SemiTeacher][UWaveGestureLibraryAll] loss= 0.02880; Epoch Label ACC.= 99.55%, UnLabel ACC.= 87.72%, Lipistz loss = 0, Train Unlabel Best ACC.= 89.5%, Train Max Epoch=162
EarlyStopping counter: 51 out of 200
Epoch [198][SemiTeacher][UWaveGestureLibraryAll] loss= 0.02926; Epoch Label ACC.= 99.21%, UnLabel ACC.= 87.46%, Lipistz loss = 0, Train Unlabel Best ACC.= 89.5%, Train Max Epoch=162
EarlyStopping counter: 52 out of 200
Epoch [199][SemiTeacher][UWaveGestureLibraryAll] loss= 0.02965; Epoch Label ACC.= 99.52%, UnLabel ACC.= 86.90%, Lipistz loss = 0, Train Unlabel Best ACC.= 89.5%, Train Max Epoch=162
EarlyStopping counter: 53 out of 200
[INFO] save backbone at epoch 199!
Epoch [200][SemiTeacher][UWaveGestureLibraryAll] loss= 0.03313; Epoch Label ACC.= 99.02%, UnLabel ACC.= 85.90%, Lipistz loss = 0, Train Unlabel Best ACC.= 89.5%, Train Max Epoch=162
EarlyStopping counter: 54 out of 200
Epoch [201][SemiTeacher][UWaveGestureLibraryAll] loss= 0.03143; Epoch Label ACC.= 99.33%, UnLabel ACC.= 87.31%, Lipistz loss = 0, Train Unlabel Best ACC.= 89.5%, Train Max Epoch=162
EarlyStopping counter: 55 out of 200
Epoch [202][SemiTeacher][UWaveGestureLibraryAll] loss= 0.03153; Epoch Label ACC.= 99.48%, UnLabel ACC.= 87.76%, Lipistz loss = 0, Train Unlabel Best ACC.= 89.5%, Train Max Epoch=162
EarlyStopping counter: 56 out of 200
Epoch [203][SemiTeacher][UWaveGestureLibraryAll] loss= 0.03197; Epoch Label ACC.= 99.17%, UnLabel ACC.= 87.43%, Lipistz loss = 0, Train Unlabel Best ACC.= 89.5%, Train Max Epoch=162
EarlyStopping counter: 57 out of 200
Epoch [204][SemiTeacher][UWaveGestureLibraryAll] loss= 0.03177; Epoch Label ACC.= 98.93%, UnLabel ACC.= 86.76%, Lipistz loss = 0, Train Unlabel Best ACC.= 89.5%, Train Max Epoch=162
EarlyStopping counter: 58 out of 200
Epoch [205][SemiTeacher][UWaveGestureLibraryAll] loss= 0.03335; Epoch Label ACC.= 99.59%, UnLabel ACC.= 86.94%, Lipistz loss = 0, Train Unlabel Best ACC.= 89.5%, Train Max Epoch=162
EarlyStopping counter: 59 out of 200
Epoch [206][SemiTeacher][UWaveGestureLibraryAll] loss= 0.02938; Epoch Label ACC.= 99.44%, UnLabel ACC.= 87.02%, Lipistz loss = 0, Train Unlabel Best ACC.= 89.5%, Train Max Epoch=162
EarlyStopping counter: 60 out of 200
Epoch [207][SemiTeacher][UWaveGestureLibraryAll] loss= 0.03266; Epoch Label ACC.= 98.65%, UnLabel ACC.= 87.13%, Lipistz loss = 0, Train Unlabel Best ACC.= 89.5%, Train Max Epoch=162
EarlyStopping counter: 61 out of 200
Epoch [208][SemiTeacher][UWaveGestureLibraryAll] loss= 0.03065; Epoch Label ACC.= 99.09%, UnLabel ACC.= 86.87%, Lipistz loss = 0, Train Unlabel Best ACC.= 89.5%, Train Max Epoch=162
EarlyStopping counter: 62 out of 200
Epoch [209][SemiTeacher][UWaveGestureLibraryAll] loss= 0.03216; Epoch Label ACC.= 98.71%, UnLabel ACC.= 87.17%, Lipistz loss = 0, Train Unlabel Best ACC.= 89.5%, Train Max Epoch=162
EarlyStopping counter: 63 out of 200
Epoch [210][SemiTeacher][UWaveGestureLibraryAll] loss= 0.02870; Epoch Label ACC.= 99.52%, UnLabel ACC.= 88.39%, Lipistz loss = 0, Train Unlabel Best ACC.= 89.5%, Train Max Epoch=162
EarlyStopping counter: 64 out of 200
Epoch [211][SemiTeacher][UWaveGestureLibraryAll] loss= 0.03232; Epoch Label ACC.= 98.70%, UnLabel ACC.= 87.17%, Lipistz loss = 0, Train Unlabel Best ACC.= 89.5%, Train Max Epoch=162
EarlyStopping counter: 65 out of 200
Epoch [212][SemiTeacher][UWaveGestureLibraryAll] loss= 0.02932; Epoch Label ACC.= 99.44%, UnLabel ACC.= 87.28%, Lipistz loss = 0, Train Unlabel Best ACC.= 89.5%, Train Max Epoch=162
EarlyStopping counter: 66 out of 200
Epoch [213][SemiTeacher][UWaveGestureLibraryAll] loss= 0.03030; Epoch Label ACC.= 99.06%, UnLabel ACC.= 87.87%, Lipistz loss = 0, Train Unlabel Best ACC.= 89.5%, Train Max Epoch=162
EarlyStopping counter: 67 out of 200
Epoch [214][SemiTeacher][UWaveGestureLibraryAll] loss= 0.03255; Epoch Label ACC.= 98.93%, UnLabel ACC.= 88.28%, Lipistz loss = 0, Train Unlabel Best ACC.= 89.5%, Train Max Epoch=162
EarlyStopping counter: 68 out of 200
Epoch [215][SemiTeacher][UWaveGestureLibraryAll] loss= 0.03180; Epoch Label ACC.= 99.33%, UnLabel ACC.= 87.13%, Lipistz loss = 0, Train Unlabel Best ACC.= 89.5%, Train Max Epoch=162
EarlyStopping counter: 69 out of 200
Epoch [216][SemiTeacher][UWaveGestureLibraryAll] loss= 0.02847; Epoch Label ACC.= 99.40%, UnLabel ACC.= 88.69%, Lipistz loss = 0, Train Unlabel Best ACC.= 89.5%, Train Max Epoch=162
EarlyStopping counter: 70 out of 200
Epoch [217][SemiTeacher][UWaveGestureLibraryAll] loss= 0.02513; Epoch Label ACC.= 99.55%, UnLabel ACC.= 88.80%, Lipistz loss = 0, Train Unlabel Best ACC.= 89.5%, Train Max Epoch=162
EarlyStopping counter: 71 out of 200
Epoch [218][SemiTeacher][UWaveGestureLibraryAll] loss= 0.03048; Epoch Label ACC.= 99.02%, UnLabel ACC.= 88.36%, Lipistz loss = 0, Train Unlabel Best ACC.= 89.5%, Train Max Epoch=162
EarlyStopping counter: 72 out of 200
Epoch [219][SemiTeacher][UWaveGestureLibraryAll] loss= 0.02956; Epoch Label ACC.= 99.37%, UnLabel ACC.= 88.99%, Lipistz loss = 0, Train Unlabel Best ACC.= 89.5%, Train Max Epoch=162
EarlyStopping counter: 73 out of 200
Epoch [220][SemiTeacher][UWaveGestureLibraryAll] loss= 0.02906; Epoch Label ACC.= 99.29%, UnLabel ACC.= 88.62%, Lipistz loss = 0, Train Unlabel Best ACC.= 89.5%, Train Max Epoch=162
EarlyStopping counter: 74 out of 200
Epoch [221][SemiTeacher][UWaveGestureLibraryAll] loss= 0.02952; Epoch Label ACC.= 98.86%, UnLabel ACC.= 87.24%, Lipistz loss = 0, Train Unlabel Best ACC.= 89.5%, Train Max Epoch=162
EarlyStopping counter: 75 out of 200
Epoch [222][SemiTeacher][UWaveGestureLibraryAll] loss= 0.02998; Epoch Label ACC.= 99.13%, UnLabel ACC.= 87.61%, Lipistz loss = 0, Train Unlabel Best ACC.= 89.5%, Train Max Epoch=162
EarlyStopping counter: 76 out of 200
Epoch [223][SemiTeacher][UWaveGestureLibraryAll] loss= 0.03217; Epoch Label ACC.= 99.02%, UnLabel ACC.= 87.95%, Lipistz loss = 0, Train Unlabel Best ACC.= 89.5%, Train Max Epoch=162
EarlyStopping counter: 77 out of 200
Epoch [224][SemiTeacher][UWaveGestureLibraryAll] loss= 0.02928; Epoch Label ACC.= 99.06%, UnLabel ACC.= 88.17%, Lipistz loss = 0, Train Unlabel Best ACC.= 89.5%, Train Max Epoch=162
EarlyStopping counter: 78 out of 200
Epoch [225][SemiTeacher][UWaveGestureLibraryAll] loss= 0.02751; Epoch Label ACC.= 99.43%, UnLabel ACC.= 88.47%, Lipistz loss = 0, Train Unlabel Best ACC.= 89.5%, Train Max Epoch=162
EarlyStopping counter: 79 out of 200
Epoch [226][SemiTeacher][UWaveGestureLibraryAll] loss= 0.02658; Epoch Label ACC.= 99.44%, UnLabel ACC.= 88.65%, Lipistz loss = 0, Train Unlabel Best ACC.= 89.5%, Train Max Epoch=162
EarlyStopping counter: 80 out of 200
Epoch [227][SemiTeacher][UWaveGestureLibraryAll] loss= 0.02871; Epoch Label ACC.= 99.06%, UnLabel ACC.= 87.35%, Lipistz loss = 0, Train Unlabel Best ACC.= 89.5%, Train Max Epoch=162
EarlyStopping counter: 81 out of 200
Epoch [228][SemiTeacher][UWaveGestureLibraryAll] loss= 0.02751; Epoch Label ACC.= 99.52%, UnLabel ACC.= 88.69%, Lipistz loss = 0, Train Unlabel Best ACC.= 89.5%, Train Max Epoch=162
EarlyStopping counter: 82 out of 200
Epoch [229][SemiTeacher][UWaveGestureLibraryAll] loss= 0.02711; Epoch Label ACC.= 99.55%, UnLabel ACC.= 88.39%, Lipistz loss = 0, Train Unlabel Best ACC.= 89.5%, Train Max Epoch=162
EarlyStopping counter: 83 out of 200
Epoch [230][SemiTeacher][UWaveGestureLibraryAll] loss= 0.02658; Epoch Label ACC.= 99.09%, UnLabel ACC.= 87.95%, Lipistz loss = 0, Train Unlabel Best ACC.= 89.5%, Train Max Epoch=162
EarlyStopping counter: 84 out of 200
Epoch [231][SemiTeacher][UWaveGestureLibraryAll] loss= 0.02839; Epoch Label ACC.= 99.44%, UnLabel ACC.= 87.28%, Lipistz loss = 0, Train Unlabel Best ACC.= 89.5%, Train Max Epoch=162
EarlyStopping counter: 85 out of 200
Epoch [232][SemiTeacher][UWaveGestureLibraryAll] loss= 0.03113; Epoch Label ACC.= 99.29%, UnLabel ACC.= 88.17%, Lipistz loss = 0, Train Unlabel Best ACC.= 89.5%, Train Max Epoch=162
EarlyStopping counter: 86 out of 200
Epoch [233][SemiTeacher][UWaveGestureLibraryAll] loss= 0.02927; Epoch Label ACC.= 99.21%, UnLabel ACC.= 88.84%, Lipistz loss = 0, Train Unlabel Best ACC.= 89.5%, Train Max Epoch=162
EarlyStopping counter: 87 out of 200
Epoch [234][SemiTeacher][UWaveGestureLibraryAll] loss= 0.02758; Epoch Label ACC.= 99.28%, UnLabel ACC.= 88.47%, Lipistz loss = 0, Train Unlabel Best ACC.= 89.5%, Train Max Epoch=162
EarlyStopping counter: 88 out of 200
Epoch [235][SemiTeacher][UWaveGestureLibraryAll] loss= 0.03061; Epoch Label ACC.= 99.21%, UnLabel ACC.= 86.90%, Lipistz loss = 0, Train Unlabel Best ACC.= 89.5%, Train Max Epoch=162
EarlyStopping counter: 89 out of 200
Epoch [236][SemiTeacher][UWaveGestureLibraryAll] loss= 0.02779; Epoch Label ACC.= 99.52%, UnLabel ACC.= 88.50%, Lipistz loss = 0, Train Unlabel Best ACC.= 89.5%, Train Max Epoch=162
EarlyStopping counter: 90 out of 200
Epoch [237][SemiTeacher][UWaveGestureLibraryAll] loss= 0.02688; Epoch Label ACC.= 99.39%, UnLabel ACC.= 88.32%, Lipistz loss = 0, Train Unlabel Best ACC.= 89.5%, Train Max Epoch=162
EarlyStopping counter: 91 out of 200
Epoch [238][SemiTeacher][UWaveGestureLibraryAll] loss= 0.02592; Epoch Label ACC.= 99.36%, UnLabel ACC.= 87.02%, Lipistz loss = 0, Train Unlabel Best ACC.= 89.5%, Train Max Epoch=162
EarlyStopping counter: 92 out of 200
Epoch [239][SemiTeacher][UWaveGestureLibraryAll] loss= 0.02588; Epoch Label ACC.= 99.52%, UnLabel ACC.= 87.17%, Lipistz loss = 0, Train Unlabel Best ACC.= 89.5%, Train Max Epoch=162
EarlyStopping counter: 93 out of 200
Epoch [240][SemiTeacher][UWaveGestureLibraryAll] loss= 0.02920; Epoch Label ACC.= 99.37%, UnLabel ACC.= 87.54%, Lipistz loss = 0, Train Unlabel Best ACC.= 89.5%, Train Max Epoch=162
EarlyStopping counter: 94 out of 200
Epoch [241][SemiTeacher][UWaveGestureLibraryAll] loss= 0.02972; Epoch Label ACC.= 99.32%, UnLabel ACC.= 88.69%, Lipistz loss = 0, Train Unlabel Best ACC.= 89.5%, Train Max Epoch=162
EarlyStopping counter: 95 out of 200
Epoch [242][SemiTeacher][UWaveGestureLibraryAll] loss= 0.02744; Epoch Label ACC.= 99.24%, UnLabel ACC.= 89.40%, Lipistz loss = 0, Train Unlabel Best ACC.= 89.5%, Train Max Epoch=162
EarlyStopping counter: 96 out of 200
Epoch [243][SemiTeacher][UWaveGestureLibraryAll] loss= 0.02896; Epoch Label ACC.= 98.91%, UnLabel ACC.= 87.61%, Lipistz loss = 0, Train Unlabel Best ACC.= 89.5%, Train Max Epoch=162
EarlyStopping counter: 97 out of 200
Epoch [244][SemiTeacher][UWaveGestureLibraryAll] loss= 0.02914; Epoch Label ACC.= 99.39%, UnLabel ACC.= 87.95%, Lipistz loss = 0, Train Unlabel Best ACC.= 89.5%, Train Max Epoch=162
EarlyStopping counter: 98 out of 200
Epoch [245][SemiTeacher][UWaveGestureLibraryAll] loss= 0.03025; Epoch Label ACC.= 99.22%, UnLabel ACC.= 87.43%, Lipistz loss = 0, Train Unlabel Best ACC.= 89.5%, Train Max Epoch=162
EarlyStopping counter: 99 out of 200
Epoch [246][SemiTeacher][UWaveGestureLibraryAll] loss= 0.03000; Epoch Label ACC.= 99.55%, UnLabel ACC.= 87.57%, Lipistz loss = 0, Train Unlabel Best ACC.= 89.5%, Train Max Epoch=162
EarlyStopping counter: 100 out of 200
Epoch [247][SemiTeacher][UWaveGestureLibraryAll] loss= 0.02839; Epoch Label ACC.= 99.63%, UnLabel ACC.= 88.17%, Lipistz loss = 0, Train Unlabel Best ACC.= 89.5%, Train Max Epoch=162
EarlyStopping counter: 101 out of 200
Epoch [248][SemiTeacher][UWaveGestureLibraryAll] loss= 0.02722; Epoch Label ACC.= 99.48%, UnLabel ACC.= 88.17%, Lipistz loss = 0, Train Unlabel Best ACC.= 89.5%, Train Max Epoch=162
EarlyStopping counter: 102 out of 200
Epoch [249][SemiTeacher][UWaveGestureLibraryAll] loss= 0.03028; Epoch Label ACC.= 99.00%, UnLabel ACC.= 88.21%, Lipistz loss = 0, Train Unlabel Best ACC.= 89.5%, Train Max Epoch=162
EarlyStopping counter: 103 out of 200
Epoch [250][SemiTeacher][UWaveGestureLibraryAll] loss= 0.03208; Epoch Label ACC.= 99.63%, UnLabel ACC.= 88.73%, Lipistz loss = 0, Train Unlabel Best ACC.= 89.5%, Train Max Epoch=162
EarlyStopping counter: 104 out of 200
Epoch [251][SemiTeacher][UWaveGestureLibraryAll] loss= 0.02794; Epoch Label ACC.= 99.40%, UnLabel ACC.= 88.47%, Lipistz loss = 0, Train Unlabel Best ACC.= 89.5%, Train Max Epoch=162
EarlyStopping counter: 105 out of 200
Epoch [252][SemiTeacher][UWaveGestureLibraryAll] loss= 0.03085; Epoch Label ACC.= 98.71%, UnLabel ACC.= 88.65%, Lipistz loss = 0, Train Unlabel Best ACC.= 89.5%, Train Max Epoch=162
EarlyStopping counter: 106 out of 200
Epoch [253][SemiTeacher][UWaveGestureLibraryAll] loss= 0.02916; Epoch Label ACC.= 99.70%, UnLabel ACC.= 88.50%, Lipistz loss = 0, Train Unlabel Best ACC.= 89.5%, Train Max Epoch=162
EarlyStopping counter: 107 out of 200
Epoch [254][SemiTeacher][UWaveGestureLibraryAll] loss= 0.03012; Epoch Label ACC.= 98.95%, UnLabel ACC.= 89.06%, Lipistz loss = 0, Train Unlabel Best ACC.= 89.5%, Train Max Epoch=162
EarlyStopping counter: 108 out of 200
Epoch [255][SemiTeacher][UWaveGestureLibraryAll] loss= 0.02986; Epoch Label ACC.= 99.54%, UnLabel ACC.= 87.83%, Lipistz loss = 0, Train Unlabel Best ACC.= 89.5%, Train Max Epoch=162
EarlyStopping counter: 109 out of 200
Epoch [256][SemiTeacher][UWaveGestureLibraryAll] loss= 0.03266; Epoch Label ACC.= 99.08%, UnLabel ACC.= 87.17%, Lipistz loss = 0, Train Unlabel Best ACC.= 89.5%, Train Max Epoch=162
EarlyStopping counter: 110 out of 200
Epoch [257][SemiTeacher][UWaveGestureLibraryAll] loss= 0.02944; Epoch Label ACC.= 99.67%, UnLabel ACC.= 88.62%, Lipistz loss = 0, Train Unlabel Best ACC.= 89.5%, Train Max Epoch=162
EarlyStopping counter: 111 out of 200
Epoch [258][SemiTeacher][UWaveGestureLibraryAll] loss= 0.03024; Epoch Label ACC.= 99.24%, UnLabel ACC.= 89.14%, Lipistz loss = 0, Train Unlabel Best ACC.= 89.5%, Train Max Epoch=162
EarlyStopping counter: 112 out of 200
Epoch [259][SemiTeacher][UWaveGestureLibraryAll] loss= 0.02760; Epoch Label ACC.= 99.85%, UnLabel ACC.= 89.03%, Lipistz loss = 0, Train Unlabel Best ACC.= 89.5%, Train Max Epoch=162
EarlyStopping counter: 113 out of 200
Epoch [260][SemiTeacher][UWaveGestureLibraryAll] loss= 0.02447; Epoch Label ACC.= 99.70%, UnLabel ACC.= 89.47%, Lipistz loss = 0, Train Unlabel Best ACC.= 89.5%, Train Max Epoch=162
EarlyStopping counter: 114 out of 200
Epoch [261][SemiTeacher][UWaveGestureLibraryAll] loss= 0.02614; Epoch Label ACC.= 99.63%, UnLabel ACC.= 88.32%, Lipistz loss = 0, Train Unlabel Best ACC.= 89.5%, Train Max Epoch=162
EarlyStopping counter: 115 out of 200
Epoch [262][SemiTeacher][UWaveGestureLibraryAll] loss= 0.02765; Epoch Label ACC.= 99.40%, UnLabel ACC.= 87.46%, Lipistz loss = 0, Train Unlabel Best ACC.= 89.5%, Train Max Epoch=162
EarlyStopping counter: 116 out of 200
Epoch [263][SemiTeacher][UWaveGestureLibraryAll] loss= 0.02962; Epoch Label ACC.= 99.44%, UnLabel ACC.= 88.36%, Lipistz loss = 0, Train Unlabel Best ACC.= 89.5%, Train Max Epoch=162
EarlyStopping counter: 117 out of 200
Epoch [264][SemiTeacher][UWaveGestureLibraryAll] loss= 0.02878; Epoch Label ACC.= 99.32%, UnLabel ACC.= 89.17%, Lipistz loss = 0, Train Unlabel Best ACC.= 89.5%, Train Max Epoch=162
EarlyStopping counter: 118 out of 200
Epoch [265][SemiTeacher][UWaveGestureLibraryAll] loss= 0.02836; Epoch Label ACC.= 98.98%, UnLabel ACC.= 86.42%, Lipistz loss = 0, Train Unlabel Best ACC.= 89.5%, Train Max Epoch=162
EarlyStopping counter: 119 out of 200
Epoch [266][SemiTeacher][UWaveGestureLibraryAll] loss= 0.02872; Epoch Label ACC.= 99.81%, UnLabel ACC.= 88.88%, Lipistz loss = 0, Train Unlabel Best ACC.= 89.5%, Train Max Epoch=162
EarlyStopping counter: 120 out of 200
Epoch [267][SemiTeacher][UWaveGestureLibraryAll] loss= 0.02959; Epoch Label ACC.= 99.81%, UnLabel ACC.= 86.94%, Lipistz loss = 0, Train Unlabel Best ACC.= 89.5%, Train Max Epoch=162
EarlyStopping counter: 121 out of 200
Epoch [268][SemiTeacher][UWaveGestureLibraryAll] loss= 0.02968; Epoch Label ACC.= 99.37%, UnLabel ACC.= 87.57%, Lipistz loss = 0, Train Unlabel Best ACC.= 89.5%, Train Max Epoch=162
EarlyStopping counter: 122 out of 200
Epoch [269][SemiTeacher][UWaveGestureLibraryAll] loss= 0.02864; Epoch Label ACC.= 99.13%, UnLabel ACC.= 88.17%, Lipistz loss = 0, Train Unlabel Best ACC.= 89.5%, Train Max Epoch=162
EarlyStopping counter: 123 out of 200
Epoch [270][SemiTeacher][UWaveGestureLibraryAll] loss= 0.02902; Epoch Label ACC.= 99.37%, UnLabel ACC.= 87.98%, Lipistz loss = 0, Train Unlabel Best ACC.= 89.5%, Train Max Epoch=162
EarlyStopping counter: 124 out of 200
Epoch [271][SemiTeacher][UWaveGestureLibraryAll] loss= 0.02675; Epoch Label ACC.= 99.33%, UnLabel ACC.= 88.84%, Lipistz loss = 0, Train Unlabel Best ACC.= 89.5%, Train Max Epoch=162
EarlyStopping counter: 125 out of 200
Epoch [272][SemiTeacher][UWaveGestureLibraryAll] loss= 0.02776; Epoch Label ACC.= 99.59%, UnLabel ACC.= 88.62%, Lipistz loss = 0, Train Unlabel Best ACC.= 89.5%, Train Max Epoch=162
EarlyStopping counter: 126 out of 200
Epoch [273][SemiTeacher][UWaveGestureLibraryAll] loss= 0.02909; Epoch Label ACC.= 99.89%, UnLabel ACC.= 88.62%, Lipistz loss = 0, Train Unlabel Best ACC.= 89.5%, Train Max Epoch=162
EarlyStopping counter: 127 out of 200
Epoch [274][SemiTeacher][UWaveGestureLibraryAll] loss= 0.02784; Epoch Label ACC.= 99.09%, UnLabel ACC.= 89.58%, Lipistz loss = 0, Train Unlabel Best ACC.= 89.6%, Train Max Epoch=273
EarlyStopping counter: 128 out of 200
Epoch [275][SemiTeacher][UWaveGestureLibraryAll] loss= 0.02810; Epoch Label ACC.= 99.74%, UnLabel ACC.= 88.62%, Lipistz loss = 0, Train Unlabel Best ACC.= 89.6%, Train Max Epoch=273
EarlyStopping counter: 129 out of 200
Epoch [276][SemiTeacher][UWaveGestureLibraryAll] loss= 0.02874; Epoch Label ACC.= 99.08%, UnLabel ACC.= 87.72%, Lipistz loss = 0, Train Unlabel Best ACC.= 89.6%, Train Max Epoch=273
EarlyStopping counter: 130 out of 200
Epoch [277][SemiTeacher][UWaveGestureLibraryAll] loss= 0.03191; Epoch Label ACC.= 98.62%, UnLabel ACC.= 88.02%, Lipistz loss = 0, Train Unlabel Best ACC.= 89.6%, Train Max Epoch=273
EarlyStopping counter: 131 out of 200
Epoch [278][SemiTeacher][UWaveGestureLibraryAll] loss= 0.03094; Epoch Label ACC.= 99.39%, UnLabel ACC.= 87.57%, Lipistz loss = 0, Train Unlabel Best ACC.= 89.6%, Train Max Epoch=273
EarlyStopping counter: 132 out of 200
Epoch [279][SemiTeacher][UWaveGestureLibraryAll] loss= 0.02899; Epoch Label ACC.= 99.55%, UnLabel ACC.= 88.69%, Lipistz loss = 0, Train Unlabel Best ACC.= 89.6%, Train Max Epoch=273
EarlyStopping counter: 133 out of 200
Epoch [280][SemiTeacher][UWaveGestureLibraryAll] loss= 0.03119; Epoch Label ACC.= 99.74%, UnLabel ACC.= 88.76%, Lipistz loss = 0, Train Unlabel Best ACC.= 89.6%, Train Max Epoch=273
EarlyStopping counter: 134 out of 200
Epoch [281][SemiTeacher][UWaveGestureLibraryAll] loss= 0.03221; Epoch Label ACC.= 98.28%, UnLabel ACC.= 86.12%, Lipistz loss = 0, Train Unlabel Best ACC.= 89.6%, Train Max Epoch=273
EarlyStopping counter: 135 out of 200
Epoch [282][SemiTeacher][UWaveGestureLibraryAll] loss= 0.02684; Epoch Label ACC.= 99.17%, UnLabel ACC.= 87.20%, Lipistz loss = 0, Train Unlabel Best ACC.= 89.6%, Train Max Epoch=273
EarlyStopping counter: 136 out of 200
Epoch [283][SemiTeacher][UWaveGestureLibraryAll] loss= 0.02820; Epoch Label ACC.= 99.44%, UnLabel ACC.= 87.09%, Lipistz loss = 0, Train Unlabel Best ACC.= 89.6%, Train Max Epoch=273
EarlyStopping counter: 137 out of 200
Epoch [284][SemiTeacher][UWaveGestureLibraryAll] loss= 0.02692; Epoch Label ACC.= 99.39%, UnLabel ACC.= 88.47%, Lipistz loss = 0, Train Unlabel Best ACC.= 89.6%, Train Max Epoch=273
EarlyStopping counter: 138 out of 200
Epoch [285][SemiTeacher][UWaveGestureLibraryAll] loss= 0.02629; Epoch Label ACC.= 99.29%, UnLabel ACC.= 87.95%, Lipistz loss = 0, Train Unlabel Best ACC.= 89.6%, Train Max Epoch=273
EarlyStopping counter: 139 out of 200
Epoch [286][SemiTeacher][UWaveGestureLibraryAll] loss= 0.02699; Epoch Label ACC.= 99.32%, UnLabel ACC.= 86.98%, Lipistz loss = 0, Train Unlabel Best ACC.= 89.6%, Train Max Epoch=273
EarlyStopping counter: 140 out of 200
Epoch [287][SemiTeacher][UWaveGestureLibraryAll] loss= 0.02702; Epoch Label ACC.= 99.32%, UnLabel ACC.= 88.02%, Lipistz loss = 0, Train Unlabel Best ACC.= 89.6%, Train Max Epoch=273
EarlyStopping counter: 141 out of 200
Epoch [288][SemiTeacher][UWaveGestureLibraryAll] loss= 0.03057; Epoch Label ACC.= 99.17%, UnLabel ACC.= 88.28%, Lipistz loss = 0, Train Unlabel Best ACC.= 89.6%, Train Max Epoch=273
EarlyStopping counter: 142 out of 200
Epoch [289][SemiTeacher][UWaveGestureLibraryAll] loss= 0.02790; Epoch Label ACC.= 99.44%, UnLabel ACC.= 87.98%, Lipistz loss = 0, Train Unlabel Best ACC.= 89.6%, Train Max Epoch=273
EarlyStopping counter: 143 out of 200
Epoch [290][SemiTeacher][UWaveGestureLibraryAll] loss= 0.03004; Epoch Label ACC.= 99.29%, UnLabel ACC.= 87.20%, Lipistz loss = 0, Train Unlabel Best ACC.= 89.6%, Train Max Epoch=273
EarlyStopping counter: 144 out of 200
Epoch [291][SemiTeacher][UWaveGestureLibraryAll] loss= 0.02956; Epoch Label ACC.= 99.52%, UnLabel ACC.= 88.65%, Lipistz loss = 0, Train Unlabel Best ACC.= 89.6%, Train Max Epoch=273
EarlyStopping counter: 145 out of 200
Epoch [292][SemiTeacher][UWaveGestureLibraryAll] loss= 0.02633; Epoch Label ACC.= 99.52%, UnLabel ACC.= 88.13%, Lipistz loss = 0, Train Unlabel Best ACC.= 89.6%, Train Max Epoch=273
EarlyStopping counter: 146 out of 200
Epoch [293][SemiTeacher][UWaveGestureLibraryAll] loss= 0.02613; Epoch Label ACC.= 99.59%, UnLabel ACC.= 89.47%, Lipistz loss = 0, Train Unlabel Best ACC.= 89.6%, Train Max Epoch=273
EarlyStopping counter: 147 out of 200
Epoch [294][SemiTeacher][UWaveGestureLibraryAll] loss= 0.02652; Epoch Label ACC.= 98.90%, UnLabel ACC.= 88.32%, Lipistz loss = 0, Train Unlabel Best ACC.= 89.6%, Train Max Epoch=273
EarlyStopping counter: 148 out of 200
Epoch [295][SemiTeacher][UWaveGestureLibraryAll] loss= 0.02776; Epoch Label ACC.= 99.70%, UnLabel ACC.= 88.88%, Lipistz loss = 0, Train Unlabel Best ACC.= 89.6%, Train Max Epoch=273
EarlyStopping counter: 149 out of 200
Epoch [296][SemiTeacher][UWaveGestureLibraryAll] loss= 0.02881; Epoch Label ACC.= 99.52%, UnLabel ACC.= 87.95%, Lipistz loss = 0, Train Unlabel Best ACC.= 89.6%, Train Max Epoch=273
EarlyStopping counter: 150 out of 200
Epoch [297][SemiTeacher][UWaveGestureLibraryAll] loss= 0.02691; Epoch Label ACC.= 99.67%, UnLabel ACC.= 87.57%, Lipistz loss = 0, Train Unlabel Best ACC.= 89.6%, Train Max Epoch=273
EarlyStopping counter: 151 out of 200
Epoch [298][SemiTeacher][UWaveGestureLibraryAll] loss= 0.02666; Epoch Label ACC.= 99.63%, UnLabel ACC.= 87.54%, Lipistz loss = 0, Train Unlabel Best ACC.= 89.6%, Train Max Epoch=273
EarlyStopping counter: 152 out of 200
Epoch [299][SemiTeacher][UWaveGestureLibraryAll] loss= 0.02732; Epoch Label ACC.= 99.47%, UnLabel ACC.= 88.21%, Lipistz loss = 0, Train Unlabel Best ACC.= 89.6%, Train Max Epoch=273
EarlyStopping counter: 153 out of 200
Epoch [300][SemiTeacher][UWaveGestureLibraryAll] loss= 0.02954; Epoch Label ACC.= 99.37%, UnLabel ACC.= 88.54%, Lipistz loss = 0, Train Unlabel Best ACC.= 89.6%, Train Max Epoch=273
EarlyStopping counter: 154 out of 200
Epoch [301][SemiTeacher][UWaveGestureLibraryAll] loss= 0.02682; Epoch Label ACC.= 98.96%, UnLabel ACC.= 89.32%, Lipistz loss = 0, Train Unlabel Best ACC.= 89.6%, Train Max Epoch=273
EarlyStopping counter: 155 out of 200
Epoch [302][SemiTeacher][UWaveGestureLibraryAll] loss= 0.02845; Epoch Label ACC.= 99.29%, UnLabel ACC.= 88.84%, Lipistz loss = 0, Train Unlabel Best ACC.= 89.6%, Train Max Epoch=273
EarlyStopping counter: 156 out of 200
Epoch [303][SemiTeacher][UWaveGestureLibraryAll] loss= 0.02633; Epoch Label ACC.= 99.81%, UnLabel ACC.= 89.25%, Lipistz loss = 0, Train Unlabel Best ACC.= 89.6%, Train Max Epoch=273
EarlyStopping counter: 157 out of 200
Epoch [304][SemiTeacher][UWaveGestureLibraryAll] loss= 0.02291; Epoch Label ACC.= 99.67%, UnLabel ACC.= 90.66%, Lipistz loss = 0, Train Unlabel Best ACC.= 90.7%, Train Max Epoch=303
EarlyStopping counter: 158 out of 200
Epoch [305][SemiTeacher][UWaveGestureLibraryAll] loss= 0.02701; Epoch Label ACC.= 99.78%, UnLabel ACC.= 89.36%, Lipistz loss = 0, Train Unlabel Best ACC.= 90.7%, Train Max Epoch=303
EarlyStopping counter: 159 out of 200
Epoch [306][SemiTeacher][UWaveGestureLibraryAll] loss= 0.02718; Epoch Label ACC.= 99.48%, UnLabel ACC.= 88.39%, Lipistz loss = 0, Train Unlabel Best ACC.= 90.7%, Train Max Epoch=303
EarlyStopping counter: 160 out of 200
Epoch [307][SemiTeacher][UWaveGestureLibraryAll] loss= 0.02658; Epoch Label ACC.= 99.59%, UnLabel ACC.= 89.10%, Lipistz loss = 0, Train Unlabel Best ACC.= 90.7%, Train Max Epoch=303
EarlyStopping counter: 161 out of 200
Epoch [308][SemiTeacher][UWaveGestureLibraryAll] loss= 0.02850; Epoch Label ACC.= 99.63%, UnLabel ACC.= 89.47%, Lipistz loss = 0, Train Unlabel Best ACC.= 90.7%, Train Max Epoch=303
EarlyStopping counter: 162 out of 200
Epoch [309][SemiTeacher][UWaveGestureLibraryAll] loss= 0.02446; Epoch Label ACC.= 99.36%, UnLabel ACC.= 89.17%, Lipistz loss = 0, Train Unlabel Best ACC.= 90.7%, Train Max Epoch=303
EarlyStopping counter: 163 out of 200
Epoch [310][SemiTeacher][UWaveGestureLibraryAll] loss= 0.03126; Epoch Label ACC.= 98.86%, UnLabel ACC.= 87.65%, Lipistz loss = 0, Train Unlabel Best ACC.= 90.7%, Train Max Epoch=303
EarlyStopping counter: 164 out of 200
Epoch [311][SemiTeacher][UWaveGestureLibraryAll] loss= 0.02907; Epoch Label ACC.= 99.29%, UnLabel ACC.= 87.39%, Lipistz loss = 0, Train Unlabel Best ACC.= 90.7%, Train Max Epoch=303
EarlyStopping counter: 165 out of 200
Epoch [312][SemiTeacher][UWaveGestureLibraryAll] loss= 0.02688; Epoch Label ACC.= 99.44%, UnLabel ACC.= 88.32%, Lipistz loss = 0, Train Unlabel Best ACC.= 90.7%, Train Max Epoch=303
EarlyStopping counter: 166 out of 200
Epoch [313][SemiTeacher][UWaveGestureLibraryAll] loss= 0.02462; Epoch Label ACC.= 99.55%, UnLabel ACC.= 91.33%, Lipistz loss = 0, Train Unlabel Best ACC.= 91.3%, Train Max Epoch=312
EarlyStopping counter: 167 out of 200
Epoch [314][SemiTeacher][UWaveGestureLibraryAll] loss= 0.02689; Epoch Label ACC.= 99.59%, UnLabel ACC.= 90.07%, Lipistz loss = 0, Train Unlabel Best ACC.= 91.3%, Train Max Epoch=312
EarlyStopping counter: 168 out of 200
Epoch [315][SemiTeacher][UWaveGestureLibraryAll] loss= 0.02717; Epoch Label ACC.= 98.87%, UnLabel ACC.= 88.65%, Lipistz loss = 0, Train Unlabel Best ACC.= 91.3%, Train Max Epoch=312
EarlyStopping counter: 169 out of 200
Epoch [316][SemiTeacher][UWaveGestureLibraryAll] loss= 0.02816; Epoch Label ACC.= 99.48%, UnLabel ACC.= 88.54%, Lipistz loss = 0, Train Unlabel Best ACC.= 91.3%, Train Max Epoch=312
EarlyStopping counter: 170 out of 200
Epoch [317][SemiTeacher][UWaveGestureLibraryAll] loss= 0.02741; Epoch Label ACC.= 99.63%, UnLabel ACC.= 89.17%, Lipistz loss = 0, Train Unlabel Best ACC.= 91.3%, Train Max Epoch=312
EarlyStopping counter: 171 out of 200
Epoch [318][SemiTeacher][UWaveGestureLibraryAll] loss= 0.02849; Epoch Label ACC.= 99.33%, UnLabel ACC.= 88.76%, Lipistz loss = 0, Train Unlabel Best ACC.= 91.3%, Train Max Epoch=312
EarlyStopping counter: 172 out of 200
Epoch [319][SemiTeacher][UWaveGestureLibraryAll] loss= 0.02813; Epoch Label ACC.= 99.18%, UnLabel ACC.= 89.58%, Lipistz loss = 0, Train Unlabel Best ACC.= 91.3%, Train Max Epoch=312
EarlyStopping counter: 173 out of 200
Epoch [320][SemiTeacher][UWaveGestureLibraryAll] loss= 0.02624; Epoch Label ACC.= 99.67%, UnLabel ACC.= 89.29%, Lipistz loss = 0, Train Unlabel Best ACC.= 91.3%, Train Max Epoch=312
EarlyStopping counter: 174 out of 200
Epoch [321][SemiTeacher][UWaveGestureLibraryAll] loss= 0.02666; Epoch Label ACC.= 99.63%, UnLabel ACC.= 87.91%, Lipistz loss = 0, Train Unlabel Best ACC.= 91.3%, Train Max Epoch=312
EarlyStopping counter: 175 out of 200
Epoch [322][SemiTeacher][UWaveGestureLibraryAll] loss= 0.02417; Epoch Label ACC.= 99.63%, UnLabel ACC.= 89.88%, Lipistz loss = 0, Train Unlabel Best ACC.= 91.3%, Train Max Epoch=312
EarlyStopping counter: 176 out of 200
Epoch [323][SemiTeacher][UWaveGestureLibraryAll] loss= 0.02644; Epoch Label ACC.= 99.63%, UnLabel ACC.= 89.29%, Lipistz loss = 0, Train Unlabel Best ACC.= 91.3%, Train Max Epoch=312
EarlyStopping counter: 177 out of 200
Epoch [324][SemiTeacher][UWaveGestureLibraryAll] loss= 0.02159; Epoch Label ACC.= 99.59%, UnLabel ACC.= 90.70%, Lipistz loss = 0, Train Unlabel Best ACC.= 91.3%, Train Max Epoch=312
EarlyStopping counter: 178 out of 200
Epoch [325][SemiTeacher][UWaveGestureLibraryAll] loss= 0.02723; Epoch Label ACC.= 99.48%, UnLabel ACC.= 88.65%, Lipistz loss = 0, Train Unlabel Best ACC.= 91.3%, Train Max Epoch=312
EarlyStopping counter: 179 out of 200
Epoch [326][SemiTeacher][UWaveGestureLibraryAll] loss= 0.02917; Epoch Label ACC.= 99.54%, UnLabel ACC.= 88.47%, Lipistz loss = 0, Train Unlabel Best ACC.= 91.3%, Train Max Epoch=312
EarlyStopping counter: 180 out of 200
Epoch [327][SemiTeacher][UWaveGestureLibraryAll] loss= 0.02744; Epoch Label ACC.= 99.63%, UnLabel ACC.= 87.87%, Lipistz loss = 0, Train Unlabel Best ACC.= 91.3%, Train Max Epoch=312
EarlyStopping counter: 181 out of 200
Epoch [328][SemiTeacher][UWaveGestureLibraryAll] loss= 0.02612; Epoch Label ACC.= 99.85%, UnLabel ACC.= 88.58%, Lipistz loss = 0, Train Unlabel Best ACC.= 91.3%, Train Max Epoch=312
EarlyStopping counter: 182 out of 200
Epoch [329][SemiTeacher][UWaveGestureLibraryAll] loss= 0.02919; Epoch Label ACC.= 99.24%, UnLabel ACC.= 88.76%, Lipistz loss = 0, Train Unlabel Best ACC.= 91.3%, Train Max Epoch=312
EarlyStopping counter: 183 out of 200
Epoch [330][SemiTeacher][UWaveGestureLibraryAll] loss= 0.02955; Epoch Label ACC.= 99.63%, UnLabel ACC.= 87.24%, Lipistz loss = 0, Train Unlabel Best ACC.= 91.3%, Train Max Epoch=312
EarlyStopping counter: 184 out of 200
Epoch [331][SemiTeacher][UWaveGestureLibraryAll] loss= 0.02845; Epoch Label ACC.= 99.78%, UnLabel ACC.= 88.58%, Lipistz loss = 0, Train Unlabel Best ACC.= 91.3%, Train Max Epoch=312
EarlyStopping counter: 185 out of 200
Epoch [332][SemiTeacher][UWaveGestureLibraryAll] loss= 0.02791; Epoch Label ACC.= 99.33%, UnLabel ACC.= 89.58%, Lipistz loss = 0, Train Unlabel Best ACC.= 91.3%, Train Max Epoch=312
EarlyStopping counter: 186 out of 200
Epoch [333][SemiTeacher][UWaveGestureLibraryAll] loss= 0.02720; Epoch Label ACC.= 99.48%, UnLabel ACC.= 88.80%, Lipistz loss = 0, Train Unlabel Best ACC.= 91.3%, Train Max Epoch=312
EarlyStopping counter: 187 out of 200
Epoch [334][SemiTeacher][UWaveGestureLibraryAll] loss= 0.02760; Epoch Label ACC.= 99.70%, UnLabel ACC.= 87.76%, Lipistz loss = 0, Train Unlabel Best ACC.= 91.3%, Train Max Epoch=312
EarlyStopping counter: 188 out of 200
Epoch [335][SemiTeacher][UWaveGestureLibraryAll] loss= 0.02935; Epoch Label ACC.= 99.59%, UnLabel ACC.= 87.98%, Lipistz loss = 0, Train Unlabel Best ACC.= 91.3%, Train Max Epoch=312
EarlyStopping counter: 189 out of 200
Epoch [336][SemiTeacher][UWaveGestureLibraryAll] loss= 0.02767; Epoch Label ACC.= 99.70%, UnLabel ACC.= 88.54%, Lipistz loss = 0, Train Unlabel Best ACC.= 91.3%, Train Max Epoch=312
EarlyStopping counter: 190 out of 200
Epoch [337][SemiTeacher][UWaveGestureLibraryAll] loss= 0.02688; Epoch Label ACC.= 99.48%, UnLabel ACC.= 88.54%, Lipistz loss = 0, Train Unlabel Best ACC.= 91.3%, Train Max Epoch=312