[INFO] Running at: UWaveGestureLibraryAll
[INFO] UWaveGestureLibraryAll
[Stat] All class: {0: 559, 1: 560, 2: 560, 3: 560, 4: 560, 5: 560, 6: 559, 7: 560}
[Stat] Train class: mean=336.0, std=0.0
[Stat] Val class: mean=112.0, std=0.0
[Stat] Test class: mean=111.75, std=0.4330127018922193
Train:(2688, 945, 1), Test:(894, 945, 1), Class:8
rp_params: [3, 0]
[Test-0] Val ACC:36.05%, Best Test ACC.: 34.63% in Epoch 0
Epoch [1][SemiTeacher][UWaveGestureLibraryAll] loss= 0.00064; Epoch Label ACC.= 15.61%, UnLabel ACC.= 14.69%, Lipistz loss = 0, Train Unlabel Best ACC.= 14.7%, Train Max Epoch=0
[Test-1] Val ACC:73.33%, Best Test ACC.: 70.25% in Epoch 1
Validation loss decreased (inf --> 73.325893).  Saving model ...
Epoch [2][SemiTeacher][UWaveGestureLibraryAll] loss= 0.01645; Epoch Label ACC.= 44.67%, UnLabel ACC.= 44.79%, Lipistz loss = 0, Train Unlabel Best ACC.= 44.8%, Train Max Epoch=1
[Test-2] Val ACC:84.49%, Best Test ACC.: 85.23% in Epoch 2
Validation loss decreased (73.325893 --> 84.486607).  Saving model ...
Epoch [3][SemiTeacher][UWaveGestureLibraryAll] loss= 0.03685; Epoch Label ACC.= 65.79%, UnLabel ACC.= 66.26%, Lipistz loss = 0, Train Unlabel Best ACC.= 66.3%, Train Max Epoch=2
[Test-3] Val ACC:89.06%, Best Test ACC.: 88.04% in Epoch 3
Validation loss decreased (84.486607 --> 89.062500).  Saving model ...
Epoch [4][SemiTeacher][UWaveGestureLibraryAll] loss= 0.03837; Epoch Label ACC.= 71.51%, UnLabel ACC.= 70.76%, Lipistz loss = 0, Train Unlabel Best ACC.= 70.8%, Train Max Epoch=3
EarlyStopping counter: 1 out of 200
Epoch [5][SemiTeacher][UWaveGestureLibraryAll] loss= 0.04033; Epoch Label ACC.= 79.09%, UnLabel ACC.= 73.77%, Lipistz loss = 0, Train Unlabel Best ACC.= 73.8%, Train Max Epoch=4
[Test-5] Val ACC:91.18%, Best Test ACC.: 90.84% in Epoch 5
Validation loss decreased (89.062500 --> 91.183036).  Saving model ...
Epoch [6][SemiTeacher][UWaveGestureLibraryAll] loss= 0.03622; Epoch Label ACC.= 80.24%, UnLabel ACC.= 75.22%, Lipistz loss = 0, Train Unlabel Best ACC.= 75.2%, Train Max Epoch=5
[Test-6] Val ACC:91.18%, Best Test ACC.: 89.94% in Epoch 6
EarlyStopping counter: 1 out of 200
Epoch [7][SemiTeacher][UWaveGestureLibraryAll] loss= 0.04026; Epoch Label ACC.= 82.55%, UnLabel ACC.= 76.08%, Lipistz loss = 0, Train Unlabel Best ACC.= 76.1%, Train Max Epoch=6
[Test-7] Val ACC:91.85%, Best Test ACC.: 88.84% in Epoch 7
Validation loss decreased (91.183036 --> 91.852679).  Saving model ...
Epoch [8][SemiTeacher][UWaveGestureLibraryAll] loss= 0.03942; Epoch Label ACC.= 86.87%, UnLabel ACC.= 78.98%, Lipistz loss = 0, Train Unlabel Best ACC.= 79.0%, Train Max Epoch=7
EarlyStopping counter: 1 out of 200
Epoch [9][SemiTeacher][UWaveGestureLibraryAll] loss= 0.04003; Epoch Label ACC.= 87.18%, UnLabel ACC.= 78.09%, Lipistz loss = 0, Train Unlabel Best ACC.= 79.0%, Train Max Epoch=7
EarlyStopping counter: 2 out of 200
Epoch [10][SemiTeacher][UWaveGestureLibraryAll] loss= 0.04071; Epoch Label ACC.= 88.29%, UnLabel ACC.= 79.99%, Lipistz loss = 0, Train Unlabel Best ACC.= 80.0%, Train Max Epoch=9
EarlyStopping counter: 3 out of 200
Epoch [11][SemiTeacher][UWaveGestureLibraryAll] loss= 0.04122; Epoch Label ACC.= 86.89%, UnLabel ACC.= 82.51%, Lipistz loss = 0, Train Unlabel Best ACC.= 82.5%, Train Max Epoch=10
[Test-11] Val ACC:91.96%, Best Test ACC.: 90.85% in Epoch 11
Validation loss decreased (91.852679 --> 91.964286).  Saving model ...
Epoch [12][SemiTeacher][UWaveGestureLibraryAll] loss= 0.04341; Epoch Label ACC.= 88.38%, UnLabel ACC.= 82.55%, Lipistz loss = 0, Train Unlabel Best ACC.= 82.6%, Train Max Epoch=11
EarlyStopping counter: 1 out of 200
Epoch [13][SemiTeacher][UWaveGestureLibraryAll] loss= 0.04049; Epoch Label ACC.= 90.59%, UnLabel ACC.= 82.29%, Lipistz loss = 0, Train Unlabel Best ACC.= 82.6%, Train Max Epoch=11
[Test-13] Val ACC:94.08%, Best Test ACC.: 91.62% in Epoch 13
Validation loss decreased (91.964286 --> 94.084821).  Saving model ...
Epoch [14][SemiTeacher][UWaveGestureLibraryAll] loss= 0.04458; Epoch Label ACC.= 92.25%, UnLabel ACC.= 81.99%, Lipistz loss = 0, Train Unlabel Best ACC.= 82.6%, Train Max Epoch=11
EarlyStopping counter: 1 out of 200
Epoch [15][SemiTeacher][UWaveGestureLibraryAll] loss= 0.04078; Epoch Label ACC.= 90.02%, UnLabel ACC.= 83.82%, Lipistz loss = 0, Train Unlabel Best ACC.= 83.8%, Train Max Epoch=14
EarlyStopping counter: 2 out of 200
Epoch [16][SemiTeacher][UWaveGestureLibraryAll] loss= 0.04162; Epoch Label ACC.= 91.38%, UnLabel ACC.= 83.59%, Lipistz loss = 0, Train Unlabel Best ACC.= 83.8%, Train Max Epoch=14
EarlyStopping counter: 3 out of 200
Epoch [17][SemiTeacher][UWaveGestureLibraryAll] loss= 0.04174; Epoch Label ACC.= 90.53%, UnLabel ACC.= 82.22%, Lipistz loss = 0, Train Unlabel Best ACC.= 83.8%, Train Max Epoch=14
EarlyStopping counter: 4 out of 200
Epoch [18][SemiTeacher][UWaveGestureLibraryAll] loss= 0.04156; Epoch Label ACC.= 89.69%, UnLabel ACC.= 83.82%, Lipistz loss = 0, Train Unlabel Best ACC.= 83.8%, Train Max Epoch=14
EarlyStopping counter: 5 out of 200
Epoch [19][SemiTeacher][UWaveGestureLibraryAll] loss= 0.03949; Epoch Label ACC.= 92.56%, UnLabel ACC.= 82.59%, Lipistz loss = 0, Train Unlabel Best ACC.= 83.8%, Train Max Epoch=14
EarlyStopping counter: 6 out of 200
Epoch [20][SemiTeacher][UWaveGestureLibraryAll] loss= 0.04163; Epoch Label ACC.= 93.72%, UnLabel ACC.= 84.93%, Lipistz loss = 0, Train Unlabel Best ACC.= 84.9%, Train Max Epoch=19
EarlyStopping counter: 7 out of 200
Epoch [21][SemiTeacher][UWaveGestureLibraryAll] loss= 0.04196; Epoch Label ACC.= 92.12%, UnLabel ACC.= 85.42%, Lipistz loss = 0, Train Unlabel Best ACC.= 85.4%, Train Max Epoch=20
EarlyStopping counter: 8 out of 200
Epoch [22][SemiTeacher][UWaveGestureLibraryAll] loss= 0.03913; Epoch Label ACC.= 91.50%, UnLabel ACC.= 85.27%, Lipistz loss = 0, Train Unlabel Best ACC.= 85.4%, Train Max Epoch=20
EarlyStopping counter: 9 out of 200
Epoch [23][SemiTeacher][UWaveGestureLibraryAll] loss= 0.04032; Epoch Label ACC.= 92.69%, UnLabel ACC.= 83.93%, Lipistz loss = 0, Train Unlabel Best ACC.= 85.4%, Train Max Epoch=20
[Test-23] Val ACC:94.53%, Best Test ACC.: 94.30% in Epoch 23
Validation loss decreased (94.084821 --> 94.531250).  Saving model ...
Epoch [24][SemiTeacher][UWaveGestureLibraryAll] loss= 0.03748; Epoch Label ACC.= 93.92%, UnLabel ACC.= 84.64%, Lipistz loss = 0, Train Unlabel Best ACC.= 85.4%, Train Max Epoch=20
[Test-24] Val ACC:94.87%, Best Test ACC.: 95.20% in Epoch 24
Validation loss decreased (94.531250 --> 94.866071).  Saving model ...
Epoch [25][SemiTeacher][UWaveGestureLibraryAll] loss= 0.04218; Epoch Label ACC.= 94.73%, UnLabel ACC.= 85.16%, Lipistz loss = 0, Train Unlabel Best ACC.= 85.4%, Train Max Epoch=20
EarlyStopping counter: 1 out of 200
Epoch [26][SemiTeacher][UWaveGestureLibraryAll] loss= 0.03858; Epoch Label ACC.= 92.70%, UnLabel ACC.= 84.86%, Lipistz loss = 0, Train Unlabel Best ACC.= 85.4%, Train Max Epoch=20
EarlyStopping counter: 2 out of 200
Epoch [27][SemiTeacher][UWaveGestureLibraryAll] loss= 0.03983; Epoch Label ACC.= 94.08%, UnLabel ACC.= 85.75%, Lipistz loss = 0, Train Unlabel Best ACC.= 85.8%, Train Max Epoch=26
EarlyStopping counter: 3 out of 200
Epoch [28][SemiTeacher][UWaveGestureLibraryAll] loss= 0.04037; Epoch Label ACC.= 92.50%, UnLabel ACC.= 84.97%, Lipistz loss = 0, Train Unlabel Best ACC.= 85.8%, Train Max Epoch=26
EarlyStopping counter: 4 out of 200
Epoch [29][SemiTeacher][UWaveGestureLibraryAll] loss= 0.03844; Epoch Label ACC.= 94.07%, UnLabel ACC.= 86.12%, Lipistz loss = 0, Train Unlabel Best ACC.= 86.1%, Train Max Epoch=28
EarlyStopping counter: 5 out of 200
Epoch [30][SemiTeacher][UWaveGestureLibraryAll] loss= 0.04108; Epoch Label ACC.= 94.85%, UnLabel ACC.= 85.16%, Lipistz loss = 0, Train Unlabel Best ACC.= 86.1%, Train Max Epoch=28
EarlyStopping counter: 6 out of 200
Epoch [31][SemiTeacher][UWaveGestureLibraryAll] loss= 0.03923; Epoch Label ACC.= 95.04%, UnLabel ACC.= 86.09%, Lipistz loss = 0, Train Unlabel Best ACC.= 86.1%, Train Max Epoch=28
EarlyStopping counter: 7 out of 200
Epoch [32][SemiTeacher][UWaveGestureLibraryAll] loss= 0.03854; Epoch Label ACC.= 93.69%, UnLabel ACC.= 85.68%, Lipistz loss = 0, Train Unlabel Best ACC.= 86.1%, Train Max Epoch=28
[Test-32] Val ACC:94.87%, Best Test ACC.: 93.97% in Epoch 32
EarlyStopping counter: 8 out of 200
Epoch [33][SemiTeacher][UWaveGestureLibraryAll] loss= 0.03808; Epoch Label ACC.= 94.69%, UnLabel ACC.= 85.90%, Lipistz loss = 0, Train Unlabel Best ACC.= 86.1%, Train Max Epoch=28
EarlyStopping counter: 9 out of 200
Epoch [34][SemiTeacher][UWaveGestureLibraryAll] loss= 0.03847; Epoch Label ACC.= 94.31%, UnLabel ACC.= 85.38%, Lipistz loss = 0, Train Unlabel Best ACC.= 86.1%, Train Max Epoch=28
EarlyStopping counter: 10 out of 200
Epoch [35][SemiTeacher][UWaveGestureLibraryAll] loss= 0.04064; Epoch Label ACC.= 94.03%, UnLabel ACC.= 86.53%, Lipistz loss = 0, Train Unlabel Best ACC.= 86.5%, Train Max Epoch=34
EarlyStopping counter: 11 out of 200
Epoch [36][SemiTeacher][UWaveGestureLibraryAll] loss= 0.03906; Epoch Label ACC.= 95.00%, UnLabel ACC.= 85.68%, Lipistz loss = 0, Train Unlabel Best ACC.= 86.5%, Train Max Epoch=34
EarlyStopping counter: 12 out of 200
Epoch [37][SemiTeacher][UWaveGestureLibraryAll] loss= 0.03775; Epoch Label ACC.= 95.13%, UnLabel ACC.= 85.97%, Lipistz loss = 0, Train Unlabel Best ACC.= 86.5%, Train Max Epoch=34
EarlyStopping counter: 13 out of 200
Epoch [38][SemiTeacher][UWaveGestureLibraryAll] loss= 0.03732; Epoch Label ACC.= 95.09%, UnLabel ACC.= 87.65%, Lipistz loss = 0, Train Unlabel Best ACC.= 87.6%, Train Max Epoch=37
EarlyStopping counter: 14 out of 200
Epoch [39][SemiTeacher][UWaveGestureLibraryAll] loss= 0.03629; Epoch Label ACC.= 95.22%, UnLabel ACC.= 86.57%, Lipistz loss = 0, Train Unlabel Best ACC.= 87.6%, Train Max Epoch=37
EarlyStopping counter: 15 out of 200
Epoch [40][SemiTeacher][UWaveGestureLibraryAll] loss= 0.03748; Epoch Label ACC.= 94.70%, UnLabel ACC.= 86.57%, Lipistz loss = 0, Train Unlabel Best ACC.= 87.6%, Train Max Epoch=37
EarlyStopping counter: 16 out of 200
Epoch [41][SemiTeacher][UWaveGestureLibraryAll] loss= 0.03774; Epoch Label ACC.= 94.93%, UnLabel ACC.= 87.31%, Lipistz loss = 0, Train Unlabel Best ACC.= 87.6%, Train Max Epoch=37
EarlyStopping counter: 17 out of 200
Epoch [42][SemiTeacher][UWaveGestureLibraryAll] loss= 0.03583; Epoch Label ACC.= 96.15%, UnLabel ACC.= 86.98%, Lipistz loss = 0, Train Unlabel Best ACC.= 87.6%, Train Max Epoch=37
EarlyStopping counter: 18 out of 200
Epoch [43][SemiTeacher][UWaveGestureLibraryAll] loss= 0.03701; Epoch Label ACC.= 94.48%, UnLabel ACC.= 85.71%, Lipistz loss = 0, Train Unlabel Best ACC.= 87.6%, Train Max Epoch=37
EarlyStopping counter: 19 out of 200
Epoch [44][SemiTeacher][UWaveGestureLibraryAll] loss= 0.04241; Epoch Label ACC.= 92.43%, UnLabel ACC.= 86.35%, Lipistz loss = 0, Train Unlabel Best ACC.= 87.6%, Train Max Epoch=37
[Test-44] Val ACC:94.98%, Best Test ACC.: 93.86% in Epoch 44
Validation loss decreased (94.866071 --> 94.977679).  Saving model ...
Epoch [45][SemiTeacher][UWaveGestureLibraryAll] loss= 0.03854; Epoch Label ACC.= 94.43%, UnLabel ACC.= 87.09%, Lipistz loss = 0, Train Unlabel Best ACC.= 87.6%, Train Max Epoch=37
EarlyStopping counter: 1 out of 200
Epoch [46][SemiTeacher][UWaveGestureLibraryAll] loss= 0.04072; Epoch Label ACC.= 95.47%, UnLabel ACC.= 86.61%, Lipistz loss = 0, Train Unlabel Best ACC.= 87.6%, Train Max Epoch=37
[Test-46] Val ACC:94.98%, Best Test ACC.: 94.75% in Epoch 46
EarlyStopping counter: 2 out of 200
Epoch [47][SemiTeacher][UWaveGestureLibraryAll] loss= 0.03745; Epoch Label ACC.= 95.33%, UnLabel ACC.= 88.91%, Lipistz loss = 0, Train Unlabel Best ACC.= 88.9%, Train Max Epoch=46
EarlyStopping counter: 3 out of 200
Epoch [48][SemiTeacher][UWaveGestureLibraryAll] loss= 0.03881; Epoch Label ACC.= 94.56%, UnLabel ACC.= 87.43%, Lipistz loss = 0, Train Unlabel Best ACC.= 88.9%, Train Max Epoch=46
[Test-48] Val ACC:95.20%, Best Test ACC.: 95.42% in Epoch 48
Validation loss decreased (94.977679 --> 95.200893).  Saving model ...
Epoch [49][SemiTeacher][UWaveGestureLibraryAll] loss= 0.03487; Epoch Label ACC.= 96.03%, UnLabel ACC.= 87.43%, Lipistz loss = 0, Train Unlabel Best ACC.= 88.9%, Train Max Epoch=46
EarlyStopping counter: 1 out of 200
Epoch [50][SemiTeacher][UWaveGestureLibraryAll] loss= 0.03339; Epoch Label ACC.= 95.75%, UnLabel ACC.= 87.69%, Lipistz loss = 0, Train Unlabel Best ACC.= 88.9%, Train Max Epoch=46
EarlyStopping counter: 2 out of 200
Epoch [51][SemiTeacher][UWaveGestureLibraryAll] loss= 0.03649; Epoch Label ACC.= 95.46%, UnLabel ACC.= 89.03%, Lipistz loss = 0, Train Unlabel Best ACC.= 89.0%, Train Max Epoch=50
[Test-51] Val ACC:95.65%, Best Test ACC.: 94.87% in Epoch 51
Validation loss decreased (95.200893 --> 95.647321).  Saving model ...
Epoch [52][SemiTeacher][UWaveGestureLibraryAll] loss= 0.03729; Epoch Label ACC.= 95.39%, UnLabel ACC.= 87.17%, Lipistz loss = 0, Train Unlabel Best ACC.= 89.0%, Train Max Epoch=50
[Test-52] Val ACC:95.65%, Best Test ACC.: 94.75% in Epoch 52
EarlyStopping counter: 1 out of 200
Epoch [53][SemiTeacher][UWaveGestureLibraryAll] loss= 0.03630; Epoch Label ACC.= 95.19%, UnLabel ACC.= 87.39%, Lipistz loss = 0, Train Unlabel Best ACC.= 89.0%, Train Max Epoch=50
EarlyStopping counter: 2 out of 200
Epoch [54][SemiTeacher][UWaveGestureLibraryAll] loss= 0.03427; Epoch Label ACC.= 96.63%, UnLabel ACC.= 86.27%, Lipistz loss = 0, Train Unlabel Best ACC.= 89.0%, Train Max Epoch=50
EarlyStopping counter: 3 out of 200
Epoch [55][SemiTeacher][UWaveGestureLibraryAll] loss= 0.03868; Epoch Label ACC.= 94.67%, UnLabel ACC.= 88.43%, Lipistz loss = 0, Train Unlabel Best ACC.= 89.0%, Train Max Epoch=50
EarlyStopping counter: 4 out of 200
Epoch [56][SemiTeacher][UWaveGestureLibraryAll] loss= 0.03341; Epoch Label ACC.= 96.59%, UnLabel ACC.= 87.50%, Lipistz loss = 0, Train Unlabel Best ACC.= 89.0%, Train Max Epoch=50
EarlyStopping counter: 5 out of 200
Epoch [57][SemiTeacher][UWaveGestureLibraryAll] loss= 0.03396; Epoch Label ACC.= 96.13%, UnLabel ACC.= 88.32%, Lipistz loss = 0, Train Unlabel Best ACC.= 89.0%, Train Max Epoch=50
EarlyStopping counter: 6 out of 200
Epoch [58][SemiTeacher][UWaveGestureLibraryAll] loss= 0.03738; Epoch Label ACC.= 95.21%, UnLabel ACC.= 87.39%, Lipistz loss = 0, Train Unlabel Best ACC.= 89.0%, Train Max Epoch=50
[Test-58] Val ACC:95.65%, Best Test ACC.: 94.42% in Epoch 58
EarlyStopping counter: 7 out of 200
Epoch [59][SemiTeacher][UWaveGestureLibraryAll] loss= 0.03408; Epoch Label ACC.= 96.62%, UnLabel ACC.= 87.83%, Lipistz loss = 0, Train Unlabel Best ACC.= 89.0%, Train Max Epoch=50
EarlyStopping counter: 8 out of 200
Epoch [60][SemiTeacher][UWaveGestureLibraryAll] loss= 0.03652; Epoch Label ACC.= 96.34%, UnLabel ACC.= 87.91%, Lipistz loss = 0, Train Unlabel Best ACC.= 89.0%, Train Max Epoch=50
EarlyStopping counter: 9 out of 200
Epoch [61][SemiTeacher][UWaveGestureLibraryAll] loss= 0.03403; Epoch Label ACC.= 94.67%, UnLabel ACC.= 89.03%, Lipistz loss = 0, Train Unlabel Best ACC.= 89.0%, Train Max Epoch=50
EarlyStopping counter: 10 out of 200
Epoch [62][SemiTeacher][UWaveGestureLibraryAll] loss= 0.03574; Epoch Label ACC.= 96.13%, UnLabel ACC.= 87.76%, Lipistz loss = 0, Train Unlabel Best ACC.= 89.0%, Train Max Epoch=50
EarlyStopping counter: 11 out of 200
Epoch [63][SemiTeacher][UWaveGestureLibraryAll] loss= 0.03618; Epoch Label ACC.= 95.64%, UnLabel ACC.= 87.91%, Lipistz loss = 0, Train Unlabel Best ACC.= 89.0%, Train Max Epoch=50
EarlyStopping counter: 12 out of 200
Epoch [64][SemiTeacher][UWaveGestureLibraryAll] loss= 0.03543; Epoch Label ACC.= 95.20%, UnLabel ACC.= 88.32%, Lipistz loss = 0, Train Unlabel Best ACC.= 89.0%, Train Max Epoch=50
EarlyStopping counter: 13 out of 200
Epoch [65][SemiTeacher][UWaveGestureLibraryAll] loss= 0.03543; Epoch Label ACC.= 97.15%, UnLabel ACC.= 88.32%, Lipistz loss = 0, Train Unlabel Best ACC.= 89.0%, Train Max Epoch=50
EarlyStopping counter: 14 out of 200
Epoch [66][SemiTeacher][UWaveGestureLibraryAll] loss= 0.03498; Epoch Label ACC.= 95.94%, UnLabel ACC.= 88.88%, Lipistz loss = 0, Train Unlabel Best ACC.= 89.0%, Train Max Epoch=50
EarlyStopping counter: 15 out of 200
Epoch [67][SemiTeacher][UWaveGestureLibraryAll] loss= 0.03504; Epoch Label ACC.= 96.66%, UnLabel ACC.= 88.17%, Lipistz loss = 0, Train Unlabel Best ACC.= 89.0%, Train Max Epoch=50
[Test-67] Val ACC:95.65%, Best Test ACC.: 95.87% in Epoch 67
EarlyStopping counter: 16 out of 200
Epoch [68][SemiTeacher][UWaveGestureLibraryAll] loss= 0.03576; Epoch Label ACC.= 96.44%, UnLabel ACC.= 89.10%, Lipistz loss = 0, Train Unlabel Best ACC.= 89.1%, Train Max Epoch=67
EarlyStopping counter: 17 out of 200
Epoch [69][SemiTeacher][UWaveGestureLibraryAll] loss= 0.03572; Epoch Label ACC.= 96.01%, UnLabel ACC.= 89.10%, Lipistz loss = 0, Train Unlabel Best ACC.= 89.1%, Train Max Epoch=67
EarlyStopping counter: 18 out of 200
Epoch [70][SemiTeacher][UWaveGestureLibraryAll] loss= 0.03189; Epoch Label ACC.= 95.76%, UnLabel ACC.= 88.43%, Lipistz loss = 0, Train Unlabel Best ACC.= 89.1%, Train Max Epoch=67
EarlyStopping counter: 19 out of 200
Epoch [71][SemiTeacher][UWaveGestureLibraryAll] loss= 0.03463; Epoch Label ACC.= 96.31%, UnLabel ACC.= 89.25%, Lipistz loss = 0, Train Unlabel Best ACC.= 89.2%, Train Max Epoch=70
[Test-71] Val ACC:95.98%, Best Test ACC.: 95.76% in Epoch 71
Validation loss decreased (95.647321 --> 95.982143).  Saving model ...
Epoch [72][SemiTeacher][UWaveGestureLibraryAll] loss= 0.03697; Epoch Label ACC.= 97.06%, UnLabel ACC.= 88.65%, Lipistz loss = 0, Train Unlabel Best ACC.= 89.2%, Train Max Epoch=70
EarlyStopping counter: 1 out of 200
Epoch [73][SemiTeacher][UWaveGestureLibraryAll] loss= 0.03471; Epoch Label ACC.= 95.87%, UnLabel ACC.= 88.54%, Lipistz loss = 0, Train Unlabel Best ACC.= 89.2%, Train Max Epoch=70
EarlyStopping counter: 2 out of 200
Epoch [74][SemiTeacher][UWaveGestureLibraryAll] loss= 0.03448; Epoch Label ACC.= 96.74%, UnLabel ACC.= 88.84%, Lipistz loss = 0, Train Unlabel Best ACC.= 89.2%, Train Max Epoch=70
EarlyStopping counter: 3 out of 200
Epoch [75][SemiTeacher][UWaveGestureLibraryAll] loss= 0.03452; Epoch Label ACC.= 96.46%, UnLabel ACC.= 90.62%, Lipistz loss = 0, Train Unlabel Best ACC.= 90.6%, Train Max Epoch=74
EarlyStopping counter: 4 out of 200
Epoch [76][SemiTeacher][UWaveGestureLibraryAll] loss= 0.03306; Epoch Label ACC.= 97.15%, UnLabel ACC.= 88.91%, Lipistz loss = 0, Train Unlabel Best ACC.= 90.6%, Train Max Epoch=74
EarlyStopping counter: 5 out of 200
Epoch [77][SemiTeacher][UWaveGestureLibraryAll] loss= 0.03328; Epoch Label ACC.= 96.28%, UnLabel ACC.= 89.03%, Lipistz loss = 0, Train Unlabel Best ACC.= 90.6%, Train Max Epoch=74
EarlyStopping counter: 6 out of 200
Epoch [78][SemiTeacher][UWaveGestureLibraryAll] loss= 0.03386; Epoch Label ACC.= 97.30%, UnLabel ACC.= 89.36%, Lipistz loss = 0, Train Unlabel Best ACC.= 90.6%, Train Max Epoch=74
EarlyStopping counter: 7 out of 200
Epoch [79][SemiTeacher][UWaveGestureLibraryAll] loss= 0.03253; Epoch Label ACC.= 97.02%, UnLabel ACC.= 88.65%, Lipistz loss = 0, Train Unlabel Best ACC.= 90.6%, Train Max Epoch=74
EarlyStopping counter: 8 out of 200
Epoch [80][SemiTeacher][UWaveGestureLibraryAll] loss= 0.03306; Epoch Label ACC.= 96.77%, UnLabel ACC.= 88.06%, Lipistz loss = 0, Train Unlabel Best ACC.= 90.6%, Train Max Epoch=74
EarlyStopping counter: 9 out of 200
Epoch [81][SemiTeacher][UWaveGestureLibraryAll] loss= 0.03318; Epoch Label ACC.= 95.43%, UnLabel ACC.= 88.36%, Lipistz loss = 0, Train Unlabel Best ACC.= 90.6%, Train Max Epoch=74
EarlyStopping counter: 10 out of 200
Epoch [82][SemiTeacher][UWaveGestureLibraryAll] loss= 0.03579; Epoch Label ACC.= 95.30%, UnLabel ACC.= 88.65%, Lipistz loss = 0, Train Unlabel Best ACC.= 90.6%, Train Max Epoch=74
EarlyStopping counter: 11 out of 200
Epoch [83][SemiTeacher][UWaveGestureLibraryAll] loss= 0.03420; Epoch Label ACC.= 97.18%, UnLabel ACC.= 89.32%, Lipistz loss = 0, Train Unlabel Best ACC.= 90.6%, Train Max Epoch=74
EarlyStopping counter: 12 out of 200
Epoch [84][SemiTeacher][UWaveGestureLibraryAll] loss= 0.03428; Epoch Label ACC.= 96.56%, UnLabel ACC.= 88.06%, Lipistz loss = 0, Train Unlabel Best ACC.= 90.6%, Train Max Epoch=74
EarlyStopping counter: 13 out of 200
Epoch [85][SemiTeacher][UWaveGestureLibraryAll] loss= 0.03270; Epoch Label ACC.= 97.09%, UnLabel ACC.= 88.65%, Lipistz loss = 0, Train Unlabel Best ACC.= 90.6%, Train Max Epoch=74
EarlyStopping counter: 14 out of 200
Epoch [86][SemiTeacher][UWaveGestureLibraryAll] loss= 0.03082; Epoch Label ACC.= 96.78%, UnLabel ACC.= 88.99%, Lipistz loss = 0, Train Unlabel Best ACC.= 90.6%, Train Max Epoch=74
EarlyStopping counter: 15 out of 200
Epoch [87][SemiTeacher][UWaveGestureLibraryAll] loss= 0.03110; Epoch Label ACC.= 96.12%, UnLabel ACC.= 89.51%, Lipistz loss = 0, Train Unlabel Best ACC.= 90.6%, Train Max Epoch=74
EarlyStopping counter: 16 out of 200
Epoch [88][SemiTeacher][UWaveGestureLibraryAll] loss= 0.03069; Epoch Label ACC.= 97.35%, UnLabel ACC.= 88.69%, Lipistz loss = 0, Train Unlabel Best ACC.= 90.6%, Train Max Epoch=74
EarlyStopping counter: 17 out of 200
Epoch [89][SemiTeacher][UWaveGestureLibraryAll] loss= 0.03368; Epoch Label ACC.= 96.53%, UnLabel ACC.= 88.58%, Lipistz loss = 0, Train Unlabel Best ACC.= 90.6%, Train Max Epoch=74
EarlyStopping counter: 18 out of 200
Epoch [90][SemiTeacher][UWaveGestureLibraryAll] loss= 0.03082; Epoch Label ACC.= 97.32%, UnLabel ACC.= 89.21%, Lipistz loss = 0, Train Unlabel Best ACC.= 90.6%, Train Max Epoch=74
EarlyStopping counter: 19 out of 200
Epoch [91][SemiTeacher][UWaveGestureLibraryAll] loss= 0.03199; Epoch Label ACC.= 96.94%, UnLabel ACC.= 88.80%, Lipistz loss = 0, Train Unlabel Best ACC.= 90.6%, Train Max Epoch=74
EarlyStopping counter: 20 out of 200
Epoch [92][SemiTeacher][UWaveGestureLibraryAll] loss= 0.03474; Epoch Label ACC.= 96.32%, UnLabel ACC.= 87.76%, Lipistz loss = 0, Train Unlabel Best ACC.= 90.6%, Train Max Epoch=74
EarlyStopping counter: 21 out of 200
Epoch [93][SemiTeacher][UWaveGestureLibraryAll] loss= 0.03364; Epoch Label ACC.= 97.06%, UnLabel ACC.= 89.25%, Lipistz loss = 0, Train Unlabel Best ACC.= 90.6%, Train Max Epoch=74
EarlyStopping counter: 22 out of 200
Epoch [94][SemiTeacher][UWaveGestureLibraryAll] loss= 0.03106; Epoch Label ACC.= 97.32%, UnLabel ACC.= 89.81%, Lipistz loss = 0, Train Unlabel Best ACC.= 90.6%, Train Max Epoch=74
EarlyStopping counter: 23 out of 200
Epoch [95][SemiTeacher][UWaveGestureLibraryAll] loss= 0.03179; Epoch Label ACC.= 97.24%, UnLabel ACC.= 89.73%, Lipistz loss = 0, Train Unlabel Best ACC.= 90.6%, Train Max Epoch=74
EarlyStopping counter: 24 out of 200
Epoch [96][SemiTeacher][UWaveGestureLibraryAll] loss= 0.03422; Epoch Label ACC.= 97.06%, UnLabel ACC.= 89.51%, Lipistz loss = 0, Train Unlabel Best ACC.= 90.6%, Train Max Epoch=74
EarlyStopping counter: 25 out of 200
Epoch [97][SemiTeacher][UWaveGestureLibraryAll] loss= 0.03366; Epoch Label ACC.= 97.21%, UnLabel ACC.= 88.13%, Lipistz loss = 0, Train Unlabel Best ACC.= 90.6%, Train Max Epoch=74
EarlyStopping counter: 26 out of 200
Epoch [98][SemiTeacher][UWaveGestureLibraryAll] loss= 0.02824; Epoch Label ACC.= 97.15%, UnLabel ACC.= 88.69%, Lipistz loss = 0, Train Unlabel Best ACC.= 90.6%, Train Max Epoch=74
EarlyStopping counter: 27 out of 200
Epoch [99][SemiTeacher][UWaveGestureLibraryAll] loss= 0.03524; Epoch Label ACC.= 96.75%, UnLabel ACC.= 88.84%, Lipistz loss = 0, Train Unlabel Best ACC.= 90.6%, Train Max Epoch=74
EarlyStopping counter: 28 out of 200
Epoch [100][SemiTeacher][UWaveGestureLibraryAll] loss= 0.03474; Epoch Label ACC.= 97.16%, UnLabel ACC.= 88.95%, Lipistz loss = 0, Train Unlabel Best ACC.= 90.6%, Train Max Epoch=74
EarlyStopping counter: 29 out of 200
Epoch [101][SemiTeacher][UWaveGestureLibraryAll] loss= 0.03443; Epoch Label ACC.= 96.93%, UnLabel ACC.= 88.99%, Lipistz loss = 0, Train Unlabel Best ACC.= 90.6%, Train Max Epoch=74
EarlyStopping counter: 30 out of 200
Epoch [102][SemiTeacher][UWaveGestureLibraryAll] loss= 0.03097; Epoch Label ACC.= 97.47%, UnLabel ACC.= 89.14%, Lipistz loss = 0, Train Unlabel Best ACC.= 90.6%, Train Max Epoch=74
EarlyStopping counter: 31 out of 200
Epoch [103][SemiTeacher][UWaveGestureLibraryAll] loss= 0.03463; Epoch Label ACC.= 96.63%, UnLabel ACC.= 89.84%, Lipistz loss = 0, Train Unlabel Best ACC.= 90.6%, Train Max Epoch=74
EarlyStopping counter: 32 out of 200
Epoch [104][SemiTeacher][UWaveGestureLibraryAll] loss= 0.03403; Epoch Label ACC.= 96.59%, UnLabel ACC.= 89.51%, Lipistz loss = 0, Train Unlabel Best ACC.= 90.6%, Train Max Epoch=74
EarlyStopping counter: 33 out of 200
Epoch [105][SemiTeacher][UWaveGestureLibraryAll] loss= 0.03382; Epoch Label ACC.= 96.50%, UnLabel ACC.= 88.80%, Lipistz loss = 0, Train Unlabel Best ACC.= 90.6%, Train Max Epoch=74
EarlyStopping counter: 34 out of 200
Epoch [106][SemiTeacher][UWaveGestureLibraryAll] loss= 0.03338; Epoch Label ACC.= 97.54%, UnLabel ACC.= 89.84%, Lipistz loss = 0, Train Unlabel Best ACC.= 90.6%, Train Max Epoch=74
EarlyStopping counter: 35 out of 200
Epoch [107][SemiTeacher][UWaveGestureLibraryAll] loss= 0.03148; Epoch Label ACC.= 97.47%, UnLabel ACC.= 89.32%, Lipistz loss = 0, Train Unlabel Best ACC.= 90.6%, Train Max Epoch=74
EarlyStopping counter: 36 out of 200
Epoch [108][SemiTeacher][UWaveGestureLibraryAll] loss= 0.03261; Epoch Label ACC.= 97.08%, UnLabel ACC.= 88.99%, Lipistz loss = 0, Train Unlabel Best ACC.= 90.6%, Train Max Epoch=74
EarlyStopping counter: 37 out of 200
Epoch [109][SemiTeacher][UWaveGestureLibraryAll] loss= 0.03219; Epoch Label ACC.= 97.64%, UnLabel ACC.= 89.21%, Lipistz loss = 0, Train Unlabel Best ACC.= 90.6%, Train Max Epoch=74
EarlyStopping counter: 38 out of 200
Epoch [110][SemiTeacher][UWaveGestureLibraryAll] loss= 0.02868; Epoch Label ACC.= 97.82%, UnLabel ACC.= 90.07%, Lipistz loss = 0, Train Unlabel Best ACC.= 90.6%, Train Max Epoch=74
EarlyStopping counter: 39 out of 200
Epoch [111][SemiTeacher][UWaveGestureLibraryAll] loss= 0.03654; Epoch Label ACC.= 96.01%, UnLabel ACC.= 89.51%, Lipistz loss = 0, Train Unlabel Best ACC.= 90.6%, Train Max Epoch=74
EarlyStopping counter: 40 out of 200
Epoch [112][SemiTeacher][UWaveGestureLibraryAll] loss= 0.03349; Epoch Label ACC.= 97.15%, UnLabel ACC.= 89.32%, Lipistz loss = 0, Train Unlabel Best ACC.= 90.6%, Train Max Epoch=74
EarlyStopping counter: 41 out of 200
Epoch [113][SemiTeacher][UWaveGestureLibraryAll] loss= 0.03424; Epoch Label ACC.= 96.35%, UnLabel ACC.= 89.17%, Lipistz loss = 0, Train Unlabel Best ACC.= 90.6%, Train Max Epoch=74
EarlyStopping counter: 42 out of 200
Epoch [114][SemiTeacher][UWaveGestureLibraryAll] loss= 0.03264; Epoch Label ACC.= 97.83%, UnLabel ACC.= 89.29%, Lipistz loss = 0, Train Unlabel Best ACC.= 90.6%, Train Max Epoch=74
EarlyStopping counter: 43 out of 200
Epoch [115][SemiTeacher][UWaveGestureLibraryAll] loss= 0.03360; Epoch Label ACC.= 97.01%, UnLabel ACC.= 89.32%, Lipistz loss = 0, Train Unlabel Best ACC.= 90.6%, Train Max Epoch=74
EarlyStopping counter: 44 out of 200
Epoch [116][SemiTeacher][UWaveGestureLibraryAll] loss= 0.03430; Epoch Label ACC.= 96.98%, UnLabel ACC.= 89.47%, Lipistz loss = 0, Train Unlabel Best ACC.= 90.6%, Train Max Epoch=74
EarlyStopping counter: 45 out of 200
Epoch [117][SemiTeacher][UWaveGestureLibraryAll] loss= 0.02791; Epoch Label ACC.= 97.88%, UnLabel ACC.= 89.81%, Lipistz loss = 0, Train Unlabel Best ACC.= 90.6%, Train Max Epoch=74
EarlyStopping counter: 46 out of 200
Epoch [118][SemiTeacher][UWaveGestureLibraryAll] loss= 0.03352; Epoch Label ACC.= 97.58%, UnLabel ACC.= 90.25%, Lipistz loss = 0, Train Unlabel Best ACC.= 90.6%, Train Max Epoch=74
EarlyStopping counter: 47 out of 200
Epoch [119][SemiTeacher][UWaveGestureLibraryAll] loss= 0.03249; Epoch Label ACC.= 96.64%, UnLabel ACC.= 89.81%, Lipistz loss = 0, Train Unlabel Best ACC.= 90.6%, Train Max Epoch=74
EarlyStopping counter: 48 out of 200
Epoch [120][SemiTeacher][UWaveGestureLibraryAll] loss= 0.03068; Epoch Label ACC.= 96.57%, UnLabel ACC.= 89.55%, Lipistz loss = 0, Train Unlabel Best ACC.= 90.6%, Train Max Epoch=74
EarlyStopping counter: 49 out of 200
Epoch [121][SemiTeacher][UWaveGestureLibraryAll] loss= 0.03131; Epoch Label ACC.= 96.59%, UnLabel ACC.= 89.84%, Lipistz loss = 0, Train Unlabel Best ACC.= 90.6%, Train Max Epoch=74
EarlyStopping counter: 50 out of 200
Epoch [122][SemiTeacher][UWaveGestureLibraryAll] loss= 0.03259; Epoch Label ACC.= 97.50%, UnLabel ACC.= 89.58%, Lipistz loss = 0, Train Unlabel Best ACC.= 90.6%, Train Max Epoch=74
EarlyStopping counter: 51 out of 200
Epoch [123][SemiTeacher][UWaveGestureLibraryAll] loss= 0.03399; Epoch Label ACC.= 95.75%, UnLabel ACC.= 89.81%, Lipistz loss = 0, Train Unlabel Best ACC.= 90.6%, Train Max Epoch=74
EarlyStopping counter: 52 out of 200
Epoch [124][SemiTeacher][UWaveGestureLibraryAll] loss= 0.03111; Epoch Label ACC.= 96.89%, UnLabel ACC.= 91.22%, Lipistz loss = 0, Train Unlabel Best ACC.= 91.2%, Train Max Epoch=123
EarlyStopping counter: 53 out of 200
Epoch [125][SemiTeacher][UWaveGestureLibraryAll] loss= 0.03383; Epoch Label ACC.= 96.41%, UnLabel ACC.= 89.92%, Lipistz loss = 0, Train Unlabel Best ACC.= 91.2%, Train Max Epoch=123
EarlyStopping counter: 54 out of 200
Epoch [126][SemiTeacher][UWaveGestureLibraryAll] loss= 0.03085; Epoch Label ACC.= 97.71%, UnLabel ACC.= 90.33%, Lipistz loss = 0, Train Unlabel Best ACC.= 91.2%, Train Max Epoch=123
[Test-126] Val ACC:96.09%, Best Test ACC.: 94.31% in Epoch 126
Validation loss decreased (95.982143 --> 96.093750).  Saving model ...
Epoch [127][SemiTeacher][UWaveGestureLibraryAll] loss= 0.03299; Epoch Label ACC.= 95.85%, UnLabel ACC.= 89.29%, Lipistz loss = 0, Train Unlabel Best ACC.= 91.2%, Train Max Epoch=123
EarlyStopping counter: 1 out of 200
Epoch [128][SemiTeacher][UWaveGestureLibraryAll] loss= 0.02883; Epoch Label ACC.= 97.15%, UnLabel ACC.= 90.22%, Lipistz loss = 0, Train Unlabel Best ACC.= 91.2%, Train Max Epoch=123
EarlyStopping counter: 2 out of 200
Epoch [129][SemiTeacher][UWaveGestureLibraryAll] loss= 0.03132; Epoch Label ACC.= 97.35%, UnLabel ACC.= 89.40%, Lipistz loss = 0, Train Unlabel Best ACC.= 91.2%, Train Max Epoch=123
EarlyStopping counter: 3 out of 200
Epoch [130][SemiTeacher][UWaveGestureLibraryAll] loss= 0.02928; Epoch Label ACC.= 97.99%, UnLabel ACC.= 91.52%, Lipistz loss = 0, Train Unlabel Best ACC.= 91.5%, Train Max Epoch=129
EarlyStopping counter: 4 out of 200
Epoch [131][SemiTeacher][UWaveGestureLibraryAll] loss= 0.03200; Epoch Label ACC.= 97.71%, UnLabel ACC.= 90.03%, Lipistz loss = 0, Train Unlabel Best ACC.= 91.5%, Train Max Epoch=129
EarlyStopping counter: 5 out of 200
Epoch [132][SemiTeacher][UWaveGestureLibraryAll] loss= 0.03240; Epoch Label ACC.= 96.20%, UnLabel ACC.= 89.55%, Lipistz loss = 0, Train Unlabel Best ACC.= 91.5%, Train Max Epoch=129
EarlyStopping counter: 6 out of 200
Epoch [133][SemiTeacher][UWaveGestureLibraryAll] loss= 0.03020; Epoch Label ACC.= 98.10%, UnLabel ACC.= 89.99%, Lipistz loss = 0, Train Unlabel Best ACC.= 91.5%, Train Max Epoch=129
EarlyStopping counter: 7 out of 200
Epoch [134][SemiTeacher][UWaveGestureLibraryAll] loss= 0.03354; Epoch Label ACC.= 96.94%, UnLabel ACC.= 90.03%, Lipistz loss = 0, Train Unlabel Best ACC.= 91.5%, Train Max Epoch=129
EarlyStopping counter: 8 out of 200
Epoch [135][SemiTeacher][UWaveGestureLibraryAll] loss= 0.03199; Epoch Label ACC.= 97.41%, UnLabel ACC.= 89.03%, Lipistz loss = 0, Train Unlabel Best ACC.= 91.5%, Train Max Epoch=129
EarlyStopping counter: 9 out of 200
Epoch [136][SemiTeacher][UWaveGestureLibraryAll] loss= 0.03218; Epoch Label ACC.= 97.74%, UnLabel ACC.= 89.06%, Lipistz loss = 0, Train Unlabel Best ACC.= 91.5%, Train Max Epoch=129
EarlyStopping counter: 10 out of 200
Epoch [137][SemiTeacher][UWaveGestureLibraryAll] loss= 0.02874; Epoch Label ACC.= 98.66%, UnLabel ACC.= 90.96%, Lipistz loss = 0, Train Unlabel Best ACC.= 91.5%, Train Max Epoch=129
EarlyStopping counter: 11 out of 200
Epoch [138][SemiTeacher][UWaveGestureLibraryAll] loss= 0.03042; Epoch Label ACC.= 97.86%, UnLabel ACC.= 90.14%, Lipistz loss = 0, Train Unlabel Best ACC.= 91.5%, Train Max Epoch=129
EarlyStopping counter: 12 out of 200
Epoch [139][SemiTeacher][UWaveGestureLibraryAll] loss= 0.02979; Epoch Label ACC.= 97.82%, UnLabel ACC.= 89.14%, Lipistz loss = 0, Train Unlabel Best ACC.= 91.5%, Train Max Epoch=129
EarlyStopping counter: 13 out of 200
Epoch [140][SemiTeacher][UWaveGestureLibraryAll] loss= 0.03429; Epoch Label ACC.= 97.30%, UnLabel ACC.= 89.77%, Lipistz loss = 0, Train Unlabel Best ACC.= 91.5%, Train Max Epoch=129
EarlyStopping counter: 14 out of 200
Epoch [141][SemiTeacher][UWaveGestureLibraryAll] loss= 0.03036; Epoch Label ACC.= 97.93%, UnLabel ACC.= 91.29%, Lipistz loss = 0, Train Unlabel Best ACC.= 91.5%, Train Max Epoch=129
EarlyStopping counter: 15 out of 200
Epoch [142][SemiTeacher][UWaveGestureLibraryAll] loss= 0.03243; Epoch Label ACC.= 97.37%, UnLabel ACC.= 89.47%, Lipistz loss = 0, Train Unlabel Best ACC.= 91.5%, Train Max Epoch=129
EarlyStopping counter: 16 out of 200
Epoch [143][SemiTeacher][UWaveGestureLibraryAll] loss= 0.03161; Epoch Label ACC.= 97.01%, UnLabel ACC.= 89.55%, Lipistz loss = 0, Train Unlabel Best ACC.= 91.5%, Train Max Epoch=129
EarlyStopping counter: 17 out of 200
Epoch [144][SemiTeacher][UWaveGestureLibraryAll] loss= 0.03233; Epoch Label ACC.= 97.86%, UnLabel ACC.= 90.36%, Lipistz loss = 0, Train Unlabel Best ACC.= 91.5%, Train Max Epoch=129
EarlyStopping counter: 18 out of 200
Epoch [145][SemiTeacher][UWaveGestureLibraryAll] loss= 0.03557; Epoch Label ACC.= 96.91%, UnLabel ACC.= 89.03%, Lipistz loss = 0, Train Unlabel Best ACC.= 91.5%, Train Max Epoch=129
EarlyStopping counter: 19 out of 200
Epoch [146][SemiTeacher][UWaveGestureLibraryAll] loss= 0.02965; Epoch Label ACC.= 97.82%, UnLabel ACC.= 89.29%, Lipistz loss = 0, Train Unlabel Best ACC.= 91.5%, Train Max Epoch=129
EarlyStopping counter: 20 out of 200
Epoch [147][SemiTeacher][UWaveGestureLibraryAll] loss= 0.03124; Epoch Label ACC.= 97.67%, UnLabel ACC.= 88.95%, Lipistz loss = 0, Train Unlabel Best ACC.= 91.5%, Train Max Epoch=129
EarlyStopping counter: 21 out of 200
Epoch [148][SemiTeacher][UWaveGestureLibraryAll] loss= 0.03271; Epoch Label ACC.= 96.64%, UnLabel ACC.= 90.07%, Lipistz loss = 0, Train Unlabel Best ACC.= 91.5%, Train Max Epoch=129
EarlyStopping counter: 22 out of 200
Epoch [149][SemiTeacher][UWaveGestureLibraryAll] loss= 0.03058; Epoch Label ACC.= 97.73%, UnLabel ACC.= 90.66%, Lipistz loss = 0, Train Unlabel Best ACC.= 91.5%, Train Max Epoch=129
EarlyStopping counter: 23 out of 200
Epoch [150][SemiTeacher][UWaveGestureLibraryAll] loss= 0.03295; Epoch Label ACC.= 97.51%, UnLabel ACC.= 90.22%, Lipistz loss = 0, Train Unlabel Best ACC.= 91.5%, Train Max Epoch=129
[Test-150] Val ACC:96.32%, Best Test ACC.: 94.30% in Epoch 150
Validation loss decreased (96.093750 --> 96.316964).  Saving model ...
Epoch [151][SemiTeacher][UWaveGestureLibraryAll] loss= 0.03038; Epoch Label ACC.= 97.30%, UnLabel ACC.= 90.74%, Lipistz loss = 0, Train Unlabel Best ACC.= 91.5%, Train Max Epoch=129
EarlyStopping counter: 1 out of 200
Epoch [152][SemiTeacher][UWaveGestureLibraryAll] loss= 0.03194; Epoch Label ACC.= 97.80%, UnLabel ACC.= 90.62%, Lipistz loss = 0, Train Unlabel Best ACC.= 91.5%, Train Max Epoch=129
EarlyStopping counter: 2 out of 200
Epoch [153][SemiTeacher][UWaveGestureLibraryAll] loss= 0.03038; Epoch Label ACC.= 97.78%, UnLabel ACC.= 89.84%, Lipistz loss = 0, Train Unlabel Best ACC.= 91.5%, Train Max Epoch=129
EarlyStopping counter: 3 out of 200
Epoch [154][SemiTeacher][UWaveGestureLibraryAll] loss= 0.03168; Epoch Label ACC.= 97.38%, UnLabel ACC.= 90.22%, Lipistz loss = 0, Train Unlabel Best ACC.= 91.5%, Train Max Epoch=129
EarlyStopping counter: 4 out of 200
Epoch [155][SemiTeacher][UWaveGestureLibraryAll] loss= 0.03192; Epoch Label ACC.= 97.69%, UnLabel ACC.= 90.62%, Lipistz loss = 0, Train Unlabel Best ACC.= 91.5%, Train Max Epoch=129
EarlyStopping counter: 5 out of 200
Epoch [156][SemiTeacher][UWaveGestureLibraryAll] loss= 0.02930; Epoch Label ACC.= 98.10%, UnLabel ACC.= 91.41%, Lipistz loss = 0, Train Unlabel Best ACC.= 91.5%, Train Max Epoch=129
EarlyStopping counter: 6 out of 200
Epoch [157][SemiTeacher][UWaveGestureLibraryAll] loss= 0.02942; Epoch Label ACC.= 98.01%, UnLabel ACC.= 91.00%, Lipistz loss = 0, Train Unlabel Best ACC.= 91.5%, Train Max Epoch=129
EarlyStopping counter: 7 out of 200
Epoch [158][SemiTeacher][UWaveGestureLibraryAll] loss= 0.03110; Epoch Label ACC.= 97.60%, UnLabel ACC.= 90.03%, Lipistz loss = 0, Train Unlabel Best ACC.= 91.5%, Train Max Epoch=129
[Test-158] Val ACC:96.43%, Best Test ACC.: 95.65% in Epoch 158
Validation loss decreased (96.316964 --> 96.428571).  Saving model ...
Epoch [159][SemiTeacher][UWaveGestureLibraryAll] loss= 0.02969; Epoch Label ACC.= 97.41%, UnLabel ACC.= 89.10%, Lipistz loss = 0, Train Unlabel Best ACC.= 91.5%, Train Max Epoch=129
EarlyStopping counter: 1 out of 200
Epoch [160][SemiTeacher][UWaveGestureLibraryAll] loss= 0.03165; Epoch Label ACC.= 97.84%, UnLabel ACC.= 90.51%, Lipistz loss = 0, Train Unlabel Best ACC.= 91.5%, Train Max Epoch=129
EarlyStopping counter: 2 out of 200
Epoch [161][SemiTeacher][UWaveGestureLibraryAll] loss= 0.03089; Epoch Label ACC.= 96.86%, UnLabel ACC.= 90.18%, Lipistz loss = 0, Train Unlabel Best ACC.= 91.5%, Train Max Epoch=129
EarlyStopping counter: 3 out of 200
Epoch [162][SemiTeacher][UWaveGestureLibraryAll] loss= 0.02933; Epoch Label ACC.= 97.25%, UnLabel ACC.= 91.11%, Lipistz loss = 0, Train Unlabel Best ACC.= 91.5%, Train Max Epoch=129
EarlyStopping counter: 4 out of 200
Epoch [163][SemiTeacher][UWaveGestureLibraryAll] loss= 0.02939; Epoch Label ACC.= 97.69%, UnLabel ACC.= 90.55%, Lipistz loss = 0, Train Unlabel Best ACC.= 91.5%, Train Max Epoch=129
EarlyStopping counter: 5 out of 200
Epoch [164][SemiTeacher][UWaveGestureLibraryAll] loss= 0.03100; Epoch Label ACC.= 97.52%, UnLabel ACC.= 91.26%, Lipistz loss = 0, Train Unlabel Best ACC.= 91.5%, Train Max Epoch=129
EarlyStopping counter: 6 out of 200
Epoch [165][SemiTeacher][UWaveGestureLibraryAll] loss= 0.03192; Epoch Label ACC.= 97.50%, UnLabel ACC.= 89.58%, Lipistz loss = 0, Train Unlabel Best ACC.= 91.5%, Train Max Epoch=129
EarlyStopping counter: 7 out of 200
Epoch [166][SemiTeacher][UWaveGestureLibraryAll] loss= 0.03192; Epoch Label ACC.= 97.69%, UnLabel ACC.= 90.85%, Lipistz loss = 0, Train Unlabel Best ACC.= 91.5%, Train Max Epoch=129
EarlyStopping counter: 8 out of 200
Epoch [167][SemiTeacher][UWaveGestureLibraryAll] loss= 0.03068; Epoch Label ACC.= 98.66%, UnLabel ACC.= 89.88%, Lipistz loss = 0, Train Unlabel Best ACC.= 91.5%, Train Max Epoch=129
EarlyStopping counter: 9 out of 200
Epoch [168][SemiTeacher][UWaveGestureLibraryAll] loss= 0.02979; Epoch Label ACC.= 97.28%, UnLabel ACC.= 90.40%, Lipistz loss = 0, Train Unlabel Best ACC.= 91.5%, Train Max Epoch=129
EarlyStopping counter: 10 out of 200
Epoch [169][SemiTeacher][UWaveGestureLibraryAll] loss= 0.02881; Epoch Label ACC.= 98.23%, UnLabel ACC.= 90.85%, Lipistz loss = 0, Train Unlabel Best ACC.= 91.5%, Train Max Epoch=129
EarlyStopping counter: 11 out of 200
Epoch [170][SemiTeacher][UWaveGestureLibraryAll] loss= 0.02917; Epoch Label ACC.= 98.29%, UnLabel ACC.= 90.36%, Lipistz loss = 0, Train Unlabel Best ACC.= 91.5%, Train Max Epoch=129
EarlyStopping counter: 12 out of 200
Epoch [171][SemiTeacher][UWaveGestureLibraryAll] loss= 0.03251; Epoch Label ACC.= 97.67%, UnLabel ACC.= 90.22%, Lipistz loss = 0, Train Unlabel Best ACC.= 91.5%, Train Max Epoch=129
EarlyStopping counter: 13 out of 200
Epoch [172][SemiTeacher][UWaveGestureLibraryAll] loss= 0.02897; Epoch Label ACC.= 98.16%, UnLabel ACC.= 89.43%, Lipistz loss = 0, Train Unlabel Best ACC.= 91.5%, Train Max Epoch=129
EarlyStopping counter: 14 out of 200
Epoch [173][SemiTeacher][UWaveGestureLibraryAll] loss= 0.03135; Epoch Label ACC.= 97.12%, UnLabel ACC.= 89.69%, Lipistz loss = 0, Train Unlabel Best ACC.= 91.5%, Train Max Epoch=129
EarlyStopping counter: 15 out of 200
Epoch [174][SemiTeacher][UWaveGestureLibraryAll] loss= 0.03009; Epoch Label ACC.= 97.67%, UnLabel ACC.= 89.99%, Lipistz loss = 0, Train Unlabel Best ACC.= 91.5%, Train Max Epoch=129
EarlyStopping counter: 16 out of 200
Epoch [175][SemiTeacher][UWaveGestureLibraryAll] loss= 0.03336; Epoch Label ACC.= 97.16%, UnLabel ACC.= 90.40%, Lipistz loss = 0, Train Unlabel Best ACC.= 91.5%, Train Max Epoch=129
EarlyStopping counter: 17 out of 200
Epoch [176][SemiTeacher][UWaveGestureLibraryAll] loss= 0.02970; Epoch Label ACC.= 97.91%, UnLabel ACC.= 91.37%, Lipistz loss = 0, Train Unlabel Best ACC.= 91.5%, Train Max Epoch=129
EarlyStopping counter: 18 out of 200
Epoch [177][SemiTeacher][UWaveGestureLibraryAll] loss= 0.02779; Epoch Label ACC.= 98.40%, UnLabel ACC.= 91.07%, Lipistz loss = 0, Train Unlabel Best ACC.= 91.5%, Train Max Epoch=129
EarlyStopping counter: 19 out of 200
Epoch [178][SemiTeacher][UWaveGestureLibraryAll] loss= 0.02862; Epoch Label ACC.= 98.03%, UnLabel ACC.= 91.15%, Lipistz loss = 0, Train Unlabel Best ACC.= 91.5%, Train Max Epoch=129
[Test-178] Val ACC:96.43%, Best Test ACC.: 95.42% in Epoch 178
EarlyStopping counter: 20 out of 200
Epoch [179][SemiTeacher][UWaveGestureLibraryAll] loss= 0.02853; Epoch Label ACC.= 97.52%, UnLabel ACC.= 90.59%, Lipistz loss = 0, Train Unlabel Best ACC.= 91.5%, Train Max Epoch=129
EarlyStopping counter: 21 out of 200
Epoch [180][SemiTeacher][UWaveGestureLibraryAll] loss= 0.03125; Epoch Label ACC.= 97.71%, UnLabel ACC.= 91.11%, Lipistz loss = 0, Train Unlabel Best ACC.= 91.5%, Train Max Epoch=129
EarlyStopping counter: 22 out of 200
Epoch [181][SemiTeacher][UWaveGestureLibraryAll] loss= 0.02752; Epoch Label ACC.= 98.18%, UnLabel ACC.= 90.33%, Lipistz loss = 0, Train Unlabel Best ACC.= 91.5%, Train Max Epoch=129
EarlyStopping counter: 23 out of 200
Epoch [182][SemiTeacher][UWaveGestureLibraryAll] loss= 0.03080; Epoch Label ACC.= 98.42%, UnLabel ACC.= 91.15%, Lipistz loss = 0, Train Unlabel Best ACC.= 91.5%, Train Max Epoch=129
EarlyStopping counter: 24 out of 200
Epoch [183][SemiTeacher][UWaveGestureLibraryAll] loss= 0.02815; Epoch Label ACC.= 98.27%, UnLabel ACC.= 90.48%, Lipistz loss = 0, Train Unlabel Best ACC.= 91.5%, Train Max Epoch=129
EarlyStopping counter: 25 out of 200
Epoch [184][SemiTeacher][UWaveGestureLibraryAll] loss= 0.03135; Epoch Label ACC.= 98.57%, UnLabel ACC.= 90.40%, Lipistz loss = 0, Train Unlabel Best ACC.= 91.5%, Train Max Epoch=129
EarlyStopping counter: 26 out of 200
Epoch [185][SemiTeacher][UWaveGestureLibraryAll] loss= 0.02932; Epoch Label ACC.= 97.67%, UnLabel ACC.= 90.85%, Lipistz loss = 0, Train Unlabel Best ACC.= 91.5%, Train Max Epoch=129
EarlyStopping counter: 27 out of 200
Epoch [186][SemiTeacher][UWaveGestureLibraryAll] loss= 0.02622; Epoch Label ACC.= 98.49%, UnLabel ACC.= 90.62%, Lipistz loss = 0, Train Unlabel Best ACC.= 91.5%, Train Max Epoch=129
EarlyStopping counter: 28 out of 200
Epoch [187][SemiTeacher][UWaveGestureLibraryAll] loss= 0.03145; Epoch Label ACC.= 98.21%, UnLabel ACC.= 90.51%, Lipistz loss = 0, Train Unlabel Best ACC.= 91.5%, Train Max Epoch=129
EarlyStopping counter: 29 out of 200
Epoch [188][SemiTeacher][UWaveGestureLibraryAll] loss= 0.02895; Epoch Label ACC.= 97.95%, UnLabel ACC.= 90.92%, Lipistz loss = 0, Train Unlabel Best ACC.= 91.5%, Train Max Epoch=129
EarlyStopping counter: 30 out of 200
Epoch [189][SemiTeacher][UWaveGestureLibraryAll] loss= 0.03063; Epoch Label ACC.= 98.74%, UnLabel ACC.= 90.81%, Lipistz loss = 0, Train Unlabel Best ACC.= 91.5%, Train Max Epoch=129
EarlyStopping counter: 31 out of 200
Epoch [190][SemiTeacher][UWaveGestureLibraryAll] loss= 0.03004; Epoch Label ACC.= 98.12%, UnLabel ACC.= 91.26%, Lipistz loss = 0, Train Unlabel Best ACC.= 91.5%, Train Max Epoch=129
EarlyStopping counter: 32 out of 200
Epoch [191][SemiTeacher][UWaveGestureLibraryAll] loss= 0.02979; Epoch Label ACC.= 97.39%, UnLabel ACC.= 90.62%, Lipistz loss = 0, Train Unlabel Best ACC.= 91.5%, Train Max Epoch=129
EarlyStopping counter: 33 out of 200
Epoch [192][SemiTeacher][UWaveGestureLibraryAll] loss= 0.03042; Epoch Label ACC.= 98.51%, UnLabel ACC.= 89.84%, Lipistz loss = 0, Train Unlabel Best ACC.= 91.5%, Train Max Epoch=129
EarlyStopping counter: 34 out of 200
Epoch [193][SemiTeacher][UWaveGestureLibraryAll] loss= 0.02922; Epoch Label ACC.= 97.42%, UnLabel ACC.= 91.22%, Lipistz loss = 0, Train Unlabel Best ACC.= 91.5%, Train Max Epoch=129
[Test-193] Val ACC:96.54%, Best Test ACC.: 95.31% in Epoch 193
Validation loss decreased (96.428571 --> 96.540179).  Saving model ...
Epoch [194][SemiTeacher][UWaveGestureLibraryAll] loss= 0.02796; Epoch Label ACC.= 98.59%, UnLabel ACC.= 92.41%, Lipistz loss = 0, Train Unlabel Best ACC.= 92.4%, Train Max Epoch=193
EarlyStopping counter: 1 out of 200
Epoch [195][SemiTeacher][UWaveGestureLibraryAll] loss= 0.03037; Epoch Label ACC.= 98.59%, UnLabel ACC.= 91.44%, Lipistz loss = 0, Train Unlabel Best ACC.= 92.4%, Train Max Epoch=193
EarlyStopping counter: 2 out of 200
Epoch [196][SemiTeacher][UWaveGestureLibraryAll] loss= 0.02750; Epoch Label ACC.= 98.12%, UnLabel ACC.= 91.29%, Lipistz loss = 0, Train Unlabel Best ACC.= 92.4%, Train Max Epoch=193
EarlyStopping counter: 3 out of 200
Epoch [197][SemiTeacher][UWaveGestureLibraryAll] loss= 0.03012; Epoch Label ACC.= 97.26%, UnLabel ACC.= 90.85%, Lipistz loss = 0, Train Unlabel Best ACC.= 92.4%, Train Max Epoch=193
EarlyStopping counter: 4 out of 200
Epoch [198][SemiTeacher][UWaveGestureLibraryAll] loss= 0.02984; Epoch Label ACC.= 97.86%, UnLabel ACC.= 90.70%, Lipistz loss = 0, Train Unlabel Best ACC.= 92.4%, Train Max Epoch=193
[Test-198] Val ACC:96.65%, Best Test ACC.: 95.19% in Epoch 198
Validation loss decreased (96.540179 --> 96.651786).  Saving model ...
Epoch [199][SemiTeacher][UWaveGestureLibraryAll] loss= 0.02684; Epoch Label ACC.= 97.58%, UnLabel ACC.= 91.78%, Lipistz loss = 0, Train Unlabel Best ACC.= 92.4%, Train Max Epoch=193
EarlyStopping counter: 1 out of 200
[INFO] save backbone at epoch 199!
Epoch [200][SemiTeacher][UWaveGestureLibraryAll] loss= 0.03023; Epoch Label ACC.= 98.14%, UnLabel ACC.= 91.18%, Lipistz loss = 0, Train Unlabel Best ACC.= 92.4%, Train Max Epoch=193
[Test-200] Val ACC:97.32%, Best Test ACC.: 95.87% in Epoch 200
Validation loss decreased (96.651786 --> 97.321429).  Saving model ...
Epoch [201][SemiTeacher][UWaveGestureLibraryAll] loss= 0.02860; Epoch Label ACC.= 98.10%, UnLabel ACC.= 90.92%, Lipistz loss = 0, Train Unlabel Best ACC.= 92.4%, Train Max Epoch=193
EarlyStopping counter: 1 out of 200
Epoch [202][SemiTeacher][UWaveGestureLibraryAll] loss= 0.03190; Epoch Label ACC.= 98.47%, UnLabel ACC.= 90.40%, Lipistz loss = 0, Train Unlabel Best ACC.= 92.4%, Train Max Epoch=193
EarlyStopping counter: 2 out of 200
Epoch [203][SemiTeacher][UWaveGestureLibraryAll] loss= 0.03103; Epoch Label ACC.= 97.14%, UnLabel ACC.= 90.18%, Lipistz loss = 0, Train Unlabel Best ACC.= 92.4%, Train Max Epoch=193
EarlyStopping counter: 3 out of 200
Epoch [204][SemiTeacher][UWaveGestureLibraryAll] loss= 0.03045; Epoch Label ACC.= 98.03%, UnLabel ACC.= 90.48%, Lipistz loss = 0, Train Unlabel Best ACC.= 92.4%, Train Max Epoch=193
EarlyStopping counter: 4 out of 200
Epoch [205][SemiTeacher][UWaveGestureLibraryAll] loss= 0.03112; Epoch Label ACC.= 96.43%, UnLabel ACC.= 91.74%, Lipistz loss = 0, Train Unlabel Best ACC.= 92.4%, Train Max Epoch=193
EarlyStopping counter: 5 out of 200
Epoch [206][SemiTeacher][UWaveGestureLibraryAll] loss= 0.02801; Epoch Label ACC.= 97.47%, UnLabel ACC.= 90.66%, Lipistz loss = 0, Train Unlabel Best ACC.= 92.4%, Train Max Epoch=193
EarlyStopping counter: 6 out of 200
Epoch [207][SemiTeacher][UWaveGestureLibraryAll] loss= 0.02961; Epoch Label ACC.= 98.19%, UnLabel ACC.= 90.85%, Lipistz loss = 0, Train Unlabel Best ACC.= 92.4%, Train Max Epoch=193
EarlyStopping counter: 7 out of 200
Epoch [208][SemiTeacher][UWaveGestureLibraryAll] loss= 0.02770; Epoch Label ACC.= 98.33%, UnLabel ACC.= 91.00%, Lipistz loss = 0, Train Unlabel Best ACC.= 92.4%, Train Max Epoch=193
EarlyStopping counter: 8 out of 200
Epoch [209][SemiTeacher][UWaveGestureLibraryAll] loss= 0.03331; Epoch Label ACC.= 97.61%, UnLabel ACC.= 90.40%, Lipistz loss = 0, Train Unlabel Best ACC.= 92.4%, Train Max Epoch=193
EarlyStopping counter: 9 out of 200
Epoch [210][SemiTeacher][UWaveGestureLibraryAll] loss= 0.02978; Epoch Label ACC.= 97.84%, UnLabel ACC.= 90.85%, Lipistz loss = 0, Train Unlabel Best ACC.= 92.4%, Train Max Epoch=193
EarlyStopping counter: 10 out of 200
Epoch [211][SemiTeacher][UWaveGestureLibraryAll] loss= 0.02658; Epoch Label ACC.= 97.65%, UnLabel ACC.= 91.22%, Lipistz loss = 0, Train Unlabel Best ACC.= 92.4%, Train Max Epoch=193
EarlyStopping counter: 11 out of 200
Epoch [212][SemiTeacher][UWaveGestureLibraryAll] loss= 0.02944; Epoch Label ACC.= 98.44%, UnLabel ACC.= 90.89%, Lipistz loss = 0, Train Unlabel Best ACC.= 92.4%, Train Max Epoch=193
EarlyStopping counter: 12 out of 200
Epoch [213][SemiTeacher][UWaveGestureLibraryAll] loss= 0.02919; Epoch Label ACC.= 97.66%, UnLabel ACC.= 91.74%, Lipistz loss = 0, Train Unlabel Best ACC.= 92.4%, Train Max Epoch=193
EarlyStopping counter: 13 out of 200
Epoch [214][SemiTeacher][UWaveGestureLibraryAll] loss= 0.02761; Epoch Label ACC.= 98.74%, UnLabel ACC.= 90.51%, Lipistz loss = 0, Train Unlabel Best ACC.= 92.4%, Train Max Epoch=193
EarlyStopping counter: 14 out of 200
Epoch [215][SemiTeacher][UWaveGestureLibraryAll] loss= 0.03122; Epoch Label ACC.= 98.07%, UnLabel ACC.= 90.14%, Lipistz loss = 0, Train Unlabel Best ACC.= 92.4%, Train Max Epoch=193
EarlyStopping counter: 15 out of 200
Epoch [216][SemiTeacher][UWaveGestureLibraryAll] loss= 0.02902; Epoch Label ACC.= 97.69%, UnLabel ACC.= 90.89%, Lipistz loss = 0, Train Unlabel Best ACC.= 92.4%, Train Max Epoch=193
EarlyStopping counter: 16 out of 200
Epoch [217][SemiTeacher][UWaveGestureLibraryAll] loss= 0.02959; Epoch Label ACC.= 97.82%, UnLabel ACC.= 90.29%, Lipistz loss = 0, Train Unlabel Best ACC.= 92.4%, Train Max Epoch=193
EarlyStopping counter: 17 out of 200
Epoch [218][SemiTeacher][UWaveGestureLibraryAll] loss= 0.02756; Epoch Label ACC.= 98.74%, UnLabel ACC.= 91.85%, Lipistz loss = 0, Train Unlabel Best ACC.= 92.4%, Train Max Epoch=193
EarlyStopping counter: 18 out of 200
Epoch [219][SemiTeacher][UWaveGestureLibraryAll] loss= 0.03041; Epoch Label ACC.= 97.86%, UnLabel ACC.= 91.56%, Lipistz loss = 0, Train Unlabel Best ACC.= 92.4%, Train Max Epoch=193
EarlyStopping counter: 19 out of 200
Epoch [220][SemiTeacher][UWaveGestureLibraryAll] loss= 0.03097; Epoch Label ACC.= 98.42%, UnLabel ACC.= 91.07%, Lipistz loss = 0, Train Unlabel Best ACC.= 92.4%, Train Max Epoch=193
EarlyStopping counter: 20 out of 200
Epoch [221][SemiTeacher][UWaveGestureLibraryAll] loss= 0.02828; Epoch Label ACC.= 98.34%, UnLabel ACC.= 91.67%, Lipistz loss = 0, Train Unlabel Best ACC.= 92.4%, Train Max Epoch=193
EarlyStopping counter: 21 out of 200
Epoch [222][SemiTeacher][UWaveGestureLibraryAll] loss= 0.03063; Epoch Label ACC.= 98.07%, UnLabel ACC.= 90.96%, Lipistz loss = 0, Train Unlabel Best ACC.= 92.4%, Train Max Epoch=193
EarlyStopping counter: 22 out of 200
Epoch [223][SemiTeacher][UWaveGestureLibraryAll] loss= 0.03053; Epoch Label ACC.= 97.71%, UnLabel ACC.= 89.96%, Lipistz loss = 0, Train Unlabel Best ACC.= 92.4%, Train Max Epoch=193
EarlyStopping counter: 23 out of 200
Epoch [224][SemiTeacher][UWaveGestureLibraryAll] loss= 0.03225; Epoch Label ACC.= 98.25%, UnLabel ACC.= 89.69%, Lipistz loss = 0, Train Unlabel Best ACC.= 92.4%, Train Max Epoch=193
EarlyStopping counter: 24 out of 200
Epoch [225][SemiTeacher][UWaveGestureLibraryAll] loss= 0.02911; Epoch Label ACC.= 98.47%, UnLabel ACC.= 90.96%, Lipistz loss = 0, Train Unlabel Best ACC.= 92.4%, Train Max Epoch=193
EarlyStopping counter: 25 out of 200
Epoch [226][SemiTeacher][UWaveGestureLibraryAll] loss= 0.02746; Epoch Label ACC.= 98.27%, UnLabel ACC.= 90.92%, Lipistz loss = 0, Train Unlabel Best ACC.= 92.4%, Train Max Epoch=193
EarlyStopping counter: 26 out of 200
Epoch [227][SemiTeacher][UWaveGestureLibraryAll] loss= 0.03002; Epoch Label ACC.= 98.10%, UnLabel ACC.= 91.33%, Lipistz loss = 0, Train Unlabel Best ACC.= 92.4%, Train Max Epoch=193
EarlyStopping counter: 27 out of 200
Epoch [228][SemiTeacher][UWaveGestureLibraryAll] loss= 0.02643; Epoch Label ACC.= 97.81%, UnLabel ACC.= 90.59%, Lipistz loss = 0, Train Unlabel Best ACC.= 92.4%, Train Max Epoch=193
EarlyStopping counter: 28 out of 200
Epoch [229][SemiTeacher][UWaveGestureLibraryAll] loss= 0.03123; Epoch Label ACC.= 97.95%, UnLabel ACC.= 90.40%, Lipistz loss = 0, Train Unlabel Best ACC.= 92.4%, Train Max Epoch=193
EarlyStopping counter: 29 out of 200
Epoch [230][SemiTeacher][UWaveGestureLibraryAll] loss= 0.02672; Epoch Label ACC.= 98.49%, UnLabel ACC.= 91.67%, Lipistz loss = 0, Train Unlabel Best ACC.= 92.4%, Train Max Epoch=193
EarlyStopping counter: 30 out of 200
Epoch [231][SemiTeacher][UWaveGestureLibraryAll] loss= 0.02762; Epoch Label ACC.= 97.44%, UnLabel ACC.= 91.03%, Lipistz loss = 0, Train Unlabel Best ACC.= 92.4%, Train Max Epoch=193
EarlyStopping counter: 31 out of 200
Epoch [232][SemiTeacher][UWaveGestureLibraryAll] loss= 0.02832; Epoch Label ACC.= 97.86%, UnLabel ACC.= 91.67%, Lipistz loss = 0, Train Unlabel Best ACC.= 92.4%, Train Max Epoch=193
EarlyStopping counter: 32 out of 200
Epoch [233][SemiTeacher][UWaveGestureLibraryAll] loss= 0.03127; Epoch Label ACC.= 98.29%, UnLabel ACC.= 90.96%, Lipistz loss = 0, Train Unlabel Best ACC.= 92.4%, Train Max Epoch=193
EarlyStopping counter: 33 out of 200
Epoch [234][SemiTeacher][UWaveGestureLibraryAll] loss= 0.02771; Epoch Label ACC.= 98.16%, UnLabel ACC.= 91.07%, Lipistz loss = 0, Train Unlabel Best ACC.= 92.4%, Train Max Epoch=193
EarlyStopping counter: 34 out of 200
Epoch [235][SemiTeacher][UWaveGestureLibraryAll] loss= 0.02573; Epoch Label ACC.= 98.55%, UnLabel ACC.= 91.33%, Lipistz loss = 0, Train Unlabel Best ACC.= 92.4%, Train Max Epoch=193
EarlyStopping counter: 35 out of 200
Epoch [236][SemiTeacher][UWaveGestureLibraryAll] loss= 0.02975; Epoch Label ACC.= 98.08%, UnLabel ACC.= 91.11%, Lipistz loss = 0, Train Unlabel Best ACC.= 92.4%, Train Max Epoch=193
EarlyStopping counter: 36 out of 200
Epoch [237][SemiTeacher][UWaveGestureLibraryAll] loss= 0.02956; Epoch Label ACC.= 97.97%, UnLabel ACC.= 90.29%, Lipistz loss = 0, Train Unlabel Best ACC.= 92.4%, Train Max Epoch=193
EarlyStopping counter: 37 out of 200
Epoch [238][SemiTeacher][UWaveGestureLibraryAll] loss= 0.02871; Epoch Label ACC.= 98.18%, UnLabel ACC.= 90.77%, Lipistz loss = 0, Train Unlabel Best ACC.= 92.4%, Train Max Epoch=193
EarlyStopping counter: 38 out of 200
Epoch [239][SemiTeacher][UWaveGestureLibraryAll] loss= 0.02972; Epoch Label ACC.= 98.21%, UnLabel ACC.= 91.18%, Lipistz loss = 0, Train Unlabel Best ACC.= 92.4%, Train Max Epoch=193
EarlyStopping counter: 39 out of 200
Epoch [240][SemiTeacher][UWaveGestureLibraryAll] loss= 0.02909; Epoch Label ACC.= 97.82%, UnLabel ACC.= 91.67%, Lipistz loss = 0, Train Unlabel Best ACC.= 92.4%, Train Max Epoch=193
EarlyStopping counter: 40 out of 200
Epoch [241][SemiTeacher][UWaveGestureLibraryAll] loss= 0.02978; Epoch Label ACC.= 98.45%, UnLabel ACC.= 90.55%, Lipistz loss = 0, Train Unlabel Best ACC.= 92.4%, Train Max Epoch=193
EarlyStopping counter: 41 out of 200
Epoch [242][SemiTeacher][UWaveGestureLibraryAll] loss= 0.02855; Epoch Label ACC.= 98.66%, UnLabel ACC.= 91.15%, Lipistz loss = 0, Train Unlabel Best ACC.= 92.4%, Train Max Epoch=193
EarlyStopping counter: 42 out of 200
Epoch [243][SemiTeacher][UWaveGestureLibraryAll] loss= 0.03047; Epoch Label ACC.= 98.36%, UnLabel ACC.= 91.44%, Lipistz loss = 0, Train Unlabel Best ACC.= 92.4%, Train Max Epoch=193
EarlyStopping counter: 43 out of 200
Epoch [244][SemiTeacher][UWaveGestureLibraryAll] loss= 0.03144; Epoch Label ACC.= 98.51%, UnLabel ACC.= 92.00%, Lipistz loss = 0, Train Unlabel Best ACC.= 92.4%, Train Max Epoch=193
EarlyStopping counter: 44 out of 200
Epoch [245][SemiTeacher][UWaveGestureLibraryAll] loss= 0.03201; Epoch Label ACC.= 97.93%, UnLabel ACC.= 91.22%, Lipistz loss = 0, Train Unlabel Best ACC.= 92.4%, Train Max Epoch=193
EarlyStopping counter: 45 out of 200
Epoch [246][SemiTeacher][UWaveGestureLibraryAll] loss= 0.02718; Epoch Label ACC.= 98.29%, UnLabel ACC.= 92.30%, Lipistz loss = 0, Train Unlabel Best ACC.= 92.4%, Train Max Epoch=193
EarlyStopping counter: 46 out of 200
Epoch [247][SemiTeacher][UWaveGestureLibraryAll] loss= 0.02839; Epoch Label ACC.= 97.84%, UnLabel ACC.= 91.74%, Lipistz loss = 0, Train Unlabel Best ACC.= 92.4%, Train Max Epoch=193
EarlyStopping counter: 47 out of 200
Epoch [248][SemiTeacher][UWaveGestureLibraryAll] loss= 0.02680; Epoch Label ACC.= 98.28%, UnLabel ACC.= 90.96%, Lipistz loss = 0, Train Unlabel Best ACC.= 92.4%, Train Max Epoch=193
EarlyStopping counter: 48 out of 200
Epoch [249][SemiTeacher][UWaveGestureLibraryAll] loss= 0.02804; Epoch Label ACC.= 98.66%, UnLabel ACC.= 91.59%, Lipistz loss = 0, Train Unlabel Best ACC.= 92.4%, Train Max Epoch=193
EarlyStopping counter: 49 out of 200
Epoch [250][SemiTeacher][UWaveGestureLibraryAll] loss= 0.02821; Epoch Label ACC.= 97.78%, UnLabel ACC.= 91.85%, Lipistz loss = 0, Train Unlabel Best ACC.= 92.4%, Train Max Epoch=193
EarlyStopping counter: 50 out of 200
Epoch [251][SemiTeacher][UWaveGestureLibraryAll] loss= 0.03064; Epoch Label ACC.= 98.58%, UnLabel ACC.= 91.44%, Lipistz loss = 0, Train Unlabel Best ACC.= 92.4%, Train Max Epoch=193
EarlyStopping counter: 51 out of 200
Epoch [252][SemiTeacher][UWaveGestureLibraryAll] loss= 0.02781; Epoch Label ACC.= 98.57%, UnLabel ACC.= 91.33%, Lipistz loss = 0, Train Unlabel Best ACC.= 92.4%, Train Max Epoch=193
EarlyStopping counter: 52 out of 200
Epoch [253][SemiTeacher][UWaveGestureLibraryAll] loss= 0.02920; Epoch Label ACC.= 98.19%, UnLabel ACC.= 91.22%, Lipistz loss = 0, Train Unlabel Best ACC.= 92.4%, Train Max Epoch=193
EarlyStopping counter: 53 out of 200
Epoch [254][SemiTeacher][UWaveGestureLibraryAll] loss= 0.02632; Epoch Label ACC.= 98.45%, UnLabel ACC.= 92.41%, Lipistz loss = 0, Train Unlabel Best ACC.= 92.4%, Train Max Epoch=193
EarlyStopping counter: 54 out of 200
Epoch [255][SemiTeacher][UWaveGestureLibraryAll] loss= 0.02649; Epoch Label ACC.= 98.51%, UnLabel ACC.= 91.18%, Lipistz loss = 0, Train Unlabel Best ACC.= 92.4%, Train Max Epoch=193
EarlyStopping counter: 55 out of 200
Epoch [256][SemiTeacher][UWaveGestureLibraryAll] loss= 0.03056; Epoch Label ACC.= 98.25%, UnLabel ACC.= 91.56%, Lipistz loss = 0, Train Unlabel Best ACC.= 92.4%, Train Max Epoch=193
EarlyStopping counter: 56 out of 200
Epoch [257][SemiTeacher][UWaveGestureLibraryAll] loss= 0.02940; Epoch Label ACC.= 98.36%, UnLabel ACC.= 92.34%, Lipistz loss = 0, Train Unlabel Best ACC.= 92.4%, Train Max Epoch=193
EarlyStopping counter: 57 out of 200
Epoch [258][SemiTeacher][UWaveGestureLibraryAll] loss= 0.02897; Epoch Label ACC.= 98.10%, UnLabel ACC.= 91.22%, Lipistz loss = 0, Train Unlabel Best ACC.= 92.4%, Train Max Epoch=193
EarlyStopping counter: 58 out of 200
Epoch [259][SemiTeacher][UWaveGestureLibraryAll] loss= 0.02740; Epoch Label ACC.= 98.27%, UnLabel ACC.= 91.44%, Lipistz loss = 0, Train Unlabel Best ACC.= 92.4%, Train Max Epoch=193
EarlyStopping counter: 59 out of 200
Epoch [260][SemiTeacher][UWaveGestureLibraryAll] loss= 0.02994; Epoch Label ACC.= 97.91%, UnLabel ACC.= 91.18%, Lipistz loss = 0, Train Unlabel Best ACC.= 92.4%, Train Max Epoch=193
EarlyStopping counter: 60 out of 200
Epoch [261][SemiTeacher][UWaveGestureLibraryAll] loss= 0.02853; Epoch Label ACC.= 98.47%, UnLabel ACC.= 90.51%, Lipistz loss = 0, Train Unlabel Best ACC.= 92.4%, Train Max Epoch=193
EarlyStopping counter: 61 out of 200
Epoch [262][SemiTeacher][UWaveGestureLibraryAll] loss= 0.03151; Epoch Label ACC.= 97.72%, UnLabel ACC.= 91.33%, Lipistz loss = 0, Train Unlabel Best ACC.= 92.4%, Train Max Epoch=193
EarlyStopping counter: 62 out of 200
Epoch [263][SemiTeacher][UWaveGestureLibraryAll] loss= 0.02580; Epoch Label ACC.= 98.79%, UnLabel ACC.= 91.89%, Lipistz loss = 0, Train Unlabel Best ACC.= 92.4%, Train Max Epoch=193
EarlyStopping counter: 63 out of 200
Epoch [264][SemiTeacher][UWaveGestureLibraryAll] loss= 0.02794; Epoch Label ACC.= 98.55%, UnLabel ACC.= 91.00%, Lipistz loss = 0, Train Unlabel Best ACC.= 92.4%, Train Max Epoch=193
EarlyStopping counter: 64 out of 200
Epoch [265][SemiTeacher][UWaveGestureLibraryAll] loss= 0.02723; Epoch Label ACC.= 98.07%, UnLabel ACC.= 90.81%, Lipistz loss = 0, Train Unlabel Best ACC.= 92.4%, Train Max Epoch=193
EarlyStopping counter: 65 out of 200
Epoch [266][SemiTeacher][UWaveGestureLibraryAll] loss= 0.02771; Epoch Label ACC.= 97.73%, UnLabel ACC.= 90.81%, Lipistz loss = 0, Train Unlabel Best ACC.= 92.4%, Train Max Epoch=193
EarlyStopping counter: 66 out of 200
Epoch [267][SemiTeacher][UWaveGestureLibraryAll] loss= 0.02964; Epoch Label ACC.= 97.84%, UnLabel ACC.= 91.44%, Lipistz loss = 0, Train Unlabel Best ACC.= 92.4%, Train Max Epoch=193
EarlyStopping counter: 67 out of 200
Epoch [268][SemiTeacher][UWaveGestureLibraryAll] loss= 0.02878; Epoch Label ACC.= 97.68%, UnLabel ACC.= 91.07%, Lipistz loss = 0, Train Unlabel Best ACC.= 92.4%, Train Max Epoch=193
EarlyStopping counter: 68 out of 200
Epoch [269][SemiTeacher][UWaveGestureLibraryAll] loss= 0.02870; Epoch Label ACC.= 98.25%, UnLabel ACC.= 90.74%, Lipistz loss = 0, Train Unlabel Best ACC.= 92.4%, Train Max Epoch=193
EarlyStopping counter: 69 out of 200
Epoch [270][SemiTeacher][UWaveGestureLibraryAll] loss= 0.02828; Epoch Label ACC.= 98.54%, UnLabel ACC.= 90.89%, Lipistz loss = 0, Train Unlabel Best ACC.= 92.4%, Train Max Epoch=193
EarlyStopping counter: 70 out of 200
Epoch [271][SemiTeacher][UWaveGestureLibraryAll] loss= 0.02702; Epoch Label ACC.= 98.64%, UnLabel ACC.= 91.22%, Lipistz loss = 0, Train Unlabel Best ACC.= 92.4%, Train Max Epoch=193
EarlyStopping counter: 71 out of 200
Epoch [272][SemiTeacher][UWaveGestureLibraryAll] loss= 0.02905; Epoch Label ACC.= 97.95%, UnLabel ACC.= 91.85%, Lipistz loss = 0, Train Unlabel Best ACC.= 92.4%, Train Max Epoch=193
EarlyStopping counter: 72 out of 200
Epoch [273][SemiTeacher][UWaveGestureLibraryAll] loss= 0.03050; Epoch Label ACC.= 98.62%, UnLabel ACC.= 90.85%, Lipistz loss = 0, Train Unlabel Best ACC.= 92.4%, Train Max Epoch=193
EarlyStopping counter: 73 out of 200
Epoch [274][SemiTeacher][UWaveGestureLibraryAll] loss= 0.02876; Epoch Label ACC.= 97.99%, UnLabel ACC.= 91.00%, Lipistz loss = 0, Train Unlabel Best ACC.= 92.4%, Train Max Epoch=193
EarlyStopping counter: 74 out of 200
Epoch [275][SemiTeacher][UWaveGestureLibraryAll] loss= 0.02777; Epoch Label ACC.= 98.10%, UnLabel ACC.= 91.85%, Lipistz loss = 0, Train Unlabel Best ACC.= 92.4%, Train Max Epoch=193
EarlyStopping counter: 75 out of 200
Epoch [276][SemiTeacher][UWaveGestureLibraryAll] loss= 0.02893; Epoch Label ACC.= 98.45%, UnLabel ACC.= 91.52%, Lipistz loss = 0, Train Unlabel Best ACC.= 92.4%, Train Max Epoch=193
EarlyStopping counter: 76 out of 200
Epoch [277][SemiTeacher][UWaveGestureLibraryAll] loss= 0.02641; Epoch Label ACC.= 98.58%, UnLabel ACC.= 92.00%, Lipistz loss = 0, Train Unlabel Best ACC.= 92.4%, Train Max Epoch=193
EarlyStopping counter: 77 out of 200
Epoch [278][SemiTeacher][UWaveGestureLibraryAll] loss= 0.02668; Epoch Label ACC.= 98.81%, UnLabel ACC.= 91.70%, Lipistz loss = 0, Train Unlabel Best ACC.= 92.4%, Train Max Epoch=193
EarlyStopping counter: 78 out of 200
Epoch [279][SemiTeacher][UWaveGestureLibraryAll] loss= 0.02547; Epoch Label ACC.= 98.83%, UnLabel ACC.= 90.92%, Lipistz loss = 0, Train Unlabel Best ACC.= 92.4%, Train Max Epoch=193
EarlyStopping counter: 79 out of 200
Epoch [280][SemiTeacher][UWaveGestureLibraryAll] loss= 0.02585; Epoch Label ACC.= 99.03%, UnLabel ACC.= 91.82%, Lipistz loss = 0, Train Unlabel Best ACC.= 92.4%, Train Max Epoch=193
EarlyStopping counter: 80 out of 200
Epoch [281][SemiTeacher][UWaveGestureLibraryAll] loss= 0.02832; Epoch Label ACC.= 98.57%, UnLabel ACC.= 90.29%, Lipistz loss = 0, Train Unlabel Best ACC.= 92.4%, Train Max Epoch=193
EarlyStopping counter: 81 out of 200
Epoch [282][SemiTeacher][UWaveGestureLibraryAll] loss= 0.02589; Epoch Label ACC.= 98.32%, UnLabel ACC.= 91.63%, Lipistz loss = 0, Train Unlabel Best ACC.= 92.4%, Train Max Epoch=193
EarlyStopping counter: 82 out of 200
Epoch [283][SemiTeacher][UWaveGestureLibraryAll] loss= 0.02774; Epoch Label ACC.= 98.16%, UnLabel ACC.= 92.04%, Lipistz loss = 0, Train Unlabel Best ACC.= 92.4%, Train Max Epoch=193
EarlyStopping counter: 83 out of 200
Epoch [284][SemiTeacher][UWaveGestureLibraryAll] loss= 0.02618; Epoch Label ACC.= 98.77%, UnLabel ACC.= 91.82%, Lipistz loss = 0, Train Unlabel Best ACC.= 92.4%, Train Max Epoch=193
EarlyStopping counter: 84 out of 200
Epoch [285][SemiTeacher][UWaveGestureLibraryAll] loss= 0.02978; Epoch Label ACC.= 98.66%, UnLabel ACC.= 91.48%, Lipistz loss = 0, Train Unlabel Best ACC.= 92.4%, Train Max Epoch=193
EarlyStopping counter: 85 out of 200
Epoch [286][SemiTeacher][UWaveGestureLibraryAll] loss= 0.02957; Epoch Label ACC.= 98.36%, UnLabel ACC.= 90.51%, Lipistz loss = 0, Train Unlabel Best ACC.= 92.4%, Train Max Epoch=193
EarlyStopping counter: 86 out of 200
Epoch [287][SemiTeacher][UWaveGestureLibraryAll] loss= 0.02792; Epoch Label ACC.= 98.96%, UnLabel ACC.= 90.81%, Lipistz loss = 0, Train Unlabel Best ACC.= 92.4%, Train Max Epoch=193
EarlyStopping counter: 87 out of 200
Epoch [288][SemiTeacher][UWaveGestureLibraryAll] loss= 0.02729; Epoch Label ACC.= 98.40%, UnLabel ACC.= 91.52%, Lipistz loss = 0, Train Unlabel Best ACC.= 92.4%, Train Max Epoch=193
EarlyStopping counter: 88 out of 200
Epoch [289][SemiTeacher][UWaveGestureLibraryAll] loss= 0.02772; Epoch Label ACC.= 98.18%, UnLabel ACC.= 91.00%, Lipistz loss = 0, Train Unlabel Best ACC.= 92.4%, Train Max Epoch=193
EarlyStopping counter: 89 out of 200
Epoch [290][SemiTeacher][UWaveGestureLibraryAll] loss= 0.02705; Epoch Label ACC.= 99.11%, UnLabel ACC.= 91.63%, Lipistz loss = 0, Train Unlabel Best ACC.= 92.4%, Train Max Epoch=193
EarlyStopping counter: 90 out of 200
Epoch [291][SemiTeacher][UWaveGestureLibraryAll] loss= 0.02863; Epoch Label ACC.= 97.69%, UnLabel ACC.= 90.74%, Lipistz loss = 0, Train Unlabel Best ACC.= 92.4%, Train Max Epoch=193
EarlyStopping counter: 91 out of 200
Epoch [292][SemiTeacher][UWaveGestureLibraryAll] loss= 0.03096; Epoch Label ACC.= 98.81%, UnLabel ACC.= 90.44%, Lipistz loss = 0, Train Unlabel Best ACC.= 92.4%, Train Max Epoch=193
EarlyStopping counter: 92 out of 200
Epoch [293][SemiTeacher][UWaveGestureLibraryAll] loss= 0.02785; Epoch Label ACC.= 98.11%, UnLabel ACC.= 91.63%, Lipistz loss = 0, Train Unlabel Best ACC.= 92.4%, Train Max Epoch=193
EarlyStopping counter: 93 out of 200
Epoch [294][SemiTeacher][UWaveGestureLibraryAll] loss= 0.02955; Epoch Label ACC.= 98.36%, UnLabel ACC.= 91.48%, Lipistz loss = 0, Train Unlabel Best ACC.= 92.4%, Train Max Epoch=193
EarlyStopping counter: 94 out of 200
Epoch [295][SemiTeacher][UWaveGestureLibraryAll] loss= 0.02878; Epoch Label ACC.= 98.21%, UnLabel ACC.= 92.37%, Lipistz loss = 0, Train Unlabel Best ACC.= 92.4%, Train Max Epoch=193
EarlyStopping counter: 95 out of 200
Epoch [296][SemiTeacher][UWaveGestureLibraryAll] loss= 0.02600; Epoch Label ACC.= 98.44%, UnLabel ACC.= 92.34%, Lipistz loss = 0, Train Unlabel Best ACC.= 92.4%, Train Max Epoch=193
EarlyStopping counter: 96 out of 200
Epoch [297][SemiTeacher][UWaveGestureLibraryAll] loss= 0.03103; Epoch Label ACC.= 98.15%, UnLabel ACC.= 90.55%, Lipistz loss = 0, Train Unlabel Best ACC.= 92.4%, Train Max Epoch=193
EarlyStopping counter: 97 out of 200
Epoch [298][SemiTeacher][UWaveGestureLibraryAll] loss= 0.02888; Epoch Label ACC.= 98.75%, UnLabel ACC.= 90.66%, Lipistz loss = 0, Train Unlabel Best ACC.= 92.4%, Train Max Epoch=193
EarlyStopping counter: 98 out of 200
Epoch [299][SemiTeacher][UWaveGestureLibraryAll] loss= 0.02994; Epoch Label ACC.= 98.68%, UnLabel ACC.= 90.81%, Lipistz loss = 0, Train Unlabel Best ACC.= 92.4%, Train Max Epoch=193
EarlyStopping counter: 99 out of 200
Epoch [300][SemiTeacher][UWaveGestureLibraryAll] loss= 0.02956; Epoch Label ACC.= 97.68%, UnLabel ACC.= 91.33%, Lipistz loss = 0, Train Unlabel Best ACC.= 92.4%, Train Max Epoch=193
EarlyStopping counter: 100 out of 200
Epoch [301][SemiTeacher][UWaveGestureLibraryAll] loss= 0.02492; Epoch Label ACC.= 98.70%, UnLabel ACC.= 91.74%, Lipistz loss = 0, Train Unlabel Best ACC.= 92.4%, Train Max Epoch=193
EarlyStopping counter: 101 out of 200
Epoch [302][SemiTeacher][UWaveGestureLibraryAll] loss= 0.02751; Epoch Label ACC.= 98.68%, UnLabel ACC.= 91.00%, Lipistz loss = 0, Train Unlabel Best ACC.= 92.4%, Train Max Epoch=193
EarlyStopping counter: 102 out of 200
Epoch [303][SemiTeacher][UWaveGestureLibraryAll] loss= 0.02721; Epoch Label ACC.= 98.53%, UnLabel ACC.= 92.08%, Lipistz loss = 0, Train Unlabel Best ACC.= 92.4%, Train Max Epoch=193
EarlyStopping counter: 103 out of 200
Epoch [304][SemiTeacher][UWaveGestureLibraryAll] loss= 0.02703; Epoch Label ACC.= 98.00%, UnLabel ACC.= 92.00%, Lipistz loss = 0, Train Unlabel Best ACC.= 92.4%, Train Max Epoch=193
EarlyStopping counter: 104 out of 200
Epoch [305][SemiTeacher][UWaveGestureLibraryAll] loss= 0.02843; Epoch Label ACC.= 98.12%, UnLabel ACC.= 91.37%, Lipistz loss = 0, Train Unlabel Best ACC.= 92.4%, Train Max Epoch=193
EarlyStopping counter: 105 out of 200
Epoch [306][SemiTeacher][UWaveGestureLibraryAll] loss= 0.02906; Epoch Label ACC.= 98.12%, UnLabel ACC.= 91.89%, Lipistz loss = 0, Train Unlabel Best ACC.= 92.4%, Train Max Epoch=193
EarlyStopping counter: 106 out of 200
Epoch [307][SemiTeacher][UWaveGestureLibraryAll] loss= 0.02788; Epoch Label ACC.= 98.01%, UnLabel ACC.= 91.48%, Lipistz loss = 0, Train Unlabel Best ACC.= 92.4%, Train Max Epoch=193
EarlyStopping counter: 107 out of 200
Epoch [308][SemiTeacher][UWaveGestureLibraryAll] loss= 0.02814; Epoch Label ACC.= 98.77%, UnLabel ACC.= 91.96%, Lipistz loss = 0, Train Unlabel Best ACC.= 92.4%, Train Max Epoch=193
EarlyStopping counter: 108 out of 200
Epoch [309][SemiTeacher][UWaveGestureLibraryAll] loss= 0.02815; Epoch Label ACC.= 98.73%, UnLabel ACC.= 91.22%, Lipistz loss = 0, Train Unlabel Best ACC.= 92.4%, Train Max Epoch=193
EarlyStopping counter: 109 out of 200
Epoch [310][SemiTeacher][UWaveGestureLibraryAll] loss= 0.02989; Epoch Label ACC.= 97.80%, UnLabel ACC.= 91.63%, Lipistz loss = 0, Train Unlabel Best ACC.= 92.4%, Train Max Epoch=193
EarlyStopping counter: 110 out of 200
Epoch [311][SemiTeacher][UWaveGestureLibraryAll] loss= 0.02793; Epoch Label ACC.= 98.28%, UnLabel ACC.= 90.74%, Lipistz loss = 0, Train Unlabel Best ACC.= 92.4%, Train Max Epoch=193
EarlyStopping counter: 111 out of 200
Epoch [312][SemiTeacher][UWaveGestureLibraryAll] loss= 0.03082; Epoch Label ACC.= 98.14%, UnLabel ACC.= 91.07%, Lipistz loss = 0, Train Unlabel Best ACC.= 92.4%, Train Max Epoch=193
EarlyStopping counter: 112 out of 200
Epoch [313][SemiTeacher][UWaveGestureLibraryAll] loss= 0.02852; Epoch Label ACC.= 98.62%, UnLabel ACC.= 91.96%, Lipistz loss = 0, Train Unlabel Best ACC.= 92.4%, Train Max Epoch=193
EarlyStopping counter: 113 out of 200
Epoch [314][SemiTeacher][UWaveGestureLibraryAll] loss= 0.02752; Epoch Label ACC.= 98.68%, UnLabel ACC.= 92.30%, Lipistz loss = 0, Train Unlabel Best ACC.= 92.4%, Train Max Epoch=193
EarlyStopping counter: 114 out of 200
Epoch [315][SemiTeacher][UWaveGestureLibraryAll] loss= 0.03182; Epoch Label ACC.= 97.78%, UnLabel ACC.= 91.07%, Lipistz loss = 0, Train Unlabel Best ACC.= 92.4%, Train Max Epoch=193
EarlyStopping counter: 115 out of 200
Epoch [316][SemiTeacher][UWaveGestureLibraryAll] loss= 0.02991; Epoch Label ACC.= 98.51%, UnLabel ACC.= 90.44%, Lipistz loss = 0, Train Unlabel Best ACC.= 92.4%, Train Max Epoch=193
EarlyStopping counter: 116 out of 200
Epoch [317][SemiTeacher][UWaveGestureLibraryAll] loss= 0.02733; Epoch Label ACC.= 98.62%, UnLabel ACC.= 91.37%, Lipistz loss = 0, Train Unlabel Best ACC.= 92.4%, Train Max Epoch=193
EarlyStopping counter: 117 out of 200
Epoch [318][SemiTeacher][UWaveGestureLibraryAll] loss= 0.02608; Epoch Label ACC.= 98.19%, UnLabel ACC.= 91.48%, Lipistz loss = 0, Train Unlabel Best ACC.= 92.4%, Train Max Epoch=193
EarlyStopping counter: 118 out of 200
Epoch [319][SemiTeacher][UWaveGestureLibraryAll] loss= 0.02695; Epoch Label ACC.= 98.92%, UnLabel ACC.= 92.19%, Lipistz loss = 0, Train Unlabel Best ACC.= 92.4%, Train Max Epoch=193
EarlyStopping counter: 119 out of 200
Epoch [320][SemiTeacher][UWaveGestureLibraryAll] loss= 0.02487; Epoch Label ACC.= 98.62%, UnLabel ACC.= 91.29%, Lipistz loss = 0, Train Unlabel Best ACC.= 92.4%, Train Max Epoch=193
EarlyStopping counter: 120 out of 200
Epoch [321][SemiTeacher][UWaveGestureLibraryAll] loss= 0.02785; Epoch Label ACC.= 98.32%, UnLabel ACC.= 91.70%, Lipistz loss = 0, Train Unlabel Best ACC.= 92.4%, Train Max Epoch=193
EarlyStopping counter: 121 out of 200
Epoch [322][SemiTeacher][UWaveGestureLibraryAll] loss= 0.02763; Epoch Label ACC.= 98.10%, UnLabel ACC.= 92.11%, Lipistz loss = 0, Train Unlabel Best ACC.= 92.4%, Train Max Epoch=193
EarlyStopping counter: 122 out of 200
Epoch [323][SemiTeacher][UWaveGestureLibraryAll] loss= 0.02999; Epoch Label ACC.= 97.97%, UnLabel ACC.= 91.59%, Lipistz loss = 0, Train Unlabel Best ACC.= 92.4%, Train Max Epoch=193
EarlyStopping counter: 123 out of 200
Epoch [324][SemiTeacher][UWaveGestureLibraryAll] loss= 0.03015; Epoch Label ACC.= 97.72%, UnLabel ACC.= 90.92%, Lipistz loss = 0, Train Unlabel Best ACC.= 92.4%, Train Max Epoch=193
EarlyStopping counter: 124 out of 200
Epoch [325][SemiTeacher][UWaveGestureLibraryAll] loss= 0.02946; Epoch Label ACC.= 98.56%, UnLabel ACC.= 90.77%, Lipistz loss = 0, Train Unlabel Best ACC.= 92.4%, Train Max Epoch=193
EarlyStopping counter: 125 out of 200
Epoch [326][SemiTeacher][UWaveGestureLibraryAll] loss= 0.03088; Epoch Label ACC.= 97.95%, UnLabel ACC.= 90.92%, Lipistz loss = 0, Train Unlabel Best ACC.= 92.4%, Train Max Epoch=193
EarlyStopping counter: 126 out of 200
Epoch [327][SemiTeacher][UWaveGestureLibraryAll] loss= 0.02716; Epoch Label ACC.= 98.47%, UnLabel ACC.= 92.08%, Lipistz loss = 0, Train Unlabel Best ACC.= 92.4%, Train Max Epoch=193
EarlyStopping counter: 127 out of 200
Epoch [328][SemiTeacher][UWaveGestureLibraryAll] loss= 0.02632; Epoch Label ACC.= 98.51%, UnLabel ACC.= 92.11%, Lipistz loss = 0, Train Unlabel Best ACC.= 92.4%, Train Max Epoch=193
EarlyStopping counter: 128 out of 200
Epoch [329][SemiTeacher][UWaveGestureLibraryAll] loss= 0.02782; Epoch Label ACC.= 98.55%, UnLabel ACC.= 92.00%, Lipistz loss = 0, Train Unlabel Best ACC.= 92.4%, Train Max Epoch=193
EarlyStopping counter: 129 out of 200
Epoch [330][SemiTeacher][UWaveGestureLibraryAll] loss= 0.02962; Epoch Label ACC.= 98.36%, UnLabel ACC.= 91.15%, Lipistz loss = 0, Train Unlabel Best ACC.= 92.4%, Train Max Epoch=193
EarlyStopping counter: 130 out of 200
Epoch [331][SemiTeacher][UWaveGestureLibraryAll] loss= 0.02511; Epoch Label ACC.= 98.38%, UnLabel ACC.= 92.26%, Lipistz loss = 0, Train Unlabel Best ACC.= 92.4%, Train Max Epoch=193
EarlyStopping counter: 131 out of 200
Epoch [332][SemiTeacher][UWaveGestureLibraryAll] loss= 0.02726; Epoch Label ACC.= 99.09%, UnLabel ACC.= 91.85%, Lipistz loss = 0, Train Unlabel Best ACC.= 92.4%, Train Max Epoch=193
EarlyStopping counter: 132 out of 200
Epoch [333][SemiTeacher][UWaveGestureLibraryAll] loss= 0.03166; Epoch Label ACC.= 98.43%, UnLabel ACC.= 90.66%, Lipistz loss = 0, Train Unlabel Best ACC.= 92.4%, Train Max Epoch=193
EarlyStopping counter: 133 out of 200
Epoch [334][SemiTeacher][UWaveGestureLibraryAll] loss= 0.02726; Epoch Label ACC.= 98.00%, UnLabel ACC.= 92.30%, Lipistz loss = 0, Train Unlabel Best ACC.= 92.4%, Train Max Epoch=193
EarlyStopping counter: 134 out of 200
Epoch [335][SemiTeacher][UWaveGestureLibraryAll] loss= 0.02958; Epoch Label ACC.= 97.80%, UnLabel ACC.= 89.96%, Lipistz loss = 0, Train Unlabel Best ACC.= 92.4%, Train Max Epoch=193
EarlyStopping counter: 135 out of 200
Epoch [336][SemiTeacher][UWaveGestureLibraryAll] loss= 0.02550; Epoch Label ACC.= 98.60%, UnLabel ACC.= 91.82%, Lipistz loss = 0, Train Unlabel Best ACC.= 92.4%, Train Max Epoch=193
EarlyStopping counter: 136 out of 200
Epoch [337][SemiTeacher][UWaveGestureLibraryAll] loss= 0.02688; Epoch Label ACC.= 98.32%, UnLabel ACC.= 90.55%, Lipistz loss = 0, Train Unlabel Best ACC.= 92.4%, Train Max Epoch=193
EarlyStopping counter: 137 out of 200
Epoch [338][SemiTeacher][UWaveGestureLibraryAll] loss= 0.02701; Epoch Label ACC.= 98.31%, UnLabel ACC.= 90.81%, Lipistz loss = 0, Train Unlabel Best ACC.= 92.4%, Train Max Epoch=193
EarlyStopping counter: 138 out of 200
Epoch [339][SemiTeacher][UWaveGestureLibraryAll] loss= 0.02918; Epoch Label ACC.= 97.61%, UnLabel ACC.= 91.56%, Lipistz loss = 0, Train Unlabel Best ACC.= 92.4%, Train Max Epoch=193
EarlyStopping counter: 139 out of 200
Epoch [340][SemiTeacher][UWaveGestureLibraryAll] loss= 0.02642; Epoch Label ACC.= 98.64%, UnLabel ACC.= 92.08%, Lipistz loss = 0, Train Unlabel Best ACC.= 92.4%, Train Max Epoch=193
EarlyStopping counter: 140 out of 200
Epoch [341][SemiTeacher][UWaveGestureLibraryAll] loss= 0.02650; Epoch Label ACC.= 98.83%, UnLabel ACC.= 91.33%, Lipistz loss = 0, Train Unlabel Best ACC.= 92.4%, Train Max Epoch=193
EarlyStopping counter: 141 out of 200
Epoch [342][SemiTeacher][UWaveGestureLibraryAll] loss= 0.02658; Epoch Label ACC.= 98.58%, UnLabel ACC.= 91.18%, Lipistz loss = 0, Train Unlabel Best ACC.= 92.4%, Train Max Epoch=193
EarlyStopping counter: 142 out of 200
Epoch [343][SemiTeacher][UWaveGestureLibraryAll] loss= 0.02983; Epoch Label ACC.= 98.40%, UnLabel ACC.= 91.74%, Lipistz loss = 0, Train Unlabel Best ACC.= 92.4%, Train Max Epoch=193
EarlyStopping counter: 143 out of 200
Epoch [344][SemiTeacher][UWaveGestureLibraryAll] loss= 0.02797; Epoch Label ACC.= 98.33%, UnLabel ACC.= 92.00%, Lipistz loss = 0, Train Unlabel Best ACC.= 92.4%, Train Max Epoch=193
EarlyStopping counter: 144 out of 200
Epoch [345][SemiTeacher][UWaveGestureLibraryAll] loss= 0.02679; Epoch Label ACC.= 98.03%, UnLabel ACC.= 92.11%, Lipistz loss = 0, Train Unlabel Best ACC.= 92.4%, Train Max Epoch=193
EarlyStopping counter: 145 out of 200
Epoch [346][SemiTeacher][UWaveGestureLibraryAll] loss= 0.02766; Epoch Label ACC.= 98.51%, UnLabel ACC.= 92.19%, Lipistz loss = 0, Train Unlabel Best ACC.= 92.4%, Train Max Epoch=193
EarlyStopping counter: 146 out of 200
Epoch [347][SemiTeacher][UWaveGestureLibraryAll] loss= 0.02841; Epoch Label ACC.= 98.19%, UnLabel ACC.= 92.45%, Lipistz loss = 0, Train Unlabel Best ACC.= 92.4%, Train Max Epoch=346
EarlyStopping counter: 147 out of 200
Epoch [348][SemiTeacher][UWaveGestureLibraryAll] loss= 0.02732; Epoch Label ACC.= 97.93%, UnLabel ACC.= 91.96%, Lipistz loss = 0, Train Unlabel Best ACC.= 92.4%, Train Max Epoch=346
EarlyStopping counter: 148 out of 200
Epoch [349][SemiTeacher][UWaveGestureLibraryAll] loss= 0.02619; Epoch Label ACC.= 97.85%, UnLabel ACC.= 92.26%, Lipistz loss = 0, Train Unlabel Best ACC.= 92.4%, Train Max Epoch=346
EarlyStopping counter: 149 out of 200
Epoch [350][SemiTeacher][UWaveGestureLibraryAll] loss= 0.02877; Epoch Label ACC.= 98.44%, UnLabel ACC.= 92.52%, Lipistz loss = 0, Train Unlabel Best ACC.= 92.5%, Train Max Epoch=349
EarlyStopping counter: 150 out of 200
Epoch [351][SemiTeacher][UWaveGestureLibraryAll] loss= 0.02826; Epoch Label ACC.= 98.88%, UnLabel ACC.= 92.26%, Lipistz loss = 0, Train Unlabel Best ACC.= 92.5%, Train Max Epoch=349
EarlyStopping counter: 151 out of 200
Epoch [352][SemiTeacher][UWaveGestureLibraryAll] loss= 0.02794; Epoch Label ACC.= 97.93%, UnLabel ACC.= 91.82%, Lipistz loss = 0, Train Unlabel Best ACC.= 92.5%, Train Max Epoch=349
EarlyStopping counter: 152 out of 200
Epoch [353][SemiTeacher][UWaveGestureLibraryAll] loss= 0.02960; Epoch Label ACC.= 98.11%, UnLabel ACC.= 91.48%, Lipistz loss = 0, Train Unlabel Best ACC.= 92.5%, Train Max Epoch=349
EarlyStopping counter: 153 out of 200
Epoch [354][SemiTeacher][UWaveGestureLibraryAll] loss= 0.02826; Epoch Label ACC.= 98.77%, UnLabel ACC.= 91.63%, Lipistz loss = 0, Train Unlabel Best ACC.= 92.5%, Train Max Epoch=349
EarlyStopping counter: 154 out of 200
Epoch [355][SemiTeacher][UWaveGestureLibraryAll] loss= 0.02553; Epoch Label ACC.= 98.66%, UnLabel ACC.= 92.15%, Lipistz loss = 0, Train Unlabel Best ACC.= 92.5%, Train Max Epoch=349
EarlyStopping counter: 155 out of 200
Epoch [356][SemiTeacher][UWaveGestureLibraryAll] loss= 0.02591; Epoch Label ACC.= 98.57%, UnLabel ACC.= 91.85%, Lipistz loss = 0, Train Unlabel Best ACC.= 92.5%, Train Max Epoch=349
EarlyStopping counter: 156 out of 200
Epoch [357][SemiTeacher][UWaveGestureLibraryAll] loss= 0.02594; Epoch Label ACC.= 98.40%, UnLabel ACC.= 91.52%, Lipistz loss = 0, Train Unlabel Best ACC.= 92.5%, Train Max Epoch=349
EarlyStopping counter: 157 out of 200
Epoch [358][SemiTeacher][UWaveGestureLibraryAll] loss= 0.02951; Epoch Label ACC.= 98.34%, UnLabel ACC.= 91.56%, Lipistz loss = 0, Train Unlabel Best ACC.= 92.5%, Train Max Epoch=349
EarlyStopping counter: 158 out of 200
Epoch [359][SemiTeacher][UWaveGestureLibraryAll] loss= 0.02620; Epoch Label ACC.= 98.62%, UnLabel ACC.= 92.08%, Lipistz loss = 0, Train Unlabel Best ACC.= 92.5%, Train Max Epoch=349
EarlyStopping counter: 159 out of 200
Epoch [360][SemiTeacher][UWaveGestureLibraryAll] loss= 0.02726; Epoch Label ACC.= 98.36%, UnLabel ACC.= 92.26%, Lipistz loss = 0, Train Unlabel Best ACC.= 92.5%, Train Max Epoch=349
EarlyStopping counter: 160 out of 200
Epoch [361][SemiTeacher][UWaveGestureLibraryAll] loss= 0.02755; Epoch Label ACC.= 98.40%, UnLabel ACC.= 91.26%, Lipistz loss = 0, Train Unlabel Best ACC.= 92.5%, Train Max Epoch=349
EarlyStopping counter: 161 out of 200
Epoch [362][SemiTeacher][UWaveGestureLibraryAll] loss= 0.02834; Epoch Label ACC.= 97.83%, UnLabel ACC.= 91.82%, Lipistz loss = 0, Train Unlabel Best ACC.= 92.5%, Train Max Epoch=349
EarlyStopping counter: 162 out of 200
Epoch [363][SemiTeacher][UWaveGestureLibraryAll] loss= 0.02844; Epoch Label ACC.= 98.60%, UnLabel ACC.= 91.89%, Lipistz loss = 0, Train Unlabel Best ACC.= 92.5%, Train Max Epoch=349
EarlyStopping counter: 163 out of 200
Epoch [364][SemiTeacher][UWaveGestureLibraryAll] loss= 0.02558; Epoch Label ACC.= 98.55%, UnLabel ACC.= 92.71%, Lipistz loss = 0, Train Unlabel Best ACC.= 92.7%, Train Max Epoch=363
EarlyStopping counter: 164 out of 200
Epoch [365][SemiTeacher][UWaveGestureLibraryAll] loss= 0.02507; Epoch Label ACC.= 98.60%, UnLabel ACC.= 92.34%, Lipistz loss = 0, Train Unlabel Best ACC.= 92.7%, Train Max Epoch=363
EarlyStopping counter: 165 out of 200
Epoch [366][SemiTeacher][UWaveGestureLibraryAll] loss= 0.02290; Epoch Label ACC.= 98.77%, UnLabel ACC.= 92.34%, Lipistz loss = 0, Train Unlabel Best ACC.= 92.7%, Train Max Epoch=363
EarlyStopping counter: 166 out of 200
Epoch [367][SemiTeacher][UWaveGestureLibraryAll] loss= 0.02677; Epoch Label ACC.= 98.21%, UnLabel ACC.= 92.04%, Lipistz loss = 0, Train Unlabel Best ACC.= 92.7%, Train Max Epoch=363
EarlyStopping counter: 167 out of 200
Epoch [368][SemiTeacher][UWaveGestureLibraryAll] loss= 0.02749; Epoch Label ACC.= 98.64%, UnLabel ACC.= 92.00%, Lipistz loss = 0, Train Unlabel Best ACC.= 92.7%, Train Max Epoch=363
EarlyStopping counter: 168 out of 200
Epoch [369][SemiTeacher][UWaveGestureLibraryAll] loss= 0.02684; Epoch Label ACC.= 98.21%, UnLabel ACC.= 92.30%, Lipistz loss = 0, Train Unlabel Best ACC.= 92.7%, Train Max Epoch=363
EarlyStopping counter: 169 out of 200
Epoch [370][SemiTeacher][UWaveGestureLibraryAll] loss= 0.02720; Epoch Label ACC.= 98.53%, UnLabel ACC.= 90.66%, Lipistz loss = 0, Train Unlabel Best ACC.= 92.7%, Train Max Epoch=363
EarlyStopping counter: 170 out of 200
Epoch [371][SemiTeacher][UWaveGestureLibraryAll] loss= 0.02659; Epoch Label ACC.= 98.33%, UnLabel ACC.= 91.82%, Lipistz loss = 0, Train Unlabel Best ACC.= 92.7%, Train Max Epoch=363
EarlyStopping counter: 171 out of 200
Epoch [372][SemiTeacher][UWaveGestureLibraryAll] loss= 0.02714; Epoch Label ACC.= 98.40%, UnLabel ACC.= 91.59%, Lipistz loss = 0, Train Unlabel Best ACC.= 92.7%, Train Max Epoch=363
EarlyStopping counter: 172 out of 200
Epoch [373][SemiTeacher][UWaveGestureLibraryAll] loss= 0.02578; Epoch Label ACC.= 98.92%, UnLabel ACC.= 92.00%, Lipistz loss = 0, Train Unlabel Best ACC.= 92.7%, Train Max Epoch=363
EarlyStopping counter: 173 out of 200
Epoch [374][SemiTeacher][UWaveGestureLibraryAll] loss= 0.02635; Epoch Label ACC.= 98.83%, UnLabel ACC.= 91.74%, Lipistz loss = 0, Train Unlabel Best ACC.= 92.7%, Train Max Epoch=363
EarlyStopping counter: 174 out of 200
Epoch [375][SemiTeacher][UWaveGestureLibraryAll] loss= 0.02675; Epoch Label ACC.= 98.68%, UnLabel ACC.= 92.11%, Lipistz loss = 0, Train Unlabel Best ACC.= 92.7%, Train Max Epoch=363
EarlyStopping counter: 175 out of 200
Epoch [376][SemiTeacher][UWaveGestureLibraryAll] loss= 0.02612; Epoch Label ACC.= 98.38%, UnLabel ACC.= 91.78%, Lipistz loss = 0, Train Unlabel Best ACC.= 92.7%, Train Max Epoch=363
EarlyStopping counter: 176 out of 200
Epoch [377][SemiTeacher][UWaveGestureLibraryAll] loss= 0.02718; Epoch Label ACC.= 99.14%, UnLabel ACC.= 91.11%, Lipistz loss = 0, Train Unlabel Best ACC.= 92.7%, Train Max Epoch=363
EarlyStopping counter: 177 out of 200
Epoch [378][SemiTeacher][UWaveGestureLibraryAll] loss= 0.02689; Epoch Label ACC.= 98.51%, UnLabel ACC.= 92.00%, Lipistz loss = 0, Train Unlabel Best ACC.= 92.7%, Train Max Epoch=363
EarlyStopping counter: 178 out of 200
Epoch [379][SemiTeacher][UWaveGestureLibraryAll] loss= 0.02867; Epoch Label ACC.= 97.73%, UnLabel ACC.= 91.78%, Lipistz loss = 0, Train Unlabel Best ACC.= 92.7%, Train Max Epoch=363
EarlyStopping counter: 179 out of 200
Epoch [380][SemiTeacher][UWaveGestureLibraryAll] loss= 0.03022; Epoch Label ACC.= 98.77%, UnLabel ACC.= 92.26%, Lipistz loss = 0, Train Unlabel Best ACC.= 92.7%, Train Max Epoch=363
EarlyStopping counter: 180 out of 200
Epoch [381][SemiTeacher][UWaveGestureLibraryAll] loss= 0.02647; Epoch Label ACC.= 98.66%, UnLabel ACC.= 90.66%, Lipistz loss = 0, Train Unlabel Best ACC.= 92.7%, Train Max Epoch=363
EarlyStopping counter: 181 out of 200
Epoch [382][SemiTeacher][UWaveGestureLibraryAll] loss= 0.02677; Epoch Label ACC.= 98.14%, UnLabel ACC.= 92.30%, Lipistz loss = 0, Train Unlabel Best ACC.= 92.7%, Train Max Epoch=363
EarlyStopping counter: 182 out of 200
Epoch [383][SemiTeacher][UWaveGestureLibraryAll] loss= 0.02730; Epoch Label ACC.= 98.75%, UnLabel ACC.= 91.67%, Lipistz loss = 0, Train Unlabel Best ACC.= 92.7%, Train Max Epoch=363
EarlyStopping counter: 183 out of 200
Epoch [384][SemiTeacher][UWaveGestureLibraryAll] loss= 0.02850; Epoch Label ACC.= 98.17%, UnLabel ACC.= 91.59%, Lipistz loss = 0, Train Unlabel Best ACC.= 92.7%, Train Max Epoch=363
EarlyStopping counter: 184 out of 200
Epoch [385][SemiTeacher][UWaveGestureLibraryAll] loss= 0.02779; Epoch Label ACC.= 98.51%, UnLabel ACC.= 91.67%, Lipistz loss = 0, Train Unlabel Best ACC.= 92.7%, Train Max Epoch=363
EarlyStopping counter: 185 out of 200
Epoch [386][SemiTeacher][UWaveGestureLibraryAll] loss= 0.02415; Epoch Label ACC.= 98.19%, UnLabel ACC.= 91.89%, Lipistz loss = 0, Train Unlabel Best ACC.= 92.7%, Train Max Epoch=363
EarlyStopping counter: 186 out of 200
Epoch [387][SemiTeacher][UWaveGestureLibraryAll] loss= 0.02415; Epoch Label ACC.= 98.96%, UnLabel ACC.= 91.52%, Lipistz loss = 0, Train Unlabel Best ACC.= 92.7%, Train Max Epoch=363
EarlyStopping counter: 187 out of 200
Epoch [388][SemiTeacher][UWaveGestureLibraryAll] loss= 0.02793; Epoch Label ACC.= 98.92%, UnLabel ACC.= 91.67%, Lipistz loss = 0, Train Unlabel Best ACC.= 92.7%, Train Max Epoch=363
EarlyStopping counter: 188 out of 200
Epoch [389][SemiTeacher][UWaveGestureLibraryAll] loss= 0.02491; Epoch Label ACC.= 99.09%, UnLabel ACC.= 91.70%, Lipistz loss = 0, Train Unlabel Best ACC.= 92.7%, Train Max Epoch=363
EarlyStopping counter: 189 out of 200
Epoch [390][SemiTeacher][UWaveGestureLibraryAll] loss= 0.02817; Epoch Label ACC.= 98.66%, UnLabel ACC.= 90.96%, Lipistz loss = 0, Train Unlabel Best ACC.= 92.7%, Train Max Epoch=363
EarlyStopping counter: 190 out of 200
Epoch [391][SemiTeacher][UWaveGestureLibraryAll] loss= 0.02680; Epoch Label ACC.= 98.86%, UnLabel ACC.= 91.56%, Lipistz loss = 0, Train Unlabel Best ACC.= 92.7%, Train Max Epoch=363
EarlyStopping counter: 191 out of 200
Epoch [392][SemiTeacher][UWaveGestureLibraryAll] loss= 0.02586; Epoch Label ACC.= 99.33%, UnLabel ACC.= 91.82%, Lipistz loss = 0, Train Unlabel Best ACC.= 92.7%, Train Max Epoch=363
EarlyStopping counter: 192 out of 200
Epoch [393][SemiTeacher][UWaveGestureLibraryAll] loss= 0.02806; Epoch Label ACC.= 98.14%, UnLabel ACC.= 91.82%, Lipistz loss = 0, Train Unlabel Best ACC.= 92.7%, Train Max Epoch=363
EarlyStopping counter: 193 out of 200
Epoch [394][SemiTeacher][UWaveGestureLibraryAll] loss= 0.02600; Epoch Label ACC.= 98.68%, UnLabel ACC.= 91.70%, Lipistz loss = 0, Train Unlabel Best ACC.= 92.7%, Train Max Epoch=363
EarlyStopping counter: 194 out of 200
Epoch [395][SemiTeacher][UWaveGestureLibraryAll] loss= 0.02466; Epoch Label ACC.= 98.55%, UnLabel ACC.= 90.92%, Lipistz loss = 0, Train Unlabel Best ACC.= 92.7%, Train Max Epoch=363
EarlyStopping counter: 195 out of 200
Epoch [396][SemiTeacher][UWaveGestureLibraryAll] loss= 0.02565; Epoch Label ACC.= 99.50%, UnLabel ACC.= 90.92%, Lipistz loss = 0, Train Unlabel Best ACC.= 92.7%, Train Max Epoch=363
EarlyStopping counter: 196 out of 200
Epoch [397][SemiTeacher][UWaveGestureLibraryAll] loss= 0.02539; Epoch Label ACC.= 98.64%, UnLabel ACC.= 91.82%, Lipistz loss = 0, Train Unlabel Best ACC.= 92.7%, Train Max Epoch=363
EarlyStopping counter: 197 out of 200
Epoch [398][SemiTeacher][UWaveGestureLibraryAll] loss= 0.02581; Epoch Label ACC.= 98.90%, UnLabel ACC.= 91.93%, Lipistz loss = 0, Train Unlabel Best ACC.= 92.7%, Train Max Epoch=363
EarlyStopping counter: 198 out of 200
Epoch [399][SemiTeacher][UWaveGestureLibraryAll] loss= 0.02580; Epoch Label ACC.= 98.77%, UnLabel ACC.= 91.89%, Lipistz loss = 0, Train Unlabel Best ACC.= 92.7%, Train Max Epoch=363
EarlyStopping counter: 199 out of 200
[INFO] save backbone at epoch 399!
Epoch [400][SemiTeacher][UWaveGestureLibraryAll] loss= 0.02503; Epoch Label ACC.= 98.81%, UnLabel ACC.= 91.48%, Lipistz loss = 0, Train Unlabel Best ACC.= 92.7%, Train Max Epoch=363
EarlyStopping counter: 200 out of 200
Early stopping
[INFO] Running at: UWaveGestureLibraryAll
[INFO] UWaveGestureLibraryAll
[Stat] All class: {0: 559, 1: 560, 2: 560, 3: 560, 4: 560, 5: 560, 6: 559, 7: 560}
[Stat] Train class: mean=336.0, std=0.0
[Stat] Val class: mean=112.0, std=0.0
[Stat] Test class: mean=111.75, std=0.4330127018922193
Train:(2688, 945, 1), Test:(894, 945, 1), Class:8
rp_params: [3, 945]
[Test-0] Val ACC:55.58%, Best Test ACC.: 53.73% in Epoch 0
Epoch [1][SemiTeacher][UWaveGestureLibraryAll] loss= 0.00315; Epoch Label ACC.= 25.18%, UnLabel ACC.= 23.40%, Lipistz loss = 0, Train Unlabel Best ACC.= 23.4%, Train Max Epoch=0
[Test-1] Val ACC:79.24%, Best Test ACC.: 78.76% in Epoch 1
Validation loss decreased (inf --> 79.241071).  Saving model ...
Epoch [2][SemiTeacher][UWaveGestureLibraryAll] loss= 0.03138; Epoch Label ACC.= 59.29%, UnLabel ACC.= 56.70%, Lipistz loss = 0, Train Unlabel Best ACC.= 56.7%, Train Max Epoch=1
[Test-2] Val ACC:84.60%, Best Test ACC.: 83.02% in Epoch 2
Validation loss decreased (79.241071 --> 84.598214).  Saving model ...
Epoch [3][SemiTeacher][UWaveGestureLibraryAll] loss= 0.04324; Epoch Label ACC.= 76.20%, UnLabel ACC.= 69.83%, Lipistz loss = 0, Train Unlabel Best ACC.= 69.8%, Train Max Epoch=2
[Test-3] Val ACC:89.40%, Best Test ACC.: 88.82% in Epoch 3
Validation loss decreased (84.598214 --> 89.397321).  Saving model ...
Epoch [4][SemiTeacher][UWaveGestureLibraryAll] loss= 0.04196; Epoch Label ACC.= 81.92%, UnLabel ACC.= 75.93%, Lipistz loss = 0, Train Unlabel Best ACC.= 75.9%, Train Max Epoch=3
EarlyStopping counter: 1 out of 200
Epoch [5][SemiTeacher][UWaveGestureLibraryAll] loss= 0.04055; Epoch Label ACC.= 83.32%, UnLabel ACC.= 76.97%, Lipistz loss = 0, Train Unlabel Best ACC.= 77.0%, Train Max Epoch=4
EarlyStopping counter: 2 out of 200
Epoch [6][SemiTeacher][UWaveGestureLibraryAll] loss= 0.04074; Epoch Label ACC.= 81.93%, UnLabel ACC.= 75.37%, Lipistz loss = 0, Train Unlabel Best ACC.= 77.0%, Train Max Epoch=4
[Test-6] Val ACC:89.51%, Best Test ACC.: 90.29% in Epoch 6
Validation loss decreased (89.397321 --> 89.508929).  Saving model ...
Epoch [7][SemiTeacher][UWaveGestureLibraryAll] loss= 0.03978; Epoch Label ACC.= 86.62%, UnLabel ACC.= 78.76%, Lipistz loss = 0, Train Unlabel Best ACC.= 78.8%, Train Max Epoch=6
[Test-7] Val ACC:90.51%, Best Test ACC.: 90.96% in Epoch 7
Validation loss decreased (89.508929 --> 90.513393).  Saving model ...
Epoch [8][SemiTeacher][UWaveGestureLibraryAll] loss= 0.03916; Epoch Label ACC.= 90.23%, UnLabel ACC.= 80.47%, Lipistz loss = 0, Train Unlabel Best ACC.= 80.5%, Train Max Epoch=7
[Test-8] Val ACC:91.18%, Best Test ACC.: 90.40% in Epoch 8
Validation loss decreased (90.513393 --> 91.183036).  Saving model ...
Epoch [9][SemiTeacher][UWaveGestureLibraryAll] loss= 0.03941; Epoch Label ACC.= 88.44%, UnLabel ACC.= 80.77%, Lipistz loss = 0, Train Unlabel Best ACC.= 80.8%, Train Max Epoch=8
[Test-9] Val ACC:91.96%, Best Test ACC.: 90.96% in Epoch 9
Validation loss decreased (91.183036 --> 91.964286).  Saving model ...
Epoch [10][SemiTeacher][UWaveGestureLibraryAll] loss= 0.03972; Epoch Label ACC.= 90.99%, UnLabel ACC.= 82.85%, Lipistz loss = 0, Train Unlabel Best ACC.= 82.8%, Train Max Epoch=9
EarlyStopping counter: 1 out of 200
Epoch [11][SemiTeacher][UWaveGestureLibraryAll] loss= 0.03893; Epoch Label ACC.= 91.39%, UnLabel ACC.= 81.25%, Lipistz loss = 0, Train Unlabel Best ACC.= 82.8%, Train Max Epoch=9
EarlyStopping counter: 2 out of 200
Epoch [12][SemiTeacher][UWaveGestureLibraryAll] loss= 0.04136; Epoch Label ACC.= 91.39%, UnLabel ACC.= 81.70%, Lipistz loss = 0, Train Unlabel Best ACC.= 82.8%, Train Max Epoch=9
EarlyStopping counter: 3 out of 200
Epoch [13][SemiTeacher][UWaveGestureLibraryAll] loss= 0.03985; Epoch Label ACC.= 91.91%, UnLabel ACC.= 82.78%, Lipistz loss = 0, Train Unlabel Best ACC.= 82.8%, Train Max Epoch=9
EarlyStopping counter: 4 out of 200
Epoch [14][SemiTeacher][UWaveGestureLibraryAll] loss= 0.03986; Epoch Label ACC.= 93.56%, UnLabel ACC.= 82.92%, Lipistz loss = 0, Train Unlabel Best ACC.= 82.9%, Train Max Epoch=13
[Test-14] Val ACC:91.96%, Best Test ACC.: 91.96% in Epoch 14
EarlyStopp