2024-08-22-15:45:08
Dataset  Train  Test  Dimension  Class  Seed  Acc_label  Acc_unlabel  Epoch_max
2024-08-22-15:47:51
Dataset  Train  Test  Dimension  Class  Seed  Acc_label  Acc_unlabel  Epoch_max
UWaveGestureLibraryAll  2688  894  945  8  1996  91.62946428571429  87.3139877319336  179
2024-08-22-19:47:08
Dataset  Train  Test  Dimension  Class  Seed  Acc_label  Acc_unlabel  Epoch_max
2024-08-22-20:24:12
Dataset  Train  Test  Dimension  Class  Seed  Acc_label  Acc_unlabel  Epoch_max
2024-08-22-20:25:19
Dataset  Train  Test  Dimension  Class  Seed  Acc_label  Acc_unlabel  Epoch_max
UWaveGestureLibraryAll  2688  894  945  8  2000  92.85354232788086  87.46279907226562  71
UWaveGestureLibraryAll  2688  894  945  8  2000  93.29997089930943  88.80208587646484  208
2024-08-23-18:38:21
Dataset  Train  Test  Dimension  Class  Seed  Acc_label  Acc_unlabel  Epoch_max
UWaveGestureLibraryAll  2688  894  945  8  2000  93.52318518502372  87.53720092773438  146
UWaveGestureLibraryAll  2688  894  945  8  2000  94.19642857142857  89.02529907226562  195
UWaveGestureLibraryAll  2688  894  945  8  2024  91.39904948643276  86.23512268066406  43
UWaveGestureLibraryAll  2688  894  945  8  2024  92.17309897286552  86.97917175292969  218
UWaveGestureLibraryAll  2688  894  945  8  2014  93.63479232788086  86.75595092773438  237
UWaveGestureLibraryAll  2688  894  945  8  2014  93.0695561000279  89.2485122680664  191
